info|2019-12-13 23:00:00.621042|[g:1][CONSENSUS]addRawPrepare,height=80,reqIdx=2,hash=3a516e2e...
info|2019-12-13 23:00:00.621421|[g:1][CONSENSUS][PBFT]checkTimeout Succ,view=243,toView=244,nodeIdx=1,changeCycle=0,myNode=18ae2e16...,timecost=0.256
info|2019-12-13 23:00:00.623516|[g:1][CONSENSUS][PBFT]checkAndChangeView: Reach consensus,org_view=243,org_changeCycle=0,cur_changeCycle=0,to_view=244
info|2019-12-13 23:00:01.626419|[g:1][CONSENSUS]addRawPrepare,height=80,reqIdx=3,hash=c51c4d7c...
info|2019-12-13 23:00:01.626955|[g:1][CONSENSUS][PBFT]checkTimeout Succ,view=244,toView=245,nodeIdx=1,changeCycle=0,myNode=18ae2e16...,timecost=0.274
info|2019-12-13 23:00:01.628380|[g:1][CONSENSUS][PBFT]checkAndChangeView: Reach consensus,org_view=244,org_changeCycle=0,cur_changeCycle=0,to_view=245
info|2019-12-13 23:00:02.631866|[g:1][CONSENSUS]addRawPrepare,height=80,reqIdx=0,hash=725e7bd1...
info|2019-12-13 23:00:02.632184|[g:1][CONSENSUS][PBFT]checkTimeout Succ,view=245,toView=246,nodeIdx=1,changeCycle=0,myNode=18ae2e16...,timecost=0.213
info|2019-12-13 23:00:02.632893|[g:1][CONSENSUS][PBFT]checkAndChangeView: Reach consensus,org_view=245,org_changeCycle=0,cur_changeCycle=0,to_view=246
info|2019-12-13 23:00:03.632504|[g:1][CONSENSUS][SEALER]++++++++++++++++ Generating seal on,blkNum=80,tx=0,nodeIdx=1,hash=bd726502...
info|2019-12-13 23:00:03.635081|[g:1][CONSENSUS][PBFT]checkTimeout Succ,view=246,toView=247,nodeIdx=1,changeCycle=0,myNode=18ae2e16...,timecost=0.317
info|2019-12-13 23:00:03.636081|[g:1][CONSENSUS][PBFT]checkAndChangeView: Reach consensus,org_view=246,org_changeCycle=0,cur_changeCycle=0,to_view=247
info|2019-12-13 23:00:04.636370|[g:1][CONSENSUS]addRawPrepare,height=80,reqIdx=2,hash=d25e8b80...
info|2019-12-13 23:00:04.636665|[g:1][CONSENSUS][PBFT]checkTimeout Succ,view=247,toView=248,nodeIdx=1,changeCycle=0,myNode=18ae2e16...,timecost=0.194
info|2019-12-13 23:00:04.639848|[g:1][CONSENSUS][PBFT]checkAndChangeView: Reach consensus,org_view=247,org_changeCycle=0,cur_changeCycle=0,to_view=248
info|2019-12-13 23:00:05.642043|[g:1][CONSENSUS]addRawPrepare,height=80,reqIdx=3,hash=c3329f33...
info|2019-12-13 23:00:05.642760|[g:1][CONSENSUS][PBFT]checkTimeout Succ,view=248,toView=249,nodeIdx=1,changeCycle=0,myNode=18ae2e16...,timecost=0.558
info|2019-12-13 23:00:05.645327|[g:1][CONSENSUS][PBFT]checkAndChangeView: Reach consensus,org_view=248,org_changeCycle=0,cur_changeCycle=0,to_view=249
info|2019-12-13 23:00:06.644710|[g:1][CONSENSUS]addRawPrepare,height=80,reqIdx=0,hash=d7ca1dd4...
info|2019-12-13 23:00:06.646654|[g:1][CONSENSUS][PBFT]checkTimeout Succ,view=249,toView=250,nodeIdx=1,changeCycle=0,myNode=18ae2e16...,timecost=0.957
info|2019-12-13 23:00:06.648788|[g:1][CONSENSUS][PBFT]checkAndChangeView: Reach consensus,org_view=249,org_changeCycle=0,cur_changeCycle=0,to_view=250
info|2019-12-13 23:00:07.648337|[g:1][CONSENSUS][SEALER]++++++++++++++++ Generating seal on,blkNum=80,tx=0,nodeIdx=1,hash=20ab8a85...
info|2019-12-13 23:00:07.649993|[g:1][CONSENSUS][PBFT]checkTimeout Succ,view=250,toView=251,nodeIdx=1,changeCycle=0,myNode=18ae2e16...,timecost=1.194
info|2019-12-13 23:00:07.654632|[g:1][CONSENSUS][PBFT]checkAndChangeView: Reach consensus,org_view=250,org_changeCycle=0,cur_changeCycle=0,to_view=251
info|2019-12-13 23:00:08.205179|[P2P][Service] heartBeat,connected count=3
info|2019-12-13 23:00:08.656869|[g:1][CONSENSUS]addRawPrepare,height=80,reqIdx=2,hash=3122629e...
info|2019-12-13 23:00:08.658587|[g:1][CONSENSUS][PBFT]checkTimeout Succ,view=251,toView=252,nodeIdx=1,changeCycle=0,myNode=18ae2e16...,timecost=0.409
info|2019-12-13 23:00:08.659941|[g:1][CONSENSUS][PBFT]checkAndChangeView: Reach consensus,org_view=251,org_changeCycle=0,cur_changeCycle=0,to_view=252
info|2019-12-13 23:00:09.662882|[g:1][CONSENSUS]addRawPrepare,height=80,reqIdx=3,hash=68e8e930...
info|2019-12-13 23:00:09.663728|[g:1][CONSENSUS][PBFT]checkTimeout Succ,view=252,toView=253,nodeIdx=1,changeCycle=0,myNode=18ae2e16...,timecost=0.698
info|2019-12-13 23:00:09.664926|[g:1][CONSENSUS][PBFT]checkAndChangeView: Reach consensus,org_view=252,org_changeCycle=0,cur_changeCycle=0,to_view=253
info|2019-12-13 23:00:10.666753|[g:1][CONSENSUS]addRawPrepare,height=80,reqIdx=0,hash=eb826461...
info|2019-12-13 23:00:10.667538|[g:1][CONSENSUS][PBFT]checkTimeout Succ,view=253,toView=254,nodeIdx=1,changeCycle=0,myNode=18ae2e16...,timecost=0.573
info|2019-12-13 23:00:10.669718|[g:1][CONSENSUS][PBFT]checkAndChangeView: Reach consensus,org_view=253,org_changeCycle=0,cur_changeCycle=0,to_view=254
info|2019-12-13 23:00:11.669657|[g:1][CONSENSUS][SEALER]++++++++++++++++ Generating seal on,blkNum=80,tx=0,nodeIdx=1,hash=caafb708...
info|2019-12-13 23:00:11.673023|[g:1][CONSENSUS][PBFT]checkTimeout Succ,view=254,toView=255,nodeIdx=1,changeCycle=0,myNode=18ae2e16...,timecost=0.399
info|2019-12-13 23:00:11.673504|[g:1][CONSENSUS][PBFT]checkAndChangeView: Reach consensus,org_view=254,org_changeCycle=0,cur_changeCycle=0,to_view=255
info|2019-12-13 23:00:12.675277|[g:1][CONSENSUS]addRawPrepare,height=80,reqIdx=2,hash=9d0379de...
info|2019-12-13 23:00:12.675739|[g:1][CONSENSUS][PBFT]checkTimeout Succ,view=255,toView=256,nodeIdx=1,changeCycle=0,myNode=18ae2e16...,timecost=0.361
info|2019-12-13 23:00:12.677061|[g:1][CONSENSUS][PBFT]checkAndChangeView: Reach consensus,org_view=255,org_changeCycle=0,cur_changeCycle=0,to_view=256
info|2019-12-13 23:00:13.682990|[g:1][CONSENSUS]addRawPrepare,height=80,reqIdx=3,hash=6b775779...
info|2019-12-13 23:00:13.683733|[g:1][CONSENSUS][PBFT]checkTimeout Succ,view=256,toView=257,nodeIdx=1,changeCycle=0,myNode=18ae2e16...,timecost=0.535
info|2019-12-13 23:00:13.685195|[g:1][CONSENSUS][PBFT]checkAndChangeView: Reach consensus,org_view=256,org_changeCycle=0,cur_changeCycle=0,to_view=257
info|2019-12-13 23:00:14.689036|[g:1][CONSENSUS]addRawPrepare,height=80,reqIdx=0,hash=7e6429e7...
info|2019-12-13 23:00:14.689703|[g:1][CONSENSUS][PBFT]checkTimeout Succ,view=257,toView=258,nodeIdx=1,changeCycle=0,myNode=18ae2e16...,timecost=0.555
info|2019-12-13 23:00:14.691277|[g:1][CONSENSUS][PBFT]checkAndChangeView: Reach consensus,org_view=257,org_changeCycle=0,cur_changeCycle=0,to_view=258
info|2019-12-13 23:00:15.692976|[g:1][CONSENSUS][SEALER]++++++++++++++++ Generating seal on,blkNum=80,tx=0,nodeIdx=1,hash=5a48a3aa...
info|2019-12-13 23:00:15.695626|[g:1][CONSENSUS][PBFT]checkTimeout Succ,view=258,toView=259,nodeIdx=1,changeCycle=0,myNode=18ae2e16...,timecost=2.113
info|2019-12-13 23:00:15.697212|[g:1][CONSENSUS][PBFT]checkAndChangeView: Reach consensus,org_view=258,org_changeCycle=0,cur_changeCycle=0,to_view=259
info|2019-12-13 23:00:16.698591|[g:1][CONSENSUS]addRawPrepare,height=80,reqIdx=2,hash=41d55585...
info|2019-12-13 23:00:16.700222|[g:1][CONSENSUS][PBFT]checkTimeout Succ,view=259,toView=260,nodeIdx=1,changeCycle=0,myNode=18ae2e16...,timecost=1.377
info|2019-12-13 23:00:16.701274|[g:1][CONSENSUS][PBFT]checkAndChangeView: Reach consensus,org_view=259,org_changeCycle=0,cur_changeCycle=0,to_view=260
info|2019-12-13 23:00:17.702786|[g:1][CONSENSUS]addRawPrepare,height=80,reqIdx=3,hash=de1df89d...
info|2019-12-13 23:00:17.704583|[g:1][CONSENSUS][PBFT]checkTimeout Succ,view=260,toView=261,nodeIdx=1,changeCycle=0,myNode=18ae2e16...,timecost=0.754
info|2019-12-13 23:00:17.706198|[g:1][CONSENSUS][PBFT]checkAndChangeView: Reach consensus,org_view=260,org_changeCycle=0,cur_changeCycle=0,to_view=261
info|2019-12-13 23:00:18.205362|[P2P][Service] heartBeat,connected count=3
info|2019-12-13 23:00:18.707734|[g:1][CONSENSUS]addRawPrepare,height=80,reqIdx=0,hash=5262b311...
info|2019-12-13 23:00:18.708229|[g:1][CONSENSUS][PBFT]checkTimeout Succ,view=261,toView=262,nodeIdx=1,changeCycle=0,myNode=18ae2e16...,timecost=0.39
info|2019-12-13 23:00:18.709651|[g:1][CONSENSUS][PBFT]checkAndChangeView: Reach consensus,org_view=261,org_changeCycle=0,cur_changeCycle=0,to_view=262
info|2019-12-13 23:00:19.710457|[g:1][CONSENSUS][SEALER]++++++++++++++++ Generating seal on,blkNum=80,tx=0,nodeIdx=1,hash=a0f99ca3...
info|2019-12-13 23:00:19.711204|[g:1][CONSENSUS][PBFT]checkTimeout Succ,view=262,toView=263,nodeIdx=1,changeCycle=0,myNode=18ae2e16...,timecost=0.292
info|2019-12-13 23:00:19.713123|[g:1][CONSENSUS][PBFT]checkAndChangeView: Reach consensus,org_view=262,org_changeCycle=0,cur_changeCycle=0,to_view=263
info|2019-12-13 23:00:20.713286|[g:1][CONSENSUS]addRawPrepare,height=80,reqIdx=2,hash=39fc05fa...
info|2019-12-13 23:00:20.713774|[g:1][CONSENSUS][PBFT]checkTimeout Succ,view=263,toView=264,nodeIdx=1,changeCycle=0,myNode=18ae2e16...,timecost=0.397
info|2019-12-13 23:00:20.715302|[g:1][CONSENSUS][PBFT]checkAndChangeView: Reach consensus,org_view=263,org_changeCycle=0,cur_changeCycle=0,to_view=264
info|2019-12-13 23:00:21.719157|[g:1][CONSENSUS]addRawPrepare,height=80,reqIdx=3,hash=564d45e7...
info|2019-12-13 23:00:21.719983|[g:1][CONSENSUS][PBFT]checkTimeout Succ,view=264,toView=265,nodeIdx=1,changeCycle=0,myNode=18ae2e16...,timecost=0.374
info|2019-12-13 23:00:21.721732|[g:1][CONSENSUS][PBFT]checkAndChangeView: Reach consensus,org_view=264,org_changeCycle=0,cur_changeCycle=0,to_view=265
info|2019-12-13 23:00:22.723296|[g:1][CONSENSUS]addRawPrepare,height=80,reqIdx=0,hash=469158dc...
info|2019-12-13 23:00:22.723752|[g:1][CONSENSUS][PBFT]checkTimeout Succ,view=265,toView=266,nodeIdx=1,changeCycle=0,myNode=18ae2e16...,timecost=0.335
info|2019-12-13 23:00:22.725470|[g:1][CONSENSUS][PBFT]checkAndChangeView: Reach consensus,org_view=265,org_changeCycle=0,cur_changeCycle=0,to_view=266
info|2019-12-13 23:00:23.726590|[g:1][CONSENSUS][SEALER]++++++++++++++++ Generating seal on,blkNum=80,tx=0,nodeIdx=1,hash=f5bbd79c...
info|2019-12-13 23:00:23.727580|[g:1][CONSENSUS][PBFT]checkTimeout Succ,view=266,toView=267,nodeIdx=1,changeCycle=0,myNode=18ae2e16...,timecost=0.49
info|2019-12-13 23:00:23.746089|[g:1][CONSENSUS][PBFT]checkAndChangeView: Reach consensus,org_view=266,org_changeCycle=0,cur_changeCycle=0,to_view=267
info|2019-12-13 23:00:24.748832|[g:1][CONSENSUS]addRawPrepare,height=80,reqIdx=2,hash=24e8f9e9...
info|2019-12-13 23:00:24.749189|[g:1][CONSENSUS][PBFT]checkTimeout Succ,view=267,toView=268,nodeIdx=1,changeCycle=0,myNode=18ae2e16...,timecost=0.287
info|2019-12-13 23:00:24.752782|[g:1][CONSENSUS][PBFT]checkAndChangeView: Reach consensus,org_view=267,org_changeCycle=0,cur_changeCycle=0,to_view=268
info|2019-12-13 23:00:25.754718|[g:1][CONSENSUS]addRawPrepare,height=80,reqIdx=3,hash=6330553f...
info|2019-12-13 23:00:25.755078|[g:1][CONSENSUS][PBFT]checkTimeout Succ,view=268,toView=269,nodeIdx=1,changeCycle=0,myNode=18ae2e16...,timecost=0.268
info|2019-12-13 23:00:25.756483|[g:1][CONSENSUS][PBFT]checkAndChangeView: Reach consensus,org_view=268,org_changeCycle=0,cur_changeCycle=0,to_view=269
info|2019-12-13 23:00:26.759260|[g:1][CONSENSUS]addRawPrepare,height=80,reqIdx=0,hash=941ba785...
info|2019-12-13 23:00:26.760760|[g:1][CONSENSUS][PBFT]checkTimeout Succ,view=269,toView=270,nodeIdx=1,changeCycle=0,myNode=18ae2e16...,timecost=1.31
info|2019-12-13 23:00:26.761999|[g:1][CONSENSUS][PBFT]checkAndChangeView: Reach consensus,org_view=269,org_changeCycle=0,cur_changeCycle=0,to_view=270
info|2019-12-13 23:00:27.763680|[g:1][CONSENSUS][SEALER]++++++++++++++++ Generating seal on,blkNum=80,tx=0,nodeIdx=1,hash=16d4e84c...
info|2019-12-13 23:00:27.766674|[g:1][CONSENSUS][PBFT]checkTimeout Succ,view=270,toView=271,nodeIdx=1,changeCycle=0,myNode=18ae2e16...,timecost=0.234
info|2019-12-13 23:00:27.766971|[g:1][CONSENSUS][PBFT]checkAndChangeView: Reach consensus,org_view=270,org_changeCycle=0,cur_changeCycle=0,to_view=271
info|2019-12-13 23:00:28.206036|[P2P][Service] heartBeat,connected count=3
info|2019-12-13 23:00:28.769926|[g:1][CONSENSUS]addRawPrepare,height=80,reqIdx=2,hash=d808e5e9...
info|2019-12-13 23:00:28.770232|[g:1][CONSENSUS][PBFT]checkTimeout Succ,view=271,toView=272,nodeIdx=1,changeCycle=0,myNode=18ae2e16...,timecost=0.212
info|2019-12-13 23:00:28.771011|[g:1][CONSENSUS][PBFT]checkAndChangeView: Reach consensus,org_view=271,org_changeCycle=0,cur_changeCycle=0,to_view=272
info|2019-12-13 23:00:29.773722|[g:1][CONSENSUS]addRawPrepare,height=80,reqIdx=3,hash=dc67d3ed...
info|2019-12-13 23:00:29.774070|[g:1][CONSENSUS][PBFT]checkTimeout Succ,view=272,toView=273,nodeIdx=1,changeCycle=0,myNode=18ae2e16...,timecost=0.219
info|2019-12-13 23:00:29.776083|[g:1][CONSENSUS][PBFT]checkAndChangeView: Reach consensus,org_view=272,org_changeCycle=0,cur_changeCycle=0,to_view=273
info|2019-12-13 23:00:30.778957|[g:1][CONSENSUS]addRawPrepare,height=80,reqIdx=0,hash=b17ff6d7...
info|2019-12-13 23:00:30.779763|[g:1][CONSENSUS][PBFT]checkTimeout Succ,view=273,toView=274,nodeIdx=1,changeCycle=0,myNode=18ae2e16...,timecost=0.534
info|2019-12-13 23:00:30.781142|[g:1][CONSENSUS][PBFT]checkAndChangeView: Reach consensus,org_view=273,org_changeCycle=0,cur_changeCycle=0,to_view=274
info|2019-12-13 23:00:31.781951|[g:1][CONSENSUS][SEALER]++++++++++++++++ Generating seal on,blkNum=80,tx=0,nodeIdx=1,hash=dcf88681...
info|2019-12-13 23:00:31.782518|[g:1][CONSENSUS][PBFT]checkTimeout Succ,view=274,toView=275,nodeIdx=1,changeCycle=0,myNode=18ae2e16...,timecost=0.238
info|2019-12-13 23:00:31.785868|[g:1][CONSENSUS][PBFT]checkAndChangeView: Reach consensus,org_view=274,org_changeCycle=0,cur_changeCycle=0,to_view=275
info|2019-12-13 23:00:32.787468|[g:1][CONSENSUS]addRawPrepare,height=80,reqIdx=2,hash=516ce433...
info|2019-12-13 23:00:32.788895|[g:1][CONSENSUS][PBFT]checkTimeout Succ,view=275,toView=276,nodeIdx=1,changeCycle=0,myNode=18ae2e16...,timecost=0.234
info|2019-12-13 23:00:32.789963|[g:1][CONSENSUS][PBFT]checkAndChangeView: Reach consensus,org_view=275,org_changeCycle=0,cur_changeCycle=0,to_view=276
info|2019-12-13 23:00:33.790597|[g:1][CONSENSUS]addRawPrepare,height=80,reqIdx=3,hash=160efbfb...
info|2019-12-13 23:00:33.791821|[g:1][CONSENSUS][PBFT]checkTimeout Succ,view=276,toView=277,nodeIdx=1,changeCycle=0,myNode=18ae2e16...,timecost=0.985
info|2019-12-13 23:00:33.793179|[g:1][CONSENSUS][PBFT]checkAndChangeView: Reach consensus,org_view=276,org_changeCycle=0,cur_changeCycle=0,to_view=277
info|2019-12-13 23:00:34.796268|[g:1][CONSENSUS]addRawPrepare,height=80,reqIdx=0,hash=cdc8d8c7...
info|2019-12-13 23:00:34.796804|[g:1][CONSENSUS][PBFT]checkTimeout Succ,view=277,toView=278,nodeIdx=1,changeCycle=0,myNode=18ae2e16...,timecost=0.385
info|2019-12-13 23:00:34.798259|[g:1][CONSENSUS][PBFT]checkAndChangeView: Reach consensus,org_view=277,org_changeCycle=0,cur_changeCycle=0,to_view=278
info|2019-12-13 23:00:35.799083|[g:1][CONSENSUS][SEALER]++++++++++++++++ Generating seal on,blkNum=80,tx=0,nodeIdx=1,hash=8bd4d10a...
info|2019-12-13 23:00:35.800501|[g:1][CONSENSUS][PBFT]checkTimeout Succ,view=278,toView=279,nodeIdx=1,changeCycle=0,myNode=18ae2e16...,timecost=0.247
info|2019-12-13 23:00:35.802756|[g:1][CONSENSUS][PBFT]checkAndChangeView: Reach consensus,org_view=278,org_changeCycle=0,cur_changeCycle=0,to_view=279
info|2019-12-13 23:00:36.806425|[g:1][CONSENSUS]addRawPrepare,height=80,reqIdx=2,hash=8dd40bbd...
info|2019-12-13 23:00:36.806882|[g:1][CONSENSUS][PBFT]checkTimeout Succ,view=279,toView=280,nodeIdx=1,changeCycle=0,myNode=18ae2e16...,timecost=0.273
info|2019-12-13 23:00:36.808339|[g:1][CONSENSUS][PBFT]checkAndChangeView: Reach consensus,org_view=279,org_changeCycle=0,cur_changeCycle=0,to_view=280
info|2019-12-13 23:00:37.812827|[g:1][CONSENSUS]addRawPrepare,height=80,reqIdx=3,hash=5c36e05e...
info|2019-12-13 23:00:37.813809|[g:1][CONSENSUS][PBFT]checkTimeout Succ,view=280,toView=281,nodeIdx=1,changeCycle=0,myNode=18ae2e16...,timecost=0.836
info|2019-12-13 23:00:37.816299|[g:1][CONSENSUS][PBFT]checkAndChangeView: Reach consensus,org_view=280,org_changeCycle=0,cur_changeCycle=0,to_view=281
info|2019-12-13 23:00:38.206786|[P2P][Service] heartBeat,connected count=3
info|2019-12-13 23:00:38.816655|[g:1][CONSENSUS]addRawPrepare,height=80,reqIdx=0,hash=ebecabfc...
info|2019-12-13 23:00:38.817275|[g:1][CONSENSUS][PBFT]checkTimeout Succ,view=281,toView=282,nodeIdx=1,changeCycle=0,myNode=18ae2e16...,timecost=0.5
info|2019-12-13 23:00:38.818721|[g:1][CONSENSUS][PBFT]checkAndChangeView: Reach consensus,org_view=281,org_changeCycle=0,cur_changeCycle=0,to_view=282
info|2019-12-13 23:00:39.819557|[g:1][CONSENSUS][SEALER]++++++++++++++++ Generating seal on,blkNum=80,tx=0,nodeIdx=1,hash=17f4e01a...
info|2019-12-13 23:00:39.820396|[g:1][CONSENSUS][PBFT]checkTimeout Succ,view=282,toView=283,nodeIdx=1,changeCycle=0,myNode=18ae2e16...,timecost=0.36
info|2019-12-13 23:00:39.823264|[g:1][CONSENSUS][PBFT]checkAndChangeView: Reach consensus,org_view=282,org_changeCycle=0,cur_changeCycle=0,to_view=283
info|2019-12-13 23:00:40.825530|[g:1][CONSENSUS]addRawPrepare,height=80,reqIdx=2,hash=c639a4d4...
info|2019-12-13 23:00:40.825885|[g:1][CONSENSUS][PBFT]checkTimeout Succ,view=283,toView=284,nodeIdx=1,changeCycle=0,myNode=18ae2e16...,timecost=0.236
info|2019-12-13 23:00:40.829316|[g:1][CONSENSUS][PBFT]checkAndChangeView: Reach consensus,org_view=283,org_changeCycle=0,cur_changeCycle=0,to_view=284
info|2019-12-13 23:00:41.833958|[g:1][CONSENSUS]addRawPrepare,height=80,reqIdx=3,hash=d75627a8...
info|2019-12-13 23:00:41.835101|[g:1][CONSENSUS][PBFT]checkTimeout Succ,view=284,toView=285,nodeIdx=1,changeCycle=0,myNode=18ae2e16...,timecost=1.045
info|2019-12-13 23:00:41.835830|[g:1][CONSENSUS][PBFT]checkAndChangeView: Reach consensus,org_view=284,org_changeCycle=0,cur_changeCycle=0,to_view=285
info|2019-12-13 23:00:42.880603|[g:1][CONSENSUS]addRawPrepare,height=80,reqIdx=0,hash=21919e5c...
info|2019-12-13 23:00:42.882162|[g:1][CONSENSUS][PBFT]checkTimeout Succ,view=285,toView=286,nodeIdx=1,changeCycle=0,myNode=18ae2e16...,timecost=1.47
info|2019-12-13 23:00:42.884562|[g:1][CONSENSUS][PBFT]checkAndChangeView: Reach consensus,org_view=285,org_changeCycle=0,cur_changeCycle=0,to_view=286
info|2019-12-13 23:00:43.884506|[g:1][CONSENSUS][SEALER]++++++++++++++++ Generating seal on,blkNum=80,tx=0,nodeIdx=1,hash=3fd1a6b4...
info|2019-12-13 23:00:43.888683|[g:1][CONSENSUS][PBFT]checkTimeout Succ,view=286,toView=287,nodeIdx=1,changeCycle=0,myNode=18ae2e16...,timecost=0.45
info|2019-12-13 23:00:43.889191|[g:1][CONSENSUS][PBFT]checkAndChangeView: Reach consensus,org_view=286,org_changeCycle=0,cur_changeCycle=0,to_view=287
info|2019-12-13 23:00:44.889248|[g:1][CONSENSUS]addRawPrepare,height=80,reqIdx=2,hash=afd354cc...
info|2019-12-13 23:00:44.889718|[g:1][CONSENSUS][PBFT]checkTimeout Succ,view=287,toView=288,nodeIdx=1,changeCycle=0,myNode=18ae2e16...,timecost=0.361
info|2019-12-13 23:00:44.932125|[g:1][CONSENSUS][PBFT]checkAndChangeView: Reach consensus,org_view=287,org_changeCycle=0,cur_changeCycle=0,to_view=288
info|2019-12-13 23:00:45.895746|[g:1][CONSENSUS]addRawPrepare,height=80,reqIdx=3,hash=6c0ea34c...
info|2019-12-13 23:00:45.896299|[g:1][CONSENSUS][PBFT]checkTimeout Succ,view=288,toView=289,nodeIdx=1,changeCycle=0,myNode=18ae2e16...,timecost=0.419
info|2019-12-13 23:00:45.899044|[g:1][CONSENSUS][PBFT]checkAndChangeView: Reach consensus,org_view=288,org_changeCycle=0,cur_changeCycle=0,to_view=289
info|2019-12-13 23:00:46.904859|[g:1][CONSENSUS]addRawPrepare,height=80,reqIdx=0,hash=194288d4...
info|2019-12-13 23:00:46.906375|[g:1][CONSENSUS][PBFT]checkTimeout Succ,view=289,toView=290,nodeIdx=1,changeCycle=0,myNode=18ae2e16...,timecost=0.667
info|2019-12-13 23:00:46.908012|[g:1][CONSENSUS][PBFT]checkAndChangeView: Reach consensus,org_view=289,org_changeCycle=0,cur_changeCycle=0,to_view=290
info|2019-12-13 23:00:47.908751|[g:1][CONSENSUS][SEALER]++++++++++++++++ Generating seal on,blkNum=80,tx=0,nodeIdx=1,hash=5c25d20d...
info|2019-12-13 23:00:47.914084|[g:1][CONSENSUS][PBFT]checkTimeout Succ,view=290,toView=291,nodeIdx=1,changeCycle=0,myNode=18ae2e16...,timecost=1.369
info|2019-12-13 23:00:47.915672|[g:1][CONSENSUS][PBFT]checkAndChangeView: Reach consensus,org_view=290,org_changeCycle=0,cur_changeCycle=0,to_view=291
info|2019-12-13 23:00:48.207227|[P2P][Service] heartBeat,connected count=3
info|2019-12-13 23:00:48.916943|[g:1][CONSENSUS]addRawPrepare,height=80,reqIdx=2,hash=99b8df55...
info|2019-12-13 23:00:48.917670|[g:1][CONSENSUS][PBFT]checkTimeout Succ,view=291,toView=292,nodeIdx=1,changeCycle=0,myNode=18ae2e16...,timecost=0.587
info|2019-12-13 23:00:48.921540|[g:1][CONSENSUS][PBFT]checkAndChangeView: Reach consensus,org_view=291,org_changeCycle=0,cur_changeCycle=0,to_view=292
info|2019-12-13 23:00:49.922470|[g:1][CONSENSUS]addRawPrepare,height=80,reqIdx=3,hash=2cc65df4...
info|2019-12-13 23:00:49.923589|[g:1][CONSENSUS][PBFT]checkTimeout Succ,view=292,toView=293,nodeIdx=1,changeCycle=0,myNode=18ae2e16...,timecost=0.693
info|2019-12-13 23:00:49.925086|[g:1][CONSENSUS][PBFT]checkAndChangeView: Reach consensus,org_view=292,org_changeCycle=0,cur_changeCycle=0,to_view=293
info|2019-12-13 23:00:50.926037|[g:1][CONSENSUS]addRawPrepare,height=80,reqIdx=0,hash=445f65ee...
info|2019-12-13 23:00:50.926548|[g:1][CONSENSUS][PBFT]checkTimeout Succ,view=293,toView=294,nodeIdx=1,changeCycle=0,myNode=18ae2e16...,timecost=0.368
info|2019-12-13 23:00:50.929633|[g:1][CONSENSUS][PBFT]checkAndChangeView: Reach consensus,org_view=293,org_changeCycle=0,cur_changeCycle=0,to_view=294
info|2019-12-13 23:00:51.930557|[g:1][CONSENSUS][SEALER]++++++++++++++++ Generating seal on,blkNum=80,tx=0,nodeIdx=1,hash=63915ee9...
info|2019-12-13 23:00:51.931299|[g:1][CONSENSUS][PBFT]checkTimeout Succ,view=294,toView=295,nodeIdx=1,changeCycle=0,myNode=18ae2e16...,timecost=0.33
info|2019-12-13 23:00:51.936923|[g:1][CONSENSUS][PBFT]checkAndChangeView: Reach consensus,org_view=294,org_changeCycle=0,cur_changeCycle=0,to_view=295
info|2019-12-13 23:00:52.937753|[g:1][CONSENSUS]addRawPrepare,height=80,reqIdx=2,hash=7f22425d...
info|2019-12-13 23:00:52.939880|[g:1][CONSENSUS][PBFT]checkTimeout Succ,view=295,toView=296,nodeIdx=1,changeCycle=0,myNode=18ae2e16...,timecost=2.01
info|2019-12-13 23:00:52.940817|[g:1][CONSENSUS][PBFT]checkAndChangeView: Reach consensus,org_view=295,org_changeCycle=0,cur_changeCycle=0,to_view=296
info|2019-12-13 23:00:53.944206|[g:1][CONSENSUS]addRawPrepare,height=80,reqIdx=3,hash=bd3519de...
info|2019-12-13 23:00:53.944556|[g:1][CONSENSUS][PBFT]checkTimeout Succ,view=296,toView=297,nodeIdx=1,changeCycle=0,myNode=18ae2e16...,timecost=0.239
info|2019-12-13 23:00:53.947410|[g:1][CONSENSUS][PBFT]checkAndChangeView: Reach consensus,org_view=296,org_changeCycle=0,cur_changeCycle=0,to_view=297
info|2019-12-13 23:00:54.950424|[g:1][CONSENSUS]addRawPrepare,height=80,reqIdx=0,hash=3be3517b...
info|2019-12-13 23:00:54.950972|[g:1][CONSENSUS][PBFT]checkTimeout Succ,view=297,toView=298,nodeIdx=1,changeCycle=0,myNode=18ae2e16...,timecost=0.35
info|2019-12-13 23:00:54.954281|[g:1][CONSENSUS][PBFT]checkAndChangeView: Reach consensus,org_view=297,org_changeCycle=0,cur_changeCycle=0,to_view=298
info|2019-12-13 23:00:55.954863|[g:1][CONSENSUS][SEALER]++++++++++++++++ Generating seal on,blkNum=80,tx=0,nodeIdx=1,hash=ff54091a...
info|2019-12-13 23:00:55.955824|[g:1][CONSENSUS][PBFT]checkTimeout Succ,view=298,toView=299,nodeIdx=1,changeCycle=0,myNode=18ae2e16...,timecost=0.425
info|2019-12-13 23:00:55.965708|[g:1][CONSENSUS][PBFT]checkAndChangeView: Reach consensus,org_view=298,org_changeCycle=0,cur_changeCycle=0,to_view=299
info|2019-12-13 23:00:56.965033|[g:1][CONSENSUS]addRawPrepare,height=80,reqIdx=2,hash=2693a28c...
info|2019-12-13 23:00:56.965483|[g:1][CONSENSUS][PBFT]checkTimeout Succ,view=299,toView=300,nodeIdx=1,changeCycle=0,myNode=18ae2e16...,timecost=0.305
info|2019-12-13 23:00:56.968010|[g:1][CONSENSUS][PBFT]checkAndChangeView: Reach consensus,org_view=299,org_changeCycle=0,cur_changeCycle=0,to_view=300
info|2019-12-13 23:00:57.970321|[g:1][CONSENSUS]addRawPrepare,height=80,reqIdx=3,hash=1f5704b4...
info|2019-12-13 23:00:57.970993|[g:1][CONSENSUS][PBFT]checkTimeout Succ,view=300,toView=301,nodeIdx=1,changeCycle=0,myNode=18ae2e16...,timecost=0.489
info|2019-12-13 23:00:57.973558|[g:1][CONSENSUS][PBFT]checkAndChangeView: Reach consensus,org_view=300,org_changeCycle=0,cur_changeCycle=0,to_view=301
info|2019-12-13 23:00:58.207960|[P2P][Service] heartBeat,connected count=3
info|2019-12-13 23:00:58.977057|[g:1][CONSENSUS]addRawPrepare,height=80,reqIdx=0,hash=20694cd0...
info|2019-12-13 23:00:58.977952|[g:1][CONSENSUS][PBFT]checkTimeout Succ,view=301,toView=302,nodeIdx=1,changeCycle=0,myNode=18ae2e16...,timecost=0.793
info|2019-12-13 23:00:58.978754|[g:1][CONSENSUS][PBFT]checkAndChangeView: Reach consensus,org_view=301,org_changeCycle=0,cur_changeCycle=0,to_view=302
info|2019-12-13 23:00:59.978727|[g:1][CONSENSUS][SEALER]++++++++++++++++ Generating seal on,blkNum=80,tx=0,nodeIdx=1,hash=2e289a95...
info|2019-12-13 23:00:59.981940|[g:1][CONSENSUS][PBFT]checkTimeout Succ,view=302,toView=303,nodeIdx=1,changeCycle=0,myNode=18ae2e16...,timecost=0.251
info|2019-12-13 23:00:59.982285|[g:1][CONSENSUS][PBFT]checkAndChangeView: Reach consensus,org_view=302,org_changeCycle=0,cur_changeCycle=0,to_view=303
info|2019-12-13 23:01:00.983179|[g:1][CONSENSUS]addRawPrepare,height=80,reqIdx=2,hash=c331aa4f...
info|2019-12-13 23:01:00.984271|[g:1][CONSENSUS][PBFT]checkTimeout Succ,view=303,toView=304,nodeIdx=1,changeCycle=0,myNode=18ae2e16...,timecost=0.753
info|2019-12-13 23:01:00.985287|[g:1][CONSENSUS][PBFT]checkAndChangeView: Reach consensus,org_view=303,org_changeCycle=0,cur_changeCycle=0,to_view=304
info|2019-12-13 23:01:01.990172|[g:1][CONSENSUS]addRawPrepare,height=80,reqIdx=3,hash=c9506f10...
info|2019-12-13 23:01:01.990536|[g:1][CONSENSUS][PBFT]checkTimeout Succ,view=304,toView=305,nodeIdx=1,changeCycle=0,myNode=18ae2e16...,timecost=0.271
info|2019-12-13 23:01:01.991400|[g:1][CONSENSUS][PBFT]checkAndChangeView: Reach consensus,org_view=304,org_changeCycle=0,cur_changeCycle=0,to_view=305
info|2019-12-13 23:01:02.991879|[g:1][CONSENSUS]addRawPrepare,height=80,reqIdx=0,hash=1f06ad49...
info|2019-12-13 23:01:02.992278|[g:1][CONSENSUS][PBFT]checkTimeout Succ,view=305,toView=306,nodeIdx=1,changeCycle=0,myNode=18ae2e16...,timecost=0.289
info|2019-12-13 23:01:02.996430|[g:1][CONSENSUS][PBFT]checkAndChangeView: Reach consensus,org_view=305,org_changeCycle=0,cur_changeCycle=0,to_view=306
info|2019-12-13 23:01:03.998063|[g:1][CONSENSUS][SEALER]++++++++++++++++ Generating seal on,blkNum=80,tx=0,nodeIdx=1,hash=a617a219...
info|2019-12-13 23:01:04.001043|[g:1][CONSENSUS][PBFT]checkTimeout Succ,view=306,toView=307,nodeIdx=1,changeCycle=0,myNode=18ae2e16...,timecost=0.913
info|2019-12-13 23:01:04.002308|[g:1][CONSENSUS][PBFT]checkAndChangeView: Reach consensus,org_view=306,org_changeCycle=0,cur_changeCycle=0,to_view=307
info|2019-12-13 23:01:05.004273|[g:1][CONSENSUS]addRawPrepare,height=80,reqIdx=2,hash=d4d31406...
info|2019-12-13 23:01:05.004675|[g:1][CONSENSUS][PBFT]checkTimeout Succ,view=307,toView=308,nodeIdx=1,changeCycle=0,myNode=18ae2e16...,timecost=0.271
info|2019-12-13 23:01:05.006805|[g:1][CONSENSUS][PBFT]checkAndChangeView: Reach consensus,org_view=307,org_changeCycle=0,cur_changeCycle=0,to_view=308
info|2019-12-13 23:01:06.009749|[g:1][CONSENSUS]addRawPrepare,height=80,reqIdx=3,hash=9d899d40...
info|2019-12-13 23:01:06.010137|[g:1][CONSENSUS][PBFT]checkTimeout Succ,view=308,toView=309,nodeIdx=1,changeCycle=0,myNode=18ae2e16...,timecost=0.285
info|2019-12-13 23:01:06.010747|[g:1][CONSENSUS][PBFT]checkAndChangeView: Reach consensus,org_view=308,org_changeCycle=0,cur_changeCycle=0,to_view=309
info|2019-12-13 23:01:07.013315|[g:1][CONSENSUS]addRawPrepare,height=80,reqIdx=0,hash=676819ac...
info|2019-12-13 23:01:07.014061|[g:1][CONSENSUS][PBFT]checkTimeout Succ,view=309,toView=310,nodeIdx=1,changeCycle=0,myNode=18ae2e16...,timecost=0.652
info|2019-12-13 23:01:07.015527|[g:1][CONSENSUS][PBFT]checkAndChangeView: Reach consensus,org_view=309,org_changeCycle=0,cur_changeCycle=0,to_view=310
info|2019-12-13 23:01:08.015200|[g:1][CONSENSUS][SEALER]++++++++++++++++ Generating seal on,blkNum=80,tx=0,nodeIdx=1,hash=684b186f...
info|2019-12-13 23:01:08.018307|[g:1][CONSENSUS][PBFT]checkTimeout Succ,view=310,toView=311,nodeIdx=1,changeCycle=0,myNode=18ae2e16...,timecost=0.254
info|2019-12-13 23:01:08.018640|[g:1][CONSENSUS][PBFT]checkAndChangeView: Reach consensus,org_view=310,org_changeCycle=0,cur_changeCycle=0,to_view=311
info|2019-12-13 23:01:08.208844|[P2P][Service] heartBeat,connected count=3
info|2019-12-13 23:01:09.023167|[g:1][CONSENSUS]addRawPrepare,height=80,reqIdx=2,hash=7ea53d96...
info|2019-12-13 23:01:09.023656|[g:1][CONSENSUS][PBFT]checkTimeout Succ,view=311,toView=312,nodeIdx=1,changeCycle=0,myNode=18ae2e16...,timecost=0.322
info|2019-12-13 23:01:09.025719|[g:1][CONSENSUS][PBFT]checkAndChangeView: Reach consensus,org_view=311,org_changeCycle=0,cur_changeCycle=0,to_view=312
info|2019-12-13 23:01:10.026455|[g:1][CONSENSUS]addRawPrepare,height=80,reqIdx=3,hash=6adc56b1...
info|2019-12-13 23:01:10.026877|[g:1][CONSENSUS][PBFT]checkTimeout Succ,view=312,toView=313,nodeIdx=1,changeCycle=0,myNode=18ae2e16...,timecost=0.245
info|2019-12-13 23:01:10.029089|[g:1][CONSENSUS][PBFT]checkAndChangeView: Reach consensus,org_view=312,org_changeCycle=0,cur_changeCycle=0,to_view=313
info|2019-12-13 23:01:11.032092|[g:1][CONSENSUS]addRawPrepare,height=80,reqIdx=0,hash=7c99c151...
info|2019-12-13 23:01:11.032720|[g:1][CONSENSUS][PBFT]checkTimeout Succ,view=313,toView=314,nodeIdx=1,changeCycle=0,myNode=18ae2e16...,timecost=0.431
info|2019-12-13 23:01:11.034627|[g:1][CONSENSUS][PBFT]checkAndChangeView: Reach consensus,org_view=313,org_changeCycle=0,cur_changeCycle=0,to_view=314
info|2019-12-13 23:01:12.034386|[g:1][CONSENSUS][SEALER]++++++++++++++++ Generating seal on,blkNum=80,tx=0,nodeIdx=1,hash=4bcd5de0...
info|2019-12-13 23:01:12.038833|[g:1][CONSENSUS][PBFT]checkTimeout Succ,view=314,toView=315,nodeIdx=1,changeCycle=0,myNode=18ae2e16...,timecost=0.412
info|2019-12-13 23:01:12.039372|[g:1][CONSENSUS][PBFT]checkAndChangeView: Reach consensus,org_view=314,org_changeCycle=0,cur_changeCycle=0,to_view=315
info|2019-12-13 23:01:13.042510|[g:1][CONSENSUS]addRawPrepare,height=80,reqIdx=2,hash=f837bd21...
info|2019-12-13 23:01:13.042970|[g:1][CONSENSUS][PBFT]checkTimeout Succ,view=315,toView=316,nodeIdx=1,changeCycle=0,myNode=18ae2e16...,timecost=0.273
info|2019-12-13 23:01:13.044449|[g:1][CONSENSUS][PBFT]checkAndChangeView: Reach consensus,org_view=315,org_changeCycle=0,cur_changeCycle=0,to_view=316
info|2019-12-13 23:01:14.046363|[g:1][CONSENSUS]addRawPrepare,height=80,reqIdx=3,hash=49bc8431...
info|2019-12-13 23:01:14.046854|[g:1][CONSENSUS][PBFT]checkTimeout Succ,view=316,toView=317,nodeIdx=1,changeCycle=0,myNode=18ae2e16...,timecost=0.375
info|2019-12-13 23:01:14.049280|[g:1][CONSENSUS][PBFT]checkAndChangeView: Reach consensus,org_view=316,org_changeCycle=0,cur_changeCycle=0,to_view=317
info|2019-12-13 23:01:15.051732|[g:1][CONSENSUS]addRawPrepare,height=80,reqIdx=0,hash=59324b51...
info|2019-12-13 23:01:15.052183|[g:1][CONSENSUS][PBFT]checkTimeout Succ,view=317,toView=318,nodeIdx=1,changeCycle=0,myNode=18ae2e16...,timecost=0.232
info|2019-12-13 23:01:15.055792|[g:1][CONSENSUS][PBFT]checkAndChangeView: Reach consensus,org_view=317,org_changeCycle=0,cur_changeCycle=0,to_view=318
info|2019-12-13 23:01:16.055866|[g:1][CONSENSUS][SEALER]++++++++++++++++ Generating seal on,blkNum=80,tx=0,nodeIdx=1,hash=169713c4...
info|2019-12-13 23:01:16.058725|[g:1][CONSENSUS][PBFT]checkTimeout Succ,view=318,toView=319,nodeIdx=1,changeCycle=0,myNode=18ae2e16...,timecost=0.208
info|2019-12-13 23:01:16.059042|[g:1][CONSENSUS][PBFT]checkAndChangeView: Reach consensus,org_view=318,org_changeCycle=0,cur_changeCycle=0,to_view=319
info|2019-12-13 23:01:17.064449|[g:1][CONSENSUS]addRawPrepare,height=80,reqIdx=2,hash=5ba59dfa...
info|2019-12-13 23:01:17.065143|[g:1][CONSENSUS][PBFT]checkTimeout Succ,view=319,toView=320,nodeIdx=1,changeCycle=0,myNode=18ae2e16...,timecost=0.603
info|2019-12-13 23:01:17.066101|[g:1][CONSENSUS][PBFT]checkAndChangeView: Reach consensus,org_view=319,org_changeCycle=0,cur_changeCycle=0,to_view=320
info|2019-12-13 23:01:18.071294|[g:1][CONSENSUS]addRawPrepare,height=80,reqIdx=3,hash=04b61214...
info|2019-12-13 23:01:18.072273|[g:1][CONSENSUS][PBFT]checkTimeout Succ,view=320,toView=321,nodeIdx=1,changeCycle=0,myNode=18ae2e16...,timecost=0.382
info|2019-12-13 23:01:18.073197|[g:1][CONSENSUS][PBFT]checkAndChangeView: Reach consensus,org_view=320,org_changeCycle=0,cur_changeCycle=0,to_view=321
info|2019-12-13 23:01:18.209649|[P2P][Service] heartBeat,connected count=3
info|2019-12-13 23:01:19.075707|[g:1][CONSENSUS]addRawPrepare,height=80,reqIdx=0,hash=f2031415...
info|2019-12-13 23:01:19.076128|[g:1][CONSENSUS][PBFT]checkTimeout Succ,view=321,toView=322,nodeIdx=1,changeCycle=0,myNode=18ae2e16...,timecost=0.28
info|2019-12-13 23:01:19.079194|[g:1][CONSENSUS][PBFT]checkAndChangeView: Reach consensus,org_view=321,org_changeCycle=0,cur_changeCycle=0,to_view=322
info|2019-12-13 23:01:20.079832|[g:1][CONSENSUS][SEALER]++++++++++++++++ Generating seal on,blkNum=80,tx=0,nodeIdx=1,hash=a58d2239...
info|2019-12-13 23:01:20.081096|[g:1][CONSENSUS][PBFT]checkTimeout Succ,view=322,toView=323,nodeIdx=1,changeCycle=0,myNode=18ae2e16...,timecost=0.403
info|2019-12-13 23:01:20.083760|[g:1][CONSENSUS][PBFT]checkAndChangeView: Reach consensus,org_view=322,org_changeCycle=0,cur_changeCycle=0,to_view=323
info|2019-12-13 23:01:21.086042|[g:1][CONSENSUS]addRawPrepare,height=80,reqIdx=2,hash=289a570c...
info|2019-12-13 23:01:21.086379|[g:1][CONSENSUS][PBFT]checkTimeout Succ,view=323,toView=324,nodeIdx=1,changeCycle=0,myNode=18ae2e16...,timecost=0.208
info|2019-12-13 23:01:21.090723|[g:1][CONSENSUS][PBFT]checkAndChangeView: Reach consensus,org_view=323,org_changeCycle=0,cur_changeCycle=0,to_view=324
info|2019-12-13 23:01:22.094935|[g:1][CONSENSUS]addRawPrepare,height=80,reqIdx=3,hash=2ff3849c...
info|2019-12-13 23:01:22.095371|[g:1][CONSENSUS][PBFT]checkTimeout Succ,view=324,toView=325,nodeIdx=1,changeCycle=0,myNode=18ae2e16...,timecost=0.322
info|2019-12-13 23:01:22.097292|[g:1][CONSENSUS][PBFT]checkAndChangeView: Reach consensus,org_view=324,org_changeCycle=0,cur_changeCycle=0,to_view=325
info|2019-12-13 23:01:23.098078|[g:1][CONSENSUS]addRawPrepare,height=80,reqIdx=0,hash=70431ef3...
info|2019-12-13 23:01:23.098784|[g:1][CONSENSUS][PBFT]checkTimeout Succ,view=325,toView=326,nodeIdx=1,changeCycle=0,myNode=18ae2e16...,timecost=0.534
info|2019-12-13 23:01:23.100479|[g:1][CONSENSUS][PBFT]checkAndChangeView: Reach consensus,org_view=325,org_changeCycle=0,cur_changeCycle=0,to_view=326
info|2019-12-13 23:01:24.101304|[g:1][CONSENSUS][SEALER]++++++++++++++++ Generating seal on,blkNum=80,tx=0,nodeIdx=1,hash=d4ea9053...
info|2019-12-13 23:01:24.104272|[g:1][CONSENSUS][PBFT]checkTimeout Succ,view=326,toView=327,nodeIdx=1,changeCycle=0,myNode=18ae2e16...,timecost=0.618
info|2019-12-13 23:01:24.104996|[g:1][CONSENSUS][PBFT]checkAndChangeView: Reach consensus,org_view=326,org_changeCycle=0,cur_changeCycle=0,to_view=327
info|2019-12-13 23:01:25.108204|[g:1][CONSENSUS]addRawPrepare,height=80,reqIdx=2,hash=e46a3c4f...
info|2019-12-13 23:01:25.108526|[g:1][CONSENSUS][PBFT]checkTimeout Succ,view=327,toView=328,nodeIdx=1,changeCycle=0,myNode=18ae2e16...,timecost=0.228
info|2019-12-13 23:01:25.110777|[g:1][CONSENSUS][PBFT]checkAndChangeView: Reach consensus,org_view=327,org_changeCycle=0,cur_changeCycle=0,to_view=328
info|2019-12-13 23:01:26.114012|[g:1][CONSENSUS]addRawPrepare,height=80,reqIdx=3,hash=64c94b85...
info|2019-12-13 23:01:26.114515|[g:1][CONSENSUS][PBFT]checkTimeout Succ,view=328,toView=329,nodeIdx=1,changeCycle=0,myNode=18ae2e16...,timecost=0.337
info|2019-12-13 23:01:26.115175|[g:1][CONSENSUS][PBFT]checkAndChangeView: Reach consensus,org_view=328,org_changeCycle=0,cur_changeCycle=0,to_view=329
info|2019-12-13 23:01:27.119269|[g:1][CONSENSUS]addRawPrepare,height=80,reqIdx=0,hash=af48c7b8...
info|2019-12-13 23:01:27.120549|[g:1][CONSENSUS][PBFT]checkTimeout Succ,view=329,toView=330,nodeIdx=1,changeCycle=0,myNode=18ae2e16...,timecost=1.167
info|2019-12-13 23:01:27.121456|[g:1][CONSENSUS][PBFT]checkAndChangeView: Reach consensus,org_view=329,org_changeCycle=0,cur_changeCycle=0,to_view=330
info|2019-12-13 23:01:28.122192|[g:1][CONSENSUS][SEALER]++++++++++++++++ Generating seal on,blkNum=80,tx=0,nodeIdx=1,hash=27c10835...
info|2019-12-13 23:01:28.123622|[g:1][CONSENSUS][PBFT]checkTimeout Succ,view=330,toView=331,nodeIdx=1,changeCycle=0,myNode=18ae2e16...,timecost=0.857
info|2019-12-13 23:01:28.125406|[g:1][CONSENSUS][PBFT]checkAndChangeView: Reach consensus,org_view=330,org_changeCycle=0,cur_changeCycle=0,to_view=331
info|2019-12-13 23:01:28.210378|[P2P][Service] heartBeat,connected count=3
info|2019-12-13 23:01:29.131119|[g:1][CONSENSUS]addRawPrepare,height=80,reqIdx=2,hash=530a4089...
info|2019-12-13 23:01:29.132130|[g:1][CONSENSUS][PBFT]checkTimeout Succ,view=331,toView=332,nodeIdx=1,changeCycle=0,myNode=18ae2e16...,timecost=0.814
info|2019-12-13 23:01:29.133491|[g:1][CONSENSUS][PBFT]checkAndChangeView: Reach consensus,org_view=331,org_changeCycle=0,cur_changeCycle=0,to_view=332
info|2019-12-13 23:01:30.135032|[g:1][CONSENSUS]addRawPrepare,height=80,reqIdx=3,hash=4199d23d...
info|2019-12-13 23:01:30.135465|[g:1][CONSENSUS][PBFT]checkTimeout Succ,view=332,toView=333,nodeIdx=1,changeCycle=0,myNode=18ae2e16...,timecost=0.211
info|2019-12-13 23:01:30.137164|[g:1][CONSENSUS][PBFT]checkAndChangeView: Reach consensus,org_view=332,org_changeCycle=0,cur_changeCycle=0,to_view=333
info|2019-12-13 23:01:31.139308|[g:1][CONSENSUS]addRawPrepare,height=80,reqIdx=0,hash=844dd4ca...
info|2019-12-13 23:01:31.139697|[g:1][CONSENSUS][PBFT]checkTimeout Succ,view=333,toView=334,nodeIdx=1,changeCycle=0,myNode=18ae2e16...,timecost=0.215
info|2019-12-13 23:01:31.141082|[g:1][CONSENSUS][PBFT]checkAndChangeView: Reach consensus,org_view=333,org_changeCycle=0,cur_changeCycle=0,to_view=334
info|2019-12-13 23:01:32.141228|[g:1][CONSENSUS][SEALER]++++++++++++++++ Generating seal on,blkNum=80,tx=0,nodeIdx=1,hash=cfa1936b...
info|2019-12-13 23:01:32.145644|[g:1][CONSENSUS][PBFT]checkTimeout Succ,view=334,toView=335,nodeIdx=1,changeCycle=0,myNode=18ae2e16...,timecost=0.606
info|2019-12-13 23:01:32.146284|[g:1][CONSENSUS][PBFT]checkAndChangeView: Reach consensus,org_view=334,org_changeCycle=0,cur_changeCycle=0,to_view=335
info|2019-12-13 23:01:33.146545|[g:1][CONSENSUS]addRawPrepare,height=80,reqIdx=2,hash=a606c5b3...
info|2019-12-13 23:01:33.146893|[g:1][CONSENSUS][PBFT]checkTimeout Succ,view=335,toView=336,nodeIdx=1,changeCycle=0,myNode=18ae2e16...,timecost=0.219
info|2019-12-13 23:01:33.148465|[g:1][CONSENSUS][PBFT]checkAndChangeView: Reach consensus,org_view=335,org_changeCycle=0,cur_changeCycle=0,to_view=336
info|2019-12-13 23:01:34.152475|[g:1][CONSENSUS]addRawPrepare,height=80,reqIdx=3,hash=e703cd07...
info|2019-12-13 23:01:34.153315|[g:1][CONSENSUS][PBFT]checkTimeout Succ,view=336,toView=337,nodeIdx=1,changeCycle=0,myNode=18ae2e16...,timecost=0.581
info|2019-12-13 23:01:34.154854|[g:1][CONSENSUS][PBFT]checkAndChangeView: Reach consensus,org_view=336,org_changeCycle=0,cur_changeCycle=0,to_view=337
info|2019-12-13 23:01:35.156337|[g:1][CONSENSUS]addRawPrepare,height=80,reqIdx=0,hash=a175d2cc...
info|2019-12-13 23:01:35.156860|[g:1][CONSENSUS][PBFT]checkTimeout Succ,view=337,toView=338,nodeIdx=1,changeCycle=0,myNode=18ae2e16...,timecost=0.244
info|2019-12-13 23:01:35.158466|[g:1][CONSENSUS][PBFT]checkAndChangeView: Reach consensus,org_view=337,org_changeCycle=0,cur_changeCycle=0,to_view=338
info|2019-12-13 23:01:36.158460|[g:1][CONSENSUS][SEALER]++++++++++++++++ Generating seal on,blkNum=80,tx=0,nodeIdx=1,hash=d95a0ed0...
info|2019-12-13 23:01:36.160898|[g:1][CONSENSUS][PBFT]checkTimeout Succ,view=338,toView=339,nodeIdx=1,changeCycle=0,myNode=18ae2e16...,timecost=0.205
info|2019-12-13 23:01:36.161873|[g:1][CONSENSUS][PBFT]checkAndChangeView: Reach consensus,org_view=338,org_changeCycle=0,cur_changeCycle=0,to_view=339
info|2019-12-13 23:01:37.163140|[g:1][CONSENSUS]addRawPrepare,height=80,reqIdx=2,hash=d0749cca...
info|2019-12-13 23:01:37.164890|[g:1][CONSENSUS][PBFT]checkTimeout Succ,view=339,toView=340,nodeIdx=1,changeCycle=0,myNode=18ae2e16...,timecost=1.139
info|2019-12-13 23:01:37.169626|[g:1][CONSENSUS][PBFT]checkAndChangeView: Reach consensus,org_view=339,org_changeCycle=0,cur_changeCycle=0,to_view=340
info|2019-12-13 23:01:38.171339|[g:1][CONSENSUS]addRawPrepare,height=80,reqIdx=3,hash=0feb0221...
info|2019-12-13 23:01:38.173592|[g:1][CONSENSUS][PBFT]checkTimeout Succ,view=340,toView=341,nodeIdx=1,changeCycle=0,myNode=18ae2e16...,timecost=1.946
info|2019-12-13 23:01:38.175793|[g:1][CONSENSUS][PBFT]checkAndChangeView: Reach consensus,org_view=340,org_changeCycle=0,cur_changeCycle=0,to_view=341
info|2019-12-13 23:01:38.211543|[P2P][Service] heartBeat,connected count=3
info|2019-12-13 23:01:39.175357|[g:1][CONSENSUS]addRawPrepare,height=80,reqIdx=0,hash=8ad36a02...
info|2019-12-13 23:01:39.176650|[g:1][CONSENSUS][PBFT]checkTimeout Succ,view=341,toView=342,nodeIdx=1,changeCycle=0,myNode=18ae2e16...,timecost=0.94
info|2019-12-13 23:01:39.177804|[g:1][CONSENSUS][PBFT]checkAndChangeView: Reach consensus,org_view=341,org_changeCycle=0,cur_changeCycle=0,to_view=342
info|2019-12-13 23:01:40.178114|[g:1][CONSENSUS][SEALER]++++++++++++++++ Generating seal on,blkNum=80,tx=0,nodeIdx=1,hash=c40674e2...
info|2019-12-13 23:01:40.182353|[g:1][CONSENSUS][PBFT]checkTimeout Succ,view=342,toView=343,nodeIdx=1,changeCycle=0,myNode=18ae2e16...,timecost=0.449
info|2019-12-13 23:01:40.182926|[g:1][CONSENSUS][PBFT]checkAndChangeView: Reach consensus,org_view=342,org_changeCycle=0,cur_changeCycle=0,to_view=343
info|2019-12-13 23:01:41.190631|[g:1][CONSENSUS]addRawPrepare,height=80,reqIdx=2,hash=1f34504f...
info|2019-12-13 23:01:41.191616|[g:1][CONSENSUS][PBFT]checkTimeout Succ,view=343,toView=344,nodeIdx=1,changeCycle=0,myNode=18ae2e16...,timecost=0.593
info|2019-12-13 23:01:41.192365|[g:1][CONSENSUS][PBFT]checkAndChangeView: Reach consensus,org_view=343,org_changeCycle=0,cur_changeCycle=0,to_view=344
info|2019-12-13 23:01:42.189479|[g:1][CONSENSUS]addRawPrepare,height=80,reqIdx=3,hash=cc861a42...
info|2019-12-13 23:01:42.189805|[g:1][CONSENSUS][PBFT]checkTimeout Succ,view=344,toView=345,nodeIdx=1,changeCycle=0,myNode=18ae2e16...,timecost=0.221
info|2019-12-13 23:01:42.191867|[g:1][CONSENSUS][PBFT]checkAndChangeView: Reach consensus,org_view=344,org_changeCycle=0,cur_changeCycle=0,to_view=345
info|2019-12-13 23:01:43.194400|[g:1][CONSENSUS]addRawPrepare,height=80,reqIdx=0,hash=77d94939...
info|2019-12-13 23:01:43.194661|[g:1][CONSENSUS][PBFT]checkTimeout Succ,view=345,toView=346,nodeIdx=1,changeCycle=0,myNode=18ae2e16...,timecost=0.177
info|2019-12-13 23:01:43.196904|[g:1][CONSENSUS][PBFT]checkAndChangeView: Reach consensus,org_view=345,org_changeCycle=0,cur_changeCycle=0,to_view=346
info|2019-12-13 23:01:44.196988|[g:1][CONSENSUS][SEALER]++++++++++++++++ Generating seal on,blkNum=80,tx=0,nodeIdx=1,hash=8abe9fdd...
info|2019-12-13 23:01:44.200044|[g:1][CONSENSUS][PBFT]checkTimeout Succ,view=346,toView=347,nodeIdx=1,changeCycle=0,myNode=18ae2e16...,timecost=0.345
info|2019-12-13 23:01:44.200716|[g:1][CONSENSUS][PBFT]checkAndChangeView: Reach consensus,org_view=346,org_changeCycle=0,cur_changeCycle=0,to_view=347
info|2019-12-13 23:01:45.204104|[g:1][CONSENSUS]addRawPrepare,height=80,reqIdx=2,hash=38de01b7...
info|2019-12-13 23:01:45.204697|[g:1][CONSENSUS][PBFT]checkTimeout Succ,view=347,toView=348,nodeIdx=1,changeCycle=0,myNode=18ae2e16...,timecost=0.353
info|2019-12-13 23:01:45.208530|[g:1][CONSENSUS][PBFT]checkAndChangeView: Reach consensus,org_view=347,org_changeCycle=0,cur_changeCycle=0,to_view=348
info|2019-12-13 23:01:46.210293|[g:1][CONSENSUS]addRawPrepare,height=80,reqIdx=3,hash=b324f10f...
info|2019-12-13 23:01:46.210999|[g:1][CONSENSUS][PBFT]checkTimeout Succ,view=348,toView=349,nodeIdx=1,changeCycle=0,myNode=18ae2e16...,timecost=0.338
info|2019-12-13 23:01:46.213235|[g:1][CONSENSUS][PBFT]checkAndChangeView: Reach consensus,org_view=348,org_changeCycle=0,cur_changeCycle=0,to_view=349
info|2019-12-13 23:01:47.219115|[g:1][CONSENSUS]addRawPrepare,height=80,reqIdx=0,hash=31d87c19...
info|2019-12-13 23:01:47.220248|[g:1][CONSENSUS][PBFT]checkTimeout Succ,view=349,toView=350,nodeIdx=1,changeCycle=0,myNode=18ae2e16...,timecost=0.724
info|2019-12-13 23:01:47.221238|[g:1][CONSENSUS][PBFT]checkAndChangeView: Reach consensus,org_view=349,org_changeCycle=0,cur_changeCycle=0,to_view=350
info|2019-12-13 23:01:48.211656|[P2P][Service] heartBeat,connected count=3
info|2019-12-13 23:01:48.221422|[g:1][CONSENSUS][SEALER]++++++++++++++++ Generating seal on,blkNum=80,tx=0,nodeIdx=1,hash=a4207766...
info|2019-12-13 23:01:48.224950|[g:1][CONSENSUS][PBFT]checkTimeout Succ,view=350,toView=351,nodeIdx=1,changeCycle=0,myNode=18ae2e16...,timecost=2.768
info|2019-12-13 23:01:48.231097|[g:1][CONSENSUS][PBFT]checkAndChangeView: Reach consensus,org_view=350,org_changeCycle=0,cur_changeCycle=0,to_view=351
info|2019-12-13 23:01:49.227442|[g:1][CONSENSUS]addRawPrepare,height=80,reqIdx=2,hash=ec10055e...
info|2019-12-13 23:01:49.227794|[g:1][CONSENSUS][PBFT]checkTimeout Succ,view=351,toView=352,nodeIdx=1,changeCycle=0,myNode=18ae2e16...,timecost=0.224
info|2019-12-13 23:01:49.231238|[g:1][CONSENSUS][PBFT]checkAndChangeView: Reach consensus,org_view=351,org_changeCycle=0,cur_changeCycle=0,to_view=352
info|2019-12-13 23:01:50.233412|[g:1][CONSENSUS]addRawPrepare,height=80,reqIdx=3,hash=757d5a2e...
info|2019-12-13 23:01:50.233754|[g:1][CONSENSUS][PBFT]checkTimeout Succ,view=352,toView=353,nodeIdx=1,changeCycle=0,myNode=18ae2e16...,timecost=0.223
info|2019-12-13 23:01:50.234809|[g:1][CONSENSUS][PBFT]checkAndChangeView: Reach consensus,org_view=352,org_changeCycle=0,cur_changeCycle=0,to_view=353
info|2019-12-13 23:01:51.236167|[g:1][CONSENSUS]addRawPrepare,height=80,reqIdx=0,hash=0b9c5a36...
info|2019-12-13 23:01:51.236613|[g:1][CONSENSUS][PBFT]checkTimeout Succ,view=353,toView=354,nodeIdx=1,changeCycle=0,myNode=18ae2e16...,timecost=0.305
info|2019-12-13 23:01:51.238478|[g:1][CONSENSUS][PBFT]checkAndChangeView: Reach consensus,org_view=353,org_changeCycle=0,cur_changeCycle=0,to_view=354
info|2019-12-13 23:01:52.239003|[g:1][CONSENSUS][SEALER]++++++++++++++++ Generating seal on,blkNum=80,tx=0,nodeIdx=1,hash=7dc441fa...
info|2019-12-13 23:01:52.241723|[g:1][CONSENSUS][PBFT]checkTimeout Succ,view=354,toView=355,nodeIdx=1,changeCycle=0,myNode=18ae2e16...,timecost=0.275
info|2019-12-13 23:01:52.242092|[g:1][CONSENSUS][PBFT]checkAndChangeView: Reach consensus,org_view=354,org_changeCycle=0,cur_changeCycle=0,to_view=355
info|2019-12-13 23:01:53.243317|[g:1][CONSENSUS]addRawPrepare,height=80,reqIdx=2,hash=dd6d6da3...
info|2019-12-13 23:01:53.243742|[g:1][CONSENSUS][PBFT]checkTimeout Succ,view=355,toView=356,nodeIdx=1,changeCycle=0,myNode=18ae2e16...,timecost=0.254
info|2019-12-13 23:01:53.246528|[g:1][CONSENSUS][PBFT]checkAndChangeView: Reach consensus,org_view=355,org_changeCycle=0,cur_changeCycle=0,to_view=356
info|2019-12-13 23:01:54.251969|[g:1][CONSENSUS]addRawPrepare,height=80,reqIdx=3,hash=29a334c6...
info|2019-12-13 23:01:54.253924|[g:1][CONSENSUS][PBFT]checkTimeout Succ,view=356,toView=357,nodeIdx=1,changeCycle=0,myNode=18ae2e16...,timecost=1.784
info|2019-12-13 23:01:54.258186|[g:1][CONSENSUS][PBFT]checkAndChangeView: Reach consensus,org_view=356,org_changeCycle=0,cur_changeCycle=0,to_view=357
info|2019-12-13 23:01:55.259771|[g:1][CONSENSUS]addRawPrepare,height=80,reqIdx=0,hash=b461d775...
info|2019-12-13 23:01:55.262480|[g:1][CONSENSUS][PBFT]checkTimeout Succ,view=357,toView=358,nodeIdx=1,changeCycle=0,myNode=18ae2e16...,timecost=0.483
info|2019-12-13 23:01:55.265431|[g:1][CONSENSUS][PBFT]checkAndChangeView: Reach consensus,org_view=357,org_changeCycle=0,cur_changeCycle=0,to_view=358
info|2019-12-13 23:01:56.265450|[g:1][CONSENSUS][SEALER]++++++++++++++++ Generating seal on,blkNum=80,tx=0,nodeIdx=1,hash=a971d899...
info|2019-12-13 23:01:56.266618|[g:1][CONSENSUS][PBFT]checkTimeout Succ,view=358,toView=359,nodeIdx=1,changeCycle=0,myNode=18ae2e16...,timecost=0.332
info|2019-12-13 23:01:56.269817|[g:1][CONSENSUS][PBFT]checkAndChangeView: Reach consensus,org_view=358,org_changeCycle=0,cur_changeCycle=0,to_view=359
info|2019-12-13 23:01:57.271701|[g:1][CONSENSUS]addRawPrepare,height=80,reqIdx=2,hash=674d1f17...
info|2019-12-13 23:01:57.272157|[g:1][CONSENSUS][PBFT]checkTimeout Succ,view=359,toView=360,nodeIdx=1,changeCycle=0,myNode=18ae2e16...,timecost=0.354
info|2019-12-13 23:01:57.274904|[g:1][CONSENSUS][PBFT]checkAndChangeView: Reach consensus,org_view=359,org_changeCycle=0,cur_changeCycle=0,to_view=360
info|2019-12-13 23:01:58.212325|[P2P][Service] heartBeat,connected count=3
info|2019-12-13 23:01:58.280381|[g:1][CONSENSUS]addRawPrepare,height=80,reqIdx=3,hash=1b9c9d1d...
info|2019-12-13 23:01:58.282404|[g:1][CONSENSUS][PBFT]checkTimeout Succ,view=360,toView=361,nodeIdx=1,changeCycle=0,myNode=18ae2e16...,timecost=1.581
info|2019-12-13 23:01:58.283925|[g:1][CONSENSUS][PBFT]checkAndChangeView: Reach consensus,org_view=360,org_changeCycle=0,cur_changeCycle=0,to_view=361
info|2019-12-13 23:01:59.285050|[g:1][CONSENSUS]addRawPrepare,height=80,reqIdx=0,hash=b6d013a4...
info|2019-12-13 23:01:59.285497|[g:1][CONSENSUS][PBFT]checkTimeout Succ,view=361,toView=362,nodeIdx=1,changeCycle=0,myNode=18ae2e16...,timecost=0.298
info|2019-12-13 23:01:59.288036|[g:1][CONSENSUS][PBFT]checkAndChangeView: Reach consensus,org_view=361,org_changeCycle=0,cur_changeCycle=0,to_view=362
info|2019-12-13 23:02:00.289369|[g:1][CONSENSUS][SEALER]++++++++++++++++ Generating seal on,blkNum=80,tx=0,nodeIdx=1,hash=49708b44...
info|2019-12-13 23:02:00.292750|[g:1][CONSENSUS][PBFT]checkTimeout Succ,view=362,toView=363,nodeIdx=1,changeCycle=0,myNode=18ae2e16...,timecost=0.357
info|2019-12-13 23:02:00.293398|[g:1][CONSENSUS][PBFT]checkAndChangeView: Reach consensus,org_view=362,org_changeCycle=0,cur_changeCycle=0,to_view=363
info|2019-12-13 23:02:01.295161|[g:1][CONSENSUS]addRawPrepare,height=80,reqIdx=2,hash=f65dcc06...
info|2019-12-13 23:02:01.296343|[g:1][CONSENSUS][PBFT]checkTimeout Succ,view=363,toView=364,nodeIdx=1,changeCycle=0,myNode=18ae2e16...,timecost=0.907
info|2019-12-13 23:02:01.297741|[g:1][CONSENSUS][PBFT]checkAndChangeView: Reach consensus,org_view=363,org_changeCycle=0,cur_changeCycle=0,to_view=364
info|2019-12-13 23:02:02.300466|[g:1][CONSENSUS]addRawPrepare,height=80,reqIdx=3,hash=435ae3d2...
info|2019-12-13 23:02:02.301041|[g:1][CONSENSUS][PBFT]checkTimeout Succ,view=364,toView=365,nodeIdx=1,changeCycle=0,myNode=18ae2e16...,timecost=0.415
info|2019-12-13 23:02:02.303225|[g:1][CONSENSUS][PBFT]checkAndChangeView: Reach consensus,org_view=364,org_changeCycle=0,cur_changeCycle=0,to_view=365
info|2019-12-13 23:02:03.306234|[g:1][CONSENSUS]addRawPrepare,height=80,reqIdx=0,hash=3da80ad6...
info|2019-12-13 23:02:03.306922|[g:1][CONSENSUS][PBFT]checkTimeout Succ,view=365,toView=366,nodeIdx=1,changeCycle=0,myNode=18ae2e16...,timecost=0.455
info|2019-12-13 23:02:03.309126|[g:1][CONSENSUS][PBFT]checkAndChangeView: Reach consensus,org_view=365,org_changeCycle=0,cur_changeCycle=0,to_view=366
info|2019-12-13 23:02:04.309626|[g:1][CONSENSUS][SEALER]++++++++++++++++ Generating seal on,blkNum=80,tx=0,nodeIdx=1,hash=cd8444e1...
info|2019-12-13 23:02:04.311783|[g:1][CONSENSUS][PBFT]checkTimeout Succ,view=366,toView=367,nodeIdx=1,changeCycle=0,myNode=18ae2e16...,timecost=1.758
info|2019-12-13 23:02:04.312927|[g:1][CONSENSUS][PBFT]checkAndChangeView: Reach consensus,org_view=366,org_changeCycle=0,cur_changeCycle=0,to_view=367
info|2019-12-13 23:02:05.316154|[g:1][CONSENSUS]addRawPrepare,height=80,reqIdx=2,hash=ff88a964...
info|2019-12-13 23:02:05.316501|[g:1][CONSENSUS][PBFT]checkTimeout Succ,view=367,toView=368,nodeIdx=1,changeCycle=0,myNode=18ae2e16...,timecost=0.22
info|2019-12-13 23:02:05.319444|[g:1][CONSENSUS][PBFT]checkAndChangeView: Reach consensus,org_view=367,org_changeCycle=0,cur_changeCycle=0,to_view=368
info|2019-12-13 23:02:06.320055|[g:1][CONSENSUS]addRawPrepare,height=80,reqIdx=3,hash=f02bfdc5...
info|2019-12-13 23:02:06.320895|[g:1][CONSENSUS][PBFT]checkTimeout Succ,view=368,toView=369,nodeIdx=1,changeCycle=0,myNode=18ae2e16...,timecost=0.922
info|2019-12-13 23:02:06.322143|[g:1][CONSENSUS][PBFT]checkAndChangeView: Reach consensus,org_view=368,org_changeCycle=0,cur_changeCycle=0,to_view=369
info|2019-12-13 23:02:07.327156|[g:1][CONSENSUS]addRawPrepare,height=80,reqIdx=0,hash=971d9728...
info|2019-12-13 23:02:07.327778|[g:1][CONSENSUS][PBFT]checkTimeout Succ,view=369,toView=370,nodeIdx=1,changeCycle=0,myNode=18ae2e16...,timecost=0.487
info|2019-12-13 23:02:07.328702|[g:1][CONSENSUS][PBFT]checkAndChangeView: Reach consensus,org_view=369,org_changeCycle=0,cur_changeCycle=0,to_view=370
info|2019-12-13 23:02:08.212713|[P2P][Service] heartBeat,connected count=3
info|2019-12-13 23:02:08.329649|[g:1][CONSENSUS][SEALER]++++++++++++++++ Generating seal on,blkNum=80,tx=0,nodeIdx=1,hash=45e385e7...
info|2019-12-13 23:02:08.336698|[g:1][CONSENSUS][PBFT]checkTimeout Succ,view=370,toView=371,nodeIdx=1,changeCycle=0,myNode=18ae2e16...,timecost=0.378
info|2019-12-13 23:02:08.337917|[g:1][CONSENSUS][PBFT]checkAndChangeView: Reach consensus,org_view=370,org_changeCycle=0,cur_changeCycle=0,to_view=371
info|2019-12-13 23:02:09.340056|[g:1][CONSENSUS]addRawPrepare,height=80,reqIdx=2,hash=a2a7c025...
info|2019-12-13 23:02:09.340563|[g:1][CONSENSUS][PBFT]checkTimeout Succ,view=371,toView=372,nodeIdx=1,changeCycle=0,myNode=18ae2e16...,timecost=0.319
info|2019-12-13 23:02:09.341874|[g:1][CONSENSUS][PBFT]checkAndChangeView: Reach consensus,org_view=371,org_changeCycle=0,cur_changeCycle=0,to_view=372
info|2019-12-13 23:02:10.341781|[g:1][CONSENSUS]addRawPrepare,height=80,reqIdx=3,hash=551c7fba...
info|2019-12-13 23:02:10.342984|[g:1][CONSENSUS][PBFT]checkTimeout Succ,view=372,toView=373,nodeIdx=1,changeCycle=0,myNode=18ae2e16...,timecost=1.118
info|2019-12-13 23:02:10.344605|[g:1][CONSENSUS][PBFT]checkAndChangeView: Reach consensus,org_view=372,org_changeCycle=0,cur_changeCycle=0,to_view=373
info|2019-12-13 23:02:11.345296|[g:1][CONSENSUS]addRawPrepare,height=80,reqIdx=0,hash=03053ca6...
info|2019-12-13 23:02:11.345703|[g:1][CONSENSUS][PBFT]checkTimeout Succ,view=373,toView=374,nodeIdx=1,changeCycle=0,myNode=18ae2e16...,timecost=0.301
info|2019-12-13 23:02:11.347474|[g:1][CONSENSUS][PBFT]checkAndChangeView: Reach consensus,org_view=373,org_changeCycle=0,cur_changeCycle=0,to_view=374
info|2019-12-13 23:02:12.348004|[g:1][CONSENSUS][SEALER]++++++++++++++++ Generating seal on,blkNum=80,tx=0,nodeIdx=1,hash=2e1a72b6...
info|2019-12-13 23:02:12.353557|[g:1][CONSENSUS][PBFT]checkTimeout Succ,view=374,toView=375,nodeIdx=1,changeCycle=0,myNode=18ae2e16...,timecost=0.363
info|2019-12-13 23:02:12.354232|[g:1][CONSENSUS][PBFT]checkAndChangeView: Reach consensus,org_view=374,org_changeCycle=0,cur_changeCycle=0,to_view=375
info|2019-12-13 23:02:13.356070|[g:1][CONSENSUS]addRawPrepare,height=80,reqIdx=2,hash=3fc55cc3...
info|2019-12-13 23:02:13.356427|[g:1][CONSENSUS][PBFT]checkTimeout Succ,view=375,toView=376,nodeIdx=1,changeCycle=0,myNode=18ae2e16...,timecost=0.258
info|2019-12-13 23:02:13.358513|[g:1][CONSENSUS][PBFT]checkAndChangeView: Reach consensus,org_view=375,org_changeCycle=0,cur_changeCycle=0,to_view=376
info|2019-12-13 23:02:14.361191|[g:1][CONSENSUS]addRawPrepare,height=80,reqIdx=3,hash=c8e200ab...
info|2019-12-13 23:02:14.361584|[g:1][CONSENSUS][PBFT]checkTimeout Succ,view=376,toView=377,nodeIdx=1,changeCycle=0,myNode=18ae2e16...,timecost=0.232
info|2019-12-13 23:02:14.363538|[g:1][CONSENSUS][PBFT]checkAndChangeView: Reach consensus,org_view=376,org_changeCycle=0,cur_changeCycle=0,to_view=377
info|2019-12-13 23:02:15.365394|[g:1][CONSENSUS]addRawPrepare,height=80,reqIdx=0,hash=593585ff...
info|2019-12-13 23:02:15.365746|[g:1][CONSENSUS][PBFT]checkTimeout Succ,view=377,toView=378,nodeIdx=1,changeCycle=0,myNode=18ae2e16...,timecost=0.242
info|2019-12-13 23:02:15.367860|[g:1][CONSENSUS][PBFT]checkAndChangeView: Reach consensus,org_view=377,org_changeCycle=0,cur_changeCycle=0,to_view=378
info|2019-12-13 23:02:16.369030|[g:1][CONSENSUS][SEALER]++++++++++++++++ Generating seal on,blkNum=80,tx=0,nodeIdx=1,hash=29e48def...
info|2019-12-13 23:02:16.369969|[g:1][CONSENSUS][PBFT]checkTimeout Succ,view=378,toView=379,nodeIdx=1,changeCycle=0,myNode=18ae2e16...,timecost=0.364
info|2019-12-13 23:02:16.373624|[g:1][CONSENSUS][PBFT]checkAndChangeView: Reach consensus,org_view=378,org_changeCycle=0,cur_changeCycle=0,to_view=379
info|2019-12-13 23:02:17.374452|[g:1][CONSENSUS]addRawPrepare,height=80,reqIdx=2,hash=dcf58f58...
info|2019-12-13 23:02:17.375807|[g:1][CONSENSUS][PBFT]checkTimeout Succ,view=379,toView=380,nodeIdx=1,changeCycle=0,myNode=18ae2e16...,timecost=0.792
info|2019-12-13 23:02:17.376701|[g:1][CONSENSUS][PBFT]checkAndChangeView: Reach consensus,org_view=379,org_changeCycle=0,cur_changeCycle=0,to_view=380
info|2019-12-13 23:02:18.212830|[P2P][Service] heartBeat,connected count=3
info|2019-12-13 23:02:18.378714|[g:1][CONSENSUS]addRawPrepare,height=80,reqIdx=3,hash=b0ab2365...
info|2019-12-13 23:02:18.378984|[g:1][CONSENSUS][PBFT]checkTimeout Succ,view=380,toView=381,nodeIdx=1,changeCycle=0,myNode=18ae2e16...,timecost=0.189
info|2019-12-13 23:02:18.380419|[g:1][CONSENSUS][PBFT]checkAndChangeView: Reach consensus,org_view=380,org_changeCycle=0,cur_changeCycle=0,to_view=381
info|2019-12-13 23:02:19.382736|[g:1][CONSENSUS]addRawPrepare,height=80,reqIdx=0,hash=a9c3c39f...
info|2019-12-13 23:02:19.383073|[g:1][CONSENSUS][PBFT]checkTimeout Succ,view=381,toView=382,nodeIdx=1,changeCycle=0,myNode=18ae2e16...,timecost=0.244
info|2019-12-13 23:02:19.385062|[g:1][CONSENSUS][PBFT]checkAndChangeView: Reach consensus,org_view=381,org_changeCycle=0,cur_changeCycle=0,to_view=382
info|2019-12-13 23:02:20.386891|[g:1][CONSENSUS][SEALER]++++++++++++++++ Generating seal on,blkNum=80,tx=0,nodeIdx=1,hash=16f43f50...
info|2019-12-13 23:02:20.391170|[g:1][CONSENSUS][PBFT]checkTimeout Succ,view=382,toView=383,nodeIdx=1,changeCycle=0,myNode=18ae2e16...,timecost=0.248
info|2019-12-13 23:02:20.394296|[g:1][CONSENSUS][PBFT]checkAndChangeView: Reach consensus,org_view=382,org_changeCycle=0,cur_changeCycle=0,to_view=383
info|2019-12-13 23:02:21.393596|[g:1][CONSENSUS]addRawPrepare,height=80,reqIdx=2,hash=5584e652...
info|2019-12-13 23:02:21.393873|[g:1][CONSENSUS][PBFT]checkTimeout Succ,view=383,toView=384,nodeIdx=1,changeCycle=0,myNode=18ae2e16...,timecost=0.195
info|2019-12-13 23:02:21.396912|[g:1][CONSENSUS][PBFT]checkAndChangeView: Reach consensus,org_view=383,org_changeCycle=0,cur_changeCycle=0,to_view=384
info|2019-12-13 23:02:22.399075|[g:1][CONSENSUS]addRawPrepare,height=80,reqIdx=3,hash=4fcdd968...
info|2019-12-13 23:02:22.400024|[g:1][CONSENSUS][PBFT]checkTimeout Succ,view=384,toView=385,nodeIdx=1,changeCycle=0,myNode=18ae2e16...,timecost=0.772
info|2019-12-13 23:02:22.402671|[g:1][CONSENSUS][PBFT]checkAndChangeView: Reach consensus,org_view=384,org_changeCycle=0,cur_changeCycle=0,to_view=385
info|2019-12-13 23:02:23.405425|[g:1][CONSENSUS]addRawPrepare,height=80,reqIdx=0,hash=1f913636...
info|2019-12-13 23:02:23.406109|[g:1][CONSENSUS][PBFT]checkTimeout Succ,view=385,toView=386,nodeIdx=1,changeCycle=0,myNode=18ae2e16...,timecost=0.576
info|2019-12-13 23:02:23.409038|[g:1][CONSENSUS][PBFT]checkAndChangeView: Reach consensus,org_view=385,org_changeCycle=0,cur_changeCycle=0,to_view=386
info|2019-12-13 23:02:24.410326|[g:1][CONSENSUS][SEALER]++++++++++++++++ Generating seal on,blkNum=80,tx=0,nodeIdx=1,hash=fdc0258a...
info|2019-12-13 23:02:24.411604|[g:1][CONSENSUS][PBFT]checkTimeout Succ,view=386,toView=387,nodeIdx=1,changeCycle=0,myNode=18ae2e16...,timecost=0.807
info|2019-12-13 23:02:24.414504|[g:1][CONSENSUS][PBFT]checkAndChangeView: Reach consensus,org_view=386,org_changeCycle=0,cur_changeCycle=0,to_view=387
info|2019-12-13 23:02:25.416330|[g:1][CONSENSUS]addRawPrepare,height=80,reqIdx=2,hash=f5d323f8...
info|2019-12-13 23:02:25.416736|[g:1][CONSENSUS][PBFT]checkTimeout Succ,view=387,toView=388,nodeIdx=1,changeCycle=0,myNode=18ae2e16...,timecost=0.294
info|2019-12-13 23:02:25.419210|[g:1][CONSENSUS][PBFT]checkAndChangeView: Reach consensus,org_view=387,org_changeCycle=0,cur_changeCycle=0,to_view=388
info|2019-12-13 23:02:26.422481|[g:1][CONSENSUS]addRawPrepare,height=80,reqIdx=3,hash=a3b936d9...
info|2019-12-13 23:02:26.422908|[g:1][CONSENSUS][PBFT]checkTimeout Succ,view=388,toView=389,nodeIdx=1,changeCycle=0,myNode=18ae2e16...,timecost=0.277
info|2019-12-13 23:02:26.424653|[g:1][CONSENSUS][PBFT]checkAndChangeView: Reach consensus,org_view=388,org_changeCycle=0,cur_changeCycle=0,to_view=389
info|2019-12-13 23:02:27.429214|[g:1][CONSENSUS]addRawPrepare,height=80,reqIdx=0,hash=828a8c0c...
info|2019-12-13 23:02:27.429880|[g:1][CONSENSUS][PBFT]checkTimeout Succ,view=389,toView=390,nodeIdx=1,changeCycle=0,myNode=18ae2e16...,timecost=0.413
info|2019-12-13 23:02:27.431092|[g:1][CONSENSUS][PBFT]checkAndChangeView: Reach consensus,org_view=389,org_changeCycle=0,cur_changeCycle=0,to_view=390
info|2019-12-13 23:02:28.213628|[P2P][Service] heartBeat,connected count=3
info|2019-12-13 23:02:28.431766|[g:1][CONSENSUS][SEALER]++++++++++++++++ Generating seal on,blkNum=80,tx=0,nodeIdx=1,hash=097c0714...
info|2019-12-13 23:02:28.433555|[g:1][CONSENSUS][PBFT]checkTimeout Succ,view=390,toView=391,nodeIdx=1,changeCycle=0,myNode=18ae2e16...,timecost=0.859
info|2019-12-13 23:02:28.435795|[g:1][CONSENSUS][PBFT]checkAndChangeView: Reach consensus,org_view=390,org_changeCycle=0,cur_changeCycle=0,to_view=391
info|2019-12-13 23:02:29.437747|[g:1][CONSENSUS]addRawPrepare,height=80,reqIdx=2,hash=4c66d97d...
info|2019-12-13 23:02:29.438850|[g:1][CONSENSUS][PBFT]checkTimeout Succ,view=391,toView=392,nodeIdx=1,changeCycle=0,myNode=18ae2e16...,timecost=0.691
info|2019-12-13 23:02:29.441878|[g:1][CONSENSUS][PBFT]checkAndChangeView: Reach consensus,org_view=391,org_changeCycle=0,cur_changeCycle=0,to_view=392
info|2019-12-13 23:02:30.443109|[g:1][CONSENSUS]addRawPrepare,height=80,reqIdx=3,hash=14d98a04...
info|2019-12-13 23:02:30.443712|[g:1][CONSENSUS][PBFT]checkTimeout Succ,view=392,toView=393,nodeIdx=1,changeCycle=0,myNode=18ae2e16...,timecost=0.448
info|2019-12-13 23:02:30.445173|[g:1][CONSENSUS][PBFT]checkAndChangeView: Reach consensus,org_view=392,org_changeCycle=0,cur_changeCycle=0,to_view=393
info|2019-12-13 23:02:31.446702|[g:1][CONSENSUS]addRawPrepare,height=80,reqIdx=0,hash=bd1e98da...
info|2019-12-13 23:02:31.447525|[g:1][CONSENSUS][PBFT]checkTimeout Succ,view=393,toView=394,nodeIdx=1,changeCycle=0,myNode=18ae2e16...,timecost=0.522
info|2019-12-13 23:02:31.449998|[g:1][CONSENSUS][PBFT]checkAndChangeView: Reach consensus,org_view=393,org_changeCycle=0,cur_changeCycle=0,to_view=394
info|2019-12-13 23:02:32.450182|[g:1][CONSENSUS][SEALER]++++++++++++++++ Generating seal on,blkNum=80,tx=0,nodeIdx=1,hash=0ce0185f...
info|2019-12-13 23:02:32.460955|[g:1][CONSENSUS][PBFT]checkTimeout Succ,view=394,toView=395,nodeIdx=1,changeCycle=0,myNode=18ae2e16...,timecost=0.268
info|2019-12-13 23:02:32.462029|[g:1][CONSENSUS][PBFT]checkAndChangeView: Reach consensus,org_view=394,org_changeCycle=0,cur_changeCycle=0,to_view=395
info|2019-12-13 23:02:33.460868|[g:1][CONSENSUS]addRawPrepare,height=80,reqIdx=2,hash=58f1b2ba...
info|2019-12-13 23:02:33.463333|[g:1][CONSENSUS][PBFT]checkTimeout Succ,view=395,toView=396,nodeIdx=1,changeCycle=0,myNode=18ae2e16...,timecost=2.322
info|2019-12-13 23:02:33.464957|[g:1][CONSENSUS][PBFT]checkAndChangeView: Reach consensus,org_view=395,org_changeCycle=0,cur_changeCycle=0,to_view=396
