warning|2019-12-12 00:11:16.596140|[g:1][CONSENSUS][PBFT]ViewChangeWarning: not caused by omit empty block ,v=61,toV=62,curNum=6,hash=f5ff27b2...,nodeIdx=1,myNode=18ae2e16...
info|2019-12-12 00:11:16.663037|[g:1][CONSENSUS][PBFT]checkTimeout Succ,view=61,toView=62,nodeIdx=1,changeCycle=1,myNode=18ae2e16...,timecost=67.296
info|2019-12-12 00:11:16.669474|[g:1][CONSENSUS][PBFT]checkAndChangeView: Reach consensus,org_view=61,org_changeCycle=1,cur_changeCycle=1,to_view=62
info|2019-12-12 00:11:16.821377|[P2P][Service] heartBeat,connected count=3
info|2019-12-12 00:11:17.671028|[g:1][CONSENSUS]addRawPrepare,height=7,reqIdx=0,hash=22d2b63d...
info|2019-12-12 00:11:17.672412|[g:1][CONSENSUS][PBFT]checkTimeout Succ,view=62,toView=63,nodeIdx=1,changeCycle=0,myNode=18ae2e16...,timecost=1.001
info|2019-12-12 00:11:17.674394|[g:1][CONSENSUS][PBFT]checkAndChangeView: Reach consensus,org_view=62,org_changeCycle=0,cur_changeCycle=0,to_view=63
info|2019-12-12 00:11:18.675124|[g:1][CONSENSUS][SEALER]++++++++++++++++ Generating seal on,blkNum=7,tx=0,nodeIdx=1,hash=a0570b84...
info|2019-12-12 00:11:18.675841|[g:1][CONSENSUS][PBFT]checkTimeout Succ,view=63,toView=64,nodeIdx=1,changeCycle=0,myNode=18ae2e16...,timecost=0.295
info|2019-12-12 00:11:18.679124|[g:1][CONSENSUS][PBFT]checkAndChangeView: Reach consensus,org_view=63,org_changeCycle=0,cur_changeCycle=0,to_view=64
info|2019-12-12 00:11:19.681808|[g:1][CONSENSUS]addRawPrepare,height=7,reqIdx=2,hash=61510be0...
info|2019-12-12 00:11:19.682212|[g:1][CONSENSUS][PBFT]checkTimeout Succ,view=64,toView=65,nodeIdx=1,changeCycle=0,myNode=18ae2e16...,timecost=0.263
info|2019-12-12 00:11:19.684108|[g:1][CONSENSUS][PBFT]checkAndChangeView: Reach consensus,org_view=64,org_changeCycle=0,cur_changeCycle=0,to_view=65
info|2019-12-12 00:11:20.685776|[g:1][CONSENSUS]addRawPrepare,height=7,reqIdx=3,hash=d72e968c...
info|2019-12-12 00:11:20.694449|[g:1][CONSENSUS][PBFT]checkTimeout Succ,view=65,toView=66,nodeIdx=1,changeCycle=0,myNode=18ae2e16...,timecost=2.008
info|2019-12-12 00:11:20.697321|[g:1][CONSENSUS][PBFT]checkAndChangeView: Reach consensus,org_view=65,org_changeCycle=0,cur_changeCycle=0,to_view=66
info|2019-12-12 00:11:21.693020|[g:1][CONSENSUS]addRawPrepare,height=7,reqIdx=0,hash=15c13db3...
info|2019-12-12 00:11:21.693409|[g:1][CONSENSUS][PBFT]checkTimeout Succ,view=66,toView=67,nodeIdx=1,changeCycle=0,myNode=18ae2e16...,timecost=0.242
info|2019-12-12 00:11:21.695260|[g:1][CONSENSUS][PBFT]checkAndChangeView: Reach consensus,org_view=66,org_changeCycle=0,cur_changeCycle=0,to_view=67
info|2019-12-12 00:11:22.695924|[g:1][CONSENSUS][SEALER]++++++++++++++++ Generating seal on,blkNum=7,tx=0,nodeIdx=1,hash=ca111ed0...
info|2019-12-12 00:11:22.696946|[g:1][CONSENSUS][PBFT]checkTimeout Succ,view=67,toView=68,nodeIdx=1,changeCycle=0,myNode=18ae2e16...,timecost=0.24
info|2019-12-12 00:11:22.698876|[g:1][CONSENSUS][PBFT]checkAndChangeView: Reach consensus,org_view=67,org_changeCycle=0,cur_changeCycle=0,to_view=68
info|2019-12-12 00:11:23.699055|[g:1][CONSENSUS]addRawPrepare,height=7,reqIdx=2,hash=f4854db6...
info|2019-12-12 00:11:23.699427|[g:1][CONSENSUS][PBFT]checkTimeout Succ,view=68,toView=69,nodeIdx=1,changeCycle=0,myNode=18ae2e16...,timecost=0.293
info|2019-12-12 00:11:23.701776|[g:1][CONSENSUS][PBFT]checkAndChangeView: Reach consensus,org_view=68,org_changeCycle=0,cur_changeCycle=0,to_view=69
info|2019-12-12 00:11:24.704607|[g:1][CONSENSUS]addRawPrepare,height=7,reqIdx=3,hash=80e49f53...
info|2019-12-12 00:11:24.705464|[g:1][CONSENSUS][PBFT]checkTimeout Succ,view=69,toView=70,nodeIdx=1,changeCycle=0,myNode=18ae2e16...,timecost=0.582
info|2019-12-12 00:11:24.706249|[g:1][CONSENSUS][PBFT]checkAndChangeView: Reach consensus,org_view=69,org_changeCycle=0,cur_changeCycle=0,to_view=70
info|2019-12-12 00:11:25.708723|[g:1][CONSENSUS]addRawPrepare,height=7,reqIdx=0,hash=5c8b883e...
info|2019-12-12 00:11:25.709577|[g:1][CONSENSUS][PBFT]checkTimeout Succ,view=70,toView=71,nodeIdx=1,changeCycle=0,myNode=18ae2e16...,timecost=0.681
info|2019-12-12 00:11:25.710611|[g:1][CONSENSUS][PBFT]checkAndChangeView: Reach consensus,org_view=70,org_changeCycle=0,cur_changeCycle=0,to_view=71
info|2019-12-12 00:11:26.711804|[g:1][CONSENSUS][SEALER]++++++++++++++++ Generating seal on,blkNum=7,tx=0,nodeIdx=1,hash=c089dca1...
info|2019-12-12 00:11:26.713393|[g:1][CONSENSUS][PBFT]checkTimeout Succ,view=71,toView=72,nodeIdx=1,changeCycle=0,myNode=18ae2e16...,timecost=1.035
info|2019-12-12 00:11:26.716911|[g:1][CONSENSUS][PBFT]checkAndChangeView: Reach consensus,org_view=71,org_changeCycle=0,cur_changeCycle=0,to_view=72
info|2019-12-12 00:11:26.821833|[P2P][Service] heartBeat,connected count=3
info|2019-12-12 00:11:27.720471|[g:1][CONSENSUS]addRawPrepare,height=7,reqIdx=2,hash=0190ba60...
info|2019-12-12 00:11:27.721622|[g:1][CONSENSUS][PBFT]checkTimeout Succ,view=72,toView=73,nodeIdx=1,changeCycle=0,myNode=18ae2e16...,timecost=0.397
info|2019-12-12 00:11:27.722996|[g:1][CONSENSUS][PBFT]checkAndChangeView: Reach consensus,org_view=72,org_changeCycle=0,cur_changeCycle=0,to_view=73
info|2019-12-12 00:11:28.726708|[g:1][CONSENSUS]addRawPrepare,height=7,reqIdx=3,hash=28138315...
info|2019-12-12 00:11:28.727743|[g:1][CONSENSUS][PBFT]checkTimeout Succ,view=73,toView=74,nodeIdx=1,changeCycle=0,myNode=18ae2e16...,timecost=0.676
info|2019-12-12 00:11:28.728897|[g:1][CONSENSUS][PBFT]checkAndChangeView: Reach consensus,org_view=73,org_changeCycle=0,cur_changeCycle=0,to_view=74
info|2019-12-12 00:11:29.730739|[g:1][CONSENSUS]addRawPrepare,height=7,reqIdx=0,hash=a0589dd8...
info|2019-12-12 00:11:29.731715|[g:1][CONSENSUS][PBFT]checkTimeout Succ,view=74,toView=75,nodeIdx=1,changeCycle=0,myNode=18ae2e16...,timecost=0.675
info|2019-12-12 00:11:29.733765|[g:1][CONSENSUS][PBFT]checkAndChangeView: Reach consensus,org_view=74,org_changeCycle=0,cur_changeCycle=0,to_view=75
info|2019-12-12 00:11:30.734105|[g:1][CONSENSUS][SEALER]++++++++++++++++ Generating seal on,blkNum=7,tx=0,nodeIdx=1,hash=97a24c84...
info|2019-12-12 00:11:30.738350|[g:1][CONSENSUS][PBFT]checkTimeout Succ,view=75,toView=76,nodeIdx=1,changeCycle=0,myNode=18ae2e16...,timecost=1.364
info|2019-12-12 00:11:30.739768|[g:1][CONSENSUS][PBFT]checkAndChangeView: Reach consensus,org_view=75,org_changeCycle=0,cur_changeCycle=0,to_view=76
info|2019-12-12 00:11:31.740364|[g:1][CONSENSUS]addRawPrepare,height=7,reqIdx=2,hash=0cecbc5e...
info|2019-12-12 00:11:31.741902|[g:1][CONSENSUS][PBFT]checkTimeout Succ,view=76,toView=77,nodeIdx=1,changeCycle=0,myNode=18ae2e16...,timecost=1.315
info|2019-12-12 00:11:31.743145|[g:1][CONSENSUS][PBFT]checkAndChangeView: Reach consensus,org_view=76,org_changeCycle=0,cur_changeCycle=0,to_view=77
info|2019-12-12 00:11:32.744445|[g:1][CONSENSUS]addRawPrepare,height=7,reqIdx=3,hash=f97efb83...
info|2019-12-12 00:11:32.745827|[g:1][CONSENSUS][PBFT]checkTimeout Succ,view=77,toView=78,nodeIdx=1,changeCycle=0,myNode=18ae2e16...,timecost=1.282
info|2019-12-12 00:11:32.746846|[g:1][CONSENSUS][PBFT]checkAndChangeView: Reach consensus,org_view=77,org_changeCycle=0,cur_changeCycle=0,to_view=78
info|2019-12-12 00:11:34.064634|[g:1][CONSENSUS]addRawPrepare,height=7,reqIdx=0,hash=994d5c4a...
info|2019-12-12 00:11:34.068158|[g:1][CONSENSUS][PBFT]checkTimeout Succ,view=78,toView=79,nodeIdx=1,changeCycle=0,myNode=18ae2e16...,timecost=3.437
info|2019-12-12 00:11:34.069641|[g:1][CONSENSUS][PBFT]checkAndChangeView: Reach consensus,org_view=78,org_changeCycle=0,cur_changeCycle=0,to_view=79
info|2019-12-12 00:11:35.070918|[g:1][CONSENSUS][SEALER]++++++++++++++++ Generating seal on,blkNum=7,tx=0,nodeIdx=1,hash=91053cd7...
info|2019-12-12 00:11:35.072455|[g:1][CONSENSUS][PBFT]checkTimeout Succ,view=79,toView=80,nodeIdx=1,changeCycle=0,myNode=18ae2e16...,timecost=1.164
info|2019-12-12 00:11:35.074525|[g:1][CONSENSUS][PBFT]checkAndChangeView: Reach consensus,org_view=79,org_changeCycle=0,cur_changeCycle=0,to_view=80
info|2019-12-12 00:11:36.078127|[g:1][CONSENSUS]addRawPrepare,height=7,reqIdx=2,hash=1da0deb5...
info|2019-12-12 00:11:36.079368|[g:1][CONSENSUS][PBFT]checkTimeout Succ,view=80,toView=81,nodeIdx=1,changeCycle=0,myNode=18ae2e16...,timecost=1.106
info|2019-12-12 00:11:36.081864|[g:1][CONSENSUS][PBFT]checkAndChangeView: Reach consensus,org_view=80,org_changeCycle=0,cur_changeCycle=0,to_view=81
info|2019-12-12 00:11:36.822922|[P2P][Service] heartBeat,connected count=3
info|2019-12-12 00:11:37.083292|[g:1][CONSENSUS]addRawPrepare,height=7,reqIdx=3,hash=cb0f6c31...
info|2019-12-12 00:11:37.083665|[g:1][CONSENSUS][PBFT]checkTimeout Succ,view=81,toView=82,nodeIdx=1,changeCycle=0,myNode=18ae2e16...,timecost=0.27
info|2019-12-12 00:11:37.085409|[g:1][CONSENSUS][PBFT]checkAndChangeView: Reach consensus,org_view=81,org_changeCycle=0,cur_changeCycle=0,to_view=82
info|2019-12-12 00:11:38.088236|[g:1][CONSENSUS]addRawPrepare,height=7,reqIdx=0,hash=5ed0aed9...
info|2019-12-12 00:11:38.090378|[g:1][CONSENSUS][PBFT]checkTimeout Succ,view=82,toView=83,nodeIdx=1,changeCycle=0,myNode=18ae2e16...,timecost=0.485
info|2019-12-12 00:11:38.091427|[g:1][CONSENSUS][PBFT]checkAndChangeView: Reach consensus,org_view=82,org_changeCycle=0,cur_changeCycle=0,to_view=83
info|2019-12-12 00:11:39.091949|[g:1][CONSENSUS][SEALER]++++++++++++++++ Generating seal on,blkNum=7,tx=0,nodeIdx=1,hash=f970f61e...
info|2019-12-12 00:11:39.092876|[g:1][CONSENSUS][PBFT]checkTimeout Succ,view=83,toView=84,nodeIdx=1,changeCycle=0,myNode=18ae2e16...,timecost=0.322
info|2019-12-12 00:11:39.095597|[g:1][CONSENSUS][PBFT]checkAndChangeView: Reach consensus,org_view=83,org_changeCycle=0,cur_changeCycle=0,to_view=84
info|2019-12-12 00:11:40.096148|[g:1][CONSENSUS]addRawPrepare,height=7,reqIdx=2,hash=43fed8f5...
info|2019-12-12 00:11:40.096463|[g:1][CONSENSUS][PBFT]checkTimeout Succ,view=84,toView=85,nodeIdx=1,changeCycle=0,myNode=18ae2e16...,timecost=0.218
info|2019-12-12 00:11:40.099991|[g:1][CONSENSUS][PBFT]checkAndChangeView: Reach consensus,org_view=84,org_changeCycle=0,cur_changeCycle=0,to_view=85
info|2019-12-12 00:11:41.099407|[g:1][CONSENSUS]addRawPrepare,height=7,reqIdx=3,hash=90e0eeb2...
info|2019-12-12 00:11:41.099722|[g:1][CONSENSUS][PBFT]checkTimeout Succ,view=85,toView=86,nodeIdx=1,changeCycle=0,myNode=18ae2e16...,timecost=0.22
info|2019-12-12 00:11:41.103453|[g:1][CONSENSUS][PBFT]checkAndChangeView: Reach consensus,org_view=85,org_changeCycle=0,cur_changeCycle=0,to_view=86
info|2019-12-12 00:11:42.106453|[g:1][CONSENSUS]addRawPrepare,height=7,reqIdx=0,hash=fa6476e1...
info|2019-12-12 00:11:42.106867|[g:1][CONSENSUS][PBFT]checkTimeout Succ,view=86,toView=87,nodeIdx=1,changeCycle=0,myNode=18ae2e16...,timecost=0.266
info|2019-12-12 00:11:42.110302|[g:1][CONSENSUS][PBFT]checkAndChangeView: Reach consensus,org_view=86,org_changeCycle=0,cur_changeCycle=0,to_view=87
info|2019-12-12 00:11:43.111201|[g:1][CONSENSUS][SEALER]++++++++++++++++ Generating seal on,blkNum=7,tx=0,nodeIdx=1,hash=649ad7dc...
info|2019-12-12 00:11:43.113755|[g:1][CONSENSUS][PBFT]checkTimeout Succ,view=87,toView=88,nodeIdx=1,changeCycle=0,myNode=18ae2e16...,timecost=0.59
info|2019-12-12 00:11:43.114951|[g:1][CONSENSUS][PBFT]checkAndChangeView: Reach consensus,org_view=87,org_changeCycle=0,cur_changeCycle=0,to_view=88
info|2019-12-12 00:11:44.116421|[g:1][CONSENSUS]addRawPrepare,height=7,reqIdx=2,hash=2826736d...
info|2019-12-12 00:11:44.116742|[g:1][CONSENSUS][PBFT]checkTimeout Succ,view=88,toView=89,nodeIdx=1,changeCycle=0,myNode=18ae2e16...,timecost=0.213
info|2019-12-12 00:11:44.118663|[g:1][CONSENSUS][PBFT]checkAndChangeView: Reach consensus,org_view=88,org_changeCycle=0,cur_changeCycle=0,to_view=89
info|2019-12-12 00:11:45.120541|[g:1][CONSENSUS]addRawPrepare,height=7,reqIdx=3,hash=d7b79c7f...
info|2019-12-12 00:11:45.120968|[g:1][CONSENSUS][PBFT]checkTimeout Succ,view=89,toView=90,nodeIdx=1,changeCycle=0,myNode=18ae2e16...,timecost=0.254
info|2019-12-12 00:11:45.123376|[g:1][CONSENSUS][PBFT]checkAndChangeView: Reach consensus,org_view=89,org_changeCycle=0,cur_changeCycle=0,to_view=90
info|2019-12-12 00:11:46.124322|[g:1][CONSENSUS]addRawPrepare,height=7,reqIdx=0,hash=dace2eb1...
info|2019-12-12 00:11:46.124707|[g:1][CONSENSUS][PBFT]checkTimeout Succ,view=90,toView=91,nodeIdx=1,changeCycle=0,myNode=18ae2e16...,timecost=0.271
info|2019-12-12 00:11:46.134618|[g:1][CONSENSUS][PBFT]checkAndChangeView: Reach consensus,org_view=90,org_changeCycle=0,cur_changeCycle=0,to_view=91
info|2019-12-12 00:11:46.823324|[P2P][Service] heartBeat,connected count=3
info|2019-12-12 00:11:47.134817|[g:1][CONSENSUS][SEALER]++++++++++++++++ Generating seal on,blkNum=7,tx=0,nodeIdx=1,hash=eb8b8ca9...
info|2019-12-12 00:11:47.143058|[g:1][CONSENSUS][PBFT]checkTimeout Succ,view=91,toView=92,nodeIdx=1,changeCycle=0,myNode=18ae2e16...,timecost=0.259
info|2019-12-12 00:11:47.144253|[g:1][CONSENSUS][PBFT]checkAndChangeView: Reach consensus,org_view=91,org_changeCycle=0,cur_changeCycle=0,to_view=92
info|2019-12-12 00:11:48.142234|[g:1][CONSENSUS]addRawPrepare,height=7,reqIdx=2,hash=fad3cd71...
info|2019-12-12 00:11:48.147135|[g:1][CONSENSUS][PBFT]checkTimeout Succ,view=92,toView=93,nodeIdx=1,changeCycle=0,myNode=18ae2e16...,timecost=2.819
info|2019-12-12 00:11:48.150543|[g:1][CONSENSUS][PBFT]checkAndChangeView: Reach consensus,org_view=92,org_changeCycle=0,cur_changeCycle=0,to_view=93
info|2019-12-12 00:11:49.155447|[g:1][CONSENSUS]addRawPrepare,height=7,reqIdx=3,hash=128f9a53...
info|2019-12-12 00:11:49.158553|[g:1][CONSENSUS][PBFT]checkTimeout Succ,view=93,toView=94,nodeIdx=1,changeCycle=0,myNode=18ae2e16...,timecost=2.38
info|2019-12-12 00:11:49.160091|[g:1][CONSENSUS][PBFT]checkAndChangeView: Reach consensus,org_view=93,org_changeCycle=0,cur_changeCycle=0,to_view=94
info|2019-12-12 00:11:50.161616|[g:1][CONSENSUS]addRawPrepare,height=7,reqIdx=0,hash=631bbfc1...
info|2019-12-12 00:11:50.162003|[g:1][CONSENSUS][PBFT]checkTimeout Succ,view=94,toView=95,nodeIdx=1,changeCycle=0,myNode=18ae2e16...,timecost=0.279
info|2019-12-12 00:11:50.168727|[g:1][CONSENSUS][PBFT]checkAndChangeView: Reach consensus,org_view=94,org_changeCycle=0,cur_changeCycle=0,to_view=95
info|2019-12-12 00:11:51.168771|[g:1][CONSENSUS][SEALER]++++++++++++++++ Generating seal on,blkNum=7,tx=0,nodeIdx=1,hash=e5c0c2cc...
info|2019-12-12 00:11:51.175562|[g:1][CONSENSUS][PBFT]checkTimeout Succ,view=95,toView=96,nodeIdx=1,changeCycle=0,myNode=18ae2e16...,timecost=0.303
info|2019-12-12 00:11:51.177063|[g:1][CONSENSUS][PBFT]checkAndChangeView: Reach consensus,org_view=95,org_changeCycle=0,cur_changeCycle=0,to_view=96
info|2019-12-12 00:11:52.175754|[g:1][CONSENSUS]addRawPrepare,height=7,reqIdx=2,hash=98715420...
info|2019-12-12 00:11:52.176210|[g:1][CONSENSUS][PBFT]checkTimeout Succ,view=96,toView=97,nodeIdx=1,changeCycle=0,myNode=18ae2e16...,timecost=0.33
info|2019-12-12 00:11:52.178763|[g:1][CONSENSUS][PBFT]checkAndChangeView: Reach consensus,org_view=96,org_changeCycle=0,cur_changeCycle=0,to_view=97
info|2019-12-12 00:11:53.182450|[g:1][CONSENSUS]addRawPrepare,height=7,reqIdx=3,hash=07cb2e9f...
info|2019-12-12 00:11:53.183065|[g:1][CONSENSUS][PBFT]checkTimeout Succ,view=97,toView=98,nodeIdx=1,changeCycle=0,myNode=18ae2e16...,timecost=0.485
info|2019-12-12 00:11:53.185237|[g:1][CONSENSUS][PBFT]checkAndChangeView: Reach consensus,org_view=97,org_changeCycle=0,cur_changeCycle=0,to_view=98
info|2019-12-12 00:11:54.188612|[g:1][CONSENSUS]addRawPrepare,height=7,reqIdx=0,hash=320edf36...
info|2019-12-12 00:11:54.188992|[g:1][CONSENSUS][PBFT]checkTimeout Succ,view=98,toView=99,nodeIdx=1,changeCycle=0,myNode=18ae2e16...,timecost=0.264
info|2019-12-12 00:11:54.191712|[g:1][CONSENSUS][PBFT]checkAndChangeView: Reach consensus,org_view=98,org_changeCycle=0,cur_changeCycle=0,to_view=99
info|2019-12-12 00:11:55.191726|[g:1][CONSENSUS][SEALER]++++++++++++++++ Generating seal on,blkNum=7,tx=0,nodeIdx=1,hash=d2673792...
info|2019-12-12 00:11:55.196924|[g:1][CONSENSUS][PBFT]checkTimeout Succ,view=99,toView=100,nodeIdx=1,changeCycle=0,myNode=18ae2e16...,timecost=0.299
info|2019-12-12 00:11:55.198111|[g:1][CONSENSUS][PBFT]checkAndChangeView: Reach consensus,org_view=99,org_changeCycle=0,cur_changeCycle=0,to_view=100
info|2019-12-12 00:11:56.198519|[g:1][CONSENSUS]addRawPrepare,height=7,reqIdx=2,hash=0f625bb3...
info|2019-12-12 00:11:56.200674|[g:1][CONSENSUS][PBFT]checkTimeout Succ,view=100,toView=101,nodeIdx=1,changeCycle=0,myNode=18ae2e16...,timecost=2.013
info|2019-12-12 00:11:56.203000|[g:1][CONSENSUS][PBFT]checkAndChangeView: Reach consensus,org_view=100,org_changeCycle=0,cur_changeCycle=0,to_view=101
info|2019-12-12 00:11:56.823652|[P2P][Service] heartBeat,connected count=3
info|2019-12-12 00:11:57.204952|[g:1][CONSENSUS]addRawPrepare,height=7,reqIdx=3,hash=c9d37402...
info|2019-12-12 00:11:57.205831|[g:1][CONSENSUS][PBFT]checkTimeout Succ,view=101,toView=102,nodeIdx=1,changeCycle=0,myNode=18ae2e16...,timecost=0.764
info|2019-12-12 00:11:57.208587|[g:1][CONSENSUS][PBFT]checkAndChangeView: Reach consensus,org_view=101,org_changeCycle=0,cur_changeCycle=0,to_view=102
info|2019-12-12 00:11:58.211948|[g:1][CONSENSUS]addRawPrepare,height=7,reqIdx=0,hash=68deaf4a...
info|2019-12-12 00:11:58.213581|[g:1][CONSENSUS][PBFT]checkTimeout Succ,view=102,toView=103,nodeIdx=1,changeCycle=0,myNode=18ae2e16...,timecost=1.511
info|2019-12-12 00:11:58.214916|[g:1][CONSENSUS][PBFT]checkAndChangeView: Reach consensus,org_view=102,org_changeCycle=0,cur_changeCycle=0,to_view=103
info|2019-12-12 00:11:59.214446|[g:1][CONSENSUS][SEALER]++++++++++++++++ Generating seal on,blkNum=7,tx=0,nodeIdx=1,hash=df543889...
info|2019-12-12 00:11:59.215289|[g:1][CONSENSUS][PBFT]checkTimeout Succ,view=103,toView=104,nodeIdx=1,changeCycle=0,myNode=18ae2e16...,timecost=0.308
info|2019-12-12 00:11:59.219474|[g:1][CONSENSUS][PBFT]checkAndChangeView: Reach consensus,org_view=103,org_changeCycle=0,cur_changeCycle=0,to_view=104
info|2019-12-12 00:12:00.220930|[g:1][CONSENSUS]addRawPrepare,height=7,reqIdx=2,hash=2a8b97f7...
info|2019-12-12 00:12:00.221342|[g:1][CONSENSUS][PBFT]checkTimeout Succ,view=104,toView=105,nodeIdx=1,changeCycle=0,myNode=18ae2e16...,timecost=0.242
info|2019-12-12 00:12:00.223190|[g:1][CONSENSUS][PBFT]checkAndChangeView: Reach consensus,org_view=104,org_changeCycle=0,cur_changeCycle=0,to_view=105
info|2019-12-12 00:12:01.226637|[g:1][CONSENSUS]addRawPrepare,height=7,reqIdx=3,hash=4864b0c2...
info|2019-12-12 00:12:01.226967|[g:1][CONSENSUS][PBFT]checkTimeout Succ,view=105,toView=106,nodeIdx=1,changeCycle=0,myNode=18ae2e16...,timecost=0.218
info|2019-12-12 00:12:01.229445|[g:1][CONSENSUS][PBFT]checkAndChangeView: Reach consensus,org_view=105,org_changeCycle=0,cur_changeCycle=0,to_view=106
info|2019-12-12 00:12:02.232575|[g:1][CONSENSUS]addRawPrepare,height=7,reqIdx=0,hash=00650101...
info|2019-12-12 00:12:02.232932|[g:1][CONSENSUS][PBFT]checkTimeout Succ,view=106,toView=107,nodeIdx=1,changeCycle=0,myNode=18ae2e16...,timecost=0.251
info|2019-12-12 00:12:02.236299|[g:1][CONSENSUS][PBFT]checkAndChangeView: Reach consensus,org_view=106,org_changeCycle=0,cur_changeCycle=0,to_view=107
info|2019-12-12 00:12:03.236615|[g:1][CONSENSUS][SEALER]++++++++++++++++ Generating seal on,blkNum=7,tx=0,nodeIdx=1,hash=259ac82e...
info|2019-12-12 00:12:03.239997|[g:1][CONSENSUS][PBFT]checkTimeout Succ,view=107,toView=108,nodeIdx=1,changeCycle=0,myNode=18ae2e16...,timecost=0.459
info|2019-12-12 00:12:03.241259|[g:1][CONSENSUS][PBFT]checkAndChangeView: Reach consensus,org_view=107,org_changeCycle=0,cur_changeCycle=0,to_view=108
info|2019-12-12 00:12:04.244308|[g:1][CONSENSUS]addRawPrepare,height=7,reqIdx=2,hash=1270033b...
info|2019-12-12 00:12:04.244750|[g:1][CONSENSUS][PBFT]checkTimeout Succ,view=108,toView=109,nodeIdx=1,changeCycle=0,myNode=18ae2e16...,timecost=0.313
info|2019-12-12 00:12:04.251974|[g:1][CONSENSUS][PBFT]checkAndChangeView: Reach consensus,org_view=108,org_changeCycle=0,cur_changeCycle=0,to_view=109
info|2019-12-12 00:12:05.252341|[g:1][CONSENSUS]addRawPrepare,height=7,reqIdx=3,hash=215f7bd8...
info|2019-12-12 00:12:05.253696|[g:1][CONSENSUS][PBFT]checkTimeout Succ,view=109,toView=110,nodeIdx=1,changeCycle=0,myNode=18ae2e16...,timecost=1.237
info|2019-12-12 00:12:05.256436|[g:1][CONSENSUS][PBFT]checkAndChangeView: Reach consensus,org_view=109,org_changeCycle=0,cur_changeCycle=0,to_view=110
info|2019-12-12 00:12:06.255550|[g:1][CONSENSUS]addRawPrepare,height=7,reqIdx=0,hash=ecc976a5...
info|2019-12-12 00:12:06.256058|[g:1][CONSENSUS][PBFT]checkTimeout Succ,view=110,toView=111,nodeIdx=1,changeCycle=0,myNode=18ae2e16...,timecost=0.396
info|2019-12-12 00:12:06.258571|[g:1][CONSENSUS][PBFT]checkAndChangeView: Reach consensus,org_view=110,org_changeCycle=0,cur_changeCycle=0,to_view=111
info|2019-12-12 00:12:06.823904|[P2P][Service] heartBeat,connected count=3
info|2019-12-12 00:12:07.258213|[g:1][CONSENSUS][SEALER]++++++++++++++++ Generating seal on,blkNum=7,tx=0,nodeIdx=1,hash=327c5c61...
info|2019-12-12 00:12:07.261766|[g:1][CONSENSUS][PBFT]checkTimeout Succ,view=111,toView=112,nodeIdx=1,changeCycle=0,myNode=18ae2e16...,timecost=0.746
info|2019-12-12 00:12:07.262741|[g:1][CONSENSUS][PBFT]checkAndChangeView: Reach consensus,org_view=111,org_changeCycle=0,cur_changeCycle=0,to_view=112
info|2019-12-12 00:12:08.262209|[g:1][CONSENSUS]addRawPrepare,height=7,reqIdx=2,hash=4353009e...
info|2019-12-12 00:12:08.264189|[g:1][CONSENSUS][PBFT]checkTimeout Succ,view=112,toView=113,nodeIdx=1,changeCycle=0,myNode=18ae2e16...,timecost=1.266
info|2019-12-12 00:12:08.265994|[g:1][CONSENSUS][PBFT]checkAndChangeView: Reach consensus,org_view=112,org_changeCycle=0,cur_changeCycle=0,to_view=113
info|2019-12-12 00:12:09.269339|[g:1][CONSENSUS]addRawPrepare,height=7,reqIdx=3,hash=d08ac685...
info|2019-12-12 00:12:09.270160|[g:1][CONSENSUS][PBFT]checkTimeout Succ,view=113,toView=114,nodeIdx=1,changeCycle=0,myNode=18ae2e16...,timecost=0.557
info|2019-12-12 00:12:09.272970|[g:1][CONSENSUS][PBFT]checkAndChangeView: Reach consensus,org_view=113,org_changeCycle=0,cur_changeCycle=0,to_view=114
info|2019-12-12 00:12:10.273726|[g:1][CONSENSUS]addRawPrepare,height=7,reqIdx=0,hash=52cf6b74...
info|2019-12-12 00:12:10.274237|[g:1][CONSENSUS][PBFT]checkTimeout Succ,view=114,toView=115,nodeIdx=1,changeCycle=0,myNode=18ae2e16...,timecost=0.388
info|2019-12-12 00:12:10.276358|[g:1][CONSENSUS][PBFT]checkAndChangeView: Reach consensus,org_view=114,org_changeCycle=0,cur_changeCycle=0,to_view=115
info|2019-12-12 00:12:11.276705|[g:1][CONSENSUS][SEALER]++++++++++++++++ Generating seal on,blkNum=7,tx=0,nodeIdx=1,hash=8ef7c7df...
info|2019-12-12 00:12:11.278092|[g:1][CONSENSUS][PBFT]checkTimeout Succ,view=115,toView=116,nodeIdx=1,changeCycle=0,myNode=18ae2e16...,timecost=0.536
info|2019-12-12 00:12:11.283031|[g:1][CONSENSUS][PBFT]checkAndChangeView: Reach consensus,org_view=115,org_changeCycle=0,cur_changeCycle=0,to_view=116
info|2019-12-12 00:12:12.281736|[g:1][CONSENSUS]addRawPrepare,height=7,reqIdx=2,hash=e8a71395...
info|2019-12-12 00:12:12.283548|[g:1][CONSENSUS][PBFT]checkTimeout Succ,view=116,toView=117,nodeIdx=1,changeCycle=0,myNode=18ae2e16...,timecost=1.552
info|2019-12-12 00:12:12.286023|[g:1][CONSENSUS][PBFT]checkAndChangeView: Reach consensus,org_view=116,org_changeCycle=0,cur_changeCycle=0,to_view=117
info|2019-12-12 00:12:13.287863|[g:1][CONSENSUS]addRawPrepare,height=7,reqIdx=3,hash=080d2e43...
info|2019-12-12 00:12:13.289717|[g:1][CONSENSUS][PBFT]checkTimeout Succ,view=117,toView=118,nodeIdx=1,changeCycle=0,myNode=18ae2e16...,timecost=1.315
info|2019-12-12 00:12:13.290620|[g:1][CONSENSUS][PBFT]checkAndChangeView: Reach consensus,org_view=117,org_changeCycle=0,cur_changeCycle=0,to_view=118
info|2019-12-12 00:12:14.290911|[g:1][CONSENSUS]addRawPrepare,height=7,reqIdx=0,hash=f0b98dc4...
info|2019-12-12 00:12:14.292686|[g:1][CONSENSUS][PBFT]checkTimeout Succ,view=118,toView=119,nodeIdx=1,changeCycle=0,myNode=18ae2e16...,timecost=0.618
info|2019-12-12 00:12:14.295685|[g:1][CONSENSUS][PBFT]checkAndChangeView: Reach consensus,org_view=118,org_changeCycle=0,cur_changeCycle=0,to_view=119
info|2019-12-12 00:12:15.296009|[g:1][CONSENSUS][SEALER]++++++++++++++++ Generating seal on,blkNum=7,tx=0,nodeIdx=1,hash=1dd5ec2d...
info|2019-12-12 00:12:15.297864|[g:1][CONSENSUS][PBFT]checkTimeout Succ,view=119,toView=120,nodeIdx=1,changeCycle=0,myNode=18ae2e16...,timecost=0.854
info|2019-12-12 00:12:15.301225|[g:1][CONSENSUS][PBFT]checkAndChangeView: Reach consensus,org_view=119,org_changeCycle=0,cur_changeCycle=0,to_view=120
info|2019-12-12 00:12:16.302303|[g:1][CONSENSUS]addRawPrepare,height=7,reqIdx=2,hash=8115a71d...
info|2019-12-12 00:12:16.303865|[g:1][CONSENSUS][PBFT]checkTimeout Succ,view=120,toView=121,nodeIdx=1,changeCycle=0,myNode=18ae2e16...,timecost=1.132
info|2019-12-12 00:12:16.305846|[g:1][CONSENSUS][PBFT]checkAndChangeView: Reach consensus,org_view=120,org_changeCycle=0,cur_changeCycle=0,to_view=121
info|2019-12-12 00:12:16.824119|[P2P][Service] heartBeat,connected count=3
info|2019-12-12 00:12:17.305465|[g:1][CONSENSUS]addRawPrepare,height=7,reqIdx=3,hash=1f6f6e26...
info|2019-12-12 00:12:17.305857|[g:1][CONSENSUS][PBFT]checkTimeout Succ,view=121,toView=122,nodeIdx=1,changeCycle=0,myNode=18ae2e16...,timecost=0.275
info|2019-12-12 00:12:17.307549|[g:1][CONSENSUS][PBFT]checkAndChangeView: Reach consensus,org_view=121,org_changeCycle=0,cur_changeCycle=0,to_view=122
info|2019-12-12 00:12:18.309421|[g:1][CONSENSUS]addRawPrepare,height=7,reqIdx=0,hash=f4195466...
info|2019-12-12 00:12:18.311735|[g:1][CONSENSUS][PBFT]checkTimeout Succ,view=122,toView=123,nodeIdx=1,changeCycle=0,myNode=18ae2e16...,timecost=0.979
info|2019-12-12 00:12:18.313151|[g:1][CONSENSUS][PBFT]checkAndChangeView: Reach consensus,org_view=122,org_changeCycle=0,cur_changeCycle=0,to_view=123
info|2019-12-12 00:12:19.313746|[g:1][CONSENSUS][SEALER]++++++++++++++++ Generating seal on,blkNum=7,tx=0,nodeIdx=1,hash=93c6d417...
info|2019-12-12 00:12:19.314610|[g:1][CONSENSUS][PBFT]checkTimeout Succ,view=123,toView=124,nodeIdx=1,changeCycle=0,myNode=18ae2e16...,timecost=0.306
info|2019-12-12 00:12:19.316815|[g:1][CONSENSUS][PBFT]checkAndChangeView: Reach consensus,org_view=123,org_changeCycle=0,cur_changeCycle=0,to_view=124
info|2019-12-12 00:12:20.319336|[g:1][CONSENSUS]addRawPrepare,height=7,reqIdx=2,hash=3a5f3b8d...
info|2019-12-12 00:12:20.320547|[g:1][CONSENSUS][PBFT]checkTimeout Succ,view=124,toView=125,nodeIdx=1,changeCycle=0,myNode=18ae2e16...,timecost=0.954
info|2019-12-12 00:12:20.324201|[g:1][CONSENSUS][PBFT]checkAndChangeView: Reach consensus,org_view=124,org_changeCycle=0,cur_changeCycle=0,to_view=125
info|2019-12-12 00:12:21.324563|[g:1][CONSENSUS]addRawPrepare,height=7,reqIdx=3,hash=4219e589...
info|2019-12-12 00:12:21.325008|[g:1][CONSENSUS][PBFT]checkTimeout Succ,view=125,toView=126,nodeIdx=1,changeCycle=0,myNode=18ae2e16...,timecost=0.352
info|2019-12-12 00:12:21.326540|[g:1][CONSENSUS][PBFT]checkAndChangeView: Reach consensus,org_view=125,org_changeCycle=0,cur_changeCycle=0,to_view=126
info|2019-12-12 00:12:22.328975|[g:1][CONSENSUS]addRawPrepare,height=7,reqIdx=0,hash=9eb018c9...
info|2019-12-12 00:12:22.329467|[g:1][CONSENSUS][PBFT]checkTimeout Succ,view=126,toView=127,nodeIdx=1,changeCycle=0,myNode=18ae2e16...,timecost=0.358
info|2019-12-12 00:12:22.331849|[g:1][CONSENSUS][PBFT]checkAndChangeView: Reach consensus,org_view=126,org_changeCycle=0,cur_changeCycle=0,to_view=127
info|2019-12-12 00:12:23.331965|[g:1][CONSENSUS][SEALER]++++++++++++++++ Generating seal on,blkNum=7,tx=0,nodeIdx=1,hash=13132854...
info|2019-12-12 00:12:23.334542|[g:1][CONSENSUS][PBFT]checkTimeout Succ,view=127,toView=128,nodeIdx=1,changeCycle=0,myNode=18ae2e16...,timecost=0.496
info|2019-12-12 00:12:23.335886|[g:1][CONSENSUS][PBFT]checkAndChangeView: Reach consensus,org_view=127,org_changeCycle=0,cur_changeCycle=0,to_view=128
info|2019-12-12 00:12:24.338705|[g:1][CONSENSUS]addRawPrepare,height=7,reqIdx=2,hash=a0ea6baf...
info|2019-12-12 00:12:24.340374|[g:1][CONSENSUS][PBFT]checkTimeout Succ,view=128,toView=129,nodeIdx=1,changeCycle=0,myNode=18ae2e16...,timecost=0.897
info|2019-12-12 00:12:24.341754|[g:1][CONSENSUS][PBFT]checkAndChangeView: Reach consensus,org_view=128,org_changeCycle=0,cur_changeCycle=0,to_view=129
info|2019-12-12 00:12:25.341544|[g:1][CONSENSUS]addRawPrepare,height=7,reqIdx=3,hash=4123c01d...
info|2019-12-12 00:12:25.342916|[g:1][CONSENSUS][PBFT]checkTimeout Succ,view=129,toView=130,nodeIdx=1,changeCycle=0,myNode=18ae2e16...,timecost=1.065
info|2019-12-12 00:12:25.344616|[g:1][CONSENSUS][PBFT]checkAndChangeView: Reach consensus,org_view=129,org_changeCycle=0,cur_changeCycle=0,to_view=130
info|2019-12-12 00:12:26.345034|[g:1][CONSENSUS]addRawPrepare,height=7,reqIdx=0,hash=b45d7009...
info|2019-12-12 00:12:26.345694|[g:1][CONSENSUS][PBFT]checkTimeout Succ,view=130,toView=131,nodeIdx=1,changeCycle=0,myNode=18ae2e16...,timecost=0.483
info|2019-12-12 00:12:26.350405|[g:1][CONSENSUS][PBFT]checkAndChangeView: Reach consensus,org_view=130,org_changeCycle=0,cur_changeCycle=0,to_view=131
info|2019-12-12 00:12:26.824266|[P2P][Service] heartBeat,connected count=3
info|2019-12-12 00:12:27.351226|[g:1][CONSENSUS][SEALER]++++++++++++++++ Generating seal on,blkNum=7,tx=0,nodeIdx=1,hash=c241f5c0...
info|2019-12-12 00:12:27.352329|[g:1][CONSENSUS][PBFT]checkTimeout Succ,view=131,toView=132,nodeIdx=1,changeCycle=0,myNode=18ae2e16...,timecost=0.439
info|2019-12-12 00:12:27.354799|[g:1][CONSENSUS][PBFT]checkAndChangeView: Reach consensus,org_view=131,org_changeCycle=0,cur_changeCycle=0,to_view=132
info|2019-12-12 00:12:28.355638|[g:1][CONSENSUS]addRawPrepare,height=7,reqIdx=2,hash=ff3a4e30...
info|2019-12-12 00:12:28.356046|[g:1][CONSENSUS][PBFT]checkTimeout Succ,view=132,toView=133,nodeIdx=1,changeCycle=0,myNode=18ae2e16...,timecost=0.31
info|2019-12-12 00:12:28.356906|[g:1][CONSENSUS][PBFT]checkAndChangeView: Reach consensus,org_view=132,org_changeCycle=0,cur_changeCycle=0,to_view=133
info|2019-12-12 00:12:29.360426|[g:1][CONSENSUS]addRawPrepare,height=7,reqIdx=3,hash=5f92cd89...
info|2019-12-12 00:12:29.360903|[g:1][CONSENSUS][PBFT]checkTimeout Succ,view=133,toView=134,nodeIdx=1,changeCycle=0,myNode=18ae2e16...,timecost=0.35
info|2019-12-12 00:12:29.362800|[g:1][CONSENSUS][PBFT]checkAndChangeView: Reach consensus,org_view=133,org_changeCycle=0,cur_changeCycle=0,to_view=134
info|2019-12-12 00:12:30.366939|[g:1][CONSENSUS]addRawPrepare,height=7,reqIdx=0,hash=36c97573...
info|2019-12-12 00:12:30.367699|[g:1][CONSENSUS][PBFT]checkTimeout Succ,view=134,toView=135,nodeIdx=1,changeCycle=0,myNode=18ae2e16...,timecost=0.505
info|2019-12-12 00:12:30.368779|[g:1][CONSENSUS][PBFT]checkAndChangeView: Reach consensus,org_view=134,org_changeCycle=0,cur_changeCycle=0,to_view=135
info|2019-12-12 00:12:31.368158|[g:1][CONSENSUS][SEALER]++++++++++++++++ Generating seal on,blkNum=7,tx=0,nodeIdx=1,hash=9235d52b...
info|2019-12-12 00:12:31.370457|[g:1][CONSENSUS][PBFT]checkTimeout Succ,view=135,toView=136,nodeIdx=1,changeCycle=0,myNode=18ae2e16...,timecost=0.467
info|2019-12-12 00:12:31.371462|[g:1][CONSENSUS][PBFT]checkAndChangeView: Reach consensus,org_view=135,org_changeCycle=0,cur_changeCycle=0,to_view=136
info|2019-12-12 00:12:32.375110|[g:1][CONSENSUS]addRawPrepare,height=7,reqIdx=2,hash=73356fa8...
info|2019-12-12 00:12:32.375520|[g:1][CONSENSUS][PBFT]checkTimeout Succ,view=136,toView=137,nodeIdx=1,changeCycle=0,myNode=18ae2e16...,timecost=0.302
info|2019-12-12 00:12:32.377086|[g:1][CONSENSUS][PBFT]checkAndChangeView: Reach consensus,org_view=136,org_changeCycle=0,cur_changeCycle=0,to_view=137
info|2019-12-12 00:12:33.378939|[g:1][CONSENSUS]addRawPrepare,height=7,reqIdx=3,hash=c9fa4f68...
info|2019-12-12 00:12:33.379273|[g:1][CONSENSUS][PBFT]checkTimeout Succ,view=137,toView=138,nodeIdx=1,changeCycle=0,myNode=18ae2e16...,timecost=0.235
info|2019-12-12 00:12:33.381353|[g:1][CONSENSUS][PBFT]checkAndChangeView: Reach consensus,org_view=137,org_changeCycle=0,cur_changeCycle=0,to_view=138
info|2019-12-12 00:12:34.384653|[g:1][CONSENSUS]addRawPrepare,height=7,reqIdx=0,hash=642d01ee...
info|2019-12-12 00:12:34.385008|[g:1][CONSENSUS][PBFT]checkTimeout Succ,view=138,toView=139,nodeIdx=1,changeCycle=0,myNode=18ae2e16...,timecost=0.247
info|2019-12-12 00:12:34.386124|[g:1][CONSENSUS][PBFT]checkAndChangeView: Reach consensus,org_view=138,org_changeCycle=0,cur_changeCycle=0,to_view=139
info|2019-12-12 00:12:35.386638|[g:1][CONSENSUS][SEALER]++++++++++++++++ Generating seal on,blkNum=7,tx=0,nodeIdx=1,hash=e4159421...
info|2019-12-12 00:12:35.389192|[g:1][CONSENSUS][PBFT]checkTimeout Succ,view=139,toView=140,nodeIdx=1,changeCycle=0,myNode=18ae2e16...,timecost=0.294
info|2019-12-12 00:12:35.390000|[g:1][CONSENSUS][PBFT]checkAndChangeView: Reach consensus,org_view=139,org_changeCycle=0,cur_changeCycle=0,to_view=140
info|2019-12-12 00:12:36.392471|[g:1][CONSENSUS]addRawPrepare,height=7,reqIdx=2,hash=7df2806f...
info|2019-12-12 00:12:36.393047|[g:1][CONSENSUS][PBFT]checkTimeout Succ,view=140,toView=141,nodeIdx=1,changeCycle=0,myNode=18ae2e16...,timecost=0.491
info|2019-12-12 00:12:36.397888|[g:1][CONSENSUS][PBFT]checkAndChangeView: Reach consensus,org_view=140,org_changeCycle=0,cur_changeCycle=0,to_view=141
info|2019-12-12 00:12:36.824393|[P2P][Service] heartBeat,connected count=3
info|2019-12-12 00:12:37.396527|[g:1][CONSENSUS]addRawPrepare,height=7,reqIdx=3,hash=f0349a1f...
info|2019-12-12 00:12:37.397168|[g:1][CONSENSUS][PBFT]checkTimeout Succ,view=141,toView=142,nodeIdx=1,changeCycle=0,myNode=18ae2e16...,timecost=0.526
info|2019-12-12 00:12:37.399225|[g:1][CONSENSUS][PBFT]checkAndChangeView: Reach consensus,org_view=141,org_changeCycle=0,cur_changeCycle=0,to_view=142
info|2019-12-12 00:12:38.400903|[g:1][CONSENSUS]addRawPrepare,height=7,reqIdx=0,hash=5a364653...
info|2019-12-12 00:12:38.401176|[g:1][CONSENSUS][PBFT]checkTimeout Succ,view=142,toView=143,nodeIdx=1,changeCycle=0,myNode=18ae2e16...,timecost=0.191
info|2019-12-12 00:12:38.405464|[g:1][CONSENSUS][PBFT]checkAndChangeView: Reach consensus,org_view=142,org_changeCycle=0,cur_changeCycle=0,to_view=143
info|2019-12-12 00:12:39.405435|[g:1][CONSENSUS][SEALER]++++++++++++++++ Generating seal on,blkNum=7,tx=0,nodeIdx=1,hash=a135c042...
info|2019-12-12 00:12:39.410584|[g:1][CONSENSUS][PBFT]checkTimeout Succ,view=143,toView=144,nodeIdx=1,changeCycle=0,myNode=18ae2e16...,timecost=1.393
info|2019-12-12 00:12:39.411372|[g:1][CONSENSUS][PBFT]checkAndChangeView: Reach consensus,org_view=143,org_changeCycle=0,cur_changeCycle=0,to_view=144
info|2019-12-12 00:12:40.413513|[g:1][CONSENSUS]addRawPrepare,height=7,reqIdx=2,hash=f70710df...
info|2019-12-12 00:12:40.414627|[g:1][CONSENSUS][PBFT]checkTimeout Succ,view=144,toView=145,nodeIdx=1,changeCycle=0,myNode=18ae2e16...,timecost=0.608
info|2019-12-12 00:12:40.415503|[g:1][CONSENSUS][PBFT]checkAndChangeView: Reach consensus,org_view=144,org_changeCycle=0,cur_changeCycle=0,to_view=145
info|2019-12-12 00:12:41.416731|[g:1][CONSENSUS]addRawPrepare,height=7,reqIdx=3,hash=e2a3cf8b...
info|2019-12-12 00:12:41.417498|[g:1][CONSENSUS][PBFT]checkTimeout Succ,view=145,toView=146,nodeIdx=1,changeCycle=0,myNode=18ae2e16...,timecost=0.552
info|2019-12-12 00:12:41.418535|[g:1][CONSENSUS][PBFT]checkAndChangeView: Reach consensus,org_view=145,org_changeCycle=0,cur_changeCycle=0,to_view=146
info|2019-12-12 00:12:42.417977|[g:1][CONSENSUS]addRawPrepare,height=7,reqIdx=0,hash=aefa9658...
info|2019-12-12 00:12:42.419036|[g:1][CONSENSUS][PBFT]checkTimeout Succ,view=146,toView=147,nodeIdx=1,changeCycle=0,myNode=18ae2e16...,timecost=0.851
info|2019-12-12 00:12:42.421394|[g:1][CONSENSUS][PBFT]checkAndChangeView: Reach consensus,org_view=146,org_changeCycle=0,cur_changeCycle=0,to_view=147
info|2019-12-12 00:12:43.421122|[g:1][CONSENSUS][SEALER]++++++++++++++++ Generating seal on,blkNum=7,tx=0,nodeIdx=1,hash=4263a8f5...
info|2019-12-12 00:12:43.424130|[g:1][CONSENSUS][PBFT]checkTimeout Succ,view=147,toView=148,nodeIdx=1,changeCycle=0,myNode=18ae2e16...,timecost=2.569
info|2019-12-12 00:12:43.425250|[g:1][CONSENSUS][PBFT]checkAndChangeView: Reach consensus,org_view=147,org_changeCycle=0,cur_changeCycle=0,to_view=148
info|2019-12-12 00:12:44.432738|[g:1][CONSENSUS]addRawPrepare,height=7,reqIdx=2,hash=c601a7cf...
info|2019-12-12 00:12:44.433357|[g:1][CONSENSUS][PBFT]checkTimeout Succ,view=148,toView=149,nodeIdx=1,changeCycle=0,myNode=18ae2e16...,timecost=0.449
info|2019-12-12 00:12:44.435775|[g:1][CONSENSUS][PBFT]checkAndChangeView: Reach consensus,org_view=148,org_changeCycle=0,cur_changeCycle=0,to_view=149
info|2019-12-12 00:12:45.439004|[g:1][CONSENSUS]addRawPrepare,height=7,reqIdx=3,hash=6db01874...
info|2019-12-12 00:12:45.440913|[g:1][CONSENSUS][PBFT]checkTimeout Succ,view=149,toView=150,nodeIdx=1,changeCycle=0,myNode=18ae2e16...,timecost=0.927
info|2019-12-12 00:12:45.443133|[g:1][CONSENSUS][PBFT]checkAndChangeView: Reach consensus,org_view=149,org_changeCycle=0,cur_changeCycle=0,to_view=150
info|2019-12-12 00:12:46.494551|[g:1][CONSENSUS]addRawPrepare,height=7,reqIdx=0,hash=49ba7f87...
info|2019-12-12 00:12:46.495327|[g:1][CONSENSUS][PBFT]checkTimeout Succ,view=150,toView=151,nodeIdx=1,changeCycle=0,myNode=18ae2e16...,timecost=0.492
info|2019-12-12 00:12:46.500510|[g:1][CONSENSUS][PBFT]checkAndChangeView: Reach consensus,org_view=150,org_changeCycle=0,cur_changeCycle=0,to_view=151
info|2019-12-12 00:12:46.825729|[P2P][Service] heartBeat,connected count=3
info|2019-12-12 00:12:47.508916|[g:1][CONSENSUS][SEALER]++++++++++++++++ Generating seal on,blkNum=7,tx=0,nodeIdx=1,hash=d2a72b20...
info|2019-12-12 00:12:47.519470|[g:1][CONSENSUS][PBFT]checkTimeout Succ,view=151,toView=152,nodeIdx=1,changeCycle=0,myNode=18ae2e16...,timecost=1.364
info|2019-12-12 00:12:47.533086|[g:1][CONSENSUS][PBFT]checkAndChangeView: Reach consensus,org_view=151,org_changeCycle=0,cur_changeCycle=0,to_view=152
info|2019-12-12 00:12:48.543075|[g:1][CONSENSUS]addRawPrepare,height=7,reqIdx=2,hash=9203e9d0...
info|2019-12-12 00:12:48.551852|[g:1][CONSENSUS][PBFT]checkTimeout Succ,view=152,toView=153,nodeIdx=1,changeCycle=0,myNode=18ae2e16...,timecost=8.463
info|2019-12-12 00:12:48.568358|[g:1][CONSENSUS][PBFT]checkAndChangeView: Reach consensus,org_view=152,org_changeCycle=0,cur_changeCycle=0,to_view=153
info|2019-12-12 00:12:49.642898|[g:1][CONSENSUS]addRawPrepare,height=7,reqIdx=3,hash=c923a931...
info|2019-12-12 00:12:49.644140|[g:1][CONSENSUS][PBFT]checkTimeout Succ,view=153,toView=154,nodeIdx=1,changeCycle=0,myNode=18ae2e16...,timecost=0.69
info|2019-12-12 00:12:49.666303|[g:1][CONSENSUS][PBFT]checkAndChangeView: Reach consensus,org_view=153,org_changeCycle=0,cur_changeCycle=0,to_view=154
info|2019-12-12 00:12:50.758327|[g:1][CONSENSUS]addRawPrepare,height=7,reqIdx=0,hash=2ba2d24b...
info|2019-12-12 00:12:50.760059|[g:1][CONSENSUS][PBFT]checkTimeout Succ,view=154,toView=155,nodeIdx=1,changeCycle=0,myNode=18ae2e16...,timecost=0.56
info|2019-12-12 00:12:50.771429|[g:1][CONSENSUS][PBFT]checkAndChangeView: Reach consensus,org_view=154,org_changeCycle=0,cur_changeCycle=0,to_view=155
info|2019-12-12 00:12:51.777867|[g:1][CONSENSUS][SEALER]++++++++++++++++ Generating seal on,blkNum=7,tx=0,nodeIdx=1,hash=8c80ecd4...
info|2019-12-12 00:12:51.813135|[g:1][CONSENSUS][PBFT]checkTimeout Succ,view=155,toView=156,nodeIdx=1,changeCycle=0,myNode=18ae2e16...,timecost=0.842
info|2019-12-12 00:12:51.867105|[g:1][CONSENSUS][PBFT]checkAndChangeView: Reach consensus,org_view=155,org_changeCycle=0,cur_changeCycle=0,to_view=156
info|2019-12-12 00:12:52.925213|[g:1][CONSENSUS]addRawPrepare,height=7,reqIdx=2,hash=ec2d8ada...
info|2019-12-12 00:12:52.926891|[g:1][CONSENSUS][PBFT]checkTimeout Succ,view=156,toView=157,nodeIdx=1,changeCycle=0,myNode=18ae2e16...,timecost=0.783
info|2019-12-12 00:12:52.940015|[g:1][CONSENSUS][PBFT]checkAndChangeView: Reach consensus,org_view=156,org_changeCycle=0,cur_changeCycle=0,to_view=157
info|2019-12-12 00:12:54.010185|[g:1][CONSENSUS]addRawPrepare,height=7,reqIdx=3,hash=f00f1511...
info|2019-12-12 00:12:54.011646|[g:1][CONSENSUS][PBFT]checkTimeout Succ,view=157,toView=158,nodeIdx=1,changeCycle=0,myNode=18ae2e16...,timecost=1.032
info|2019-12-12 00:12:54.017817|[g:1][CONSENSUS][PBFT]checkAndChangeView: Reach consensus,org_view=157,org_changeCycle=0,cur_changeCycle=0,to_view=158
info|2019-12-12 00:12:55.049090|[g:1][CONSENSUS]addRawPrepare,height=7,reqIdx=0,hash=ecf14878...
info|2019-12-12 00:12:55.051789|[g:1][CONSENSUS][PBFT]checkTimeout Succ,view=158,toView=159,nodeIdx=1,changeCycle=0,myNode=18ae2e16...,timecost=1.06
info|2019-12-12 00:12:55.068976|[g:1][CONSENSUS][PBFT]checkAndChangeView: Reach consensus,org_view=158,org_changeCycle=0,cur_changeCycle=0,to_view=159
info|2019-12-12 00:12:56.069992|[g:1][CONSENSUS][SEALER]++++++++++++++++ Generating seal on,blkNum=7,tx=0,nodeIdx=1,hash=8dbb9071...
info|2019-12-12 00:12:56.080726|[g:1][CONSENSUS][PBFT]checkTimeout Succ,view=159,toView=160,nodeIdx=1,changeCycle=0,myNode=18ae2e16...,timecost=0.916
info|2019-12-12 00:12:56.099258|[g:1][CONSENSUS][PBFT]checkAndChangeView: Reach consensus,org_view=159,org_changeCycle=0,cur_changeCycle=0,to_view=160
info|2019-12-12 00:12:56.839765|[P2P][Service] heartBeat,connected count=3
info|2019-12-12 00:12:57.131764|[g:1][CONSENSUS]addRawPrepare,height=7,reqIdx=2,hash=33e382b0...
info|2019-12-12 00:12:57.133142|[g:1][CONSENSUS][PBFT]checkTimeout Succ,view=160,toView=161,nodeIdx=1,changeCycle=0,myNode=18ae2e16...,timecost=1.124
info|2019-12-12 00:12:57.148658|[g:1][CONSENSUS][PBFT]checkAndChangeView: Reach consensus,org_view=160,org_changeCycle=0,cur_changeCycle=0,to_view=161
info|2019-12-12 00:12:58.205915|[g:1][CONSENSUS]addRawPrepare,height=7,reqIdx=3,hash=47dd4ba9...
info|2019-12-12 00:12:58.207794|[g:1][CONSENSUS][PBFT]checkTimeout Succ,view=161,toView=162,nodeIdx=1,changeCycle=0,myNode=18ae2e16...,timecost=0.753
info|2019-12-12 00:12:58.216910|[g:1][CONSENSUS][PBFT]checkAndChangeView: Reach consensus,org_view=161,org_changeCycle=0,cur_changeCycle=0,to_view=162
info|2019-12-12 00:12:59.319566|[g:1][CONSENSUS]addRawPrepare,height=7,reqIdx=0,hash=5c3d37fa...
info|2019-12-12 00:12:59.332033|[g:1][CONSENSUS][PBFT]checkTimeout Succ,view=162,toView=163,nodeIdx=1,changeCycle=0,myNode=18ae2e16...,timecost=12.057
info|2019-12-12 00:12:59.355332|[g:1][CONSENSUS][PBFT]checkAndChangeView: Reach consensus,org_view=162,org_changeCycle=0,cur_changeCycle=0,to_view=163
info|2019-12-12 00:13:00.369185|[g:1][CONSENSUS][SEALER]++++++++++++++++ Generating seal on,blkNum=7,tx=0,nodeIdx=1,hash=d4030f90...
info|2019-12-12 00:13:00.437914|[g:1][CONSENSUS][PBFT]checkTimeout Succ,view=163,toView=164,nodeIdx=1,changeCycle=0,myNode=18ae2e16...,timecost=0.967
info|2019-12-12 00:13:00.483851|[g:1][CONSENSUS][PBFT]checkAndChangeView: Reach consensus,org_view=163,org_changeCycle=0,cur_changeCycle=0,to_view=164
info|2019-12-12 00:13:01.580695|[g:1][CONSENSUS]addRawPrepare,height=7,reqIdx=2,hash=2f4ec7e6...
info|2019-12-12 00:13:01.583380|[g:1][CONSENSUS][PBFT]checkTimeout Succ,view=164,toView=165,nodeIdx=1,changeCycle=0,myNode=18ae2e16...,timecost=0.814
info|2019-12-12 00:13:01.592550|[g:1][CONSENSUS][PBFT]checkAndChangeView: Reach consensus,org_view=164,org_changeCycle=0,cur_changeCycle=0,to_view=165
info|2019-12-12 00:13:02.652549|[g:1][CONSENSUS]addRawPrepare,height=7,reqIdx=3,hash=24a3d5ae...
info|2019-12-12 00:13:02.656240|[g:1][CONSENSUS][PBFT]checkTimeout Succ,view=165,toView=166,nodeIdx=1,changeCycle=0,myNode=18ae2e16...,timecost=1.636
info|2019-12-12 00:13:02.667900|[g:1][CONSENSUS][PBFT]checkAndChangeView: Reach consensus,org_view=165,org_changeCycle=0,cur_changeCycle=0,to_view=166
info|2019-12-12 00:13:03.748190|[g:1][CONSENSUS]addRawPrepare,height=7,reqIdx=0,hash=fcd615db...
info|2019-12-12 00:13:03.749544|[g:1][CONSENSUS][PBFT]checkTimeout Succ,view=166,toView=167,nodeIdx=1,changeCycle=0,myNode=18ae2e16...,timecost=0.867
info|2019-12-12 00:13:03.762354|[g:1][CONSENSUS][PBFT]checkAndChangeView: Reach consensus,org_view=166,org_changeCycle=0,cur_changeCycle=0,to_view=167
info|2019-12-12 00:13:04.768010|[g:1][CONSENSUS][SEALER]++++++++++++++++ Generating seal on,blkNum=7,tx=0,nodeIdx=1,hash=f70565ce...
info|2019-12-12 00:13:04.797055|[g:1][CONSENSUS][PBFT]checkTimeout Succ,view=167,toView=168,nodeIdx=1,changeCycle=0,myNode=18ae2e16...,timecost=0.867
info|2019-12-12 00:13:04.813921|[g:1][CONSENSUS][PBFT]checkAndChangeView: Reach consensus,org_view=167,org_changeCycle=0,cur_changeCycle=0,to_view=168
info|2019-12-12 00:13:05.910432|[g:1][CONSENSUS]addRawPrepare,height=7,reqIdx=2,hash=b26a0d24...
info|2019-12-12 00:13:05.915610|[g:1][CONSENSUS][PBFT]checkTimeout Succ,view=168,toView=169,nodeIdx=1,changeCycle=0,myNode=18ae2e16...,timecost=4.002
info|2019-12-12 00:13:05.930009|[g:1][CONSENSUS][PBFT]checkAndChangeView: Reach consensus,org_view=168,org_changeCycle=0,cur_changeCycle=0,to_view=169
info|2019-12-12 00:13:06.858001|[P2P][Service] heartBeat,connected count=3
info|2019-12-12 00:13:06.977687|[g:1][CONSENSUS]addRawPrepare,height=7,reqIdx=3,hash=9202229a...
info|2019-12-12 00:13:06.979317|[g:1][CONSENSUS][PBFT]checkTimeout Succ,view=169,toView=170,nodeIdx=1,changeCycle=0,myNode=18ae2e16...,timecost=0.587
info|2019-12-12 00:13:06.992271|[g:1][CONSENSUS][PBFT]checkAndChangeView: Reach consensus,org_view=169,org_changeCycle=0,cur_changeCycle=0,to_view=170
info|2019-12-12 00:13:08.085482|[g:1][CONSENSUS]addRawPrepare,height=7,reqIdx=0,hash=f0001b9e...
info|2019-12-12 00:13:08.086716|[g:1][CONSENSUS][PBFT]checkTimeout Succ,view=170,toView=171,nodeIdx=1,changeCycle=0,myNode=18ae2e16...,timecost=0.669
info|2019-12-12 00:13:08.092514|[g:1][CONSENSUS][PBFT]checkAndChangeView: Reach consensus,org_view=170,org_changeCycle=0,cur_changeCycle=0,to_view=171
info|2019-12-12 00:13:09.095178|[g:1][CONSENSUS][SEALER]++++++++++++++++ Generating seal on,blkNum=7,tx=0,nodeIdx=1,hash=93fbc8ab...
info|2019-12-12 00:13:09.186958|[g:1][CONSENSUS][PBFT]checkTimeout Succ,view=171,toView=172,nodeIdx=1,changeCycle=0,myNode=18ae2e16...,timecost=19.877
info|2019-12-12 00:13:09.276350|[g:1][CONSENSUS][PBFT]checkAndChangeView: Reach consensus,org_view=171,org_changeCycle=0,cur_changeCycle=0,to_view=172
info|2019-12-12 00:13:10.494607|[g:1][CONSENSUS]addRawPrepare,height=7,reqIdx=2,hash=4eb50aeb...
info|2019-12-12 00:13:10.496101|[g:1][CONSENSUS][PBFT]checkTimeout Succ,view=172,toView=173,nodeIdx=1,changeCycle=0,myNode=18ae2e16...,timecost=1.145
info|2019-12-12 00:13:10.502898|[g:1][CONSENSUS][PBFT]checkAndChangeView: Reach consensus,org_view=172,org_changeCycle=0,cur_changeCycle=0,to_view=173
info|2019-12-12 00:13:11.616509|[g:1][CONSENSUS]addRawPrepare,height=7,reqIdx=3,hash=fa5d895e...
info|2019-12-12 00:13:11.631793|[g:1][CONSENSUS][PBFT]checkTimeout Succ,view=173,toView=174,nodeIdx=1,changeCycle=0,myNode=18ae2e16...,timecost=0.821
info|2019-12-12 00:13:11.636420|[g:1][CONSENSUS][PBFT]checkAndChangeView: Reach consensus,org_view=173,org_changeCycle=0,cur_changeCycle=0,to_view=174
info|2019-12-12 00:13:12.683324|[g:1][CONSENSUS]addRawPrepare,height=7,reqIdx=0,hash=3a3f21ca...
info|2019-12-12 00:13:12.684458|[g:1][CONSENSUS][PBFT]checkTimeout Succ,view=174,toView=175,nodeIdx=1,changeCycle=0,myNode=18ae2e16...,timecost=0.874
info|2019-12-12 00:13:12.701396|[g:1][CONSENSUS][PBFT]checkAndChangeView: Reach consensus,org_view=174,org_changeCycle=0,cur_changeCycle=0,to_view=175
info|2019-12-12 00:13:13.704261|[g:1][CONSENSUS][SEALER]++++++++++++++++ Generating seal on,blkNum=7,tx=0,nodeIdx=1,hash=68a8b0c7...
info|2019-12-12 00:13:13.769469|[g:1][CONSENSUS][PBFT]checkTimeout Succ,view=175,toView=176,nodeIdx=1,changeCycle=0,myNode=18ae2e16...,timecost=1.314
info|2019-12-12 00:13:13.832827|[g:1][CONSENSUS][PBFT]checkAndChangeView: Reach consensus,org_view=175,org_changeCycle=0,cur_changeCycle=0,to_view=176
info|2019-12-12 00:13:14.942498|[g:1][CONSENSUS]addRawPrepare,height=7,reqIdx=2,hash=d11dc4fc...
info|2019-12-12 00:13:14.946695|[g:1][CONSENSUS][PBFT]checkTimeout Succ,view=176,toView=177,nodeIdx=1,changeCycle=0,myNode=18ae2e16...,timecost=1.865
info|2019-12-12 00:13:14.964316|[g:1][CONSENSUS][PBFT]checkAndChangeView: Reach consensus,org_view=176,org_changeCycle=0,cur_changeCycle=0,to_view=177
info|2019-12-12 00:13:16.083399|[g:1][CONSENSUS]addRawPrepare,height=7,reqIdx=3,hash=480c087f...
info|2019-12-12 00:13:16.098860|[g:1][CONSENSUS][PBFT]checkTimeout Succ,view=177,toView=178,nodeIdx=1,changeCycle=0,myNode=18ae2e16...,timecost=13.232
info|2019-12-12 00:13:16.104012|[g:1][CONSENSUS][PBFT]checkAndChangeView: Reach consensus,org_view=177,org_changeCycle=0,cur_changeCycle=0,to_view=178
info|2019-12-12 00:13:16.902155|[P2P][Service] heartBeat,connected count=3
info|2019-12-12 00:13:17.119532|[g:1][CONSENSUS]addRawPrepare,height=7,reqIdx=0,hash=0ea35759...
info|2019-12-12 00:13:17.123551|[g:1][CONSENSUS][PBFT]checkTimeout Succ,view=178,toView=179,nodeIdx=1,changeCycle=0,myNode=18ae2e16...,timecost=0.778
info|2019-12-12 00:13:17.133204|[g:1][CONSENSUS][PBFT]checkAndChangeView: Reach consensus,org_view=178,org_changeCycle=0,cur_changeCycle=0,to_view=179
info|2019-12-12 00:13:18.163271|[g:1][CONSENSUS][SEALER]++++++++++++++++ Generating seal on,blkNum=7,tx=0,nodeIdx=1,hash=a788ef59...
info|2019-12-12 00:13:18.216121|[g:1][CONSENSUS][PBFT]checkTimeout Succ,view=179,toView=180,nodeIdx=1,changeCycle=0,myNode=18ae2e16...,timecost=0.888
info|2019-12-12 00:13:18.229591|[g:1][CONSENSUS][PBFT]checkAndChangeView: Reach consensus,org_view=179,org_changeCycle=0,cur_changeCycle=0,to_view=180
info|2019-12-12 00:13:19.435091|[g:1][CONSENSUS]addRawPrepare,height=7,reqIdx=2,hash=a1fc766a...
info|2019-12-12 00:13:19.445392|[g:1][CONSENSUS][PBFT]checkTimeout Succ,view=180,toView=181,nodeIdx=1,changeCycle=0,myNode=18ae2e16...,timecost=1.443
info|2019-12-12 00:13:19.461010|[g:1][CONSENSUS][PBFT]checkAndChangeView: Reach consensus,org_view=180,org_changeCycle=0,cur_changeCycle=0,to_view=181
info|2019-12-12 00:13:20.577053|[g:1][CONSENSUS]addRawPrepare,height=7,reqIdx=3,hash=e7de0aac...
info|2019-12-12 00:13:20.581106|[g:1][CONSENSUS][PBFT]checkTimeout Succ,view=181,toView=182,nodeIdx=1,changeCycle=0,myNode=18ae2e16...,timecost=1.007
info|2019-12-12 00:13:20.603011|[g:1][CONSENSUS][PBFT]checkAndChangeView: Reach consensus,org_view=181,org_changeCycle=0,cur_changeCycle=0,to_view=182
info|2019-12-12 00:13:21.733321|[g:1][CONSENSUS]addRawPrepare,height=7,reqIdx=0,hash=9874fda0...
info|2019-12-12 00:13:21.739734|[g:1][CONSENSUS][PBFT]checkTimeout Succ,view=182,toView=183,nodeIdx=1,changeCycle=0,myNode=18ae2e16...,timecost=0.672
info|2019-12-12 00:13:21.744121|[g:1][CONSENSUS][PBFT]checkAndChangeView: Reach consensus,org_view=182,org_changeCycle=0,cur_changeCycle=0,to_view=183
info|2019-12-12 00:13:22.748591|[g:1][CONSENSUS][SEALER]++++++++++++++++ Generating seal on,blkNum=7,tx=0,nodeIdx=1,hash=1bc5a9cf...
info|2019-12-12 00:13:22.778934|[g:1][CONSENSUS][PBFT]checkTimeout Succ,view=183,toView=184,nodeIdx=1,changeCycle=0,myNode=18ae2e16...,timecost=2.989
info|2019-12-12 00:13:22.808413|[g:1][CONSENSUS][PBFT]checkAndChangeView: Reach consensus,org_view=183,org_changeCycle=0,cur_changeCycle=0,to_view=184
info|2019-12-12 00:13:23.881113|[g:1][CONSENSUS]addRawPrepare,height=7,reqIdx=2,hash=9096e854...
info|2019-12-12 00:13:23.884451|[g:1][CONSENSUS][PBFT]checkTimeout Succ,view=184,toView=185,nodeIdx=1,changeCycle=0,myNode=18ae2e16...,timecost=2.807
info|2019-12-12 00:13:23.891479|[g:1][CONSENSUS][PBFT]checkAndChangeView: Reach consensus,org_view=184,org_changeCycle=0,cur_changeCycle=0,to_view=185
info|2019-12-12 00:13:24.949729|[g:1][CONSENSUS]addRawPrepare,height=7,reqIdx=3,hash=1f205bed...
info|2019-12-12 00:13:24.955131|[g:1][CONSENSUS][PBFT]checkTimeout Succ,view=185,toView=186,nodeIdx=1,changeCycle=0,myNode=18ae2e16...,timecost=0.817
info|2019-12-12 00:13:24.956881|[g:1][CONSENSUS][PBFT]checkAndChangeView: Reach consensus,org_view=185,org_changeCycle=0,cur_changeCycle=0,to_view=186
info|2019-12-12 00:13:26.032941|[g:1][CONSENSUS]addRawPrepare,height=7,reqIdx=0,hash=33d5b49c...
info|2019-12-12 00:13:26.034762|[g:1][CONSENSUS][PBFT]checkTimeout Succ,view=186,toView=187,nodeIdx=1,changeCycle=0,myNode=18ae2e16...,timecost=1.378
info|2019-12-12 00:13:26.050510|[g:1][CONSENSUS][PBFT]checkAndChangeView: Reach consensus,org_view=186,org_changeCycle=0,cur_changeCycle=0,to_view=187
info|2019-12-12 00:13:26.912993|[P2P][Service] heartBeat,connected count=3
info|2019-12-12 00:13:27.062900|[g:1][CONSENSUS][SEALER]++++++++++++++++ Generating seal on,blkNum=7,tx=0,nodeIdx=1,hash=edc5e34c...
info|2019-12-12 00:13:27.089243|[g:1][CONSENSUS][PBFT]checkTimeout Succ,view=187,toView=188,nodeIdx=1,changeCycle=0,myNode=18ae2e16...,timecost=0.813
info|2019-12-12 00:13:27.100675|[g:1][CONSENSUS][PBFT]checkAndChangeView: Reach consensus,org_view=187,org_changeCycle=0,cur_changeCycle=0,to_view=188
info|2019-12-12 00:13:28.134656|[g:1][CONSENSUS]addRawPrepare,height=7,reqIdx=2,hash=0ba50805...
info|2019-12-12 00:13:28.136900|[g:1][CONSENSUS][PBFT]checkTimeout Succ,view=188,toView=189,nodeIdx=1,changeCycle=0,myNode=18ae2e16...,timecost=1.39
info|2019-12-12 00:13:28.155046|[g:1][CONSENSUS][PBFT]checkAndChangeView: Reach consensus,org_view=188,org_changeCycle=0,cur_changeCycle=0,to_view=189
info|2019-12-12 00:13:29.219212|[g:1][CONSENSUS]addRawPrepare,height=7,reqIdx=3,hash=2ad96d69...
info|2019-12-12 00:13:29.224164|[g:1][CONSENSUS][PBFT]checkTimeout Succ,view=189,toView=190,nodeIdx=1,changeCycle=0,myNode=18ae2e16...,timecost=0.617
info|2019-12-12 00:13:29.230298|[g:1][CONSENSUS][PBFT]checkAndChangeView: Reach consensus,org_view=189,org_changeCycle=0,cur_changeCycle=0,to_view=190
info|2019-12-12 00:13:30.421431|[g:1][CONSENSUS]addRawPrepare,height=7,reqIdx=0,hash=f21af483...
info|2019-12-12 00:13:30.434650|[g:1][CONSENSUS][PBFT]checkTimeout Succ,view=190,toView=191,nodeIdx=1,changeCycle=0,myNode=18ae2e16...,timecost=6.134
info|2019-12-12 00:13:30.436093|[g:1][CONSENSUS][PBFT]checkAndChangeView: Reach consensus,org_view=190,org_changeCycle=0,cur_changeCycle=0,to_view=191
info|2019-12-12 00:13:31.442836|[g:1][CONSENSUS][SEALER]++++++++++++++++ Generating seal on,blkNum=7,tx=0,nodeIdx=1,hash=827db454...
info|2019-12-12 00:13:31.498876|[g:1][CONSENSUS][PBFT]checkTimeout Succ,view=191,toView=192,nodeIdx=1,changeCycle=0,myNode=18ae2e16...,timecost=4.628
info|2019-12-12 00:13:31.557397|[g:1][CONSENSUS][PBFT]checkAndChangeView: Reach consensus,org_view=191,org_changeCycle=0,cur_changeCycle=0,to_view=192
info|2019-12-12 00:13:32.657884|[g:1][CONSENSUS]addRawPrepare,height=7,reqIdx=2,hash=3c4c17d4...
info|2019-12-12 00:13:32.659210|[g:1][CONSENSUS][PBFT]checkTimeout Succ,view=192,toView=193,nodeIdx=1,changeCycle=0,myNode=18ae2e16...,timecost=0.976
info|2019-12-12 00:13:32.660830|[g:1][CONSENSUS][PBFT]checkAndChangeView: Reach consensus,org_view=192,org_changeCycle=0,cur_changeCycle=0,to_view=193
info|2019-12-12 00:13:33.803960|[g:1][CONSENSUS]addRawPrepare,height=7,reqIdx=3,hash=6c8637be...
info|2019-12-12 00:13:33.805499|[g:1][CONSENSUS][PBFT]checkTimeout Succ,view=193,toView=194,nodeIdx=1,changeCycle=0,myNode=18ae2e16...,timecost=1.015
info|2019-12-12 00:13:33.808739|[g:1][CONSENSUS][PBFT]checkAndChangeView: Reach consensus,org_view=193,org_changeCycle=0,cur_changeCycle=0,to_view=194
info|2019-12-12 00:13:34.897383|[g:1][CONSENSUS]addRawPrepare,height=7,reqIdx=0,hash=e7dce77d...
info|2019-12-12 00:13:34.899514|[g:1][CONSENSUS][PBFT]checkTimeout Succ,view=194,toView=195,nodeIdx=1,changeCycle=0,myNode=18ae2e16...,timecost=0.784
info|2019-12-12 00:13:34.905135|[g:1][CONSENSUS][PBFT]checkAndChangeView: Reach consensus,org_view=194,org_changeCycle=0,cur_changeCycle=0,to_view=195
info|2019-12-12 00:13:35.911298|[g:1][CONSENSUS][SEALER]++++++++++++++++ Generating seal on,blkNum=7,tx=0,nodeIdx=1,hash=746a9093...
info|2019-12-12 00:13:35.958843|[g:1][CONSENSUS][PBFT]checkTimeout Succ,view=195,toView=196,nodeIdx=1,changeCycle=0,myNode=18ae2e16...,timecost=3.677
info|2019-12-12 00:13:35.982609|[g:1][CONSENSUS][PBFT]checkAndChangeView: Reach consensus,org_view=195,org_changeCycle=0,cur_changeCycle=0,to_view=196
info|2019-12-12 00:13:36.923598|[P2P][Service] heartBeat,connected count=3
info|2019-12-12 00:13:37.016894|[g:1][CONSENSUS]addRawPrepare,height=7,reqIdx=2,hash=840109de...
info|2019-12-12 00:13:37.018080|[g:1][CONSENSUS][PBFT]checkTimeout Succ,view=196,toView=197,nodeIdx=1,changeCycle=0,myNode=18ae2e16...,timecost=0.796
info|2019-12-12 00:13:37.023015|[g:1][CONSENSUS][PBFT]checkAndChangeView: Reach consensus,org_view=196,org_changeCycle=0,cur_changeCycle=0,to_view=197
info|2019-12-12 00:13:38.089150|[g:1][CONSENSUS]addRawPrepare,height=7,reqIdx=3,hash=ae1122c6...
info|2019-12-12 00:13:38.091146|[g:1][CONSENSUS][PBFT]checkTimeout Succ,view=197,toView=198,nodeIdx=1,changeCycle=0,myNode=18ae2e16...,timecost=1.317
info|2019-12-12 00:13:38.092969|[g:1][CONSENSUS][PBFT]checkAndChangeView: Reach consensus,org_view=197,org_changeCycle=0,cur_changeCycle=0,to_view=198
info|2019-12-12 00:13:39.267491|[g:1][CONSENSUS]addRawPrepare,height=7,reqIdx=0,hash=cd43fe9a...
info|2019-12-12 00:13:39.271244|[g:1][CONSENSUS][PBFT]checkTimeout Succ,view=198,toView=199,nodeIdx=1,changeCycle=0,myNode=18ae2e16...,timecost=1.415
info|2019-12-12 00:13:39.290904|[g:1][CONSENSUS][PBFT]checkAndChangeView: Reach consensus,org_view=198,org_changeCycle=0,cur_changeCycle=0,to_view=199
info|2019-12-12 00:13:40.301785|[g:1][CONSENSUS][SEALER]++++++++++++++++ Generating seal on,blkNum=7,tx=0,nodeIdx=1,hash=c46f2ab1...
info|2019-12-12 00:13:40.407270|[g:1][CONSENSUS][PBFT]checkTimeout Succ,view=199,toView=200,nodeIdx=1,changeCycle=0,myNode=18ae2e16...,timecost=0.924
info|2019-12-12 00:13:40.493736|[g:1][CONSENSUS][PBFT]checkAndChangeView: Reach consensus,org_view=199,org_changeCycle=0,cur_changeCycle=0,to_view=200
info|2019-12-12 00:13:41.551180|[g:1][CONSENSUS]addRawPrepare,height=7,reqIdx=2,hash=e13aa349...
info|2019-12-12 00:13:41.553475|[g:1][CONSENSUS][PBFT]checkTimeout Succ,view=200,toView=201,nodeIdx=1,changeCycle=0,myNode=18ae2e16...,timecost=1.338
info|2019-12-12 00:13:41.559243|[g:1][CONSENSUS][PBFT]checkAndChangeView: Reach consensus,org_view=200,org_changeCycle=0,cur_changeCycle=0,to_view=201
info|2019-12-12 00:13:42.651050|[g:1][CONSENSUS]addRawPrepare,height=7,reqIdx=3,hash=3b48e871...
info|2019-12-12 00:13:42.666436|[g:1][CONSENSUS][PBFT]checkTimeout Succ,view=201,toView=202,nodeIdx=1,changeCycle=0,myNode=18ae2e16...,timecost=12.832
info|2019-12-12 00:13:42.680490|[g:1][CONSENSUS][PBFT]checkAndChangeView: Reach consensus,org_view=201,org_changeCycle=0,cur_changeCycle=0,to_view=202
info|2019-12-12 00:13:43.711197|[g:1][CONSENSUS]addRawPrepare,height=7,reqIdx=0,hash=8d3b472f...
info|2019-12-12 00:13:43.712318|[g:1][CONSENSUS][PBFT]checkTimeout Succ,view=202,toView=203,nodeIdx=1,changeCycle=0,myNode=18ae2e16...,timecost=0.671
info|2019-12-12 00:13:43.739459|[g:1][CONSENSUS][PBFT]checkAndChangeView: Reach consensus,org_view=202,org_changeCycle=0,cur_changeCycle=0,to_view=203
info|2019-12-12 00:13:44.743873|[g:1][CONSENSUS][SEALER]++++++++++++++++ Generating seal on,blkNum=7,tx=0,nodeIdx=1,hash=7bcd075b...
info|2019-12-12 00:13:44.793955|[g:1][CONSENSUS][PBFT]checkTimeout Succ,view=203,toView=204,nodeIdx=1,changeCycle=0,myNode=18ae2e16...,timecost=2.713
info|2019-12-12 00:13:44.854478|[g:1][CONSENSUS][PBFT]checkAndChangeView: Reach consensus,org_view=203,org_changeCycle=0,cur_changeCycle=0,to_view=204
info|2019-12-12 00:13:46.043170|[g:1][CONSENSUS]addRawPrepare,height=7,reqIdx=2,hash=c5971bbb...
info|2019-12-12 00:13:46.044952|[g:1][CONSENSUS][PBFT]checkTimeout Succ,view=204,toView=205,nodeIdx=1,changeCycle=0,myNode=18ae2e16...,timecost=1.137
info|2019-12-12 00:13:46.054892|[g:1][CONSENSUS][PBFT]checkAndChangeView: Reach consensus,org_view=204,org_changeCycle=0,cur_changeCycle=0,to_view=205
info|2019-12-12 00:13:46.940710|[P2P][Service] heartBeat,connected count=3
info|2019-12-12 00:13:47.120088|[g:1][CONSENSUS]addRawPrepare,height=7,reqIdx=3,hash=8a86e26a...
info|2019-12-12 00:13:47.120834|[g:1][CONSENSUS][PBFT]checkTimeout Succ,view=205,toView=206,nodeIdx=1,changeCycle=0,myNode=18ae2e16...,timecost=0.427
info|2019-12-12 00:13:47.123902|[g:1][CONSENSUS][PBFT]checkAndChangeView: Reach consensus,org_view=205,org_changeCycle=0,cur_changeCycle=0,to_view=206
info|2019-12-12 00:13:48.292985|[g:1][CONSENSUS]addRawPrepare,height=7,reqIdx=0,hash=7cf5bb22...
info|2019-12-12 00:13:48.311066|[g:1][CONSENSUS][PBFT]checkTimeout Succ,view=206,toView=207,nodeIdx=1,changeCycle=0,myNode=18ae2e16...,timecost=17.651
info|2019-12-12 00:13:48.322223|[g:1][CONSENSUS][PBFT]checkAndChangeView: Reach consensus,org_view=206,org_changeCycle=0,cur_changeCycle=0,to_view=207
info|2019-12-12 00:13:49.389148|[g:1][CONSENSUS][SEALER]++++++++++++++++ Generating seal on,blkNum=7,tx=0,nodeIdx=1,hash=830e3cff...
info|2019-12-12 00:13:49.515972|[g:1][CONSENSUS][PBFT]checkTimeout Succ,view=207,toView=208,nodeIdx=1,changeCycle=0,myNode=18ae2e16...,timecost=19.195
info|2019-12-12 00:13:49.601303|[g:1][CONSENSUS][PBFT]checkAndChangeView: Reach consensus,org_view=207,org_changeCycle=0,cur_changeCycle=0,to_view=208
info|2019-12-12 00:13:50.945743|[g:1][CONSENSUS]addRawPrepare,height=7,reqIdx=2,hash=7778be3c...
info|2019-12-12 00:13:50.988023|[g:1][CONSENSUS][PBFT]checkTimeout Succ,view=208,toView=209,nodeIdx=1,changeCycle=0,myNode=18ae2e16...,timecost=12.391
info|2019-12-12 00:13:50.999291|[g:1][CONSENSUS][PBFT]checkAndChangeView: Reach consensus,org_view=208,org_changeCycle=0,cur_changeCycle=0,to_view=209
info|2019-12-12 00:13:52.139886|[g:1][CONSENSUS]addRawPrepare,height=7,reqIdx=3,hash=932089a0...
info|2019-12-12 00:13:52.143923|[g:1][CONSENSUS][PBFT]checkTimeout Succ,view=209,toView=210,nodeIdx=1,changeCycle=0,myNode=18ae2e16...,timecost=3.591
info|2019-12-12 00:13:52.156534|[g:1][CONSENSUS][PBFT]checkAndChangeView: Reach consensus,org_view=209,org_changeCycle=0,cur_changeCycle=0,to_view=210
info|2019-12-12 00:13:53.292511|[g:1][CONSENSUS]addRawPrepare,height=7,reqIdx=0,hash=3e0252d5...
info|2019-12-12 00:13:53.299951|[g:1][CONSENSUS][PBFT]checkTimeout Succ,view=210,toView=211,nodeIdx=1,changeCycle=0,myNode=18ae2e16...,timecost=0.852
info|2019-12-12 00:13:53.309572|[g:1][CONSENSUS][PBFT]checkAndChangeView: Reach consensus,org_view=210,org_changeCycle=0,cur_changeCycle=0,to_view=211
info|2019-12-12 00:13:54.313594|[g:1][CONSENSUS][SEALER]++++++++++++++++ Generating seal on,blkNum=7,tx=0,nodeIdx=1,hash=4e991e83...
info|2019-12-12 00:13:54.364073|[g:1][CONSENSUS][PBFT]checkTimeout Succ,view=211,toView=212,nodeIdx=1,changeCycle=0,myNode=18ae2e16...,timecost=6.106
info|2019-12-12 00:13:54.405310|[g:1][CONSENSUS][PBFT]checkAndChangeView: Reach consensus,org_view=211,org_changeCycle=0,cur_changeCycle=0,to_view=212
info|2019-12-12 00:13:55.513323|[g:1][CONSENSUS]addRawPrepare,height=7,reqIdx=2,hash=42843c75...
info|2019-12-12 00:13:55.515844|[g:1][CONSENSUS][PBFT]checkTimeout Succ,view=212,toView=213,nodeIdx=1,changeCycle=0,myNode=18ae2e16...,timecost=0.812
info|2019-12-12 00:13:55.526108|[g:1][CONSENSUS][PBFT]checkAndChangeView: Reach consensus,org_view=212,org_changeCycle=0,cur_changeCycle=0,to_view=213
info|2019-12-12 00:13:56.604829|[g:1][CONSENSUS]addRawPrepare,height=7,reqIdx=3,hash=50508ae1...
info|2019-12-12 00:13:56.667716|[g:1][CONSENSUS][PBFT]checkTimeout Succ,view=213,toView=214,nodeIdx=1,changeCycle=0,myNode=18ae2e16...,timecost=60.662
info|2019-12-12 00:13:56.684889|[g:1][CONSENSUS][PBFT]checkAndChangeView: Reach consensus,org_view=213,org_changeCycle=0,cur_changeCycle=0,to_view=214
info|2019-12-12 00:13:57.020351|[P2P][Service] heartBeat,connected count=3
info|2019-12-12 00:13:57.713299|[g:1][CONSENSUS]addRawPrepare,height=7,reqIdx=0,hash=7d1c7e15...
info|2019-12-12 00:13:57.715924|[g:1][CONSENSUS][PBFT]checkTimeout Succ,view=214,toView=215,nodeIdx=1,changeCycle=0,myNode=18ae2e16...,timecost=0.761
info|2019-12-12 00:13:57.718199|[g:1][CONSENSUS][PBFT]checkAndChangeView: Reach consensus,org_view=214,org_changeCycle=0,cur_changeCycle=0,to_view=215
info|2019-12-12 00:13:58.722542|[g:1][CONSENSUS][SEALER]++++++++++++++++ Generating seal on,blkNum=7,tx=0,nodeIdx=1,hash=662a5559...
info|2019-12-12 00:13:58.738789|[g:1][CONSENSUS][PBFT]checkTimeout Succ,view=215,toView=216,nodeIdx=1,changeCycle=0,myNode=18ae2e16...,timecost=1.241
info|2019-12-12 00:13:58.755970|[g:1][CONSENSUS][PBFT]checkAndChangeView: Reach consensus,org_view=215,org_changeCycle=0,cur_changeCycle=0,to_view=216
info|2019-12-12 00:13:59.821273|[g:1][CONSENSUS]addRawPrepare,height=7,reqIdx=2,hash=c7b26d5c...
info|2019-12-12 00:13:59.822720|[g:1][CONSENSUS][PBFT]checkTimeout Succ,view=216,toView=217,nodeIdx=1,changeCycle=0,myNode=18ae2e16...,timecost=0.982
info|2019-12-12 00:13:59.831098|[g:1][CONSENSUS][PBFT]checkAndChangeView: Reach consensus,org_view=216,org_changeCycle=0,cur_changeCycle=0,to_view=217
info|2019-12-12 00:14:00.888208|[g:1][CONSENSUS]addRawPrepare,height=7,reqIdx=3,hash=bae807b1...
info|2019-12-12 00:14:00.889502|[g:1][CONSENSUS][PBFT]checkTimeout Succ,view=217,toView=218,nodeIdx=1,changeCycle=0,myNode=18ae2e16...,timecost=0.777
info|2019-12-12 00:14:00.900449|[g:1][CONSENSUS][PBFT]checkAndChangeView: Reach consensus,org_view=217,org_changeCycle=0,cur_changeCycle=0,to_view=218
info|2019-12-12 00:14:01.967427|[g:1][CONSENSUS]addRawPrepare,height=7,reqIdx=0,hash=d261c1aa...
info|2019-12-12 00:14:01.971978|[g:1][CONSENSUS][PBFT]checkTimeout Succ,view=218,toView=219,nodeIdx=1,changeCycle=0,myNode=18ae2e16...,timecost=2.842
info|2019-12-12 00:14:01.983284|[g:1][CONSENSUS][PBFT]checkAndChangeView: Reach consensus,org_view=218,org_changeCycle=0,cur_changeCycle=0,to_view=219
info|2019-12-12 00:14:03.016432|[g:1][CONSENSUS][SEALER]++++++++++++++++ Generating seal on,blkNum=7,tx=0,nodeIdx=1,hash=6eb83321...
info|2019-12-12 00:14:03.071054|[g:1][CONSENSUS][PBFT]checkTimeout Succ,view=219,toView=220,nodeIdx=1,changeCycle=0,myNode=18ae2e16...,timecost=1.756
info|2019-12-12 00:14:03.133828|[g:1][CONSENSUS][PBFT]checkAndChangeView: Reach consensus,org_view=219,org_changeCycle=0,cur_changeCycle=0,to_view=220
info|2019-12-12 00:14:04.202953|[g:1][CONSENSUS]addRawPrepare,height=7,reqIdx=2,hash=9c36c1b5...
info|2019-12-12 00:14:04.203719|[g:1][CONSENSUS][PBFT]checkTimeout Succ,view=220,toView=221,nodeIdx=1,changeCycle=0,myNode=18ae2e16...,timecost=0.521
info|2019-12-12 00:14:04.238270|[g:1][CONSENSUS][PBFT]checkAndChangeView: Reach consensus,org_view=220,org_changeCycle=0,cur_changeCycle=0,to_view=221
info|2019-12-12 00:14:05.467864|[g:1][CONSENSUS]addRawPrepare,height=7,reqIdx=3,hash=8da042cb...
info|2019-12-12 00:14:05.487087|[g:1][CONSENSUS][PBFT]checkTimeout Succ,view=221,toView=222,nodeIdx=1,changeCycle=0,myNode=18ae2e16...,timecost=10.128
info|2019-12-12 00:14:05.490075|[g:1][CONSENSUS][PBFT]checkAndChangeView: Reach consensus,org_view=221,org_changeCycle=0,cur_changeCycle=0,to_view=222
info|2019-12-12 00:14:06.603711|[g:1][CONSENSUS]addRawPrepare,height=7,reqIdx=0,hash=1a2cb9c7...
info|2019-12-12 00:14:06.610201|[g:1][CONSENSUS][PBFT]checkTimeout Succ,view=222,toView=223,nodeIdx=1,changeCycle=0,myNode=18ae2e16...,timecost=1.633
info|2019-12-12 00:14:06.612277|[g:1][CONSENSUS][PBFT]checkAndChangeView: Reach consensus,org_view=222,org_changeCycle=0,cur_changeCycle=0,to_view=223
info|2019-12-12 00:14:07.099035|[P2P][Service] heartBeat,connected count=3
info|2019-12-12 00:14:07.667333|[g:1][CONSENSUS][SEALER]++++++++++++++++ Generating seal on,blkNum=7,tx=0,nodeIdx=1,hash=30b1c34c...
info|2019-12-12 00:14:07.707858|[g:1][CONSENSUS][PBFT]checkTimeout Succ,view=223,toView=224,nodeIdx=1,changeCycle=0,myNode=18ae2e16...,timecost=0.736
info|2019-12-12 00:14:07.780771|[g:1][CONSENSUS][PBFT]checkAndChangeView: Reach consensus,org_view=223,org_changeCycle=0,cur_changeCycle=0,to_view=224
info|2019-12-12 00:14:08.868720|[g:1][CONSENSUS]addRawPrepare,height=7,reqIdx=2,hash=e2275856...
info|2019-12-12 00:14:08.873078|[g:1][CONSENSUS][PBFT]checkTimeout Succ,view=224,toView=225,nodeIdx=1,changeCycle=0,myNode=18ae2e16...,timecost=3.702
info|2019-12-12 00:14:08.890061|[g:1][CONSENSUS][PBFT]checkAndChangeView: Reach consensus,org_view=224,org_changeCycle=0,cur_changeCycle=0,to_view=225
info|2019-12-12 00:14:10.012872|[g:1][CONSENSUS]addRawPrepare,height=7,reqIdx=3,hash=3d7e5b7e...
info|2019-12-12 00:14:10.022741|[g:1][CONSENSUS][PBFT]checkTimeout Succ,view=225,toView=226,nodeIdx=1,changeCycle=0,myNode=18ae2e16...,timecost=0.837
info|2019-12-12 00:14:10.038762|[g:1][CONSENSUS][PBFT]checkAndChangeView: Reach consensus,org_view=225,org_changeCycle=0,cur_changeCycle=0,to_view=226
info|2019-12-12 00:14:11.119372|[g:1][CONSENSUS]addRawPrepare,height=7,reqIdx=0,hash=f59bc4aa...
info|2019-12-12 00:14:11.125984|[g:1][CONSENSUS][PBFT]checkTimeout Succ,view=226,toView=227,nodeIdx=1,changeCycle=0,myNode=18ae2e16...,timecost=2.022
info|2019-12-12 00:14:11.155423|[g:1][CONSENSUS][PBFT]checkAndChangeView: Reach consensus,org_view=226,org_changeCycle=0,cur_changeCycle=0,to_view=227
info|2019-12-12 00:14:12.220436|[g:1][CONSENSUS][SEALER]++++++++++++++++ Generating seal on,blkNum=7,tx=0,nodeIdx=1,hash=f43f75b2...
info|2019-12-12 00:14:12.301751|[g:1][CONSENSUS][PBFT]checkTimeout Succ,view=227,toView=228,nodeIdx=1,changeCycle=0,myNode=18ae2e16...,timecost=1.63
info|2019-12-12 00:14:12.401215|[g:1][CONSENSUS][PBFT]checkAndChangeView: Reach consensus,org_view=227,org_changeCycle=0,cur_changeCycle=0,to_view=228
info|2019-12-12 00:14:13.600472|[g:1][CONSENSUS]addRawPrepare,height=7,reqIdx=2,hash=f5f6d2a1...
info|2019-12-12 00:14:13.621311|[g:1][CONSENSUS][PBFT]checkTimeout Succ,view=228,toView=229,nodeIdx=1,changeCycle=0,myNode=18ae2e16...,timecost=2.765
info|2019-12-12 00:14:13.628697|[g:1][CONSENSUS][PBFT]checkAndChangeView: Reach consensus,org_view=228,org_changeCycle=0,cur_changeCycle=0,to_view=229
info|2019-12-12 00:14:14.718432|[g:1][CONSENSUS]addRawPrepare,height=7,reqIdx=3,hash=ca3df6ff...
info|2019-12-12 00:14:14.736006|[g:1][CONSENSUS][PBFT]checkTimeout Succ,view=229,toView=230,nodeIdx=1,changeCycle=0,myNode=18ae2e16...,timecost=4.332
info|2019-12-12 00:14:14.748149|[g:1][CONSENSUS][PBFT]checkAndChangeView: Reach consensus,org_view=229,org_changeCycle=0,cur_changeCycle=0,to_view=230
info|2019-12-12 00:14:16.059842|[g:1][CONSENSUS]addRawPrepare,height=7,reqIdx=0,hash=9dd07711...
info|2019-12-12 00:14:16.106570|[g:1][CONSENSUS][PBFT]checkTimeout Succ,view=230,toView=231,nodeIdx=1,changeCycle=0,myNode=18ae2e16...,timecost=14.391
info|2019-12-12 00:14:16.133576|[g:1][CONSENSUS][PBFT]checkAndChangeView: Reach consensus,org_view=230,org_changeCycle=0,cur_changeCycle=0,to_view=231
info|2019-12-12 00:14:17.125934|[P2P][Service] heartBeat,connected count=3
info|2019-12-12 00:14:17.254328|[g:1][CONSENSUS][SEALER]++++++++++++++++ Generating seal on,blkNum=7,tx=0,nodeIdx=1,hash=7fcb99ae...
info|2019-12-12 00:14:18.244013|[g:1][CONSENSUS][PBFT]checkTimeout Succ,view=231,toView=232,nodeIdx=1,changeCycle=0,myNode=18ae2e16...,timecost=589.465
warning|2019-12-12 00:14:20.919190|[g:1][CONSENSUS][PBFT]ViewChangeWarning: not caused by omit empty block ,v=231,toV=233,curNum=6,hash=f5ff27b2...,nodeIdx=1,myNode=18ae2e16...
info|2019-12-12 00:14:22.088386|[g:1][CONSENSUS][PBFT]checkTimeout Succ,view=231,toView=233,nodeIdx=1,changeCycle=1,myNode=18ae2e16...,timecost=1361.63
info|2019-12-12 00:14:23.745231|[g:1][CONSENSUS][PBFT]checkAndChangeView, update m_changeCycle to 1
info|2019-12-12 00:14:23.776455|[g:1][CONSENSUS][PBFT]checkAndChangeView: Reach consensus,org_view=231,org_changeCycle=1,cur_changeCycle=1,to_view=233
info|2019-12-12 00:14:25.481286|[g:1][CONSENSUS]addRawPrepare,height=7,reqIdx=3,hash=b2eb9626...
info|2019-12-12 00:14:26.403448|[g:1][CONSENSUS][PBFT]checkTimeout Succ,view=233,toView=234,nodeIdx=1,changeCycle=0,myNode=18ae2e16...,timecost=661.428
info|2019-12-12 00:14:27.353502|[P2P][Service] heartBeat,connected count=3
info|2019-12-12 00:14:27.631272|[g:1][CONSENSUS][PBFT]checkAndChangeView: Reach consensus,org_view=233,org_changeCycle=0,cur_changeCycle=0,to_view=234
info|2019-12-12 00:14:28.972959|[g:1][CONSENSUS]addRawPrepare,height=7,reqIdx=0,hash=c9e9ba50...
info|2019-12-12 00:14:29.452357|[g:1][CONSENSUS][PBFT]checkTimeout Succ,view=234,toView=235,nodeIdx=1,changeCycle=0,myNode=18ae2e16...,timecost=383.797
info|2019-12-12 00:14:30.565848|[g:1][CONSENSUS][PBFT]checkAndChangeView: Reach consensus,org_view=234,org_changeCycle=0,cur_changeCycle=0,to_view=235
info|2019-12-12 00:14:31.902189|[g:1][CONSENSUS][SEALER]++++++++++++++++ Generating seal on,blkNum=7,tx=0,nodeIdx=1,hash=03157583...
info|2019-12-12 00:14:32.804069|[g:1][CONSENSUS][PBFT]checkTimeout Succ,view=235,toView=236,nodeIdx=1,changeCycle=0,myNode=18ae2e16...,timecost=881.632
info|2019-12-12 00:14:33.904427|[g:1][CONSENSUS][PBFT]checkAndChangeView: Reach consensus,org_view=235,org_changeCycle=0,cur_changeCycle=0,to_view=236
warning|2019-12-12 00:14:37.129390|[g:1][CONSENSUS][PBFT]ViewChangeWarning: not caused by omit empty block ,v=236,toV=237,curNum=6,hash=f5ff27b2...,nodeIdx=1,myNode=18ae2e16...
info|2019-12-12 00:14:37.765226|[g:1][CONSENSUS][PBFT]checkTimeout Succ,view=236,toView=237,nodeIdx=1,changeCycle=1,myNode=18ae2e16...,timecost=740.219
info|2019-12-12 00:14:37.751145|[P2P][Service] heartBeat,connected count=3
info|2019-12-12 00:14:38.371709|[g:1][CONSENSUS][PBFT]checkAndChangeView: Reach consensus,org_view=236,org_changeCycle=1,cur_changeCycle=1,to_view=237
info|2019-12-12 00:14:41.915102|[g:1][CONSENSUS]addRawPrepare,height=7,reqIdx=3,hash=f558bfe8...
info|2019-12-12 00:14:42.301110|[g:1][CONSENSUS][PBFT]checkTimeout Succ,view=237,toView=238,nodeIdx=1,changeCycle=0,myNode=18ae2e16...,timecost=585.898
info|2019-12-12 00:14:43.171644|[g:1][CONSENSUS][PBFT]checkAndChangeView: Reach consensus,org_view=237,org_changeCycle=0,cur_changeCycle=0,to_view=238
info|2019-12-12 00:14:46.605547|[g:1][CONSENSUS]addRawPrepare,height=7,reqIdx=0,hash=298c5db8...
info|2019-12-12 00:14:49.675595|[P2P][Service] heartBeat,connected count=3
info|2019-12-12 00:14:49.749620|[g:1][CONSENSUS][PBFT]checkTimeout Succ,view=238,toView=239,nodeIdx=1,changeCycle=0,myNode=18ae2e16...,timecost=1837.25
info|2019-12-12 00:14:50.693459|[g:1][CONSENSUS][PBFT]checkAndChangeView: Reach consensus,org_view=238,org_changeCycle=0,cur_changeCycle=0,to_view=239
info|2019-12-12 00:14:51.806199|[g:1][CONSENSUS][SEALER]++++++++++++++++ Generating seal on,blkNum=7,tx=0,nodeIdx=1,hash=eaa3bfed...
info|2019-12-12 00:14:53.096903|[g:1][CONSENSUS][PBFT]checkTimeout Succ,view=239,toView=240,nodeIdx=1,changeCycle=0,myNode=18ae2e16...,timecost=781.741
info|2019-12-12 00:14:54.698457|[g:1][CONSENSUS][PBFT]checkAndChangeView: Reach consensus,org_view=239,org_changeCycle=0,cur_changeCycle=0,to_view=240
warning|2019-12-12 00:14:58.091888|[g:1][CONSENSUS][PBFT]ViewChangeWarning: not caused by omit empty block ,v=240,toV=241,curNum=6,hash=f5ff27b2...,nodeIdx=1,myNode=18ae2e16...
info|2019-12-12 00:14:58.168143|[g:1][CONSENSUS][PBFT]checkTimeout Succ,view=240,toView=241,nodeIdx=1,changeCycle=1,myNode=18ae2e16...,timecost=193.192
info|2019-12-12 00:14:59.361582|[g:1][CONSENSUS][PBFT]checkAndChangeView: Reach consensus,org_view=240,org_changeCycle=1,cur_changeCycle=1,to_view=241
info|2019-12-12 00:14:59.744177|[P2P][Service] heartBeat,connected count=3
info|2019-12-12 00:15:01.369343|[g:1][CONSENSUS]addRawPrepare,height=7,reqIdx=3,hash=dd084496...
info|2019-12-12 00:15:01.790492|[g:1][CONSENSUS][PBFT]checkTimeout Succ,view=241,toView=242,nodeIdx=1,changeCycle=0,myNode=18ae2e16...,timecost=145.188
info|2019-12-12 00:15:01.906262|[g:1][CONSENSUS][PBFT]checkAndChangeView: Reach consensus,org_view=241,org_changeCycle=0,cur_changeCycle=0,to_view=242
info|2019-12-12 00:15:03.068861|[g:1][CONSENSUS]addRawPrepare,height=7,reqIdx=0,hash=59c8d4ec...
info|2019-12-12 00:15:03.128243|[g:1][CONSENSUS][PBFT]checkTimeout Succ,view=242,toView=243,nodeIdx=1,changeCycle=0,myNode=18ae2e16...,timecost=0.6
info|2019-12-12 00:15:03.129351|[g:1][CONSENSUS][PBFT]checkAndChangeView: Reach consensus,org_view=242,org_changeCycle=0,cur_changeCycle=0,to_view=243
info|2019-12-12 00:15:04.222414|[g:1][CONSENSUS][SEALER]++++++++++++++++ Generating seal on,blkNum=7,tx=0,nodeIdx=1,hash=4842dcd0...
info|2019-12-12 00:15:04.291508|[g:1][CONSENSUS][PBFT]checkTimeout Succ,view=243,toView=244,nodeIdx=1,changeCycle=0,myNode=18ae2e16...,timecost=1.635
info|2019-12-12 00:15:04.381699|[g:1][CONSENSUS][PBFT]checkAndChangeView: Reach consensus,org_view=243,org_changeCycle=0,cur_changeCycle=0,to_view=244
info|2019-12-12 00:15:05.389978|[g:1][CONSENSUS]addRawPrepare,height=7,reqIdx=2,hash=75e6aeb0...
info|2019-12-12 00:15:05.440777|[g:1][CONSENSUS][PBFT]checkTimeout Succ,view=244,toView=245,nodeIdx=1,changeCycle=0,myNode=18ae2e16...,timecost=27.438
info|2019-12-12 00:15:05.456692|[g:1][CONSENSUS][PBFT]checkAndChangeView: Reach consensus,org_view=244,org_changeCycle=0,cur_changeCycle=0,to_view=245
