warning|2019-12-29 19:42:52.451081|[g:1][CONSENSUS][PBFT]ViewChangeWarning: not caused by omit empty block ,v=367,toV=368,curNum=87,hash=16ea1a12...,nodeIdx=1,myNode=18ae2e16...
info|2019-12-29 19:42:52.452210|[g:1][CONSENSUS][PBFT]checkTimeout Succ,view=367,toView=368,nodeIdx=1,changeCycle=1,myNode=18ae2e16...,timecost=1.856
info|2019-12-29 19:42:52.484291|[g:1][CONSENSUS][PBFT]checkAndChangeView: Reach consensus,org_view=367,org_changeCycle=1,cur_changeCycle=1,to_view=368
info|2019-12-29 19:42:53.487612|[g:1][CONSENSUS]addRawPrepare,height=88,reqIdx=3,hash=bcb16f46...
info|2019-12-29 19:42:53.488648|[g:1][CONSENSUS][PBFT]checkTimeout Succ,view=368,toView=369,nodeIdx=1,changeCycle=0,myNode=18ae2e16...,timecost=0.725
info|2019-12-29 19:42:53.498137|[g:1][CONSENSUS][PBFT]checkAndChangeView: Reach consensus,org_view=368,org_changeCycle=0,cur_changeCycle=0,to_view=369
warning|2019-12-29 19:42:53.293042|[g:1][CONSENSUS][PBFT]ViewChangeWarning: not caused by omit empty block ,v=369,toV=370,curNum=87,hash=16ea1a12...,nodeIdx=1,myNode=18ae2e16...
info|2019-12-29 19:42:53.298333|[g:1][CONSENSUS][PBFT]checkTimeout Succ,view=369,toView=370,nodeIdx=1,changeCycle=1,myNode=18ae2e16...,timecost=5.724
info|2019-12-29 19:42:53.314848|[g:1][CONSENSUS][PBFT]checkAndChangeView: Reach consensus,org_view=369,org_changeCycle=1,cur_changeCycle=1,to_view=370
info|2019-12-29 19:42:54.314717|[g:1][CONSENSUS][SEALER]++++++++++++++++ Generating seal on,blkNum=88,tx=0,nodeIdx=1,hash=54fc9c7c...
info|2019-12-29 19:42:54.316936|[g:1][CONSENSUS][PBFT]checkTimeout Succ,view=370,toView=371,nodeIdx=1,changeCycle=0,myNode=18ae2e16...,timecost=0.264
info|2019-12-29 19:42:54.318592|[g:1][CONSENSUS][PBFT]checkAndChangeView: Reach consensus,org_view=370,org_changeCycle=0,cur_changeCycle=0,to_view=371
info|2019-12-29 19:42:54.358677|[P2P][Service] heartBeat,connected count=3
info|2019-12-29 19:42:55.321504|[g:1][CONSENSUS]addRawPrepare,height=88,reqIdx=2,hash=af2cd3dc...
info|2019-12-29 19:42:55.322009|[g:1][CONSENSUS][PBFT]checkTimeout Succ,view=371,toView=372,nodeIdx=1,changeCycle=0,myNode=18ae2e16...,timecost=0.386
info|2019-12-29 19:42:55.327689|[g:1][CONSENSUS][PBFT]checkAndChangeView: Reach consensus,org_view=371,org_changeCycle=0,cur_changeCycle=0,to_view=372
info|2019-12-29 19:42:56.326273|[g:1][CONSENSUS]addRawPrepare,height=88,reqIdx=3,hash=cb4b796f...
info|2019-12-29 19:42:56.326965|[g:1][CONSENSUS][PBFT]checkTimeout Succ,view=372,toView=373,nodeIdx=1,changeCycle=0,myNode=18ae2e16...,timecost=0.416
info|2019-12-29 19:42:56.329157|[g:1][CONSENSUS][PBFT]checkAndChangeView: Reach consensus,org_view=372,org_changeCycle=0,cur_changeCycle=0,to_view=373
info|2019-12-29 19:42:57.333046|[g:1][CONSENSUS]addRawPrepare,height=88,reqIdx=0,hash=5fa1f84f...
info|2019-12-29 19:42:57.334826|[g:1][CONSENSUS][PBFT]checkTimeout Succ,view=373,toView=374,nodeIdx=1,changeCycle=0,myNode=18ae2e16...,timecost=0.28
info|2019-12-29 19:42:57.336011|[g:1][CONSENSUS][PBFT]checkAndChangeView: Reach consensus,org_view=373,org_changeCycle=0,cur_changeCycle=0,to_view=374
info|2019-12-29 19:42:58.336948|[g:1][CONSENSUS][SEALER]++++++++++++++++ Generating seal on,blkNum=88,tx=0,nodeIdx=1,hash=ac084094...
info|2019-12-29 19:42:58.338590|[g:1][CONSENSUS][PBFT]checkTimeout Succ,view=374,toView=375,nodeIdx=1,changeCycle=0,myNode=18ae2e16...,timecost=0.29
info|2019-12-29 19:42:58.339928|[g:1][CONSENSUS][PBFT]checkAndChangeView: Reach consensus,org_view=374,org_changeCycle=0,cur_changeCycle=0,to_view=375
info|2019-12-29 19:42:59.340390|[g:1][CONSENSUS]addRawPrepare,height=88,reqIdx=2,hash=fdd5bb80...
info|2019-12-29 19:42:59.340883|[g:1][CONSENSUS][PBFT]checkTimeout Succ,view=375,toView=376,nodeIdx=1,changeCycle=0,myNode=18ae2e16...,timecost=0.343
info|2019-12-29 19:42:59.343451|[g:1][CONSENSUS][PBFT]checkAndChangeView: Reach consensus,org_view=375,org_changeCycle=0,cur_changeCycle=0,to_view=376
info|2019-12-29 19:43:00.346866|[g:1][CONSENSUS]addRawPrepare,height=88,reqIdx=3,hash=fdbbaf36...
info|2019-12-29 19:43:00.348970|[g:1][CONSENSUS][PBFT]checkTimeout Succ,view=376,toView=377,nodeIdx=1,changeCycle=0,myNode=18ae2e16...,timecost=0.487
info|2019-12-29 19:43:00.350142|[g:1][CONSENSUS][PBFT]checkAndChangeView: Reach consensus,org_view=376,org_changeCycle=0,cur_changeCycle=0,to_view=377
info|2019-12-29 19:43:01.350570|[g:1][CONSENSUS]addRawPrepare,height=88,reqIdx=0,hash=a989c455...
info|2019-12-29 19:43:01.350936|[g:1][CONSENSUS][PBFT]checkTimeout Succ,view=377,toView=378,nodeIdx=1,changeCycle=0,myNode=18ae2e16...,timecost=0.246
info|2019-12-29 19:43:01.352484|[g:1][CONSENSUS][PBFT]checkAndChangeView: Reach consensus,org_view=377,org_changeCycle=0,cur_changeCycle=0,to_view=378
info|2019-12-29 19:43:02.353293|[g:1][CONSENSUS][SEALER]++++++++++++++++ Generating seal on,blkNum=88,tx=0,nodeIdx=1,hash=d29c3806...
info|2019-12-29 19:43:02.356127|[g:1][CONSENSUS][PBFT]checkTimeout Succ,view=378,toView=379,nodeIdx=1,changeCycle=0,myNode=18ae2e16...,timecost=0.469
info|2019-12-29 19:43:02.356494|[g:1][CONSENSUS][PBFT]checkAndChangeView: Reach consensus,org_view=378,org_changeCycle=0,cur_changeCycle=0,to_view=379
info|2019-12-29 19:43:03.363786|[g:1][CONSENSUS]addRawPrepare,height=88,reqIdx=2,hash=0c4d40ce...
info|2019-12-29 19:43:03.364208|[g:1][CONSENSUS][PBFT]checkTimeout Succ,view=379,toView=380,nodeIdx=1,changeCycle=0,myNode=18ae2e16...,timecost=0.277
info|2019-12-29 19:43:03.365215|[g:1][CONSENSUS][PBFT]checkAndChangeView: Reach consensus,org_view=379,org_changeCycle=0,cur_changeCycle=0,to_view=380
