info|2020-01-06 18:00:00.076982|[g:1][CONSENSUS]addRawPrepare,height=139,reqIdx=2,hash=9f2e7289...
info|2020-01-06 18:00:00.084269|[g:1][CONSENSUS][PBFT]checkTimeout Succ,view=752,toView=753,nodeIdx=1,changeCycle=0,myNode=18ae2e16...,timecost=2.207
info|2020-01-06 18:00:00.086784|[g:1][CONSENSUS][PBFT]checkAndChangeView: Reach consensus,org_view=752,org_changeCycle=0,cur_changeCycle=0,to_view=753
info|2020-01-06 18:00:00.999005|[P2P][Service] heartBeat,connected count=3
info|2020-01-06 18:00:01.088480|[g:1][CONSENSUS]addRawPrepare,height=139,reqIdx=3,hash=a3ad0887...
info|2020-01-06 18:00:01.089426|[g:1][CONSENSUS][PBFT]checkTimeout Succ,view=753,toView=754,nodeIdx=1,changeCycle=0,myNode=18ae2e16...,timecost=0.637
info|2020-01-06 18:00:01.095090|[g:1][CONSENSUS][PBFT]checkAndChangeView: Reach consensus,org_view=753,org_changeCycle=0,cur_changeCycle=0,to_view=754
info|2020-01-06 18:00:02.097032|[g:1][CONSENSUS]addRawPrepare,height=139,reqIdx=0,hash=330dd308...
info|2020-01-06 18:00:02.098610|[g:1][CONSENSUS][PBFT]checkTimeout Succ,view=754,toView=755,nodeIdx=1,changeCycle=0,myNode=18ae2e16...,timecost=1.033
info|2020-01-06 18:00:02.100633|[g:1][CONSENSUS][PBFT]checkAndChangeView: Reach consensus,org_view=754,org_changeCycle=0,cur_changeCycle=0,to_view=755
info|2020-01-06 18:00:03.100799|[g:1][CONSENSUS][SEALER]++++++++++++++++ Generating seal on,blkNum=139,tx=0,nodeIdx=1,hash=f7945b2b...
info|2020-01-06 18:00:03.104394|[g:1][CONSENSUS][PBFT]checkTimeout Succ,view=755,toView=756,nodeIdx=1,changeCycle=0,myNode=18ae2e16...,timecost=1.449
info|2020-01-06 18:00:03.105171|[g:1][CONSENSUS][PBFT]checkAndChangeView: Reach consensus,org_view=755,org_changeCycle=0,cur_changeCycle=0,to_view=756
info|2020-01-06 18:00:04.105242|[g:1][CONSENSUS]addRawPrepare,height=139,reqIdx=2,hash=8ff5d095...
info|2020-01-06 18:00:04.106305|[g:1][CONSENSUS][PBFT]checkTimeout Succ,view=756,toView=757,nodeIdx=1,changeCycle=0,myNode=18ae2e16...,timecost=0.84
info|2020-01-06 18:00:04.110510|[g:1][CONSENSUS][PBFT]checkAndChangeView: Reach consensus,org_view=756,org_changeCycle=0,cur_changeCycle=0,to_view=757
info|2020-01-06 18:00:05.113856|[g:1][CONSENSUS]addRawPrepare,height=139,reqIdx=3,hash=d4a77dd9...
info|2020-01-06 18:00:05.114883|[g:1][CONSENSUS][PBFT]checkTimeout Succ,view=757,toView=758,nodeIdx=1,changeCycle=0,myNode=18ae2e16...,timecost=0.82
info|2020-01-06 18:00:05.119408|[g:1][CONSENSUS][PBFT]checkAndChangeView: Reach consensus,org_view=757,org_changeCycle=0,cur_changeCycle=0,to_view=758
info|2020-01-06 18:00:06.119108|[g:1][CONSENSUS]addRawPrepare,height=139,reqIdx=0,hash=7644b8fb...
info|2020-01-06 18:00:06.120718|[g:1][CONSENSUS][PBFT]checkTimeout Succ,view=758,toView=759,nodeIdx=1,changeCycle=0,myNode=18ae2e16...,timecost=1.24
info|2020-01-06 18:00:06.122799|[g:1][CONSENSUS][PBFT]checkAndChangeView: Reach consensus,org_view=758,org_changeCycle=0,cur_changeCycle=0,to_view=759
info|2020-01-06 18:00:07.122297|[g:1][CONSENSUS][SEALER]++++++++++++++++ Generating seal on,blkNum=139,tx=0,nodeIdx=1,hash=3a6c783e...
info|2020-01-06 18:00:07.126885|[g:1][CONSENSUS][PBFT]checkTimeout Succ,view=759,toView=760,nodeIdx=1,changeCycle=0,myNode=18ae2e16...,timecost=1.196
info|2020-01-06 18:00:07.129000|[g:1][CONSENSUS][PBFT]checkAndChangeView: Reach consensus,org_view=759,org_changeCycle=0,cur_changeCycle=0,to_view=760
info|2020-01-06 18:00:08.134013|[g:1][CONSENSUS]addRawPrepare,height=139,reqIdx=2,hash=c92e1a28...
info|2020-01-06 18:00:08.134995|[g:1][CONSENSUS][PBFT]checkTimeout Succ,view=760,toView=761,nodeIdx=1,changeCycle=0,myNode=18ae2e16...,timecost=0.755
info|2020-01-06 18:00:08.136009|[g:1][CONSENSUS][PBFT]checkAndChangeView: Reach consensus,org_view=760,org_changeCycle=0,cur_changeCycle=0,to_view=761
info|2020-01-06 18:00:09.140130|[g:1][CONSENSUS]addRawPrepare,height=139,reqIdx=3,hash=bc5df8c5...
info|2020-01-06 18:00:09.141553|[g:1][CONSENSUS][PBFT]checkTimeout Succ,view=761,toView=762,nodeIdx=1,changeCycle=0,myNode=18ae2e16...,timecost=0.832
info|2020-01-06 18:00:09.145032|[g:1][CONSENSUS][PBFT]checkAndChangeView: Reach consensus,org_view=761,org_changeCycle=0,cur_changeCycle=0,to_view=762
info|2020-01-06 18:00:10.152297|[g:1][CONSENSUS]addRawPrepare,height=139,reqIdx=0,hash=5c19e8be...
info|2020-01-06 18:00:10.152777|[g:1][CONSENSUS][PBFT]checkTimeout Succ,view=762,toView=763,nodeIdx=1,changeCycle=0,myNode=18ae2e16...,timecost=0.369
info|2020-01-06 18:00:10.154891|[g:1][CONSENSUS][PBFT]checkAndChangeView: Reach consensus,org_view=762,org_changeCycle=0,cur_changeCycle=0,to_view=763
info|2020-01-06 18:00:10.999877|[P2P][Service] heartBeat,connected count=3
info|2020-01-06 18:00:11.154629|[g:1][CONSENSUS][SEALER]++++++++++++++++ Generating seal on,blkNum=139,tx=0,nodeIdx=1,hash=cdbc90b5...
info|2020-01-06 18:00:11.159676|[g:1][CONSENSUS][PBFT]checkTimeout Succ,view=763,toView=764,nodeIdx=1,changeCycle=0,myNode=18ae2e16...,timecost=0.95
info|2020-01-06 18:00:11.163209|[g:1][CONSENSUS][PBFT]checkAndChangeView: Reach consensus,org_view=763,org_changeCycle=0,cur_changeCycle=0,to_view=764
info|2020-01-06 18:00:12.163625|[g:1][CONSENSUS]addRawPrepare,height=139,reqIdx=2,hash=ad425173...
info|2020-01-06 18:00:12.165121|[g:1][CONSENSUS][PBFT]checkTimeout Succ,view=764,toView=765,nodeIdx=1,changeCycle=0,myNode=18ae2e16...,timecost=1.216
info|2020-01-06 18:00:12.170128|[g:1][CONSENSUS][PBFT]checkAndChangeView: Reach consensus,org_view=764,org_changeCycle=0,cur_changeCycle=0,to_view=765
info|2020-01-06 18:00:13.173158|[g:1][CONSENSUS]addRawPrepare,height=139,reqIdx=3,hash=fdd44d1f...
info|2020-01-06 18:00:13.175234|[g:1][CONSENSUS][PBFT]checkTimeout Succ,view=765,toView=766,nodeIdx=1,changeCycle=0,myNode=18ae2e16...,timecost=0.853
info|2020-01-06 18:00:13.177074|[g:1][CONSENSUS][PBFT]checkAndChangeView: Reach consensus,org_view=765,org_changeCycle=0,cur_changeCycle=0,to_view=766
info|2020-01-06 18:00:14.180286|[g:1][CONSENSUS]addRawPrepare,height=139,reqIdx=0,hash=4421168f...
info|2020-01-06 18:00:14.181499|[g:1][CONSENSUS][PBFT]checkTimeout Succ,view=766,toView=767,nodeIdx=1,changeCycle=0,myNode=18ae2e16...,timecost=0.744
info|2020-01-06 18:00:14.183929|[g:1][CONSENSUS][PBFT]checkAndChangeView: Reach consensus,org_view=766,org_changeCycle=0,cur_changeCycle=0,to_view=767
info|2020-01-06 18:00:15.183269|[g:1][CONSENSUS][SEALER]++++++++++++++++ Generating seal on,blkNum=139,tx=0,nodeIdx=1,hash=7e10d159...
info|2020-01-06 18:00:15.189009|[g:1][CONSENSUS][PBFT]checkTimeout Succ,view=767,toView=768,nodeIdx=1,changeCycle=0,myNode=18ae2e16...,timecost=2.164
info|2020-01-06 18:00:15.191658|[g:1][CONSENSUS][PBFT]checkAndChangeView: Reach consensus,org_view=767,org_changeCycle=0,cur_changeCycle=0,to_view=768
info|2020-01-06 18:00:16.195584|[g:1][CONSENSUS]addRawPrepare,height=139,reqIdx=2,hash=89c94137...
info|2020-01-06 18:00:16.197560|[g:1][CONSENSUS][PBFT]checkTimeout Succ,view=768,toView=769,nodeIdx=1,changeCycle=0,myNode=18ae2e16...,timecost=1.8
info|2020-01-06 18:00:16.200629|[g:1][CONSENSUS][PBFT]checkAndChangeView: Reach consensus,org_view=768,org_changeCycle=0,cur_changeCycle=0,to_view=769
info|2020-01-06 18:00:17.207879|[g:1][CONSENSUS]addRawPrepare,height=139,reqIdx=3,hash=1bd70331...
info|2020-01-06 18:00:17.210408|[g:1][CONSENSUS][PBFT]checkTimeout Succ,view=769,toView=770,nodeIdx=1,changeCycle=0,myNode=18ae2e16...,timecost=1.922
info|2020-01-06 18:00:17.215050|[g:1][CONSENSUS][PBFT]checkAndChangeView: Reach consensus,org_view=769,org_changeCycle=0,cur_changeCycle=0,to_view=770
info|2020-01-06 18:00:18.217381|[g:1][CONSENSUS]addRawPrepare,height=139,reqIdx=0,hash=6f91c676...
info|2020-01-06 18:00:18.217723|[g:1][CONSENSUS][PBFT]checkTimeout Succ,view=770,toView=771,nodeIdx=1,changeCycle=0,myNode=18ae2e16...,timecost=0.235
info|2020-01-06 18:00:18.219418|[g:1][CONSENSUS][PBFT]checkAndChangeView: Reach consensus,org_view=770,org_changeCycle=0,cur_changeCycle=0,to_view=771
info|2020-01-06 18:00:19.220539|[g:1][CONSENSUS][SEALER]++++++++++++++++ Generating seal on,blkNum=139,tx=0,nodeIdx=1,hash=e9fcf766...
info|2020-01-06 18:00:19.223114|[g:1][CONSENSUS][PBFT]checkTimeout Succ,view=771,toView=772,nodeIdx=1,changeCycle=0,myNode=18ae2e16...,timecost=1.439
info|2020-01-06 18:00:19.232075|[g:1][CONSENSUS][PBFT]checkAndChangeView: Reach consensus,org_view=771,org_changeCycle=0,cur_changeCycle=0,to_view=772
info|2020-01-06 18:00:20.234842|[g:1][CONSENSUS]addRawPrepare,height=139,reqIdx=2,hash=60112e37...
info|2020-01-06 18:00:20.235442|[g:1][CONSENSUS][PBFT]checkTimeout Succ,view=772,toView=773,nodeIdx=1,changeCycle=0,myNode=18ae2e16...,timecost=0.438
info|2020-01-06 18:00:20.238295|[g:1][CONSENSUS][PBFT]checkAndChangeView: Reach consensus,org_view=772,org_changeCycle=0,cur_changeCycle=0,to_view=773
info|2020-01-06 18:00:21.001443|[P2P][Service] heartBeat,connected count=3
info|2020-01-06 18:00:21.238806|[g:1][CONSENSUS]addRawPrepare,height=139,reqIdx=3,hash=d5dc1f8a...
info|2020-01-06 18:00:21.239209|[g:1][CONSENSUS][PBFT]checkTimeout Succ,view=773,toView=774,nodeIdx=1,changeCycle=0,myNode=18ae2e16...,timecost=0.229
info|2020-01-06 18:00:21.241685|[g:1][CONSENSUS][PBFT]checkAndChangeView: Reach consensus,org_view=773,org_changeCycle=0,cur_changeCycle=0,to_view=774
info|2020-01-06 18:00:22.244154|[g:1][CONSENSUS]addRawPrepare,height=139,reqIdx=0,hash=0b4082ba...
info|2020-01-06 18:00:22.245222|[g:1][CONSENSUS][PBFT]checkTimeout Succ,view=774,toView=775,nodeIdx=1,changeCycle=0,myNode=18ae2e16...,timecost=0.817
info|2020-01-06 18:00:22.251064|[g:1][CONSENSUS][PBFT]checkAndChangeView: Reach consensus,org_view=774,org_changeCycle=0,cur_changeCycle=0,to_view=775
info|2020-01-06 18:00:23.252693|[g:1][CONSENSUS][SEALER]++++++++++++++++ Generating seal on,blkNum=139,tx=0,nodeIdx=1,hash=a1d93cfa...
info|2020-01-06 18:00:23.255581|[g:1][CONSENSUS][PBFT]checkTimeout Succ,view=775,toView=776,nodeIdx=1,changeCycle=0,myNode=18ae2e16...,timecost=0.248
info|2020-01-06 18:00:23.255999|[g:1][CONSENSUS][PBFT]checkAndChangeView: Reach consensus,org_view=775,org_changeCycle=0,cur_changeCycle=0,to_view=776
info|2020-01-06 18:00:24.262313|[g:1][CONSENSUS]addRawPrepare,height=139,reqIdx=2,hash=30bdc756...
info|2020-01-06 18:00:24.263611|[g:1][CONSENSUS][PBFT]checkTimeout Succ,view=776,toView=777,nodeIdx=1,changeCycle=0,myNode=18ae2e16...,timecost=0.744
info|2020-01-06 18:00:24.268985|[g:1][CONSENSUS][PBFT]checkAndChangeView: Reach consensus,org_view=776,org_changeCycle=0,cur_changeCycle=0,to_view=777
info|2020-01-06 18:00:25.272406|[g:1][CONSENSUS]addRawPrepare,height=139,reqIdx=3,hash=184f65e9...
info|2020-01-06 18:00:25.272813|[g:1][CONSENSUS][PBFT]checkTimeout Succ,view=777,toView=778,nodeIdx=1,changeCycle=0,myNode=18ae2e16...,timecost=0.306
info|2020-01-06 18:00:25.273555|[g:1][CONSENSUS][PBFT]checkAndChangeView: Reach consensus,org_view=777,org_changeCycle=0,cur_changeCycle=0,to_view=778
info|2020-01-06 18:00:26.276489|[g:1][CONSENSUS]addRawPrepare,height=139,reqIdx=0,hash=70513f9b...
info|2020-01-06 18:00:26.278537|[g:1][CONSENSUS][PBFT]checkTimeout Succ,view=778,toView=779,nodeIdx=1,changeCycle=0,myNode=18ae2e16...,timecost=1.388
info|2020-01-06 18:00:26.281840|[g:1][CONSENSUS][PBFT]checkAndChangeView: Reach consensus,org_view=778,org_changeCycle=0,cur_changeCycle=0,to_view=779
info|2020-01-06 18:00:27.281520|[g:1][CONSENSUS][SEALER]++++++++++++++++ Generating seal on,blkNum=139,tx=0,nodeIdx=1,hash=76a77589...
info|2020-01-06 18:00:27.282729|[g:1][CONSENSUS][PBFT]checkTimeout Succ,view=779,toView=780,nodeIdx=1,changeCycle=0,myNode=18ae2e16...,timecost=0.241
info|2020-01-06 18:00:27.285349|[g:1][CONSENSUS][PBFT]checkAndChangeView: Reach consensus,org_view=779,org_changeCycle=0,cur_changeCycle=0,to_view=780
info|2020-01-06 18:00:28.287890|[g:1][CONSENSUS]addRawPrepare,height=139,reqIdx=2,hash=660631a0...
info|2020-01-06 18:00:28.288795|[g:1][CONSENSUS][PBFT]checkTimeout Succ,view=780,toView=781,nodeIdx=1,changeCycle=0,myNode=18ae2e16...,timecost=0.953
info|2020-01-06 18:00:28.290622|[g:1][CONSENSUS][PBFT]checkAndChangeView: Reach consensus,org_view=780,org_changeCycle=0,cur_changeCycle=0,to_view=781
info|2020-01-06 18:00:29.292685|[g:1][CONSENSUS]addRawPrepare,height=139,reqIdx=3,hash=4786da50...
info|2020-01-06 18:00:29.295495|[g:1][CONSENSUS][PBFT]checkTimeout Succ,view=781,toView=782,nodeIdx=1,changeCycle=0,myNode=18ae2e16...,timecost=0.899
info|2020-01-06 18:00:29.297180|[g:1][CONSENSUS][PBFT]checkAndChangeView: Reach consensus,org_view=781,org_changeCycle=0,cur_changeCycle=0,to_view=782
info|2020-01-06 18:00:30.300892|[g:1][CONSENSUS]addRawPrepare,height=139,reqIdx=0,hash=ba677f9f...
info|2020-01-06 18:00:30.302284|[g:1][CONSENSUS][PBFT]checkTimeout Succ,view=782,toView=783,nodeIdx=1,changeCycle=0,myNode=18ae2e16...,timecost=1.145
info|2020-01-06 18:00:30.305239|[g:1][CONSENSUS][PBFT]checkAndChangeView: Reach consensus,org_view=782,org_changeCycle=0,cur_changeCycle=0,to_view=783
info|2020-01-06 18:00:31.002714|[P2P][Service] heartBeat,connected count=3
info|2020-01-06 18:00:31.305143|[g:1][CONSENSUS][SEALER]++++++++++++++++ Generating seal on,blkNum=139,tx=0,nodeIdx=1,hash=2b10070e...
info|2020-01-06 18:00:31.308360|[g:1][CONSENSUS][PBFT]checkTimeout Succ,view=783,toView=784,nodeIdx=1,changeCycle=0,myNode=18ae2e16...,timecost=0.598
info|2020-01-06 18:00:31.309258|[g:1][CONSENSUS][PBFT]checkAndChangeView: Reach consensus,org_view=783,org_changeCycle=0,cur_changeCycle=0,to_view=784
info|2020-01-06 18:00:32.313615|[g:1][CONSENSUS]addRawPrepare,height=139,reqIdx=2,hash=5c28da54...
info|2020-01-06 18:00:32.315032|[g:1][CONSENSUS][PBFT]checkTimeout Succ,view=784,toView=785,nodeIdx=1,changeCycle=0,myNode=18ae2e16...,timecost=0.976
info|2020-01-06 18:00:32.317109|[g:1][CONSENSUS][PBFT]checkAndChangeView: Reach consensus,org_view=784,org_changeCycle=0,cur_changeCycle=0,to_view=785
info|2020-01-06 18:00:33.318551|[g:1][CONSENSUS]addRawPrepare,height=139,reqIdx=3,hash=848251eb...
info|2020-01-06 18:00:33.319664|[g:1][CONSENSUS][PBFT]checkTimeout Succ,view=785,toView=786,nodeIdx=1,changeCycle=0,myNode=18ae2e16...,timecost=0.964
info|2020-01-06 18:00:33.324367|[g:1][CONSENSUS][PBFT]checkAndChangeView: Reach consensus,org_view=785,org_changeCycle=0,cur_changeCycle=0,to_view=786
info|2020-01-06 18:00:34.324654|[g:1][CONSENSUS]addRawPrepare,height=139,reqIdx=0,hash=ff811cde...
info|2020-01-06 18:00:34.326168|[g:1][CONSENSUS][PBFT]checkTimeout Succ,view=786,toView=787,nodeIdx=1,changeCycle=0,myNode=18ae2e16...,timecost=1.157
info|2020-01-06 18:00:34.327438|[g:1][CONSENSUS][PBFT]checkAndChangeView: Reach consensus,org_view=786,org_changeCycle=0,cur_changeCycle=0,to_view=787
info|2020-01-06 18:00:35.327958|[g:1][CONSENSUS][SEALER]++++++++++++++++ Generating seal on,blkNum=139,tx=0,nodeIdx=1,hash=d1784013...
info|2020-01-06 18:00:35.330827|[g:1][CONSENSUS][PBFT]checkTimeout Succ,view=787,toView=788,nodeIdx=1,changeCycle=0,myNode=18ae2e16...,timecost=0.288
info|2020-01-06 18:00:35.331651|[g:1][CONSENSUS][PBFT]checkAndChangeView: Reach consensus,org_view=787,org_changeCycle=0,cur_changeCycle=0,to_view=788
info|2020-01-06 18:00:36.334225|[g:1][CONSENSUS]addRawPrepare,height=139,reqIdx=2,hash=fe32eb31...
info|2020-01-06 18:00:36.336861|[g:1][CONSENSUS][PBFT]checkTimeout Succ,view=788,toView=789,nodeIdx=1,changeCycle=0,myNode=18ae2e16...,timecost=1.014
info|2020-01-06 18:00:36.343623|[g:1][CONSENSUS][PBFT]checkAndChangeView: Reach consensus,org_view=788,org_changeCycle=0,cur_changeCycle=0,to_view=789
info|2020-01-06 18:00:37.343219|[g:1][CONSENSUS]addRawPrepare,height=139,reqIdx=3,hash=f5ea905d...
info|2020-01-06 18:00:37.343555|[g:1][CONSENSUS][PBFT]checkTimeout Succ,view=789,toView=790,nodeIdx=1,changeCycle=0,myNode=18ae2e16...,timecost=0.211
info|2020-01-06 18:00:37.345210|[g:1][CONSENSUS][PBFT]checkAndChangeView: Reach consensus,org_view=789,org_changeCycle=0,cur_changeCycle=0,to_view=790
info|2020-01-06 18:00:38.348548|[g:1][CONSENSUS]addRawPrepare,height=139,reqIdx=0,hash=fddd79da...
info|2020-01-06 18:00:38.348988|[g:1][CONSENSUS][PBFT]checkTimeout Succ,view=790,toView=791,nodeIdx=1,changeCycle=0,myNode=18ae2e16...,timecost=0.311
info|2020-01-06 18:00:38.350641|[g:1][CONSENSUS][PBFT]checkAndChangeView: Reach consensus,org_view=790,org_changeCycle=0,cur_changeCycle=0,to_view=791
info|2020-01-06 18:00:39.350677|[g:1][CONSENSUS][SEALER]++++++++++++++++ Generating seal on,blkNum=139,tx=0,nodeIdx=1,hash=6fccc0e2...
info|2020-01-06 18:00:39.353126|[g:1][CONSENSUS][PBFT]checkTimeout Succ,view=791,toView=792,nodeIdx=1,changeCycle=0,myNode=18ae2e16...,timecost=0.277
info|2020-01-06 18:00:39.353454|[g:1][CONSENSUS][PBFT]checkAndChangeView: Reach consensus,org_view=791,org_changeCycle=0,cur_changeCycle=0,to_view=792
info|2020-01-06 18:00:40.355024|[g:1][CONSENSUS]addRawPrepare,height=139,reqIdx=2,hash=f574a7bc...
info|2020-01-06 18:00:40.356926|[g:1][CONSENSUS][PBFT]checkTimeout Succ,view=792,toView=793,nodeIdx=1,changeCycle=0,myNode=18ae2e16...,timecost=0.688
info|2020-01-06 18:00:40.358257|[g:1][CONSENSUS][PBFT]checkAndChangeView: Reach consensus,org_view=792,org_changeCycle=0,cur_changeCycle=0,to_view=793
info|2020-01-06 18:00:41.003444|[P2P][Service] heartBeat,connected count=3
info|2020-01-06 18:00:41.360250|[g:1][CONSENSUS]addRawPrepare,height=139,reqIdx=3,hash=2b75ea62...
info|2020-01-06 18:00:41.360677|[g:1][CONSENSUS][PBFT]checkTimeout Succ,view=793,toView=794,nodeIdx=1,changeCycle=0,myNode=18ae2e16...,timecost=0.326
info|2020-01-06 18:00:41.361635|[g:1][CONSENSUS][PBFT]checkAndChangeView: Reach consensus,org_view=793,org_changeCycle=0,cur_changeCycle=0,to_view=794
info|2020-01-06 18:00:42.363901|[g:1][CONSENSUS]addRawPrepare,height=139,reqIdx=0,hash=7ebf3a35...
info|2020-01-06 18:00:42.364597|[g:1][CONSENSUS][PBFT]checkTimeout Succ,view=794,toView=795,nodeIdx=1,changeCycle=0,myNode=18ae2e16...,timecost=0.403
info|2020-01-06 18:00:42.368134|[g:1][CONSENSUS][PBFT]checkAndChangeView: Reach consensus,org_view=794,org_changeCycle=0,cur_changeCycle=0,to_view=795
info|2020-01-06 18:00:43.369763|[g:1][CONSENSUS][SEALER]++++++++++++++++ Generating seal on,blkNum=139,tx=0,nodeIdx=1,hash=0a16f8c0...
info|2020-01-06 18:00:43.371248|[g:1][CONSENSUS][PBFT]checkTimeout Succ,view=795,toView=796,nodeIdx=1,changeCycle=0,myNode=18ae2e16...,timecost=0.257
info|2020-01-06 18:00:43.373064|[g:1][CONSENSUS][PBFT]checkAndChangeView: Reach consensus,org_view=795,org_changeCycle=0,cur_changeCycle=0,to_view=796
info|2020-01-06 18:00:44.374891|[g:1][CONSENSUS]addRawPrepare,height=139,reqIdx=2,hash=bc8112ed...
info|2020-01-06 18:00:44.375443|[g:1][CONSENSUS][PBFT]checkTimeout Succ,view=796,toView=797,nodeIdx=1,changeCycle=0,myNode=18ae2e16...,timecost=0.462
info|2020-01-06 18:00:44.377059|[g:1][CONSENSUS][PBFT]checkAndChangeView: Reach consensus,org_view=796,org_changeCycle=0,cur_changeCycle=0,to_view=797
info|2020-01-06 18:00:45.380521|[g:1][CONSENSUS]addRawPrepare,height=139,reqIdx=3,hash=1c3f73ed...
info|2020-01-06 18:00:45.381326|[g:1][CONSENSUS][PBFT]checkTimeout Succ,view=797,toView=798,nodeIdx=1,changeCycle=0,myNode=18ae2e16...,timecost=0.524
info|2020-01-06 18:00:45.384898|[g:1][CONSENSUS][PBFT]checkAndChangeView: Reach consensus,org_view=797,org_changeCycle=0,cur_changeCycle=0,to_view=798
info|2020-01-06 18:00:46.389428|[g:1][CONSENSUS]addRawPrepare,height=139,reqIdx=0,hash=3d111de1...
info|2020-01-06 18:00:46.390609|[g:1][CONSENSUS][PBFT]checkTimeout Succ,view=798,toView=799,nodeIdx=1,changeCycle=0,myNode=18ae2e16...,timecost=1.023
info|2020-01-06 18:00:46.392358|[g:1][CONSENSUS][PBFT]checkAndChangeView: Reach consensus,org_view=798,org_changeCycle=0,cur_changeCycle=0,to_view=799
info|2020-01-06 18:00:47.392824|[g:1][CONSENSUS][SEALER]++++++++++++++++ Generating seal on,blkNum=139,tx=0,nodeIdx=1,hash=44e8a858...
info|2020-01-06 18:00:47.394563|[g:1][CONSENSUS][PBFT]checkTimeout Succ,view=799,toView=800,nodeIdx=1,changeCycle=0,myNode=18ae2e16...,timecost=0.94
info|2020-01-06 18:00:47.397894|[g:1][CONSENSUS][PBFT]checkAndChangeView: Reach consensus,org_view=799,org_changeCycle=0,cur_changeCycle=0,to_view=800
info|2020-01-06 18:00:48.399986|[g:1][CONSENSUS]addRawPrepare,height=139,reqIdx=2,hash=dce2cb32...
info|2020-01-06 18:00:48.400810|[g:1][CONSENSUS][PBFT]checkTimeout Succ,view=800,toView=801,nodeIdx=1,changeCycle=0,myNode=18ae2e16...,timecost=0.332
info|2020-01-06 18:00:48.401824|[g:1][CONSENSUS][PBFT]checkAndChangeView: Reach consensus,org_view=800,org_changeCycle=0,cur_changeCycle=0,to_view=801
info|2020-01-06 18:00:49.404784|[g:1][CONSENSUS]addRawPrepare,height=139,reqIdx=3,hash=7aa5b0f2...
info|2020-01-06 18:00:49.406467|[g:1][CONSENSUS][PBFT]checkTimeout Succ,view=801,toView=802,nodeIdx=1,changeCycle=0,myNode=18ae2e16...,timecost=0.711
info|2020-01-06 18:00:49.410649|[g:1][CONSENSUS][PBFT]checkAndChangeView: Reach consensus,org_view=801,org_changeCycle=0,cur_changeCycle=0,to_view=802
info|2020-01-06 18:00:50.413649|[g:1][CONSENSUS]addRawPrepare,height=139,reqIdx=0,hash=ace3c310...
info|2020-01-06 18:00:50.414333|[g:1][CONSENSUS][PBFT]checkTimeout Succ,view=802,toView=803,nodeIdx=1,changeCycle=0,myNode=18ae2e16...,timecost=0.538
info|2020-01-06 18:00:50.417105|[g:1][CONSENSUS][PBFT]checkAndChangeView: Reach consensus,org_view=802,org_changeCycle=0,cur_changeCycle=0,to_view=803
info|2020-01-06 18:00:51.004253|[P2P][Service] heartBeat,connected count=3
info|2020-01-06 18:00:51.418210|[g:1][CONSENSUS][SEALER]++++++++++++++++ Generating seal on,blkNum=139,tx=0,nodeIdx=1,hash=ea8073ad...
info|2020-01-06 18:00:51.419212|[g:1][CONSENSUS][PBFT]checkTimeout Succ,view=803,toView=804,nodeIdx=1,changeCycle=0,myNode=18ae2e16...,timecost=0.518
info|2020-01-06 18:00:51.421478|[g:1][CONSENSUS][PBFT]checkAndChangeView: Reach consensus,org_view=803,org_changeCycle=0,cur_changeCycle=0,to_view=804
info|2020-01-06 18:00:52.424669|[g:1][CONSENSUS]addRawPrepare,height=139,reqIdx=2,hash=36ac4d65...
info|2020-01-06 18:00:52.425289|[g:1][CONSENSUS][PBFT]checkTimeout Succ,view=804,toView=805,nodeIdx=1,changeCycle=0,myNode=18ae2e16...,timecost=0.424
info|2020-01-06 18:00:52.430123|[g:1][CONSENSUS][PBFT]checkAndChangeView: Reach consensus,org_view=804,org_changeCycle=0,cur_changeCycle=0,to_view=805
info|2020-01-06 18:00:53.437737|[g:1][CONSENSUS]addRawPrepare,height=139,reqIdx=3,hash=dcb7de04...
info|2020-01-06 18:00:53.440560|[g:1][CONSENSUS][PBFT]checkTimeout Succ,view=805,toView=806,nodeIdx=1,changeCycle=0,myNode=18ae2e16...,timecost=1.475
info|2020-01-06 18:00:53.441993|[g:1][CONSENSUS][PBFT]checkAndChangeView: Reach consensus,org_view=805,org_changeCycle=0,cur_changeCycle=0,to_view=806
info|2020-01-06 18:00:54.445117|[g:1][CONSENSUS]addRawPrepare,height=139,reqIdx=0,hash=a82226e6...
info|2020-01-06 18:00:54.447353|[g:1][CONSENSUS][PBFT]checkTimeout Succ,view=806,toView=807,nodeIdx=1,changeCycle=0,myNode=18ae2e16...,timecost=1.255
info|2020-01-06 18:00:54.449082|[g:1][CONSENSUS][PBFT]checkAndChangeView: Reach consensus,org_view=806,org_changeCycle=0,cur_changeCycle=0,to_view=807
info|2020-01-06 18:00:55.449739|[g:1][CONSENSUS][SEALER]++++++++++++++++ Generating seal on,blkNum=139,tx=0,nodeIdx=1,hash=dfd9c0dd...
info|2020-01-06 18:00:55.453116|[g:1][CONSENSUS][PBFT]checkTimeout Succ,view=807,toView=808,nodeIdx=1,changeCycle=0,myNode=18ae2e16...,timecost=0.346
info|2020-01-06 18:00:55.453611|[g:1][CONSENSUS][PBFT]checkAndChangeView: Reach consensus,org_view=807,org_changeCycle=0,cur_changeCycle=0,to_view=808
info|2020-01-06 18:00:56.458964|[g:1][CONSENSUS]addRawPrepare,height=139,reqIdx=2,hash=172fa8cc...
info|2020-01-06 18:00:56.460317|[g:1][CONSENSUS][PBFT]checkTimeout Succ,view=808,toView=809,nodeIdx=1,changeCycle=0,myNode=18ae2e16...,timecost=1.042
info|2020-01-06 18:00:56.467698|[g:1][CONSENSUS][PBFT]checkAndChangeView: Reach consensus,org_view=808,org_changeCycle=0,cur_changeCycle=0,to_view=809
info|2020-01-06 18:00:57.469448|[g:1][CONSENSUS]addRawPrepare,height=139,reqIdx=3,hash=0d874d65...
info|2020-01-06 18:00:57.471792|[g:1][CONSENSUS][PBFT]checkTimeout Succ,view=809,toView=810,nodeIdx=1,changeCycle=0,myNode=18ae2e16...,timecost=1.649
info|2020-01-06 18:00:57.474601|[g:1][CONSENSUS][PBFT]checkAndChangeView: Reach consensus,org_view=809,org_changeCycle=0,cur_changeCycle=0,to_view=810
info|2020-01-06 18:00:58.474093|[g:1][CONSENSUS]addRawPrepare,height=139,reqIdx=0,hash=5b072d19...
info|2020-01-06 18:00:58.474442|[g:1][CONSENSUS][PBFT]checkTimeout Succ,view=810,toView=811,nodeIdx=1,changeCycle=0,myNode=18ae2e16...,timecost=0.225
info|2020-01-06 18:00:58.477148|[g:1][CONSENSUS][PBFT]checkAndChangeView: Reach consensus,org_view=810,org_changeCycle=0,cur_changeCycle=0,to_view=811
info|2020-01-06 18:00:59.478786|[g:1][CONSENSUS][SEALER]++++++++++++++++ Generating seal on,blkNum=139,tx=0,nodeIdx=1,hash=11f3b467...
info|2020-01-06 18:00:59.481223|[g:1][CONSENSUS][PBFT]checkTimeout Succ,view=811,toView=812,nodeIdx=1,changeCycle=0,myNode=18ae2e16...,timecost=0.756
info|2020-01-06 18:00:59.484981|[g:1][CONSENSUS][PBFT]checkAndChangeView: Reach consensus,org_view=811,org_changeCycle=0,cur_changeCycle=0,to_view=812
info|2020-01-06 18:01:00.486693|[g:1][CONSENSUS]addRawPrepare,height=139,reqIdx=2,hash=29093cae...
info|2020-01-06 18:01:00.487385|[g:1][CONSENSUS][PBFT]checkTimeout Succ,view=812,toView=813,nodeIdx=1,changeCycle=0,myNode=18ae2e16...,timecost=0.428
info|2020-01-06 18:01:00.489629|[g:1][CONSENSUS][PBFT]checkAndChangeView: Reach consensus,org_view=812,org_changeCycle=0,cur_changeCycle=0,to_view=813
info|2020-01-06 18:01:01.005273|[P2P][Service] heartBeat,connected count=3
info|2020-01-06 18:01:01.491352|[g:1][CONSENSUS]addRawPrepare,height=139,reqIdx=3,hash=14d9fac3...
info|2020-01-06 18:01:01.492783|[g:1][CONSENSUS][PBFT]checkTimeout Succ,view=813,toView=814,nodeIdx=1,changeCycle=0,myNode=18ae2e16...,timecost=1.045
info|2020-01-06 18:01:01.493854|[g:1][CONSENSUS][PBFT]checkAndChangeView: Reach consensus,org_view=813,org_changeCycle=0,cur_changeCycle=0,to_view=814
info|2020-01-06 18:01:02.495191|[g:1][CONSENSUS]addRawPrepare,height=139,reqIdx=0,hash=8aa30acd...
info|2020-01-06 18:01:02.496564|[g:1][CONSENSUS][PBFT]checkTimeout Succ,view=814,toView=815,nodeIdx=1,changeCycle=0,myNode=18ae2e16...,timecost=0.911
info|2020-01-06 18:01:02.497803|[g:1][CONSENSUS][PBFT]checkAndChangeView: Reach consensus,org_view=814,org_changeCycle=0,cur_changeCycle=0,to_view=815
info|2020-01-06 18:01:03.497611|[g:1][CONSENSUS][SEALER]++++++++++++++++ Generating seal on,blkNum=139,tx=0,nodeIdx=1,hash=2f288327...
info|2020-01-06 18:01:03.498544|[g:1][CONSENSUS][PBFT]checkTimeout Succ,view=815,toView=816,nodeIdx=1,changeCycle=0,myNode=18ae2e16...,timecost=0.411
info|2020-01-06 18:01:03.500830|[g:1][CONSENSUS][PBFT]checkAndChangeView: Reach consensus,org_view=815,org_changeCycle=0,cur_changeCycle=0,to_view=816
info|2020-01-06 18:01:04.504997|[g:1][CONSENSUS]addRawPrepare,height=139,reqIdx=2,hash=e58a8547...
info|2020-01-06 18:01:04.507244|[g:1][CONSENSUS][PBFT]checkTimeout Succ,view=816,toView=817,nodeIdx=1,changeCycle=0,myNode=18ae2e16...,timecost=1.887
info|2020-01-06 18:01:04.508935|[g:1][CONSENSUS][PBFT]checkAndChangeView: Reach consensus,org_view=816,org_changeCycle=0,cur_changeCycle=0,to_view=817
info|2020-01-06 18:01:05.509722|[g:1][CONSENSUS]addRawPrepare,height=139,reqIdx=3,hash=04a7d685...
info|2020-01-06 18:01:05.510029|[g:1][CONSENSUS][PBFT]checkTimeout Succ,view=817,toView=818,nodeIdx=1,changeCycle=0,myNode=18ae2e16...,timecost=0.219
info|2020-01-06 18:01:05.512556|[g:1][CONSENSUS][PBFT]checkAndChangeView: Reach consensus,org_view=817,org_changeCycle=0,cur_changeCycle=0,to_view=818
info|2020-01-06 18:01:06.515194|[g:1][CONSENSUS]addRawPrepare,height=139,reqIdx=0,hash=fe055e05...
info|2020-01-06 18:01:06.515472|[g:1][CONSENSUS][PBFT]checkTimeout Succ,view=818,toView=819,nodeIdx=1,changeCycle=0,myNode=18ae2e16...,timecost=0.203
info|2020-01-06 18:01:06.516433|[g:1][CONSENSUS][PBFT]checkAndChangeView: Reach consensus,org_view=818,org_changeCycle=0,cur_changeCycle=0,to_view=819
info|2020-01-06 18:01:07.516317|[g:1][CONSENSUS][SEALER]++++++++++++++++ Generating seal on,blkNum=139,tx=0,nodeIdx=1,hash=f0ed95a0...
info|2020-01-06 18:01:07.519532|[g:1][CONSENSUS][PBFT]checkTimeout Succ,view=819,toView=820,nodeIdx=1,changeCycle=0,myNode=18ae2e16...,timecost=0.245
info|2020-01-06 18:01:07.519901|[g:1][CONSENSUS][PBFT]checkAndChangeView: Reach consensus,org_view=819,org_changeCycle=0,cur_changeCycle=0,to_view=820
info|2020-01-06 18:01:08.522636|[g:1][CONSENSUS]addRawPrepare,height=139,reqIdx=2,hash=18fc5546...
info|2020-01-06 18:01:08.523153|[g:1][CONSENSUS][PBFT]checkTimeout Succ,view=820,toView=821,nodeIdx=1,changeCycle=0,myNode=18ae2e16...,timecost=0.424
info|2020-01-06 18:01:08.526032|[g:1][CONSENSUS][PBFT]checkAndChangeView: Reach consensus,org_view=820,org_changeCycle=0,cur_changeCycle=0,to_view=821
info|2020-01-06 18:01:09.530958|[g:1][CONSENSUS]addRawPrepare,height=139,reqIdx=3,hash=30f58009...
info|2020-01-06 18:01:09.531382|[g:1][CONSENSUS][PBFT]checkTimeout Succ,view=821,toView=822,nodeIdx=1,changeCycle=0,myNode=18ae2e16...,timecost=0.3
info|2020-01-06 18:01:09.534613|[g:1][CONSENSUS][PBFT]checkAndChangeView: Reach consensus,org_view=821,org_changeCycle=0,cur_changeCycle=0,to_view=822
info|2020-01-06 18:01:10.536487|[g:1][CONSENSUS]addRawPrepare,height=139,reqIdx=0,hash=6a28e620...
info|2020-01-06 18:01:10.537295|[g:1][CONSENSUS][PBFT]checkTimeout Succ,view=822,toView=823,nodeIdx=1,changeCycle=0,myNode=18ae2e16...,timecost=0.702
info|2020-01-06 18:01:10.538279|[g:1][CONSENSUS][PBFT]checkAndChangeView: Reach consensus,org_view=822,org_changeCycle=0,cur_changeCycle=0,to_view=823
info|2020-01-06 18:01:11.005686|[P2P][Service] heartBeat,connected count=3
info|2020-01-06 18:01:11.538375|[g:1][CONSENSUS][SEALER]++++++++++++++++ Generating seal on,blkNum=139,tx=0,nodeIdx=1,hash=66cdb6e8...
info|2020-01-06 18:01:11.538973|[g:1][CONSENSUS][PBFT]checkTimeout Succ,view=823,toView=824,nodeIdx=1,changeCycle=0,myNode=18ae2e16...,timecost=0.289
info|2020-01-06 18:01:11.541888|[g:1][CONSENSUS][PBFT]checkAndChangeView: Reach consensus,org_view=823,org_changeCycle=0,cur_changeCycle=0,to_view=824
info|2020-01-06 18:01:12.544369|[g:1][CONSENSUS]addRawPrepare,height=139,reqIdx=2,hash=a65433e2...
info|2020-01-06 18:01:12.545208|[g:1][CONSENSUS][PBFT]checkTimeout Succ,view=824,toView=825,nodeIdx=1,changeCycle=0,myNode=18ae2e16...,timecost=0.547
info|2020-01-06 18:01:12.550312|[g:1][CONSENSUS][PBFT]checkAndChangeView: Reach consensus,org_view=824,org_changeCycle=0,cur_changeCycle=0,to_view=825
info|2020-01-06 18:01:13.554105|[g:1][CONSENSUS]addRawPrepare,height=139,reqIdx=3,hash=6ef1d7d4...
info|2020-01-06 18:01:13.554643|[g:1][CONSENSUS][PBFT]checkTimeout Succ,view=825,toView=826,nodeIdx=1,changeCycle=0,myNode=18ae2e16...,timecost=0.348
info|2020-01-06 18:01:13.558006|[g:1][CONSENSUS][PBFT]checkAndChangeView: Reach consensus,org_view=825,org_changeCycle=0,cur_changeCycle=0,to_view=826
info|2020-01-06 18:01:14.559688|[g:1][CONSENSUS]addRawPrepare,height=139,reqIdx=0,hash=1a0343cb...
info|2020-01-06 18:01:14.560041|[g:1][CONSENSUS][PBFT]checkTimeout Succ,view=826,toView=827,nodeIdx=1,changeCycle=0,myNode=18ae2e16...,timecost=0.219
info|2020-01-06 18:01:14.561687|[g:1][CONSENSUS][PBFT]checkAndChangeView: Reach consensus,org_view=826,org_changeCycle=0,cur_changeCycle=0,to_view=827
info|2020-01-06 18:01:15.562092|[g:1][CONSENSUS][SEALER]++++++++++++++++ Generating seal on,blkNum=139,tx=0,nodeIdx=1,hash=49fba58a...
info|2020-01-06 18:01:15.564638|[g:1][CONSENSUS][PBFT]checkTimeout Succ,view=827,toView=828,nodeIdx=1,changeCycle=0,myNode=18ae2e16...,timecost=0.257
info|2020-01-06 18:01:15.565500|[g:1][CONSENSUS][PBFT]checkAndChangeView: Reach consensus,org_view=827,org_changeCycle=0,cur_changeCycle=0,to_view=828
info|2020-01-06 18:01:16.574494|[g:1][CONSENSUS]addRawPrepare,height=139,reqIdx=2,hash=619d326c...
info|2020-01-06 18:01:16.575661|[g:1][CONSENSUS][PBFT]checkTimeout Succ,view=828,toView=829,nodeIdx=1,changeCycle=0,myNode=18ae2e16...,timecost=0.802
info|2020-01-06 18:01:16.581970|[g:1][CONSENSUS][PBFT]checkAndChangeView: Reach consensus,org_view=828,org_changeCycle=0,cur_changeCycle=0,to_view=829
info|2020-01-06 18:01:17.587429|[g:1][CONSENSUS]addRawPrepare,height=139,reqIdx=3,hash=6579271c...
info|2020-01-06 18:01:17.587729|[g:1][CONSENSUS][PBFT]checkTimeout Succ,view=829,toView=830,nodeIdx=1,changeCycle=0,myNode=18ae2e16...,timecost=0.193
info|2020-01-06 18:01:17.588581|[g:1][CONSENSUS][PBFT]checkAndChangeView: Reach consensus,org_view=829,org_changeCycle=0,cur_changeCycle=0,to_view=830
info|2020-01-06 18:01:18.591740|[g:1][CONSENSUS]addRawPrepare,height=139,reqIdx=0,hash=cb1cc2df...
info|2020-01-06 18:01:18.592098|[g:1][CONSENSUS][PBFT]checkTimeout Succ,view=830,toView=831,nodeIdx=1,changeCycle=0,myNode=18ae2e16...,timecost=0.28
info|2020-01-06 18:01:18.595757|[g:1][CONSENSUS][PBFT]checkAndChangeView: Reach consensus,org_view=830,org_changeCycle=0,cur_changeCycle=0,to_view=831
info|2020-01-06 18:01:19.596438|[g:1][CONSENSUS][SEALER]++++++++++++++++ Generating seal on,blkNum=139,tx=0,nodeIdx=1,hash=7624cc29...
info|2020-01-06 18:01:19.597800|[g:1][CONSENSUS][PBFT]checkTimeout Succ,view=831,toView=832,nodeIdx=1,changeCycle=0,myNode=18ae2e16...,timecost=0.277
info|2020-01-06 18:01:19.599736|[g:1][CONSENSUS][PBFT]checkAndChangeView: Reach consensus,org_view=831,org_changeCycle=0,cur_changeCycle=0,to_view=832
info|2020-01-06 18:01:20.603016|[g:1][CONSENSUS]addRawPrepare,height=139,reqIdx=2,hash=5be75980...
info|2020-01-06 18:01:20.604501|[g:1][CONSENSUS][PBFT]checkTimeout Succ,view=832,toView=833,nodeIdx=1,changeCycle=0,myNode=18ae2e16...,timecost=1.356
info|2020-01-06 18:01:20.607484|[g:1][CONSENSUS][PBFT]checkAndChangeView: Reach consensus,org_view=832,org_changeCycle=0,cur_changeCycle=0,to_view=833
info|2020-01-06 18:01:21.005824|[P2P][Service] heartBeat,connected count=3
info|2020-01-06 18:01:21.608734|[g:1][CONSENSUS]addRawPrepare,height=139,reqIdx=3,hash=d27fda3c...
info|2020-01-06 18:01:21.609217|[g:1][CONSENSUS][PBFT]checkTimeout Succ,view=833,toView=834,nodeIdx=1,changeCycle=0,myNode=18ae2e16...,timecost=0.345
info|2020-01-06 18:01:21.611043|[g:1][CONSENSUS][PBFT]checkAndChangeView: Reach consensus,org_view=833,org_changeCycle=0,cur_changeCycle=0,to_view=834
info|2020-01-06 18:01:22.613933|[g:1][CONSENSUS]addRawPrepare,height=139,reqIdx=0,hash=11574846...
info|2020-01-06 18:01:22.615064|[g:1][CONSENSUS][PBFT]checkTimeout Succ,view=834,toView=835,nodeIdx=1,changeCycle=0,myNode=18ae2e16...,timecost=0.853
info|2020-01-06 18:01:22.620597|[g:1][CONSENSUS][PBFT]checkAndChangeView: Reach consensus,org_view=834,org_changeCycle=0,cur_changeCycle=0,to_view=835
info|2020-01-06 18:01:23.621221|[g:1][CONSENSUS][SEALER]++++++++++++++++ Generating seal on,blkNum=139,tx=0,nodeIdx=1,hash=353f095f...
info|2020-01-06 18:01:23.622012|[g:1][CONSENSUS][PBFT]checkTimeout Succ,view=835,toView=836,nodeIdx=1,changeCycle=0,myNode=18ae2e16...,timecost=0.409
info|2020-01-06 18:01:23.624949|[g:1][CONSENSUS][PBFT]checkAndChangeView: Reach consensus,org_view=835,org_changeCycle=0,cur_changeCycle=0,to_view=836
info|2020-01-06 18:01:24.626484|[g:1][CONSENSUS]addRawPrepare,height=139,reqIdx=2,hash=91d383a9...
info|2020-01-06 18:01:24.627249|[g:1][CONSENSUS][PBFT]checkTimeout Succ,view=836,toView=837,nodeIdx=1,changeCycle=0,myNode=18ae2e16...,timecost=0.534
info|2020-01-06 18:01:24.631599|[g:1][CONSENSUS][PBFT]checkAndChangeView: Reach consensus,org_view=836,org_changeCycle=0,cur_changeCycle=0,to_view=837
info|2020-01-06 18:01:25.637215|[g:1][CONSENSUS]addRawPrepare,height=139,reqIdx=3,hash=25ad4958...
info|2020-01-06 18:01:25.642063|[g:1][CONSENSUS][PBFT]checkTimeout Succ,view=837,toView=838,nodeIdx=1,changeCycle=0,myNode=18ae2e16...,timecost=3.529
info|2020-01-06 18:01:25.648786|[g:1][CONSENSUS][PBFT]checkAndChangeView: Reach consensus,org_view=837,org_changeCycle=0,cur_changeCycle=0,to_view=838
info|2020-01-06 18:01:26.652647|[g:1][CONSENSUS]addRawPrepare,height=139,reqIdx=0,hash=2eb17d3c...
info|2020-01-06 18:01:26.654404|[g:1][CONSENSUS][PBFT]checkTimeout Succ,view=838,toView=839,nodeIdx=1,changeCycle=0,myNode=18ae2e16...,timecost=1.436
info|2020-01-06 18:01:26.657561|[g:1][CONSENSUS][PBFT]checkAndChangeView: Reach consensus,org_view=838,org_changeCycle=0,cur_changeCycle=0,to_view=839
info|2020-01-06 18:01:27.659653|[g:1][CONSENSUS][SEALER]++++++++++++++++ Generating seal on,blkNum=139,tx=0,nodeIdx=1,hash=56cc783d...
info|2020-01-06 18:01:27.664545|[g:1][CONSENSUS][PBFT]checkTimeout Succ,view=839,toView=840,nodeIdx=1,changeCycle=0,myNode=18ae2e16...,timecost=2.602
info|2020-01-06 18:01:27.672457|[g:1][CONSENSUS][PBFT]checkAndChangeView: Reach consensus,org_view=839,org_changeCycle=0,cur_changeCycle=0,to_view=840
info|2020-01-06 18:01:28.676747|[g:1][CONSENSUS]addRawPrepare,height=139,reqIdx=2,hash=696c3a06...
info|2020-01-06 18:01:28.678491|[g:1][CONSENSUS][PBFT]checkTimeout Succ,view=840,toView=841,nodeIdx=1,changeCycle=0,myNode=18ae2e16...,timecost=0.741
info|2020-01-06 18:01:28.679976|[g:1][CONSENSUS][PBFT]checkAndChangeView: Reach consensus,org_view=840,org_changeCycle=0,cur_changeCycle=0,to_view=841
info|2020-01-06 18:01:29.683398|[g:1][CONSENSUS]addRawPrepare,height=139,reqIdx=3,hash=22b621e3...
info|2020-01-06 18:01:29.683727|[g:1][CONSENSUS][PBFT]checkTimeout Succ,view=841,toView=842,nodeIdx=1,changeCycle=0,myNode=18ae2e16...,timecost=0.222
info|2020-01-06 18:01:29.688300|[g:1][CONSENSUS][PBFT]checkAndChangeView: Reach consensus,org_view=841,org_changeCycle=0,cur_changeCycle=0,to_view=842
info|2020-01-06 18:01:30.691590|[g:1][CONSENSUS]addRawPrepare,height=139,reqIdx=0,hash=1078b045...
info|2020-01-06 18:01:30.692102|[g:1][CONSENSUS][PBFT]checkTimeout Succ,view=842,toView=843,nodeIdx=1,changeCycle=0,myNode=18ae2e16...,timecost=0.295
info|2020-01-06 18:01:30.694823|[g:1][CONSENSUS][PBFT]checkAndChangeView: Reach consensus,org_view=842,org_changeCycle=0,cur_changeCycle=0,to_view=843
info|2020-01-06 18:01:31.006550|[P2P][Service] heartBeat,connected count=3
info|2020-01-06 18:01:31.695286|[g:1][CONSENSUS][SEALER]++++++++++++++++ Generating seal on,blkNum=139,tx=0,nodeIdx=1,hash=3426b6b1...
info|2020-01-06 18:01:31.698680|[g:1][CONSENSUS][PBFT]checkTimeout Succ,view=843,toView=844,nodeIdx=1,changeCycle=0,myNode=18ae2e16...,timecost=0.899
info|2020-01-06 18:01:31.699609|[g:1][CONSENSUS][PBFT]checkAndChangeView: Reach consensus,org_view=843,org_changeCycle=0,cur_changeCycle=0,to_view=844
info|2020-01-06 18:01:32.699368|[g:1][CONSENSUS]addRawPrepare,height=139,reqIdx=2,hash=19cf10a5...
info|2020-01-06 18:01:32.699666|[g:1][CONSENSUS][PBFT]checkTimeout Succ,view=844,toView=845,nodeIdx=1,changeCycle=0,myNode=18ae2e16...,timecost=0.203
info|2020-01-06 18:01:32.702938|[g:1][CONSENSUS][PBFT]checkAndChangeView: Reach consensus,org_view=844,org_changeCycle=0,cur_changeCycle=0,to_view=845
info|2020-01-06 18:01:33.705438|[g:1][CONSENSUS]addRawPrepare,height=139,reqIdx=3,hash=e1de81b8...
info|2020-01-06 18:01:33.706012|[g:1][CONSENSUS][PBFT]checkTimeout Succ,view=845,toView=846,nodeIdx=1,changeCycle=0,myNode=18ae2e16...,timecost=0.425
info|2020-01-06 18:01:33.710730|[g:1][CONSENSUS][PBFT]checkAndChangeView: Reach consensus,org_view=845,org_changeCycle=0,cur_changeCycle=0,to_view=846
info|2020-01-06 18:01:34.710105|[g:1][CONSENSUS]addRawPrepare,height=139,reqIdx=0,hash=f7428e56...
info|2020-01-06 18:01:34.710548|[g:1][CONSENSUS][PBFT]checkTimeout Succ,view=846,toView=847,nodeIdx=1,changeCycle=0,myNode=18ae2e16...,timecost=0.296
info|2020-01-06 18:01:34.713887|[g:1][CONSENSUS][PBFT]checkAndChangeView: Reach consensus,org_view=846,org_changeCycle=0,cur_changeCycle=0,to_view=847
info|2020-01-06 18:01:35.713611|[g:1][CONSENSUS][SEALER]++++++++++++++++ Generating seal on,blkNum=139,tx=0,nodeIdx=1,hash=a98735ff...
info|2020-01-06 18:01:35.714396|[g:1][CONSENSUS][PBFT]checkTimeout Succ,view=847,toView=848,nodeIdx=1,changeCycle=0,myNode=18ae2e16...,timecost=0.297
info|2020-01-06 18:01:35.716155|[g:1][CONSENSUS][PBFT]checkAndChangeView: Reach consensus,org_view=847,org_changeCycle=0,cur_changeCycle=0,to_view=848
info|2020-01-06 18:01:36.722569|[g:1][CONSENSUS]addRawPrepare,height=139,reqIdx=2,hash=03fc8c61...
info|2020-01-06 18:01:36.723722|[g:1][CONSENSUS][PBFT]checkTimeout Succ,view=848,toView=849,nodeIdx=1,changeCycle=0,myNode=18ae2e16...,timecost=0.774
info|2020-01-06 18:01:36.732784|[g:1][CONSENSUS][PBFT]checkAndChangeView: Reach consensus,org_view=848,org_changeCycle=0,cur_changeCycle=0,to_view=849
info|2020-01-06 18:01:37.733126|[g:1][CONSENSUS]addRawPrepare,height=139,reqIdx=3,hash=3132f9bc...
info|2020-01-06 18:01:37.734000|[g:1][CONSENSUS][PBFT]checkTimeout Succ,view=849,toView=850,nodeIdx=1,changeCycle=0,myNode=18ae2e16...,timecost=0.531
info|2020-01-06 18:01:37.736730|[g:1][CONSENSUS][PBFT]checkAndChangeView: Reach consensus,org_view=849,org_changeCycle=0,cur_changeCycle=0,to_view=850
info|2020-01-06 18:01:39.148243|[g:1][CONSENSUS]addRawPrepare,height=139,reqIdx=0,hash=26415300...
info|2020-01-06 18:01:39.148747|[g:1][CONSENSUS][PBFT]checkTimeout Succ,view=850,toView=851,nodeIdx=1,changeCycle=0,myNode=18ae2e16...,timecost=0.33
info|2020-01-06 18:01:39.174292|[g:1][CONSENSUS][PBFT]checkAndChangeView: Reach consensus,org_view=850,org_changeCycle=0,cur_changeCycle=0,to_view=851
