info|2020-01-06 18:00:00.076537|[g:1][CONSENSUS]addRawPrepare,height=139,reqIdx=2,hash=9f2e7289...
info|2020-01-06 18:00:00.077396|[g:1][CONSENSUS][PBFT]checkTimeout Succ,view=752,toView=753,nodeIdx=3,changeCycle=0,myNode=d08a18ab...,timecost=0.533
info|2020-01-06 18:00:00.085260|[g:1][CONSENSUS][PBFT]checkAndChangeView: Reach consensus,org_view=752,org_changeCycle=0,cur_changeCycle=0,to_view=753
info|2020-01-06 18:00:00.999068|[P2P][Service] heartBeat,connected count=3
info|2020-01-06 18:00:01.085681|[g:1][CONSENSUS][SEALER]++++++++++++++++ Generating seal on,blkNum=139,tx=0,nodeIdx=3,hash=a3ad0887...
info|2020-01-06 18:00:01.087387|[g:1][CONSENSUS][PBFT]checkTimeout Succ,view=753,toView=754,nodeIdx=3,changeCycle=0,myNode=d08a18ab...,timecost=0.775
info|2020-01-06 18:00:01.093169|[g:1][CONSENSUS][PBFT]checkAndChangeView: Reach consensus,org_view=753,org_changeCycle=0,cur_changeCycle=0,to_view=754
info|2020-01-06 18:00:02.095728|[g:1][CONSENSUS]addRawPrepare,height=139,reqIdx=0,hash=330dd308...
info|2020-01-06 18:00:02.097291|[g:1][CONSENSUS][PBFT]checkTimeout Succ,view=754,toView=755,nodeIdx=3,changeCycle=0,myNode=d08a18ab...,timecost=0.589
info|2020-01-06 18:00:02.099721|[g:1][CONSENSUS][PBFT]checkAndChangeView: Reach consensus,org_view=754,org_changeCycle=0,cur_changeCycle=0,to_view=755
info|2020-01-06 18:00:03.101914|[g:1][CONSENSUS]addRawPrepare,height=139,reqIdx=1,hash=f7945b2b...
info|2020-01-06 18:00:03.102269|[g:1][CONSENSUS][PBFT]checkTimeout Succ,view=755,toView=756,nodeIdx=3,changeCycle=0,myNode=d08a18ab...,timecost=0.203
info|2020-01-06 18:00:03.103399|[g:1][CONSENSUS][PBFT]checkAndChangeView: Reach consensus,org_view=755,org_changeCycle=0,cur_changeCycle=0,to_view=756
info|2020-01-06 18:00:04.105323|[g:1][CONSENSUS]addRawPrepare,height=139,reqIdx=2,hash=8ff5d095...
info|2020-01-06 18:00:04.106026|[g:1][CONSENSUS][PBFT]checkTimeout Succ,view=756,toView=757,nodeIdx=3,changeCycle=0,myNode=d08a18ab...,timecost=0.499
info|2020-01-06 18:00:04.110333|[g:1][CONSENSUS][PBFT]checkAndChangeView: Reach consensus,org_view=756,org_changeCycle=0,cur_changeCycle=0,to_view=757
info|2020-01-06 18:00:05.111885|[g:1][CONSENSUS][SEALER]++++++++++++++++ Generating seal on,blkNum=139,tx=0,nodeIdx=3,hash=d4a77dd9...
info|2020-01-06 18:00:05.116584|[g:1][CONSENSUS][PBFT]checkTimeout Succ,view=757,toView=758,nodeIdx=3,changeCycle=0,myNode=d08a18ab...,timecost=0.462
info|2020-01-06 18:00:05.117963|[g:1][CONSENSUS][PBFT]checkAndChangeView: Reach consensus,org_view=757,org_changeCycle=0,cur_changeCycle=0,to_view=758
info|2020-01-06 18:00:06.119069|[g:1][CONSENSUS]addRawPrepare,height=139,reqIdx=0,hash=7644b8fb...
info|2020-01-06 18:00:06.119535|[g:1][CONSENSUS][PBFT]checkTimeout Succ,view=758,toView=759,nodeIdx=3,changeCycle=0,myNode=d08a18ab...,timecost=0.348
info|2020-01-06 18:00:06.122498|[g:1][CONSENSUS][PBFT]checkAndChangeView: Reach consensus,org_view=758,org_changeCycle=0,cur_changeCycle=0,to_view=759
info|2020-01-06 18:00:07.124103|[g:1][CONSENSUS]addRawPrepare,height=139,reqIdx=1,hash=3a6c783e...
info|2020-01-06 18:00:07.128021|[g:1][CONSENSUS][PBFT]checkTimeout Succ,view=759,toView=760,nodeIdx=3,changeCycle=0,myNode=d08a18ab...,timecost=1.582
info|2020-01-06 18:00:07.130864|[g:1][CONSENSUS][PBFT]checkAndChangeView: Reach consensus,org_view=759,org_changeCycle=0,cur_changeCycle=0,to_view=760
info|2020-01-06 18:00:08.134089|[g:1][CONSENSUS]addRawPrepare,height=139,reqIdx=2,hash=c92e1a28...
info|2020-01-06 18:00:08.136019|[g:1][CONSENSUS][PBFT]checkTimeout Succ,view=760,toView=761,nodeIdx=3,changeCycle=0,myNode=d08a18ab...,timecost=1.75
info|2020-01-06 18:00:08.137286|[g:1][CONSENSUS][PBFT]checkAndChangeView: Reach consensus,org_view=760,org_changeCycle=0,cur_changeCycle=0,to_view=761
info|2020-01-06 18:00:09.137529|[g:1][CONSENSUS][SEALER]++++++++++++++++ Generating seal on,blkNum=139,tx=0,nodeIdx=3,hash=bc5df8c5...
info|2020-01-06 18:00:09.140567|[g:1][CONSENSUS][PBFT]checkTimeout Succ,view=761,toView=762,nodeIdx=3,changeCycle=0,myNode=d08a18ab...,timecost=1.107
info|2020-01-06 18:00:09.145797|[g:1][CONSENSUS][PBFT]checkAndChangeView: Reach consensus,org_view=761,org_changeCycle=0,cur_changeCycle=0,to_view=762
info|2020-01-06 18:00:10.151977|[g:1][CONSENSUS]addRawPrepare,height=139,reqIdx=0,hash=5c19e8be...
info|2020-01-06 18:00:10.153141|[g:1][CONSENSUS][PBFT]checkTimeout Succ,view=762,toView=763,nodeIdx=3,changeCycle=0,myNode=d08a18ab...,timecost=0.786
info|2020-01-06 18:00:10.155018|[g:1][CONSENSUS][PBFT]checkAndChangeView: Reach consensus,org_view=762,org_changeCycle=0,cur_changeCycle=0,to_view=763
info|2020-01-06 18:00:10.999878|[P2P][Service] heartBeat,connected count=3
info|2020-01-06 18:00:11.156712|[g:1][CONSENSUS]addRawPrepare,height=139,reqIdx=1,hash=cdbc90b5...
info|2020-01-06 18:00:11.160653|[g:1][CONSENSUS][PBFT]checkTimeout Succ,view=763,toView=764,nodeIdx=3,changeCycle=0,myNode=d08a18ab...,timecost=1.87
info|2020-01-06 18:00:11.162979|[g:1][CONSENSUS][PBFT]checkAndChangeView: Reach consensus,org_view=763,org_changeCycle=0,cur_changeCycle=0,to_view=764
info|2020-01-06 18:00:12.164911|[g:1][CONSENSUS]addRawPrepare,height=139,reqIdx=2,hash=ad425173...
info|2020-01-06 18:00:12.166460|[g:1][CONSENSUS][PBFT]checkTimeout Succ,view=764,toView=765,nodeIdx=3,changeCycle=0,myNode=d08a18ab...,timecost=1.192
info|2020-01-06 18:00:12.170102|[g:1][CONSENSUS][PBFT]checkAndChangeView: Reach consensus,org_view=764,org_changeCycle=0,cur_changeCycle=0,to_view=765
info|2020-01-06 18:00:13.171095|[g:1][CONSENSUS][SEALER]++++++++++++++++ Generating seal on,blkNum=139,tx=0,nodeIdx=3,hash=fdd44d1f...
info|2020-01-06 18:00:13.175889|[g:1][CONSENSUS][PBFT]checkTimeout Succ,view=765,toView=766,nodeIdx=3,changeCycle=0,myNode=d08a18ab...,timecost=0.285
info|2020-01-06 18:00:13.176401|[g:1][CONSENSUS][PBFT]checkAndChangeView: Reach consensus,org_view=765,org_changeCycle=0,cur_changeCycle=0,to_view=766
info|2020-01-06 18:00:14.180394|[g:1][CONSENSUS]addRawPrepare,height=139,reqIdx=0,hash=4421168f...
info|2020-01-06 18:00:14.185342|[g:1][CONSENSUS][PBFT]checkTimeout Succ,view=766,toView=767,nodeIdx=3,changeCycle=0,myNode=d08a18ab...,timecost=3.075
info|2020-01-06 18:00:14.187883|[g:1][CONSENSUS][PBFT]checkAndChangeView: Reach consensus,org_view=766,org_changeCycle=0,cur_changeCycle=0,to_view=767
info|2020-01-06 18:00:15.185304|[g:1][CONSENSUS]addRawPrepare,height=139,reqIdx=1,hash=7e10d159...
info|2020-01-06 18:00:15.188403|[g:1][CONSENSUS][PBFT]checkTimeout Succ,view=767,toView=768,nodeIdx=3,changeCycle=0,myNode=d08a18ab...,timecost=0.777
info|2020-01-06 18:00:15.191023|[g:1][CONSENSUS][PBFT]checkAndChangeView: Reach consensus,org_view=767,org_changeCycle=0,cur_changeCycle=0,to_view=768
info|2020-01-06 18:00:16.194479|[g:1][CONSENSUS]addRawPrepare,height=139,reqIdx=2,hash=89c94137...
info|2020-01-06 18:00:16.197176|[g:1][CONSENSUS][PBFT]checkTimeout Succ,view=768,toView=769,nodeIdx=3,changeCycle=0,myNode=d08a18ab...,timecost=1.904
info|2020-01-06 18:00:16.202089|[g:1][CONSENSUS][PBFT]checkAndChangeView: Reach consensus,org_view=768,org_changeCycle=0,cur_changeCycle=0,to_view=769
info|2020-01-06 18:00:17.202906|[g:1][CONSENSUS][SEALER]++++++++++++++++ Generating seal on,blkNum=139,tx=0,nodeIdx=3,hash=1bd70331...
info|2020-01-06 18:00:17.206229|[g:1][CONSENSUS][PBFT]checkTimeout Succ,view=769,toView=770,nodeIdx=3,changeCycle=0,myNode=d08a18ab...,timecost=1.559
info|2020-01-06 18:00:17.215549|[g:1][CONSENSUS][PBFT]checkAndChangeView: Reach consensus,org_view=769,org_changeCycle=0,cur_changeCycle=0,to_view=770
info|2020-01-06 18:00:18.218142|[g:1][CONSENSUS]addRawPrepare,height=139,reqIdx=0,hash=6f91c676...
info|2020-01-06 18:00:18.218742|[g:1][CONSENSUS][PBFT]checkTimeout Succ,view=770,toView=771,nodeIdx=3,changeCycle=0,myNode=d08a18ab...,timecost=0.502
info|2020-01-06 18:00:18.220527|[g:1][CONSENSUS][PBFT]checkAndChangeView: Reach consensus,org_view=770,org_changeCycle=0,cur_changeCycle=0,to_view=771
info|2020-01-06 18:00:19.224429|[g:1][CONSENSUS]addRawPrepare,height=139,reqIdx=1,hash=e9fcf766...
info|2020-01-06 18:00:19.228167|[g:1][CONSENSUS][PBFT]checkTimeout Succ,view=771,toView=772,nodeIdx=3,changeCycle=0,myNode=d08a18ab...,timecost=1.66
info|2020-01-06 18:00:19.231521|[g:1][CONSENSUS][PBFT]checkAndChangeView: Reach consensus,org_view=771,org_changeCycle=0,cur_changeCycle=0,to_view=772
info|2020-01-06 18:00:20.235408|[g:1][CONSENSUS]addRawPrepare,height=139,reqIdx=2,hash=60112e37...
info|2020-01-06 18:00:20.235965|[g:1][CONSENSUS][PBFT]checkTimeout Succ,view=772,toView=773,nodeIdx=3,changeCycle=0,myNode=d08a18ab...,timecost=0.392
info|2020-01-06 18:00:20.237338|[g:1][CONSENSUS][PBFT]checkAndChangeView: Reach consensus,org_view=772,org_changeCycle=0,cur_changeCycle=0,to_view=773
info|2020-01-06 18:00:21.001516|[P2P][Service] heartBeat,connected count=3
info|2020-01-06 18:00:21.237397|[g:1][CONSENSUS][SEALER]++++++++++++++++ Generating seal on,blkNum=139,tx=0,nodeIdx=3,hash=d5dc1f8a...
info|2020-01-06 18:00:21.240450|[g:1][CONSENSUS][PBFT]checkTimeout Succ,view=773,toView=774,nodeIdx=3,changeCycle=0,myNode=d08a18ab...,timecost=0.261
info|2020-01-06 18:00:21.240952|[g:1][CONSENSUS][PBFT]checkAndChangeView: Reach consensus,org_view=773,org_changeCycle=0,cur_changeCycle=0,to_view=774
info|2020-01-06 18:00:22.244141|[g:1][CONSENSUS]addRawPrepare,height=139,reqIdx=0,hash=0b4082ba...
info|2020-01-06 18:00:22.247313|[g:1][CONSENSUS][PBFT]checkTimeout Succ,view=774,toView=775,nodeIdx=3,changeCycle=0,myNode=d08a18ab...,timecost=2.805
info|2020-01-06 18:00:22.250781|[g:1][CONSENSUS][PBFT]checkAndChangeView: Reach consensus,org_view=774,org_changeCycle=0,cur_changeCycle=0,to_view=775
info|2020-01-06 18:00:23.254515|[g:1][CONSENSUS]addRawPrepare,height=139,reqIdx=1,hash=a1d93cfa...
info|2020-01-06 18:00:23.255142|[g:1][CONSENSUS][PBFT]checkTimeout Succ,view=775,toView=776,nodeIdx=3,changeCycle=0,myNode=d08a18ab...,timecost=0.316
info|2020-01-06 18:00:23.257184|[g:1][CONSENSUS][PBFT]checkAndChangeView: Reach consensus,org_view=775,org_changeCycle=0,cur_changeCycle=0,to_view=776
info|2020-01-06 18:00:24.262619|[g:1][CONSENSUS]addRawPrepare,height=139,reqIdx=2,hash=30bdc756...
info|2020-01-06 18:00:24.266756|[g:1][CONSENSUS][PBFT]checkTimeout Succ,view=776,toView=777,nodeIdx=3,changeCycle=0,myNode=d08a18ab...,timecost=0.541
info|2020-01-06 18:00:24.270291|[g:1][CONSENSUS][PBFT]checkAndChangeView: Reach consensus,org_view=776,org_changeCycle=0,cur_changeCycle=0,to_view=777
info|2020-01-06 18:00:25.271230|[g:1][CONSENSUS][SEALER]++++++++++++++++ Generating seal on,blkNum=139,tx=0,nodeIdx=3,hash=184f65e9...
info|2020-01-06 18:00:25.271915|[g:1][CONSENSUS][PBFT]checkTimeout Succ,view=777,toView=778,nodeIdx=3,changeCycle=0,myNode=d08a18ab...,timecost=0.344
info|2020-01-06 18:00:25.274496|[g:1][CONSENSUS][PBFT]checkAndChangeView: Reach consensus,org_view=777,org_changeCycle=0,cur_changeCycle=0,to_view=778
info|2020-01-06 18:00:26.277326|[g:1][CONSENSUS]addRawPrepare,height=139,reqIdx=0,hash=70513f9b...
info|2020-01-06 18:00:26.279060|[g:1][CONSENSUS][PBFT]checkTimeout Succ,view=778,toView=779,nodeIdx=3,changeCycle=0,myNode=d08a18ab...,timecost=1.092
info|2020-01-06 18:00:26.281117|[g:1][CONSENSUS][PBFT]checkAndChangeView: Reach consensus,org_view=778,org_changeCycle=0,cur_changeCycle=0,to_view=779
info|2020-01-06 18:00:27.283247|[g:1][CONSENSUS]addRawPrepare,height=139,reqIdx=1,hash=76a77589...
info|2020-01-06 18:00:27.283957|[g:1][CONSENSUS][PBFT]checkTimeout Succ,view=779,toView=780,nodeIdx=3,changeCycle=0,myNode=d08a18ab...,timecost=0.501
info|2020-01-06 18:00:27.285667|[g:1][CONSENSUS][PBFT]checkAndChangeView: Reach consensus,org_view=779,org_changeCycle=0,cur_changeCycle=0,to_view=780
info|2020-01-06 18:00:28.287808|[g:1][CONSENSUS]addRawPrepare,height=139,reqIdx=2,hash=660631a0...
info|2020-01-06 18:00:28.289261|[g:1][CONSENSUS][PBFT]checkTimeout Succ,view=780,toView=781,nodeIdx=3,changeCycle=0,myNode=d08a18ab...,timecost=0.957
info|2020-01-06 18:00:28.290563|[g:1][CONSENSUS][PBFT]checkAndChangeView: Reach consensus,org_view=780,org_changeCycle=0,cur_changeCycle=0,to_view=781
info|2020-01-06 18:00:29.290512|[g:1][CONSENSUS][SEALER]++++++++++++++++ Generating seal on,blkNum=139,tx=0,nodeIdx=3,hash=4786da50...
info|2020-01-06 18:00:29.295742|[g:1][CONSENSUS][PBFT]checkTimeout Succ,view=781,toView=782,nodeIdx=3,changeCycle=0,myNode=d08a18ab...,timecost=0.913
info|2020-01-06 18:00:29.297780|[g:1][CONSENSUS][PBFT]checkAndChangeView: Reach consensus,org_view=781,org_changeCycle=0,cur_changeCycle=0,to_view=782
info|2020-01-06 18:00:30.300746|[g:1][CONSENSUS]addRawPrepare,height=139,reqIdx=0,hash=ba677f9f...
info|2020-01-06 18:00:30.302825|[g:1][CONSENSUS][PBFT]checkTimeout Succ,view=782,toView=783,nodeIdx=3,changeCycle=0,myNode=d08a18ab...,timecost=1.517
info|2020-01-06 18:00:30.309152|[g:1][CONSENSUS][PBFT]checkAndChangeView: Reach consensus,org_view=782,org_changeCycle=0,cur_changeCycle=0,to_view=783
info|2020-01-06 18:00:31.002613|[P2P][Service] heartBeat,connected count=3
info|2020-01-06 18:00:31.306011|[g:1][CONSENSUS]addRawPrepare,height=139,reqIdx=1,hash=2b10070e...
info|2020-01-06 18:00:31.306890|[g:1][CONSENSUS][PBFT]checkTimeout Succ,view=783,toView=784,nodeIdx=3,changeCycle=0,myNode=d08a18ab...,timecost=0.632
info|2020-01-06 18:00:31.308668|[g:1][CONSENSUS][PBFT]checkAndChangeView: Reach consensus,org_view=783,org_changeCycle=0,cur_changeCycle=0,to_view=784
info|2020-01-06 18:00:32.313546|[g:1][CONSENSUS]addRawPrepare,height=139,reqIdx=2,hash=5c28da54...
info|2020-01-06 18:00:32.314149|[g:1][CONSENSUS][PBFT]checkTimeout Succ,view=784,toView=785,nodeIdx=3,changeCycle=0,myNode=d08a18ab...,timecost=0.422
info|2020-01-06 18:00:32.315490|[g:1][CONSENSUS][PBFT]checkAndChangeView: Reach consensus,org_view=784,org_changeCycle=0,cur_changeCycle=0,to_view=785
info|2020-01-06 18:00:33.316126|[g:1][CONSENSUS][SEALER]++++++++++++++++ Generating seal on,blkNum=139,tx=0,nodeIdx=3,hash=848251eb...
info|2020-01-06 18:00:33.319502|[g:1][CONSENSUS][PBFT]checkTimeout Succ,view=785,toView=786,nodeIdx=3,changeCycle=0,myNode=d08a18ab...,timecost=0.516
info|2020-01-06 18:00:33.322954|[g:1][CONSENSUS][PBFT]checkAndChangeView: Reach consensus,org_view=785,org_changeCycle=0,cur_changeCycle=0,to_view=786
info|2020-01-06 18:00:34.324623|[g:1][CONSENSUS]addRawPrepare,height=139,reqIdx=0,hash=ff811cde...
info|2020-01-06 18:00:34.325074|[g:1][CONSENSUS][PBFT]checkTimeout Succ,view=786,toView=787,nodeIdx=3,changeCycle=0,myNode=d08a18ab...,timecost=0.291
info|2020-01-06 18:00:34.326757|[g:1][CONSENSUS][PBFT]checkAndChangeView: Reach consensus,org_view=786,org_changeCycle=0,cur_changeCycle=0,to_view=787
info|2020-01-06 18:00:35.328978|[g:1][CONSENSUS]addRawPrepare,height=139,reqIdx=1,hash=d1784013...
info|2020-01-06 18:00:35.329754|[g:1][CONSENSUS][PBFT]checkTimeout Succ,view=787,toView=788,nodeIdx=3,changeCycle=0,myNode=d08a18ab...,timecost=0.526
info|2020-01-06 18:00:35.331503|[g:1][CONSENSUS][PBFT]checkAndChangeView: Reach consensus,org_view=787,org_changeCycle=0,cur_changeCycle=0,to_view=788
info|2020-01-06 18:00:36.333826|[g:1][CONSENSUS]addRawPrepare,height=139,reqIdx=2,hash=fe32eb31...
info|2020-01-06 18:00:36.337794|[g:1][CONSENSUS][PBFT]checkTimeout Succ,view=788,toView=789,nodeIdx=3,changeCycle=0,myNode=d08a18ab...,timecost=3.228
info|2020-01-06 18:00:36.341754|[g:1][CONSENSUS][PBFT]checkAndChangeView: Reach consensus,org_view=788,org_changeCycle=0,cur_changeCycle=0,to_view=789
info|2020-01-06 18:00:37.342340|[g:1][CONSENSUS][SEALER]++++++++++++++++ Generating seal on,blkNum=139,tx=0,nodeIdx=3,hash=f5ea905d...
info|2020-01-06 18:00:37.344939|[g:1][CONSENSUS][PBFT]checkTimeout Succ,view=789,toView=790,nodeIdx=3,changeCycle=0,myNode=d08a18ab...,timecost=0.275
info|2020-01-06 18:00:37.345264|[g:1][CONSENSUS][PBFT]checkAndChangeView: Reach consensus,org_view=789,org_changeCycle=0,cur_changeCycle=0,to_view=790
info|2020-01-06 18:00:38.348599|[g:1][CONSENSUS]addRawPrepare,height=139,reqIdx=0,hash=fddd79da...
info|2020-01-06 18:00:38.349053|[g:1][CONSENSUS][PBFT]checkTimeout Succ,view=790,toView=791,nodeIdx=3,changeCycle=0,myNode=d08a18ab...,timecost=0.334
info|2020-01-06 18:00:38.350562|[g:1][CONSENSUS][PBFT]checkAndChangeView: Reach consensus,org_view=790,org_changeCycle=0,cur_changeCycle=0,to_view=791
info|2020-01-06 18:00:39.351613|[g:1][CONSENSUS]addRawPrepare,height=139,reqIdx=1,hash=6fccc0e2...
info|2020-01-06 18:00:39.351914|[g:1][CONSENSUS][PBFT]checkTimeout Succ,view=791,toView=792,nodeIdx=3,changeCycle=0,myNode=d08a18ab...,timecost=0.229
info|2020-01-06 18:00:39.354785|[g:1][CONSENSUS][PBFT]checkAndChangeView: Reach consensus,org_view=791,org_changeCycle=0,cur_changeCycle=0,to_view=792
info|2020-01-06 18:00:40.354975|[g:1][CONSENSUS]addRawPrepare,height=139,reqIdx=2,hash=f574a7bc...
info|2020-01-06 18:00:40.355482|[g:1][CONSENSUS][PBFT]checkTimeout Succ,view=792,toView=793,nodeIdx=3,changeCycle=0,myNode=d08a18ab...,timecost=0.373
info|2020-01-06 18:00:40.358367|[g:1][CONSENSUS][PBFT]checkAndChangeView: Reach consensus,org_view=792,org_changeCycle=0,cur_changeCycle=0,to_view=793
info|2020-01-06 18:00:41.003422|[P2P][Service] heartBeat,connected count=3
info|2020-01-06 18:00:41.358177|[g:1][CONSENSUS][SEALER]++++++++++++++++ Generating seal on,blkNum=139,tx=0,nodeIdx=3,hash=2b75ea62...
info|2020-01-06 18:00:41.360098|[g:1][CONSENSUS][PBFT]checkTimeout Succ,view=793,toView=794,nodeIdx=3,changeCycle=0,myNode=d08a18ab...,timecost=0.434
info|2020-01-06 18:00:41.361028|[g:1][CONSENSUS][PBFT]checkAndChangeView: Reach consensus,org_view=793,org_changeCycle=0,cur_changeCycle=0,to_view=794
info|2020-01-06 18:00:42.363789|[g:1][CONSENSUS]addRawPrepare,height=139,reqIdx=0,hash=7ebf3a35...
info|2020-01-06 18:00:42.364502|[g:1][CONSENSUS][PBFT]checkTimeout Succ,view=794,toView=795,nodeIdx=3,changeCycle=0,myNode=d08a18ab...,timecost=0.587
info|2020-01-06 18:00:42.365841|[g:1][CONSENSUS][PBFT]checkAndChangeView: Reach consensus,org_view=794,org_changeCycle=0,cur_changeCycle=0,to_view=795
info|2020-01-06 18:00:43.371862|[g:1][CONSENSUS]addRawPrepare,height=139,reqIdx=1,hash=0a16f8c0...
info|2020-01-06 18:00:43.372228|[g:1][CONSENSUS][PBFT]checkTimeout Succ,view=795,toView=796,nodeIdx=3,changeCycle=0,myNode=d08a18ab...,timecost=0.248
info|2020-01-06 18:00:43.372569|[g:1][CONSENSUS][PBFT]checkAndChangeView: Reach consensus,org_view=795,org_changeCycle=0,cur_changeCycle=0,to_view=796
info|2020-01-06 18:00:44.375249|[g:1][CONSENSUS]addRawPrepare,height=139,reqIdx=2,hash=bc8112ed...
info|2020-01-06 18:00:44.375707|[g:1][CONSENSUS][PBFT]checkTimeout Succ,view=796,toView=797,nodeIdx=3,changeCycle=0,myNode=d08a18ab...,timecost=0.323
info|2020-01-06 18:00:44.377394|[g:1][CONSENSUS][PBFT]checkAndChangeView: Reach consensus,org_view=796,org_changeCycle=0,cur_changeCycle=0,to_view=797
info|2020-01-06 18:00:45.378038|[g:1][CONSENSUS][SEALER]++++++++++++++++ Generating seal on,blkNum=139,tx=0,nodeIdx=3,hash=1c3f73ed...
info|2020-01-06 18:00:45.379963|[g:1][CONSENSUS][PBFT]checkTimeout Succ,view=797,toView=798,nodeIdx=3,changeCycle=0,myNode=d08a18ab...,timecost=1.05
info|2020-01-06 18:00:45.386695|[g:1][CONSENSUS][PBFT]checkAndChangeView: Reach consensus,org_view=797,org_changeCycle=0,cur_changeCycle=0,to_view=798
info|2020-01-06 18:00:46.389924|[g:1][CONSENSUS]addRawPrepare,height=139,reqIdx=0,hash=3d111de1...
info|2020-01-06 18:00:46.390881|[g:1][CONSENSUS][PBFT]checkTimeout Succ,view=798,toView=799,nodeIdx=3,changeCycle=0,myNode=d08a18ab...,timecost=0.678
info|2020-01-06 18:00:46.392377|[g:1][CONSENSUS][PBFT]checkAndChangeView: Reach consensus,org_view=798,org_changeCycle=0,cur_changeCycle=0,to_view=799
info|2020-01-06 18:00:47.395770|[g:1][CONSENSUS]addRawPrepare,height=139,reqIdx=1,hash=44e8a858...
info|2020-01-06 18:00:47.396682|[g:1][CONSENSUS][PBFT]checkTimeout Succ,view=799,toView=800,nodeIdx=3,changeCycle=0,myNode=d08a18ab...,timecost=0.661
info|2020-01-06 18:00:47.398708|[g:1][CONSENSUS][PBFT]checkAndChangeView: Reach consensus,org_view=799,org_changeCycle=0,cur_changeCycle=0,to_view=800
info|2020-01-06 18:00:48.399906|[g:1][CONSENSUS]addRawPrepare,height=139,reqIdx=2,hash=dce2cb32...
info|2020-01-06 18:00:48.400283|[g:1][CONSENSUS][PBFT]checkTimeout Succ,view=800,toView=801,nodeIdx=3,changeCycle=0,myNode=d08a18ab...,timecost=0.249
info|2020-01-06 18:00:48.402700|[g:1][CONSENSUS][PBFT]checkAndChangeView: Reach consensus,org_view=800,org_changeCycle=0,cur_changeCycle=0,to_view=801
info|2020-01-06 18:00:49.402472|[g:1][CONSENSUS][SEALER]++++++++++++++++ Generating seal on,blkNum=139,tx=0,nodeIdx=3,hash=7aa5b0f2...
info|2020-01-06 18:00:49.409218|[g:1][CONSENSUS][PBFT]checkTimeout Succ,view=801,toView=802,nodeIdx=3,changeCycle=0,myNode=d08a18ab...,timecost=0.801
info|2020-01-06 18:00:49.411269|[g:1][CONSENSUS][PBFT]checkAndChangeView: Reach consensus,org_view=801,org_changeCycle=0,cur_changeCycle=0,to_view=802
info|2020-01-06 18:00:50.414954|[g:1][CONSENSUS]addRawPrepare,height=139,reqIdx=0,hash=ace3c310...
info|2020-01-06 18:00:50.415786|[g:1][CONSENSUS][PBFT]checkTimeout Succ,view=802,toView=803,nodeIdx=3,changeCycle=0,myNode=d08a18ab...,timecost=0.778
info|2020-01-06 18:00:50.417855|[g:1][CONSENSUS][PBFT]checkAndChangeView: Reach consensus,org_view=802,org_changeCycle=0,cur_changeCycle=0,to_view=803
info|2020-01-06 18:00:51.003993|[P2P][Service] heartBeat,connected count=3
info|2020-01-06 18:00:51.419862|[g:1][CONSENSUS]addRawPrepare,height=139,reqIdx=1,hash=ea8073ad...
info|2020-01-06 18:00:51.420308|[g:1][CONSENSUS][PBFT]checkTimeout Succ,view=803,toView=804,nodeIdx=3,changeCycle=0,myNode=d08a18ab...,timecost=0.351
info|2020-01-06 18:00:51.422113|[g:1][CONSENSUS][PBFT]checkAndChangeView: Reach consensus,org_view=803,org_changeCycle=0,cur_changeCycle=0,to_view=804
info|2020-01-06 18:00:52.424669|[g:1][CONSENSUS]addRawPrepare,height=139,reqIdx=2,hash=36ac4d65...
info|2020-01-06 18:00:52.425445|[g:1][CONSENSUS][PBFT]checkTimeout Succ,view=804,toView=805,nodeIdx=3,changeCycle=0,myNode=d08a18ab...,timecost=0.597
info|2020-01-06 18:00:52.431077|[g:1][CONSENSUS][PBFT]checkAndChangeView: Reach consensus,org_view=804,org_changeCycle=0,cur_changeCycle=0,to_view=805
info|2020-01-06 18:00:53.432208|[g:1][CONSENSUS][SEALER]++++++++++++++++ Generating seal on,blkNum=139,tx=0,nodeIdx=3,hash=dcb7de04...
info|2020-01-06 18:00:53.436342|[g:1][CONSENSUS][PBFT]checkTimeout Succ,view=805,toView=806,nodeIdx=3,changeCycle=0,myNode=d08a18ab...,timecost=3.057
info|2020-01-06 18:00:53.438040|[g:1][CONSENSUS][PBFT]checkAndChangeView: Reach consensus,org_view=805,org_changeCycle=0,cur_changeCycle=0,to_view=806
info|2020-01-06 18:00:54.444500|[g:1][CONSENSUS]addRawPrepare,height=139,reqIdx=0,hash=a82226e6...
info|2020-01-06 18:00:54.446397|[g:1][CONSENSUS][PBFT]checkTimeout Succ,view=806,toView=807,nodeIdx=3,changeCycle=0,myNode=d08a18ab...,timecost=1.104
info|2020-01-06 18:00:54.448947|[g:1][CONSENSUS][PBFT]checkAndChangeView: Reach consensus,org_view=806,org_changeCycle=0,cur_changeCycle=0,to_view=807
info|2020-01-06 18:00:55.451413|[g:1][CONSENSUS]addRawPrepare,height=139,reqIdx=1,hash=dfd9c0dd...
info|2020-01-06 18:00:55.451994|[g:1][CONSENSUS][PBFT]checkTimeout Succ,view=807,toView=808,nodeIdx=3,changeCycle=0,myNode=d08a18ab...,timecost=0.423
info|2020-01-06 18:00:55.453723|[g:1][CONSENSUS][PBFT]checkAndChangeView: Reach consensus,org_view=807,org_changeCycle=0,cur_changeCycle=0,to_view=808
info|2020-01-06 18:00:56.460704|[g:1][CONSENSUS]addRawPrepare,height=139,reqIdx=2,hash=172fa8cc...
info|2020-01-06 18:00:56.463083|[g:1][CONSENSUS][PBFT]checkTimeout Succ,view=808,toView=809,nodeIdx=3,changeCycle=0,myNode=d08a18ab...,timecost=1.991
info|2020-01-06 18:00:56.466780|[g:1][CONSENSUS][PBFT]checkAndChangeView: Reach consensus,org_view=808,org_changeCycle=0,cur_changeCycle=0,to_view=809
info|2020-01-06 18:00:57.468006|[g:1][CONSENSUS][SEALER]++++++++++++++++ Generating seal on,blkNum=139,tx=0,nodeIdx=3,hash=0d874d65...
info|2020-01-06 18:00:57.471422|[g:1][CONSENSUS][PBFT]checkTimeout Succ,view=809,toView=810,nodeIdx=3,changeCycle=0,myNode=d08a18ab...,timecost=0.386
info|2020-01-06 18:00:57.473334|[g:1][CONSENSUS][PBFT]checkAndChangeView: Reach consensus,org_view=809,org_changeCycle=0,cur_changeCycle=0,to_view=810
info|2020-01-06 18:00:58.474052|[g:1][CONSENSUS]addRawPrepare,height=139,reqIdx=0,hash=5b072d19...
info|2020-01-06 18:00:58.474792|[g:1][CONSENSUS][PBFT]checkTimeout Succ,view=810,toView=811,nodeIdx=3,changeCycle=0,myNode=d08a18ab...,timecost=0.634
info|2020-01-06 18:00:58.475719|[g:1][CONSENSUS][PBFT]checkAndChangeView: Reach consensus,org_view=810,org_changeCycle=0,cur_changeCycle=0,to_view=811
info|2020-01-06 18:00:59.481578|[g:1][CONSENSUS]addRawPrepare,height=139,reqIdx=1,hash=11f3b467...
info|2020-01-06 18:00:59.482271|[g:1][CONSENSUS][PBFT]checkTimeout Succ,view=811,toView=812,nodeIdx=3,changeCycle=0,myNode=d08a18ab...,timecost=0.467
info|2020-01-06 18:00:59.483904|[g:1][CONSENSUS][PBFT]checkAndChangeView: Reach consensus,org_view=811,org_changeCycle=0,cur_changeCycle=0,to_view=812
info|2020-01-06 18:01:00.486755|[g:1][CONSENSUS]addRawPrepare,height=139,reqIdx=2,hash=29093cae...
info|2020-01-06 18:01:00.487087|[g:1][CONSENSUS][PBFT]checkTimeout Succ,view=812,toView=813,nodeIdx=3,changeCycle=0,myNode=d08a18ab...,timecost=0.239
info|2020-01-06 18:01:00.488424|[g:1][CONSENSUS][PBFT]checkAndChangeView: Reach consensus,org_view=812,org_changeCycle=0,cur_changeCycle=0,to_view=813
info|2020-01-06 18:01:01.005334|[P2P][Service] heartBeat,connected count=3
info|2020-01-06 18:01:01.488548|[g:1][CONSENSUS][SEALER]++++++++++++++++ Generating seal on,blkNum=139,tx=0,nodeIdx=3,hash=14d9fac3...
info|2020-01-06 18:01:01.489751|[g:1][CONSENSUS][PBFT]checkTimeout Succ,view=813,toView=814,nodeIdx=3,changeCycle=0,myNode=d08a18ab...,timecost=0.829
info|2020-01-06 18:01:01.492679|[g:1][CONSENSUS][PBFT]checkAndChangeView: Reach consensus,org_view=813,org_changeCycle=0,cur_changeCycle=0,to_view=814
info|2020-01-06 18:01:02.494970|[g:1][CONSENSUS]addRawPrepare,height=139,reqIdx=0,hash=8aa30acd...
info|2020-01-06 18:01:02.495886|[g:1][CONSENSUS][PBFT]checkTimeout Succ,view=814,toView=815,nodeIdx=3,changeCycle=0,myNode=d08a18ab...,timecost=0.42
info|2020-01-06 18:01:02.498426|[g:1][CONSENSUS][PBFT]checkAndChangeView: Reach consensus,org_view=814,org_changeCycle=0,cur_changeCycle=0,to_view=815
info|2020-01-06 18:01:03.498813|[g:1][CONSENSUS]addRawPrepare,height=139,reqIdx=1,hash=2f288327...
info|2020-01-06 18:01:03.500084|[g:1][CONSENSUS][PBFT]checkTimeout Succ,view=815,toView=816,nodeIdx=3,changeCycle=0,myNode=d08a18ab...,timecost=0.947
info|2020-01-06 18:01:03.501196|[g:1][CONSENSUS][PBFT]checkAndChangeView: Reach consensus,org_view=815,org_changeCycle=0,cur_changeCycle=0,to_view=816
info|2020-01-06 18:01:04.505050|[g:1][CONSENSUS]addRawPrepare,height=139,reqIdx=2,hash=e58a8547...
info|2020-01-06 18:01:04.505554|[g:1][CONSENSUS][PBFT]checkTimeout Succ,view=816,toView=817,nodeIdx=3,changeCycle=0,myNode=d08a18ab...,timecost=0.374
info|2020-01-06 18:01:04.507702|[g:1][CONSENSUS][PBFT]checkAndChangeView: Reach consensus,org_view=816,org_changeCycle=0,cur_changeCycle=0,to_view=817
info|2020-01-06 18:01:05.508780|[g:1][CONSENSUS][SEALER]++++++++++++++++ Generating seal on,blkNum=139,tx=0,nodeIdx=3,hash=04a7d685...
info|2020-01-06 18:01:05.510977|[g:1][CONSENSUS][PBFT]checkTimeout Succ,view=817,toView=818,nodeIdx=3,changeCycle=0,myNode=d08a18ab...,timecost=0.204
info|2020-01-06 18:01:05.511269|[g:1][CONSENSUS][PBFT]checkAndChangeView: Reach consensus,org_view=817,org_changeCycle=0,cur_changeCycle=0,to_view=818
info|2020-01-06 18:01:06.516379|[g:1][CONSENSUS]addRawPrepare,height=139,reqIdx=0,hash=fe055e05...
info|2020-01-06 18:01:06.516648|[g:1][CONSENSUS][PBFT]checkTimeout Succ,view=818,toView=819,nodeIdx=3,changeCycle=0,myNode=d08a18ab...,timecost=0.187
info|2020-01-06 18:01:06.517209|[g:1][CONSENSUS][PBFT]checkAndChangeView: Reach consensus,org_view=818,org_changeCycle=0,cur_changeCycle=0,to_view=819
info|2020-01-06 18:01:07.518838|[g:1][CONSENSUS]addRawPrepare,height=139,reqIdx=1,hash=f0ed95a0...
info|2020-01-06 18:01:07.520791|[g:1][CONSENSUS][PBFT]checkTimeout Succ,view=819,toView=820,nodeIdx=3,changeCycle=0,myNode=d08a18ab...,timecost=0.218
info|2020-01-06 18:01:07.523272|[g:1][CONSENSUS][PBFT]checkAndChangeView: Reach consensus,org_view=819,org_changeCycle=0,cur_changeCycle=0,to_view=820
info|2020-01-06 18:01:08.523893|[g:1][CONSENSUS]addRawPrepare,height=139,reqIdx=2,hash=18fc5546...
info|2020-01-06 18:01:08.524347|[g:1][CONSENSUS][PBFT]checkTimeout Succ,view=820,toView=821,nodeIdx=3,changeCycle=0,myNode=d08a18ab...,timecost=0.314
info|2020-01-06 18:01:08.526895|[g:1][CONSENSUS][PBFT]checkAndChangeView: Reach consensus,org_view=820,org_changeCycle=0,cur_changeCycle=0,to_view=821
info|2020-01-06 18:01:09.527286|[g:1][CONSENSUS][SEALER]++++++++++++++++ Generating seal on,blkNum=139,tx=0,nodeIdx=3,hash=30f58009...
info|2020-01-06 18:01:09.532292|[g:1][CONSENSUS][PBFT]checkTimeout Succ,view=821,toView=822,nodeIdx=3,changeCycle=0,myNode=d08a18ab...,timecost=0.354
info|2020-01-06 18:01:09.536522|[g:1][CONSENSUS][PBFT]checkAndChangeView: Reach consensus,org_view=821,org_changeCycle=0,cur_changeCycle=0,to_view=822
info|2020-01-06 18:01:10.536483|[g:1][CONSENSUS]addRawPrepare,height=139,reqIdx=0,hash=6a28e620...
info|2020-01-06 18:01:10.536792|[g:1][CONSENSUS][PBFT]checkTimeout Succ,view=822,toView=823,nodeIdx=3,changeCycle=0,myNode=d08a18ab...,timecost=0.225
info|2020-01-06 18:01:10.539340|[g:1][CONSENSUS][PBFT]checkAndChangeView: Reach consensus,org_view=822,org_changeCycle=0,cur_changeCycle=0,to_view=823
info|2020-01-06 18:01:11.005685|[P2P][Service] heartBeat,connected count=3
info|2020-01-06 18:01:11.539485|[g:1][CONSENSUS]addRawPrepare,height=139,reqIdx=1,hash=66cdb6e8...
info|2020-01-06 18:01:11.539855|[g:1][CONSENSUS][PBFT]checkTimeout Succ,view=823,toView=824,nodeIdx=3,changeCycle=0,myNode=d08a18ab...,timecost=0.256
info|2020-01-06 18:01:11.542691|[g:1][CONSENSUS][PBFT]checkAndChangeView: Reach consensus,org_view=823,org_changeCycle=0,cur_changeCycle=0,to_view=824
info|2020-01-06 18:01:12.544692|[g:1][CONSENSUS]addRawPrepare,height=139,reqIdx=2,hash=a65433e2...
info|2020-01-06 18:01:12.545537|[g:1][CONSENSUS][PBFT]checkTimeout Succ,view=824,toView=825,nodeIdx=3,changeCycle=0,myNode=d08a18ab...,timecost=0.559
info|2020-01-06 18:01:12.551143|[g:1][CONSENSUS][PBFT]checkAndChangeView: Reach consensus,org_view=824,org_changeCycle=0,cur_changeCycle=0,to_view=825
info|2020-01-06 18:01:13.552223|[g:1][CONSENSUS][SEALER]++++++++++++++++ Generating seal on,blkNum=139,tx=0,nodeIdx=3,hash=6ef1d7d4...
info|2020-01-06 18:01:13.555988|[g:1][CONSENSUS][PBFT]checkTimeout Succ,view=825,toView=826,nodeIdx=3,changeCycle=0,myNode=d08a18ab...,timecost=0.268
info|2020-01-06 18:01:13.556742|[g:1][CONSENSUS][PBFT]checkAndChangeView: Reach consensus,org_view=825,org_changeCycle=0,cur_changeCycle=0,to_view=826
info|2020-01-06 18:01:14.558454|[g:1][CONSENSUS]addRawPrepare,height=139,reqIdx=0,hash=1a0343cb...
info|2020-01-06 18:01:14.558786|[g:1][CONSENSUS][PBFT]checkTimeout Succ,view=826,toView=827,nodeIdx=3,changeCycle=0,myNode=d08a18ab...,timecost=0.219
info|2020-01-06 18:01:14.560809|[g:1][CONSENSUS][PBFT]checkAndChangeView: Reach consensus,org_view=826,org_changeCycle=0,cur_changeCycle=0,to_view=827
info|2020-01-06 18:01:15.563378|[g:1][CONSENSUS]addRawPrepare,height=139,reqIdx=1,hash=49fba58a...
info|2020-01-06 18:01:15.563712|[g:1][CONSENSUS][PBFT]checkTimeout Succ,view=827,toView=828,nodeIdx=3,changeCycle=0,myNode=d08a18ab...,timecost=0.234
info|2020-01-06 18:01:15.564908|[g:1][CONSENSUS][PBFT]checkAndChangeView: Reach consensus,org_view=827,org_changeCycle=0,cur_changeCycle=0,to_view=828
info|2020-01-06 18:01:16.571335|[g:1][CONSENSUS]addRawPrepare,height=139,reqIdx=2,hash=619d326c...
info|2020-01-06 18:01:16.573449|[g:1][CONSENSUS][PBFT]checkTimeout Succ,view=828,toView=829,nodeIdx=3,changeCycle=0,myNode=d08a18ab...,timecost=1.342
info|2020-01-06 18:01:16.584912|[g:1][CONSENSUS][PBFT]checkAndChangeView: Reach consensus,org_view=828,org_changeCycle=0,cur_changeCycle=0,to_view=829
info|2020-01-06 18:01:17.586299|[g:1][CONSENSUS][SEALER]++++++++++++++++ Generating seal on,blkNum=139,tx=0,nodeIdx=3,hash=6579271c...
info|2020-01-06 18:01:17.586931|[g:1][CONSENSUS][PBFT]checkTimeout Succ,view=829,toView=830,nodeIdx=3,changeCycle=0,myNode=d08a18ab...,timecost=0.239
info|2020-01-06 18:01:17.588764|[g:1][CONSENSUS][PBFT]checkAndChangeView: Reach consensus,org_view=829,org_changeCycle=0,cur_changeCycle=0,to_view=830
info|2020-01-06 18:01:18.590944|[g:1][CONSENSUS]addRawPrepare,height=139,reqIdx=0,hash=cb1cc2df...
info|2020-01-06 18:01:18.591295|[g:1][CONSENSUS][PBFT]checkTimeout Succ,view=830,toView=831,nodeIdx=3,changeCycle=0,myNode=d08a18ab...,timecost=0.247
info|2020-01-06 18:01:18.594816|[g:1][CONSENSUS][PBFT]checkAndChangeView: Reach consensus,org_view=830,org_changeCycle=0,cur_changeCycle=0,to_view=831
info|2020-01-06 18:01:19.598825|[g:1][CONSENSUS]addRawPrepare,height=139,reqIdx=1,hash=7624cc29...
info|2020-01-06 18:01:19.599103|[g:1][CONSENSUS][PBFT]checkTimeout Succ,view=831,toView=832,nodeIdx=3,changeCycle=0,myNode=d08a18ab...,timecost=0.188
info|2020-01-06 18:01:19.599780|[g:1][CONSENSUS][PBFT]checkAndChangeView: Reach consensus,org_view=831,org_changeCycle=0,cur_changeCycle=0,to_view=832
info|2020-01-06 18:01:20.603121|[g:1][CONSENSUS]addRawPrepare,height=139,reqIdx=2,hash=5be75980...
info|2020-01-06 18:01:20.603676|[g:1][CONSENSUS][PBFT]checkTimeout Succ,view=832,toView=833,nodeIdx=3,changeCycle=0,myNode=d08a18ab...,timecost=0.391
info|2020-01-06 18:01:20.606815|[g:1][CONSENSUS][PBFT]checkAndChangeView: Reach consensus,org_view=832,org_changeCycle=0,cur_changeCycle=0,to_view=833
info|2020-01-06 18:01:21.005850|[P2P][Service] heartBeat,connected count=3
info|2020-01-06 18:01:21.606604|[g:1][CONSENSUS][SEALER]++++++++++++++++ Generating seal on,blkNum=139,tx=0,nodeIdx=3,hash=d27fda3c...
info|2020-01-06 18:01:21.609138|[g:1][CONSENSUS][PBFT]checkTimeout Succ,view=833,toView=834,nodeIdx=3,changeCycle=0,myNode=d08a18ab...,timecost=0.329
info|2020-01-06 18:01:21.610276|[g:1][CONSENSUS][PBFT]checkAndChangeView: Reach consensus,org_view=833,org_changeCycle=0,cur_changeCycle=0,to_view=834
info|2020-01-06 18:01:22.614347|[g:1][CONSENSUS]addRawPrepare,height=139,reqIdx=0,hash=11574846...
info|2020-01-06 18:01:22.615824|[g:1][CONSENSUS][PBFT]checkTimeout Succ,view=834,toView=835,nodeIdx=3,changeCycle=0,myNode=d08a18ab...,timecost=1.011
info|2020-01-06 18:01:22.619141|[g:1][CONSENSUS][PBFT]checkAndChangeView: Reach consensus,org_view=834,org_changeCycle=0,cur_changeCycle=0,to_view=835
info|2020-01-06 18:01:23.622867|[g:1][CONSENSUS]addRawPrepare,height=139,reqIdx=1,hash=353f095f...
info|2020-01-06 18:01:23.623189|[g:1][CONSENSUS][PBFT]checkTimeout Succ,view=835,toView=836,nodeIdx=3,changeCycle=0,myNode=d08a18ab...,timecost=0.228
info|2020-01-06 18:01:23.624822|[g:1][CONSENSUS][PBFT]checkAndChangeView: Reach consensus,org_view=835,org_changeCycle=0,cur_changeCycle=0,to_view=836
info|2020-01-06 18:01:24.626423|[g:1][CONSENSUS]addRawPrepare,height=139,reqIdx=2,hash=91d383a9...
info|2020-01-06 18:01:24.627081|[g:1][CONSENSUS][PBFT]checkTimeout Succ,view=836,toView=837,nodeIdx=3,changeCycle=0,myNode=d08a18ab...,timecost=0.495
info|2020-01-06 18:01:24.629631|[g:1][CONSENSUS][PBFT]checkAndChangeView: Reach consensus,org_view=836,org_changeCycle=0,cur_changeCycle=0,to_view=837
info|2020-01-06 18:01:25.630417|[g:1][CONSENSUS][SEALER]++++++++++++++++ Generating seal on,blkNum=139,tx=0,nodeIdx=3,hash=25ad4958...
info|2020-01-06 18:01:25.635079|[g:1][CONSENSUS][PBFT]checkTimeout Succ,view=837,toView=838,nodeIdx=3,changeCycle=0,myNode=d08a18ab...,timecost=2.275
info|2020-01-06 18:01:25.644997|[g:1][CONSENSUS][PBFT]checkAndChangeView: Reach consensus,org_view=837,org_changeCycle=0,cur_changeCycle=0,to_view=838
info|2020-01-06 18:01:26.648284|[g:1][CONSENSUS]addRawPrepare,height=139,reqIdx=0,hash=2eb17d3c...
info|2020-01-06 18:01:26.649482|[g:1][CONSENSUS][PBFT]checkTimeout Succ,view=838,toView=839,nodeIdx=3,changeCycle=0,myNode=d08a18ab...,timecost=0.848
info|2020-01-06 18:01:26.656296|[g:1][CONSENSUS][PBFT]checkAndChangeView: Reach consensus,org_view=838,org_changeCycle=0,cur_changeCycle=0,to_view=839
info|2020-01-06 18:01:27.665915|[g:1][CONSENSUS]addRawPrepare,height=139,reqIdx=1,hash=56cc783d...
info|2020-01-06 18:01:27.671502|[g:1][CONSENSUS][PBFT]checkTimeout Succ,view=839,toView=840,nodeIdx=3,changeCycle=0,myNode=d08a18ab...,timecost=5.333
info|2020-01-06 18:01:27.674324|[g:1][CONSENSUS][PBFT]checkAndChangeView: Reach consensus,org_view=839,org_changeCycle=0,cur_changeCycle=0,to_view=840
info|2020-01-06 18:01:28.676896|[g:1][CONSENSUS]addRawPrepare,height=139,reqIdx=2,hash=696c3a06...
info|2020-01-06 18:01:28.677473|[g:1][CONSENSUS][PBFT]checkTimeout Succ,view=840,toView=841,nodeIdx=3,changeCycle=0,myNode=d08a18ab...,timecost=0.396
info|2020-01-06 18:01:28.680974|[g:1][CONSENSUS][PBFT]checkAndChangeView: Reach consensus,org_view=840,org_changeCycle=0,cur_changeCycle=0,to_view=841
info|2020-01-06 18:01:29.682410|[g:1][CONSENSUS][SEALER]++++++++++++++++ Generating seal on,blkNum=139,tx=0,nodeIdx=3,hash=22b621e3...
info|2020-01-06 18:01:29.685790|[g:1][CONSENSUS][PBFT]checkTimeout Succ,view=841,toView=842,nodeIdx=3,changeCycle=0,myNode=d08a18ab...,timecost=0.341
info|2020-01-06 18:01:29.686846|[g:1][CONSENSUS][PBFT]checkAndChangeView: Reach consensus,org_view=841,org_changeCycle=0,cur_changeCycle=0,to_view=842
info|2020-01-06 18:01:30.691576|[g:1][CONSENSUS]addRawPrepare,height=139,reqIdx=0,hash=1078b045...
info|2020-01-06 18:01:30.692323|[g:1][CONSENSUS][PBFT]checkTimeout Succ,view=842,toView=843,nodeIdx=3,changeCycle=0,myNode=d08a18ab...,timecost=0.446
info|2020-01-06 18:01:30.696093|[g:1][CONSENSUS][PBFT]checkAndChangeView: Reach consensus,org_view=842,org_changeCycle=0,cur_changeCycle=0,to_view=843
info|2020-01-06 18:01:31.006407|[P2P][Service] heartBeat,connected count=3
info|2020-01-06 18:01:31.696279|[g:1][CONSENSUS]addRawPrepare,height=139,reqIdx=1,hash=3426b6b1...
info|2020-01-06 18:01:31.696656|[g:1][CONSENSUS][PBFT]checkTimeout Succ,view=843,toView=844,nodeIdx=3,changeCycle=0,myNode=d08a18ab...,timecost=0.232
info|2020-01-06 18:01:31.697838|[g:1][CONSENSUS][PBFT]checkAndChangeView: Reach consensus,org_view=843,org_changeCycle=0,cur_changeCycle=0,to_view=844
info|2020-01-06 18:01:32.700023|[g:1][CONSENSUS]addRawPrepare,height=139,reqIdx=2,hash=19cf10a5...
info|2020-01-06 18:01:32.700630|[g:1][CONSENSUS][PBFT]checkTimeout Succ,view=844,toView=845,nodeIdx=3,changeCycle=0,myNode=d08a18ab...,timecost=0.231
info|2020-01-06 18:01:32.702420|[g:1][CONSENSUS][PBFT]checkAndChangeView: Reach consensus,org_view=844,org_changeCycle=0,cur_changeCycle=0,to_view=845
info|2020-01-06 18:01:33.703437|[g:1][CONSENSUS][SEALER]++++++++++++++++ Generating seal on,blkNum=139,tx=0,nodeIdx=3,hash=e1de81b8...
info|2020-01-06 18:01:33.706907|[g:1][CONSENSUS][PBFT]checkTimeout Succ,view=845,toView=846,nodeIdx=3,changeCycle=0,myNode=d08a18ab...,timecost=0.519
info|2020-01-06 18:01:33.709532|[g:1][CONSENSUS][PBFT]checkAndChangeView: Reach consensus,org_view=845,org_changeCycle=0,cur_changeCycle=0,to_view=846
info|2020-01-06 18:01:34.710191|[g:1][CONSENSUS]addRawPrepare,height=139,reqIdx=0,hash=f7428e56...
info|2020-01-06 18:01:34.710607|[g:1][CONSENSUS][PBFT]checkTimeout Succ,view=846,toView=847,nodeIdx=3,changeCycle=0,myNode=d08a18ab...,timecost=0.312
info|2020-01-06 18:01:34.714544|[g:1][CONSENSUS][PBFT]checkAndChangeView: Reach consensus,org_view=846,org_changeCycle=0,cur_changeCycle=0,to_view=847
info|2020-01-06 18:01:35.715840|[g:1][CONSENSUS]addRawPrepare,height=139,reqIdx=1,hash=a98735ff...
info|2020-01-06 18:01:35.716136|[g:1][CONSENSUS][PBFT]checkTimeout Succ,view=847,toView=848,nodeIdx=3,changeCycle=0,myNode=d08a18ab...,timecost=0.22
info|2020-01-06 18:01:35.717657|[g:1][CONSENSUS][PBFT]checkAndChangeView: Reach consensus,org_view=847,org_changeCycle=0,cur_changeCycle=0,to_view=848
info|2020-01-06 18:01:36.725706|[g:1][CONSENSUS]addRawPrepare,height=139,reqIdx=2,hash=03fc8c61...
info|2020-01-06 18:01:36.726862|[g:1][CONSENSUS][PBFT]checkTimeout Succ,view=848,toView=849,nodeIdx=3,changeCycle=0,myNode=d08a18ab...,timecost=0.753
info|2020-01-06 18:01:36.729277|[g:1][CONSENSUS][PBFT]checkAndChangeView: Reach consensus,org_view=848,org_changeCycle=0,cur_changeCycle=0,to_view=849
info|2020-01-06 18:01:37.730338|[g:1][CONSENSUS][SEALER]++++++++++++++++ Generating seal on,blkNum=139,tx=0,nodeIdx=3,hash=3132f9bc...
info|2020-01-06 18:01:37.733064|[g:1][CONSENSUS][PBFT]checkTimeout Succ,view=849,toView=850,nodeIdx=3,changeCycle=0,myNode=d08a18ab...,timecost=1.259
info|2020-01-06 18:01:37.737329|[g:1][CONSENSUS][PBFT]checkAndChangeView: Reach consensus,org_view=849,org_changeCycle=0,cur_changeCycle=0,to_view=850
info|2020-01-06 18:01:39.147657|[g:1][CONSENSUS]addRawPrepare,height=139,reqIdx=0,hash=26415300...
info|2020-01-06 18:01:39.164897|[g:1][CONSENSUS][PBFT]checkTimeout Succ,view=850,toView=851,nodeIdx=3,changeCycle=0,myNode=d08a18ab...,timecost=10.345
info|2020-01-06 18:01:39.165723|[g:1][CONSENSUS][PBFT]checkAndChangeView: Reach consensus,org_view=850,org_changeCycle=0,cur_changeCycle=0,to_view=851
