warning|2019-12-29 19:42:52.483157|[g:1][CONSENSUS][PBFT]ViewChangeWarning: not caused by omit empty block ,v=367,toV=368,curNum=87,hash=16ea1a12...,nodeIdx=3,myNode=d08a18ab...
info|2019-12-29 19:42:52.483322|[g:1][CONSENSUS][PBFT]checkTimeout Succ,view=367,toView=368,nodeIdx=3,changeCycle=1,myNode=d08a18ab...,timecost=0.476
info|2019-12-29 19:42:52.484541|[g:1][CONSENSUS][PBFT]checkAndChangeView: Reach consensus,org_view=367,org_changeCycle=1,cur_changeCycle=1,to_view=368
info|2019-12-29 19:42:53.485202|[g:1][CONSENSUS][SEALER]++++++++++++++++ Generating seal on,blkNum=88,tx=0,nodeIdx=3,hash=bcb16f46...
info|2019-12-29 19:42:53.490243|[g:1][CONSENSUS][PBFT]checkTimeout Succ,view=368,toView=369,nodeIdx=3,changeCycle=0,myNode=d08a18ab...,timecost=0.483
info|2019-12-29 19:42:53.494981|[g:1][CONSENSUS][PBFT]checkAndChangeView: Reach consensus,org_view=368,org_changeCycle=0,cur_changeCycle=0,to_view=369
warning|2019-12-29 19:42:53.298314|[g:1][CONSENSUS][PBFT]ViewChangeWarning: not caused by omit empty block ,v=369,toV=370,curNum=87,hash=16ea1a12...,nodeIdx=3,myNode=d08a18ab...
info|2019-12-29 19:42:53.299090|[g:1][CONSENSUS][PBFT]checkTimeout Succ,view=369,toView=370,nodeIdx=3,changeCycle=1,myNode=d08a18ab...,timecost=1.135
info|2019-12-29 19:42:53.300582|[g:1][CONSENSUS][PBFT]checkAndChangeView: Reach consensus,org_view=369,org_changeCycle=1,cur_changeCycle=1,to_view=370
info|2019-12-29 19:42:54.296273|[P2P][Service] heartBeat,connected count=3
info|2019-12-29 19:42:54.315742|[g:1][CONSENSUS]addRawPrepare,height=88,reqIdx=1,hash=54fc9c7c...
info|2019-12-29 19:42:54.316221|[g:1][CONSENSUS][PBFT]checkTimeout Succ,view=370,toView=371,nodeIdx=3,changeCycle=0,myNode=d08a18ab...,timecost=0.316
info|2019-12-29 19:42:54.317532|[g:1][CONSENSUS][PBFT]checkAndChangeView: Reach consensus,org_view=370,org_changeCycle=0,cur_changeCycle=0,to_view=371
info|2019-12-29 19:42:55.320391|[g:1][CONSENSUS]addRawPrepare,height=88,reqIdx=2,hash=af2cd3dc...
info|2019-12-29 19:42:55.320868|[g:1][CONSENSUS][PBFT]checkTimeout Succ,view=371,toView=372,nodeIdx=3,changeCycle=0,myNode=d08a18ab...,timecost=0.337
info|2019-12-29 19:42:55.325518|[g:1][CONSENSUS][PBFT]checkAndChangeView: Reach consensus,org_view=371,org_changeCycle=0,cur_changeCycle=0,to_view=372
info|2019-12-29 19:42:56.325214|[g:1][CONSENSUS][SEALER]++++++++++++++++ Generating seal on,blkNum=88,tx=0,nodeIdx=3,hash=cb4b796f...
info|2019-12-29 19:42:56.328085|[g:1][CONSENSUS][PBFT]checkTimeout Succ,view=372,toView=373,nodeIdx=3,changeCycle=0,myNode=d08a18ab...,timecost=0.296
info|2019-12-29 19:42:56.328532|[g:1][CONSENSUS][PBFT]checkAndChangeView: Reach consensus,org_view=372,org_changeCycle=0,cur_changeCycle=0,to_view=373
info|2019-12-29 19:42:57.332784|[g:1][CONSENSUS]addRawPrepare,height=88,reqIdx=0,hash=5fa1f84f...
info|2019-12-29 19:42:57.333288|[g:1][CONSENSUS][PBFT]checkTimeout Succ,view=373,toView=374,nodeIdx=3,changeCycle=0,myNode=d08a18ab...,timecost=0.343
info|2019-12-29 19:42:57.334073|[g:1][CONSENSUS][PBFT]checkAndChangeView: Reach consensus,org_view=373,org_changeCycle=0,cur_changeCycle=0,to_view=374
info|2019-12-29 19:42:58.337858|[g:1][CONSENSUS]addRawPrepare,height=88,reqIdx=1,hash=ac084094...
info|2019-12-29 19:42:58.339543|[g:1][CONSENSUS][PBFT]checkTimeout Succ,view=374,toView=375,nodeIdx=3,changeCycle=0,myNode=d08a18ab...,timecost=1.594
info|2019-12-29 19:42:58.340782|[g:1][CONSENSUS][PBFT]checkAndChangeView: Reach consensus,org_view=374,org_changeCycle=0,cur_changeCycle=0,to_view=375
info|2019-12-29 19:42:59.340410|[g:1][CONSENSUS]addRawPrepare,height=88,reqIdx=2,hash=fdd5bb80...
info|2019-12-29 19:42:59.340754|[g:1][CONSENSUS][PBFT]checkTimeout Succ,view=375,toView=376,nodeIdx=3,changeCycle=0,myNode=d08a18ab...,timecost=0.206
info|2019-12-29 19:42:59.344092|[g:1][CONSENSUS][PBFT]checkAndChangeView: Reach consensus,org_view=375,org_changeCycle=0,cur_changeCycle=0,to_view=376
info|2019-12-29 19:43:00.345351|[g:1][CONSENSUS][SEALER]++++++++++++++++ Generating seal on,blkNum=88,tx=0,nodeIdx=3,hash=fdbbaf36...
info|2019-12-29 19:43:00.346002|[g:1][CONSENSUS][PBFT]checkTimeout Succ,view=376,toView=377,nodeIdx=3,changeCycle=0,myNode=d08a18ab...,timecost=0.25
info|2019-12-29 19:43:00.348723|[g:1][CONSENSUS][PBFT]checkAndChangeView: Reach consensus,org_view=376,org_changeCycle=0,cur_changeCycle=0,to_view=377
info|2019-12-29 19:43:01.350755|[g:1][CONSENSUS]addRawPrepare,height=88,reqIdx=0,hash=a989c455...
info|2019-12-29 19:43:01.351733|[g:1][CONSENSUS][PBFT]checkTimeout Succ,view=377,toView=378,nodeIdx=3,changeCycle=0,myNode=d08a18ab...,timecost=0.87
info|2019-12-29 19:43:01.353606|[g:1][CONSENSUS][PBFT]checkAndChangeView: Reach consensus,org_view=377,org_changeCycle=0,cur_changeCycle=0,to_view=378
info|2019-12-29 19:43:02.354314|[g:1][CONSENSUS]addRawPrepare,height=88,reqIdx=1,hash=d29c3806...
info|2019-12-29 19:43:02.354980|[g:1][CONSENSUS][PBFT]checkTimeout Succ,view=378,toView=379,nodeIdx=3,changeCycle=0,myNode=d08a18ab...,timecost=0.493
info|2019-12-29 19:43:02.357568|[g:1][CONSENSUS][PBFT]checkAndChangeView: Reach consensus,org_view=378,org_changeCycle=0,cur_changeCycle=0,to_view=379
info|2019-12-29 19:43:03.361150|[g:1][CONSENSUS]addRawPrepare,height=88,reqIdx=2,hash=0c4d40ce...
info|2019-12-29 19:43:03.361668|[g:1][CONSENSUS][PBFT]checkTimeout Succ,view=379,toView=380,nodeIdx=3,changeCycle=0,myNode=d08a18ab...,timecost=0.371
info|2019-12-29 19:43:03.371807|[g:1][CONSENSUS][PBFT]checkAndChangeView: Reach consensus,org_view=379,org_changeCycle=0,cur_changeCycle=0,to_view=380
