info|2019-12-13 23:00:00.621096|[g:1][CONSENSUS]addRawPrepare,height=80,reqIdx=2,hash=3a516e2e...
info|2019-12-13 23:00:00.621461|[g:1][CONSENSUS][PBFT]checkTimeout Succ,view=243,toView=244,nodeIdx=3,changeCycle=0,myNode=d08a18ab...,timecost=0.23
info|2019-12-13 23:00:00.623237|[g:1][CONSENSUS][PBFT]checkAndChangeView: Reach consensus,org_view=243,org_changeCycle=0,cur_changeCycle=0,to_view=244
info|2019-12-13 23:00:01.624824|[g:1][CONSENSUS][SEALER]++++++++++++++++ Generating seal on,blkNum=80,tx=0,nodeIdx=3,hash=c51c4d7c...
info|2019-12-13 23:00:01.626044|[g:1][CONSENSUS][PBFT]checkTimeout Succ,view=244,toView=245,nodeIdx=3,changeCycle=0,myNode=d08a18ab...,timecost=0.488
info|2019-12-13 23:00:01.628454|[g:1][CONSENSUS][PBFT]checkAndChangeView: Reach consensus,org_view=244,org_changeCycle=0,cur_changeCycle=0,to_view=245
info|2019-12-13 23:00:02.631002|[g:1][CONSENSUS]addRawPrepare,height=80,reqIdx=0,hash=725e7bd1...
info|2019-12-13 23:00:02.631438|[g:1][CONSENSUS][PBFT]checkTimeout Succ,view=245,toView=246,nodeIdx=3,changeCycle=0,myNode=d08a18ab...,timecost=0.248
info|2019-12-13 23:00:02.633327|[g:1][CONSENSUS][PBFT]checkAndChangeView: Reach consensus,org_view=245,org_changeCycle=0,cur_changeCycle=0,to_view=246
info|2019-12-13 23:00:03.634482|[g:1][CONSENSUS]addRawPrepare,height=80,reqIdx=1,hash=bd726502...
info|2019-12-13 23:00:03.634942|[g:1][CONSENSUS][PBFT]checkTimeout Succ,view=246,toView=247,nodeIdx=3,changeCycle=0,myNode=d08a18ab...,timecost=0.304
info|2019-12-13 23:00:03.637765|[g:1][CONSENSUS][PBFT]checkAndChangeView: Reach consensus,org_view=246,org_changeCycle=0,cur_changeCycle=0,to_view=247
info|2019-12-13 23:00:04.638176|[g:1][CONSENSUS]addRawPrepare,height=80,reqIdx=2,hash=d25e8b80...
info|2019-12-13 23:00:04.638644|[g:1][CONSENSUS][PBFT]checkTimeout Succ,view=247,toView=248,nodeIdx=3,changeCycle=0,myNode=d08a18ab...,timecost=0.395
info|2019-12-13 23:00:04.639222|[g:1][CONSENSUS][PBFT]checkAndChangeView: Reach consensus,org_view=247,org_changeCycle=0,cur_changeCycle=0,to_view=248
info|2019-12-13 23:00:05.640783|[g:1][CONSENSUS][SEALER]++++++++++++++++ Generating seal on,blkNum=80,tx=0,nodeIdx=3,hash=c3329f33...
info|2019-12-13 23:00:05.643800|[g:1][CONSENSUS][PBFT]checkTimeout Succ,view=248,toView=249,nodeIdx=3,changeCycle=0,myNode=d08a18ab...,timecost=0.39
info|2019-12-13 23:00:05.644333|[g:1][CONSENSUS][PBFT]checkAndChangeView: Reach consensus,org_view=248,org_changeCycle=0,cur_changeCycle=0,to_view=249
info|2019-12-13 23:00:06.644787|[g:1][CONSENSUS]addRawPrepare,height=80,reqIdx=0,hash=d7ca1dd4...
info|2019-12-13 23:00:06.645415|[g:1][CONSENSUS][PBFT]checkTimeout Succ,view=249,toView=250,nodeIdx=3,changeCycle=0,myNode=d08a18ab...,timecost=0.508
info|2019-12-13 23:00:06.648854|[g:1][CONSENSUS][PBFT]checkAndChangeView: Reach consensus,org_view=249,org_changeCycle=0,cur_changeCycle=0,to_view=250
info|2019-12-13 23:00:07.652071|[g:1][CONSENSUS]addRawPrepare,height=80,reqIdx=1,hash=20ab8a85...
info|2019-12-13 23:00:07.653542|[g:1][CONSENSUS][PBFT]checkTimeout Succ,view=250,toView=251,nodeIdx=3,changeCycle=0,myNode=d08a18ab...,timecost=0.683
info|2019-12-13 23:00:07.655168|[g:1][CONSENSUS][PBFT]checkAndChangeView: Reach consensus,org_view=250,org_changeCycle=0,cur_changeCycle=0,to_view=251
info|2019-12-13 23:00:08.196225|[P2P][Service] heartBeat,connected count=3
info|2019-12-13 23:00:08.657716|[g:1][CONSENSUS]addRawPrepare,height=80,reqIdx=2,hash=3122629e...
info|2019-12-13 23:00:08.658363|[g:1][CONSENSUS][PBFT]checkTimeout Succ,view=251,toView=252,nodeIdx=3,changeCycle=0,myNode=d08a18ab...,timecost=0.399
info|2019-12-13 23:00:08.660531|[g:1][CONSENSUS][PBFT]checkAndChangeView: Reach consensus,org_view=251,org_changeCycle=0,cur_changeCycle=0,to_view=252
info|2019-12-13 23:00:09.661918|[g:1][CONSENSUS][SEALER]++++++++++++++++ Generating seal on,blkNum=80,tx=0,nodeIdx=3,hash=68e8e930...
info|2019-12-13 23:00:09.665322|[g:1][CONSENSUS][PBFT]checkTimeout Succ,view=252,toView=253,nodeIdx=3,changeCycle=0,myNode=d08a18ab...,timecost=1.233
info|2019-12-13 23:00:09.665819|[g:1][CONSENSUS][PBFT]checkAndChangeView: Reach consensus,org_view=252,org_changeCycle=0,cur_changeCycle=0,to_view=253
info|2019-12-13 23:00:10.666808|[g:1][CONSENSUS]addRawPrepare,height=80,reqIdx=0,hash=eb826461...
info|2019-12-13 23:00:10.667322|[g:1][CONSENSUS][PBFT]checkTimeout Succ,view=253,toView=254,nodeIdx=3,changeCycle=0,myNode=d08a18ab...,timecost=0.266
info|2019-12-13 23:00:10.669010|[g:1][CONSENSUS][PBFT]checkAndChangeView: Reach consensus,org_view=253,org_changeCycle=0,cur_changeCycle=0,to_view=254
info|2019-12-13 23:00:11.670966|[g:1][CONSENSUS]addRawPrepare,height=80,reqIdx=1,hash=caafb708...
info|2019-12-13 23:00:11.671863|[g:1][CONSENSUS][PBFT]checkTimeout Succ,view=254,toView=255,nodeIdx=3,changeCycle=0,myNode=d08a18ab...,timecost=0.747
info|2019-12-13 23:00:11.673927|[g:1][CONSENSUS][PBFT]checkAndChangeView: Reach consensus,org_view=254,org_changeCycle=0,cur_changeCycle=0,to_view=255
info|2019-12-13 23:00:12.678352|[g:1][CONSENSUS]addRawPrepare,height=80,reqIdx=2,hash=9d0379de...
info|2019-12-13 23:00:12.680137|[g:1][CONSENSUS][PBFT]checkTimeout Succ,view=255,toView=256,nodeIdx=3,changeCycle=0,myNode=d08a18ab...,timecost=0.853
info|2019-12-13 23:00:12.681321|[g:1][CONSENSUS][PBFT]checkAndChangeView: Reach consensus,org_view=255,org_changeCycle=0,cur_changeCycle=0,to_view=256
info|2019-12-13 23:00:13.681953|[g:1][CONSENSUS][SEALER]++++++++++++++++ Generating seal on,blkNum=80,tx=0,nodeIdx=3,hash=6b775779...
info|2019-12-13 23:00:13.684814|[g:1][CONSENSUS][PBFT]checkTimeout Succ,view=256,toView=257,nodeIdx=3,changeCycle=0,myNode=d08a18ab...,timecost=0.399
info|2019-12-13 23:00:13.685459|[g:1][CONSENSUS][PBFT]checkAndChangeView: Reach consensus,org_view=256,org_changeCycle=0,cur_changeCycle=0,to_view=257
info|2019-12-13 23:00:14.688563|[g:1][CONSENSUS]addRawPrepare,height=80,reqIdx=0,hash=7e6429e7...
info|2019-12-13 23:00:14.689659|[g:1][CONSENSUS][PBFT]checkTimeout Succ,view=257,toView=258,nodeIdx=3,changeCycle=0,myNode=d08a18ab...,timecost=1.134
info|2019-12-13 23:00:14.690755|[g:1][CONSENSUS][PBFT]checkAndChangeView: Reach consensus,org_view=257,org_changeCycle=0,cur_changeCycle=0,to_view=258
info|2019-12-13 23:00:15.694376|[g:1][CONSENSUS]addRawPrepare,height=80,reqIdx=1,hash=5a48a3aa...
info|2019-12-13 23:00:15.696053|[g:1][CONSENSUS][PBFT]checkTimeout Succ,view=258,toView=259,nodeIdx=3,changeCycle=0,myNode=d08a18ab...,timecost=1.573
info|2019-12-13 23:00:15.697716|[g:1][CONSENSUS][PBFT]checkAndChangeView: Reach consensus,org_view=258,org_changeCycle=0,cur_changeCycle=0,to_view=259
info|2019-12-13 23:00:16.698738|[g:1][CONSENSUS]addRawPrepare,height=80,reqIdx=2,hash=41d55585...
info|2019-12-13 23:00:16.699421|[g:1][CONSENSUS][PBFT]checkTimeout Succ,view=259,toView=260,nodeIdx=3,changeCycle=0,myNode=d08a18ab...,timecost=0.471
info|2019-12-13 23:00:16.700158|[g:1][CONSENSUS][PBFT]checkAndChangeView: Reach consensus,org_view=259,org_changeCycle=0,cur_changeCycle=0,to_view=260
info|2019-12-13 23:00:17.701844|[g:1][CONSENSUS][SEALER]++++++++++++++++ Generating seal on,blkNum=80,tx=0,nodeIdx=3,hash=de1df89d...
info|2019-12-13 23:00:17.703228|[g:1][CONSENSUS][PBFT]checkTimeout Succ,view=260,toView=261,nodeIdx=3,changeCycle=0,myNode=d08a18ab...,timecost=1.007
info|2019-12-13 23:00:17.705900|[g:1][CONSENSUS][PBFT]checkAndChangeView: Reach consensus,org_view=260,org_changeCycle=0,cur_changeCycle=0,to_view=261
info|2019-12-13 23:00:18.196499|[P2P][Service] heartBeat,connected count=3
info|2019-12-13 23:00:18.706892|[g:1][CONSENSUS]addRawPrepare,height=80,reqIdx=0,hash=5262b311...
info|2019-12-13 23:00:18.707470|[g:1][CONSENSUS][PBFT]checkTimeout Succ,view=261,toView=262,nodeIdx=3,changeCycle=0,myNode=d08a18ab...,timecost=0.374
info|2019-12-13 23:00:18.708723|[g:1][CONSENSUS][PBFT]checkAndChangeView: Reach consensus,org_view=261,org_changeCycle=0,cur_changeCycle=0,to_view=262
info|2019-12-13 23:00:19.713128|[g:1][CONSENSUS]addRawPrepare,height=80,reqIdx=1,hash=a0f99ca3...
info|2019-12-13 23:00:19.713887|[g:1][CONSENSUS][PBFT]checkTimeout Succ,view=262,toView=263,nodeIdx=3,changeCycle=0,myNode=d08a18ab...,timecost=0.537
info|2019-12-13 23:00:19.714621|[g:1][CONSENSUS][PBFT]checkAndChangeView: Reach consensus,org_view=262,org_changeCycle=0,cur_changeCycle=0,to_view=263
info|2019-12-13 23:00:20.713456|[g:1][CONSENSUS]addRawPrepare,height=80,reqIdx=2,hash=39fc05fa...
info|2019-12-13 23:00:20.714574|[g:1][CONSENSUS][PBFT]checkTimeout Succ,view=263,toView=264,nodeIdx=3,changeCycle=0,myNode=d08a18ab...,timecost=1.03
info|2019-12-13 23:00:20.716200|[g:1][CONSENSUS][PBFT]checkAndChangeView: Reach consensus,org_view=263,org_changeCycle=0,cur_changeCycle=0,to_view=264
info|2019-12-13 23:00:21.717636|[g:1][CONSENSUS][SEALER]++++++++++++++++ Generating seal on,blkNum=80,tx=0,nodeIdx=3,hash=564d45e7...
info|2019-12-13 23:00:21.719127|[g:1][CONSENSUS][PBFT]checkTimeout Succ,view=264,toView=265,nodeIdx=3,changeCycle=0,myNode=d08a18ab...,timecost=0.682
info|2019-12-13 23:00:21.721299|[g:1][CONSENSUS][PBFT]checkAndChangeView: Reach consensus,org_view=264,org_changeCycle=0,cur_changeCycle=0,to_view=265
info|2019-12-13 23:00:22.723769|[g:1][CONSENSUS]addRawPrepare,height=80,reqIdx=0,hash=469158dc...
info|2019-12-13 23:00:22.724646|[g:1][CONSENSUS][PBFT]checkTimeout Succ,view=265,toView=266,nodeIdx=3,changeCycle=0,myNode=d08a18ab...,timecost=0.682
info|2019-12-13 23:00:22.725395|[g:1][CONSENSUS][PBFT]checkAndChangeView: Reach consensus,org_view=265,org_changeCycle=0,cur_changeCycle=0,to_view=266
info|2019-12-13 23:00:23.746022|[g:1][CONSENSUS]addRawPrepare,height=80,reqIdx=1,hash=f5bbd79c...
info|2019-12-13 23:00:23.747072|[g:1][CONSENSUS][PBFT]checkTimeout Succ,view=266,toView=267,nodeIdx=3,changeCycle=0,myNode=d08a18ab...,timecost=0.475
info|2019-12-13 23:00:23.747575|[g:1][CONSENSUS][PBFT]checkAndChangeView: Reach consensus,org_view=266,org_changeCycle=0,cur_changeCycle=0,to_view=267
info|2019-12-13 23:00:24.748954|[g:1][CONSENSUS]addRawPrepare,height=80,reqIdx=2,hash=24e8f9e9...
info|2019-12-13 23:00:24.749517|[g:1][CONSENSUS][PBFT]checkTimeout Succ,view=267,toView=268,nodeIdx=3,changeCycle=0,myNode=d08a18ab...,timecost=0.383
info|2019-12-13 23:00:24.751999|[g:1][CONSENSUS][PBFT]checkAndChangeView: Reach consensus,org_view=267,org_changeCycle=0,cur_changeCycle=0,to_view=268
info|2019-12-13 23:00:25.753728|[g:1][CONSENSUS][SEALER]++++++++++++++++ Generating seal on,blkNum=80,tx=0,nodeIdx=3,hash=6330553f...
info|2019-12-13 23:00:25.756441|[g:1][CONSENSUS][PBFT]checkTimeout Succ,view=268,toView=269,nodeIdx=3,changeCycle=0,myNode=d08a18ab...,timecost=0.268
info|2019-12-13 23:00:25.756845|[g:1][CONSENSUS][PBFT]checkAndChangeView: Reach consensus,org_view=268,org_changeCycle=0,cur_changeCycle=0,to_view=269
info|2019-12-13 23:00:26.759197|[g:1][CONSENSUS]addRawPrepare,height=80,reqIdx=0,hash=941ba785...
info|2019-12-13 23:00:26.760564|[g:1][CONSENSUS][PBFT]checkTimeout Succ,view=269,toView=270,nodeIdx=3,changeCycle=0,myNode=d08a18ab...,timecost=0.583
info|2019-12-13 23:00:26.761983|[g:1][CONSENSUS][PBFT]checkAndChangeView: Reach consensus,org_view=269,org_changeCycle=0,cur_changeCycle=0,to_view=270
info|2019-12-13 23:00:27.765593|[g:1][CONSENSUS]addRawPrepare,height=80,reqIdx=1,hash=16d4e84c...
info|2019-12-13 23:00:27.765939|[g:1][CONSENSUS][PBFT]checkTimeout Succ,view=270,toView=271,nodeIdx=3,changeCycle=0,myNode=d08a18ab...,timecost=0.233
info|2019-12-13 23:00:27.767393|[g:1][CONSENSUS][PBFT]checkAndChangeView: Reach consensus,org_view=270,org_changeCycle=0,cur_changeCycle=0,to_view=271
info|2019-12-13 23:00:28.197261|[P2P][Service] heartBeat,connected count=3
info|2019-12-13 23:00:28.769761|[g:1][CONSENSUS]addRawPrepare,height=80,reqIdx=2,hash=d808e5e9...
info|2019-12-13 23:00:28.770129|[g:1][CONSENSUS][PBFT]checkTimeout Succ,view=271,toView=272,nodeIdx=3,changeCycle=0,myNode=d08a18ab...,timecost=0.232
info|2019-12-13 23:00:28.772552|[g:1][CONSENSUS][PBFT]checkAndChangeView: Reach consensus,org_view=271,org_changeCycle=0,cur_changeCycle=0,to_view=272
info|2019-12-13 23:00:29.772473|[g:1][CONSENSUS][SEALER]++++++++++++++++ Generating seal on,blkNum=80,tx=0,nodeIdx=3,hash=dc67d3ed...
info|2019-12-13 23:00:29.773092|[g:1][CONSENSUS][PBFT]checkTimeout Succ,view=272,toView=273,nodeIdx=3,changeCycle=0,myNode=d08a18ab...,timecost=0.23
info|2019-12-13 23:00:29.776520|[g:1][CONSENSUS][PBFT]checkAndChangeView: Reach consensus,org_view=272,org_changeCycle=0,cur_changeCycle=0,to_view=273
info|2019-12-13 23:00:30.778876|[g:1][CONSENSUS]addRawPrepare,height=80,reqIdx=0,hash=b17ff6d7...
info|2019-12-13 23:00:30.779293|[g:1][CONSENSUS][PBFT]checkTimeout Succ,view=273,toView=274,nodeIdx=3,changeCycle=0,myNode=d08a18ab...,timecost=0.283
info|2019-12-13 23:00:30.780452|[g:1][CONSENSUS][PBFT]checkAndChangeView: Reach consensus,org_view=273,org_changeCycle=0,cur_changeCycle=0,to_view=274
info|2019-12-13 23:00:31.783941|[g:1][CONSENSUS]addRawPrepare,height=80,reqIdx=1,hash=dcf88681...
info|2019-12-13 23:00:31.784837|[g:1][CONSENSUS][PBFT]checkTimeout Succ,view=274,toView=275,nodeIdx=3,changeCycle=0,myNode=d08a18ab...,timecost=0.587
info|2019-12-13 23:00:31.785667|[g:1][CONSENSUS][PBFT]checkAndChangeView: Reach consensus,org_view=274,org_changeCycle=0,cur_changeCycle=0,to_view=275
info|2019-12-13 23:00:32.786816|[g:1][CONSENSUS]addRawPrepare,height=80,reqIdx=2,hash=516ce433...
info|2019-12-13 23:00:32.788032|[g:1][CONSENSUS][PBFT]checkTimeout Succ,view=275,toView=276,nodeIdx=3,changeCycle=0,myNode=d08a18ab...,timecost=1.077
info|2019-12-13 23:00:32.789760|[g:1][CONSENSUS][PBFT]checkAndChangeView: Reach consensus,org_view=275,org_changeCycle=0,cur_changeCycle=0,to_view=276
info|2019-12-13 23:00:33.789208|[g:1][CONSENSUS][SEALER]++++++++++++++++ Generating seal on,blkNum=80,tx=0,nodeIdx=3,hash=160efbfb...
info|2019-12-13 23:00:33.790292|[g:1][CONSENSUS][PBFT]checkTimeout Succ,view=276,toView=277,nodeIdx=3,changeCycle=0,myNode=d08a18ab...,timecost=0.52
info|2019-12-13 23:00:33.792422|[g:1][CONSENSUS][PBFT]checkAndChangeView: Reach consensus,org_view=276,org_changeCycle=0,cur_changeCycle=0,to_view=277
info|2019-12-13 23:00:34.797317|[g:1][CONSENSUS]addRawPrepare,height=80,reqIdx=0,hash=cdc8d8c7...
info|2019-12-13 23:00:34.798306|[g:1][CONSENSUS][PBFT]checkTimeout Succ,view=277,toView=278,nodeIdx=3,changeCycle=0,myNode=d08a18ab...,timecost=0.653
info|2019-12-13 23:00:34.799571|[g:1][CONSENSUS][PBFT]checkAndChangeView: Reach consensus,org_view=277,org_changeCycle=0,cur_changeCycle=0,to_view=278
info|2019-12-13 23:00:35.800975|[g:1][CONSENSUS]addRawPrepare,height=80,reqIdx=1,hash=8bd4d10a...
info|2019-12-13 23:00:35.802048|[g:1][CONSENSUS][PBFT]checkTimeout Succ,view=278,toView=279,nodeIdx=3,changeCycle=0,myNode=d08a18ab...,timecost=0.62
info|2019-12-13 23:00:35.803711|[g:1][CONSENSUS][PBFT]checkAndChangeView: Reach consensus,org_view=278,org_changeCycle=0,cur_changeCycle=0,to_view=279
info|2019-12-13 23:00:36.807390|[g:1][CONSENSUS]addRawPrepare,height=80,reqIdx=2,hash=8dd40bbd...
info|2019-12-13 23:00:36.808859|[g:1][CONSENSUS][PBFT]checkTimeout Succ,view=279,toView=280,nodeIdx=3,changeCycle=0,myNode=d08a18ab...,timecost=0.843
info|2019-12-13 23:00:36.809898|[g:1][CONSENSUS][PBFT]checkAndChangeView: Reach consensus,org_view=279,org_changeCycle=0,cur_changeCycle=0,to_view=280
info|2019-12-13 23:00:37.810894|[g:1][CONSENSUS][SEALER]++++++++++++++++ Generating seal on,blkNum=80,tx=0,nodeIdx=3,hash=5c36e05e...
info|2019-12-13 23:00:37.813646|[g:1][CONSENSUS][PBFT]checkTimeout Succ,view=280,toView=281,nodeIdx=3,changeCycle=0,myNode=d08a18ab...,timecost=2.364
info|2019-12-13 23:00:37.816426|[g:1][CONSENSUS][PBFT]checkAndChangeView: Reach consensus,org_view=280,org_changeCycle=0,cur_changeCycle=0,to_view=281
info|2019-12-13 23:00:38.198460|[P2P][Service] heartBeat,connected count=3
info|2019-12-13 23:00:38.816623|[g:1][CONSENSUS]addRawPrepare,height=80,reqIdx=0,hash=ebecabfc...
info|2019-12-13 23:00:38.817246|[g:1][CONSENSUS][PBFT]checkTimeout Succ,view=281,toView=282,nodeIdx=3,changeCycle=0,myNode=d08a18ab...,timecost=0.343
info|2019-12-13 23:00:38.819203|[g:1][CONSENSUS][PBFT]checkAndChangeView: Reach consensus,org_view=281,org_changeCycle=0,cur_changeCycle=0,to_view=282
info|2019-12-13 23:00:39.821565|[g:1][CONSENSUS]addRawPrepare,height=80,reqIdx=1,hash=17f4e01a...
info|2019-12-13 23:00:39.822249|[g:1][CONSENSUS][PBFT]checkTimeout Succ,view=282,toView=283,nodeIdx=3,changeCycle=0,myNode=d08a18ab...,timecost=0.547
info|2019-12-13 23:00:39.823823|[g:1][CONSENSUS][PBFT]checkAndChangeView: Reach consensus,org_view=282,org_changeCycle=0,cur_changeCycle=0,to_view=283
info|2019-12-13 23:00:40.825666|[g:1][CONSENSUS]addRawPrepare,height=80,reqIdx=2,hash=c639a4d4...
info|2019-12-13 23:00:40.828002|[g:1][CONSENSUS][PBFT]checkTimeout Succ,view=283,toView=284,nodeIdx=3,changeCycle=0,myNode=d08a18ab...,timecost=1.693
info|2019-12-13 23:00:40.831529|[g:1][CONSENSUS][PBFT]checkAndChangeView: Reach consensus,org_view=283,org_changeCycle=0,cur_changeCycle=0,to_view=284
info|2019-12-13 23:00:41.831958|[g:1][CONSENSUS][SEALER]++++++++++++++++ Generating seal on,blkNum=80,tx=0,nodeIdx=3,hash=d75627a8...
info|2019-12-13 23:00:41.832815|[g:1][CONSENSUS][PBFT]checkTimeout Succ,view=284,toView=285,nodeIdx=3,changeCycle=0,myNode=d08a18ab...,timecost=0.197
info|2019-12-13 23:00:41.835931|[g:1][CONSENSUS][PBFT]checkAndChangeView: Reach consensus,org_view=284,org_changeCycle=0,cur_changeCycle=0,to_view=285
info|2019-12-13 23:00:42.880482|[g:1][CONSENSUS]addRawPrepare,height=80,reqIdx=0,hash=21919e5c...
info|2019-12-13 23:00:42.883687|[g:1][CONSENSUS][PBFT]checkTimeout Succ,view=285,toView=286,nodeIdx=3,changeCycle=0,myNode=d08a18ab...,timecost=1.587
info|2019-12-13 23:00:42.884814|[g:1][CONSENSUS][PBFT]checkAndChangeView: Reach consensus,org_view=285,org_changeCycle=0,cur_changeCycle=0,to_view=286
info|2019-12-13 23:00:43.885500|[g:1][CONSENSUS]addRawPrepare,height=80,reqIdx=1,hash=3fd1a6b4...
info|2019-12-13 23:00:43.886688|[g:1][CONSENSUS][PBFT]checkTimeout Succ,view=286,toView=287,nodeIdx=3,changeCycle=0,myNode=d08a18ab...,timecost=0.756
info|2019-12-13 23:00:43.888489|[g:1][CONSENSUS][PBFT]checkAndChangeView: Reach consensus,org_view=286,org_changeCycle=0,cur_changeCycle=0,to_view=287
info|2019-12-13 23:00:44.891899|[g:1][CONSENSUS]addRawPrepare,height=80,reqIdx=2,hash=afd354cc...
info|2019-12-13 23:00:44.892356|[g:1][CONSENSUS][PBFT]checkTimeout Succ,view=287,toView=288,nodeIdx=3,changeCycle=0,myNode=d08a18ab...,timecost=0.328
info|2019-12-13 23:00:44.893635|[g:1][CONSENSUS][PBFT]checkAndChangeView: Reach consensus,org_view=287,org_changeCycle=0,cur_changeCycle=0,to_view=288
info|2019-12-13 23:00:45.894776|[g:1][CONSENSUS][SEALER]++++++++++++++++ Generating seal on,blkNum=80,tx=0,nodeIdx=3,hash=6c0ea34c...
info|2019-12-13 23:00:45.898009|[g:1][CONSENSUS][PBFT]checkTimeout Succ,view=288,toView=289,nodeIdx=3,changeCycle=0,myNode=d08a18ab...,timecost=0.338
info|2019-12-13 23:00:45.898408|[g:1][CONSENSUS][PBFT]checkAndChangeView: Reach consensus,org_view=288,org_changeCycle=0,cur_changeCycle=0,to_view=289
info|2019-12-13 23:00:46.903843|[g:1][CONSENSUS]addRawPrepare,height=80,reqIdx=0,hash=194288d4...
info|2019-12-13 23:00:46.905001|[g:1][CONSENSUS][PBFT]checkTimeout Succ,view=289,toView=290,nodeIdx=3,changeCycle=0,myNode=d08a18ab...,timecost=0.902
info|2019-12-13 23:00:46.907794|[g:1][CONSENSUS][PBFT]checkAndChangeView: Reach consensus,org_view=289,org_changeCycle=0,cur_changeCycle=0,to_view=290
info|2019-12-13 23:00:47.909873|[g:1][CONSENSUS]addRawPrepare,height=80,reqIdx=1,hash=5c25d20d...
info|2019-12-13 23:00:47.910544|[g:1][CONSENSUS][PBFT]checkTimeout Succ,view=290,toView=291,nodeIdx=3,changeCycle=0,myNode=d08a18ab...,timecost=0.493
info|2019-12-13 23:00:47.913525|[g:1][CONSENSUS][PBFT]checkAndChangeView: Reach consensus,org_view=290,org_changeCycle=0,cur_changeCycle=0,to_view=291
info|2019-12-13 23:00:48.199178|[P2P][Service] heartBeat,connected count=3
info|2019-12-13 23:00:48.917145|[g:1][CONSENSUS]addRawPrepare,height=80,reqIdx=2,hash=99b8df55...
info|2019-12-13 23:00:48.919021|[g:1][CONSENSUS][PBFT]checkTimeout Succ,view=291,toView=292,nodeIdx=3,changeCycle=0,myNode=d08a18ab...,timecost=1.719
info|2019-12-13 23:00:48.920703|[g:1][CONSENSUS][PBFT]checkAndChangeView: Reach consensus,org_view=291,org_changeCycle=0,cur_changeCycle=0,to_view=292
info|2019-12-13 23:00:49.921172|[g:1][CONSENSUS][SEALER]++++++++++++++++ Generating seal on,blkNum=80,tx=0,nodeIdx=3,hash=2cc65df4...
info|2019-12-13 23:00:49.922621|[g:1][CONSENSUS][PBFT]checkTimeout Succ,view=292,toView=293,nodeIdx=3,changeCycle=0,myNode=d08a18ab...,timecost=0.502
info|2019-12-13 23:00:49.927092|[g:1][CONSENSUS][PBFT]checkAndChangeView: Reach consensus,org_view=292,org_changeCycle=0,cur_changeCycle=0,to_view=293
info|2019-12-13 23:00:50.925375|[g:1][CONSENSUS]addRawPrepare,height=80,reqIdx=0,hash=445f65ee...
info|2019-12-13 23:00:50.927671|[g:1][CONSENSUS][PBFT]checkTimeout Succ,view=293,toView=294,nodeIdx=3,changeCycle=0,myNode=d08a18ab...,timecost=0.393
info|2019-12-13 23:00:50.929214|[g:1][CONSENSUS][PBFT]checkAndChangeView: Reach consensus,org_view=293,org_changeCycle=0,cur_changeCycle=0,to_view=294
info|2019-12-13 23:00:51.932806|[g:1][CONSENSUS]addRawPrepare,height=80,reqIdx=1,hash=63915ee9...
info|2019-12-13 23:00:51.933368|[g:1][CONSENSUS][PBFT]checkTimeout Succ,view=294,toView=295,nodeIdx=3,changeCycle=0,myNode=d08a18ab...,timecost=0.322
info|2019-12-13 23:00:51.937114|[g:1][CONSENSUS][PBFT]checkAndChangeView: Reach consensus,org_view=294,org_changeCycle=0,cur_changeCycle=0,to_view=295
info|2019-12-13 23:00:52.938042|[g:1][CONSENSUS]addRawPrepare,height=80,reqIdx=2,hash=7f22425d...
info|2019-12-13 23:00:52.938639|[g:1][CONSENSUS][PBFT]checkTimeout Succ,view=295,toView=296,nodeIdx=3,changeCycle=0,myNode=d08a18ab...,timecost=0.415
info|2019-12-13 23:00:52.941236|[g:1][CONSENSUS][PBFT]checkAndChangeView: Reach consensus,org_view=295,org_changeCycle=0,cur_changeCycle=0,to_view=296
info|2019-12-13 23:00:53.941844|[g:1][CONSENSUS][SEALER]++++++++++++++++ Generating seal on,blkNum=80,tx=0,nodeIdx=3,hash=bd3519de...
info|2019-12-13 23:00:53.950975|[g:1][CONSENSUS][PBFT]checkTimeout Succ,view=296,toView=297,nodeIdx=3,changeCycle=0,myNode=d08a18ab...,timecost=1.765
info|2019-12-13 23:00:53.951970|[g:1][CONSENSUS][PBFT]checkAndChangeView: Reach consensus,org_view=296,org_changeCycle=0,cur_changeCycle=0,to_view=297
info|2019-12-13 23:00:54.951832|[g:1][CONSENSUS]addRawPrepare,height=80,reqIdx=0,hash=3be3517b...
info|2019-12-13 23:00:54.952527|[g:1][CONSENSUS][PBFT]checkTimeout Succ,view=297,toView=298,nodeIdx=3,changeCycle=0,myNode=d08a18ab...,timecost=0.251
info|2019-12-13 23:00:54.953380|[g:1][CONSENSUS][PBFT]checkAndChangeView: Reach consensus,org_view=297,org_changeCycle=0,cur_changeCycle=0,to_view=298
info|2019-12-13 23:00:55.956423|[g:1][CONSENSUS]addRawPrepare,height=80,reqIdx=1,hash=ff54091a...
info|2019-12-13 23:00:55.957257|[g:1][CONSENSUS][PBFT]checkTimeout Succ,view=298,toView=299,nodeIdx=3,changeCycle=0,myNode=d08a18ab...,timecost=0.651
info|2019-12-13 23:00:55.961635|[g:1][CONSENSUS][PBFT]checkAndChangeView: Reach consensus,org_view=298,org_changeCycle=0,cur_changeCycle=0,to_view=299
info|2019-12-13 23:00:56.967195|[g:1][CONSENSUS]addRawPrepare,height=80,reqIdx=2,hash=2693a28c...
info|2019-12-13 23:00:56.967868|[g:1][CONSENSUS][PBFT]checkTimeout Succ,view=299,toView=300,nodeIdx=3,changeCycle=0,myNode=d08a18ab...,timecost=0.376
info|2019-12-13 23:00:56.968716|[g:1][CONSENSUS][PBFT]checkAndChangeView: Reach consensus,org_view=299,org_changeCycle=0,cur_changeCycle=0,to_view=300
info|2019-12-13 23:00:57.969051|[g:1][CONSENSUS][SEALER]++++++++++++++++ Generating seal on,blkNum=80,tx=0,nodeIdx=3,hash=1f5704b4...
info|2019-12-13 23:00:57.971691|[g:1][CONSENSUS][PBFT]checkTimeout Succ,view=300,toView=301,nodeIdx=3,changeCycle=0,myNode=d08a18ab...,timecost=0.224
info|2019-12-13 23:00:57.972084|[g:1][CONSENSUS][PBFT]checkAndChangeView: Reach consensus,org_view=300,org_changeCycle=0,cur_changeCycle=0,to_view=301
info|2019-12-13 23:00:58.199605|[P2P][Service] heartBeat,connected count=3
info|2019-12-13 23:00:58.975891|[g:1][CONSENSUS]addRawPrepare,height=80,reqIdx=0,hash=20694cd0...
info|2019-12-13 23:00:58.976293|[g:1][CONSENSUS][PBFT]checkTimeout Succ,view=301,toView=302,nodeIdx=3,changeCycle=0,myNode=d08a18ab...,timecost=0.253
info|2019-12-13 23:00:58.979184|[g:1][CONSENSUS][PBFT]checkAndChangeView: Reach consensus,org_view=301,org_changeCycle=0,cur_changeCycle=0,to_view=302
info|2019-12-13 23:00:59.979957|[g:1][CONSENSUS]addRawPrepare,height=80,reqIdx=1,hash=2e289a95...
info|2019-12-13 23:00:59.980500|[g:1][CONSENSUS][PBFT]checkTimeout Succ,view=302,toView=303,nodeIdx=3,changeCycle=0,myNode=d08a18ab...,timecost=0.4
info|2019-12-13 23:00:59.983205|[g:1][CONSENSUS][PBFT]checkAndChangeView: Reach consensus,org_view=302,org_changeCycle=0,cur_changeCycle=0,to_view=303
info|2019-12-13 23:01:00.983150|[g:1][CONSENSUS]addRawPrepare,height=80,reqIdx=2,hash=c331aa4f...
info|2019-12-13 23:01:00.983933|[g:1][CONSENSUS][PBFT]checkTimeout Succ,view=303,toView=304,nodeIdx=3,changeCycle=0,myNode=d08a18ab...,timecost=0.67
info|2019-12-13 23:01:00.985415|[g:1][CONSENSUS][PBFT]checkAndChangeView: Reach consensus,org_view=303,org_changeCycle=0,cur_changeCycle=0,to_view=304
info|2019-12-13 23:01:01.985422|[g:1][CONSENSUS][SEALER]++++++++++++++++ Generating seal on,blkNum=80,tx=0,nodeIdx=3,hash=c9506f10...
info|2019-12-13 23:01:01.987598|[g:1][CONSENSUS][PBFT]checkTimeout Succ,view=304,toView=305,nodeIdx=3,changeCycle=0,myNode=d08a18ab...,timecost=0.194
info|2019-12-13 23:01:01.989131|[g:1][CONSENSUS][PBFT]checkAndChangeView: Reach consensus,org_view=304,org_changeCycle=0,cur_changeCycle=0,to_view=305
info|2019-12-13 23:01:02.990999|[g:1][CONSENSUS]addRawPrepare,height=80,reqIdx=0,hash=1f06ad49...
info|2019-12-13 23:01:02.991349|[g:1][CONSENSUS][PBFT]checkTimeout Succ,view=305,toView=306,nodeIdx=3,changeCycle=0,myNode=d08a18ab...,timecost=0.267
info|2019-12-13 23:01:02.996976|[g:1][CONSENSUS][PBFT]checkAndChangeView: Reach consensus,org_view=305,org_changeCycle=0,cur_changeCycle=0,to_view=306
info|2019-12-13 23:01:03.999064|[g:1][CONSENSUS]addRawPrepare,height=80,reqIdx=1,hash=a617a219...
info|2019-12-13 23:01:03.999519|[g:1][CONSENSUS][PBFT]checkTimeout Succ,view=306,toView=307,nodeIdx=3,changeCycle=0,myNode=d08a18ab...,timecost=0.331
info|2019-12-13 23:01:04.002122|[g:1][CONSENSUS][PBFT]checkAndChangeView: Reach consensus,org_view=306,org_changeCycle=0,cur_changeCycle=0,to_view=307
info|2019-12-13 23:01:05.004396|[g:1][CONSENSUS]addRawPrepare,height=80,reqIdx=2,hash=d4d31406...
info|2019-12-13 23:01:05.005075|[g:1][CONSENSUS][PBFT]checkTimeout Succ,view=307,toView=308,nodeIdx=3,changeCycle=0,myNode=d08a18ab...,timecost=0.543
info|2019-12-13 23:01:05.007667|[g:1][CONSENSUS][PBFT]checkAndChangeView: Reach consensus,org_view=307,org_changeCycle=0,cur_changeCycle=0,to_view=308
info|2019-12-13 23:01:06.007796|[g:1][CONSENSUS][SEALER]++++++++++++++++ Generating seal on,blkNum=80,tx=0,nodeIdx=3,hash=9d899d40...
info|2019-12-13 23:01:06.008423|[g:1][CONSENSUS][PBFT]checkTimeout Succ,view=308,toView=309,nodeIdx=3,changeCycle=0,myNode=d08a18ab...,timecost=0.318
info|2019-12-13 23:01:06.011762|[g:1][CONSENSUS][PBFT]checkAndChangeView: Reach consensus,org_view=308,org_changeCycle=0,cur_changeCycle=0,to_view=309
info|2019-12-13 23:01:07.012428|[g:1][CONSENSUS]addRawPrepare,height=80,reqIdx=0,hash=676819ac...
info|2019-12-13 23:01:07.013770|[g:1][CONSENSUS][PBFT]checkTimeout Succ,view=309,toView=310,nodeIdx=3,changeCycle=0,myNode=d08a18ab...,timecost=1.237
info|2019-12-13 23:01:07.016526|[g:1][CONSENSUS][PBFT]checkAndChangeView: Reach consensus,org_view=309,org_changeCycle=0,cur_changeCycle=0,to_view=310
info|2019-12-13 23:01:08.016864|[g:1][CONSENSUS]addRawPrepare,height=80,reqIdx=1,hash=684b186f...
info|2019-12-13 23:01:08.017218|[g:1][CONSENSUS][PBFT]checkTimeout Succ,view=310,toView=311,nodeIdx=3,changeCycle=0,myNode=d08a18ab...,timecost=0.261
info|2019-12-13 23:01:08.018980|[g:1][CONSENSUS][PBFT]checkAndChangeView: Reach consensus,org_view=310,org_changeCycle=0,cur_changeCycle=0,to_view=311
info|2019-12-13 23:01:08.200260|[P2P][Service] heartBeat,connected count=3
info|2019-12-13 23:01:09.022006|[g:1][CONSENSUS]addRawPrepare,height=80,reqIdx=2,hash=7ea53d96...
info|2019-12-13 23:01:09.022548|[g:1][CONSENSUS][PBFT]checkTimeout Succ,view=311,toView=312,nodeIdx=3,changeCycle=0,myNode=d08a18ab...,timecost=0.395
info|2019-12-13 23:01:09.025311|[g:1][CONSENSUS][PBFT]checkAndChangeView: Reach consensus,org_view=311,org_changeCycle=0,cur_changeCycle=0,to_view=312
info|2019-12-13 23:01:10.025465|[g:1][CONSENSUS][SEALER]++++++++++++++++ Generating seal on,blkNum=80,tx=0,nodeIdx=3,hash=6adc56b1...
info|2019-12-13 23:01:10.028533|[g:1][CONSENSUS][PBFT]checkTimeout Succ,view=312,toView=313,nodeIdx=3,changeCycle=0,myNode=d08a18ab...,timecost=0.47
info|2019-12-13 23:01:10.029178|[g:1][CONSENSUS][PBFT]checkAndChangeView: Reach consensus,org_view=312,org_changeCycle=0,cur_changeCycle=0,to_view=313
info|2019-12-13 23:01:11.032815|[g:1][CONSENSUS]addRawPrepare,height=80,reqIdx=0,hash=7c99c151...
info|2019-12-13 23:01:11.033976|[g:1][CONSENSUS][PBFT]checkTimeout Succ,view=313,toView=314,nodeIdx=3,changeCycle=0,myNode=d08a18ab...,timecost=0.971
info|2019-12-13 23:01:11.035222|[g:1][CONSENSUS][PBFT]checkAndChangeView: Reach consensus,org_view=313,org_changeCycle=0,cur_changeCycle=0,to_view=314
info|2019-12-13 23:01:12.036010|[g:1][CONSENSUS]addRawPrepare,height=80,reqIdx=1,hash=4bcd5de0...
info|2019-12-13 23:01:12.036595|[g:1][CONSENSUS][PBFT]checkTimeout Succ,view=314,toView=315,nodeIdx=3,changeCycle=0,myNode=d08a18ab...,timecost=0.495
info|2019-12-13 23:01:12.040417|[g:1][CONSENSUS][PBFT]checkAndChangeView: Reach consensus,org_view=314,org_changeCycle=0,cur_changeCycle=0,to_view=315
info|2019-12-13 23:01:13.042882|[g:1][CONSENSUS]addRawPrepare,height=80,reqIdx=2,hash=f837bd21...
info|2019-12-13 23:01:13.043795|[g:1][CONSENSUS][PBFT]checkTimeout Succ,view=315,toView=316,nodeIdx=3,changeCycle=0,myNode=d08a18ab...,timecost=0.596
info|2019-12-13 23:01:13.044928|[g:1][CONSENSUS][PBFT]checkAndChangeView: Reach consensus,org_view=315,org_changeCycle=0,cur_changeCycle=0,to_view=316
info|2019-12-13 23:01:14.045119|[g:1][CONSENSUS][SEALER]++++++++++++++++ Generating seal on,blkNum=80,tx=0,nodeIdx=3,hash=49bc8431...
info|2019-12-13 23:01:14.048126|[g:1][CONSENSUS][PBFT]checkTimeout Succ,view=316,toView=317,nodeIdx=3,changeCycle=0,myNode=d08a18ab...,timecost=0.304
info|2019-12-13 23:01:14.049938|[g:1][CONSENSUS][PBFT]checkAndChangeView: Reach consensus,org_view=316,org_changeCycle=0,cur_changeCycle=0,to_view=317
info|2019-12-13 23:01:15.051228|[g:1][CONSENSUS]addRawPrepare,height=80,reqIdx=0,hash=59324b51...
info|2019-12-13 23:01:15.051570|[g:1][CONSENSUS][PBFT]checkTimeout Succ,view=317,toView=318,nodeIdx=3,changeCycle=0,myNode=d08a18ab...,timecost=0.271
info|2019-12-13 23:01:15.055498|[g:1][CONSENSUS][PBFT]checkAndChangeView: Reach consensus,org_view=317,org_changeCycle=0,cur_changeCycle=0,to_view=318
info|2019-12-13 23:01:16.057576|[g:1][CONSENSUS]addRawPrepare,height=80,reqIdx=1,hash=169713c4...
info|2019-12-13 23:01:16.057860|[g:1][CONSENSUS][PBFT]checkTimeout Succ,view=318,toView=319,nodeIdx=3,changeCycle=0,myNode=d08a18ab...,timecost=0.202
info|2019-12-13 23:01:16.060000|[g:1][CONSENSUS][PBFT]checkAndChangeView: Reach consensus,org_view=318,org_changeCycle=0,cur_changeCycle=0,to_view=319
info|2019-12-13 23:01:17.063157|[g:1][CONSENSUS]addRawPrepare,height=80,reqIdx=2,hash=5ba59dfa...
info|2019-12-13 23:01:17.063476|[g:1][CONSENSUS][PBFT]checkTimeout Succ,view=319,toView=320,nodeIdx=3,changeCycle=0,myNode=d08a18ab...,timecost=0.222
info|2019-12-13 23:01:17.068032|[g:1][CONSENSUS][PBFT]checkAndChangeView: Reach consensus,org_view=319,org_changeCycle=0,cur_changeCycle=0,to_view=320
info|2019-12-13 23:01:18.069391|[g:1][CONSENSUS][SEALER]++++++++++++++++ Generating seal on,blkNum=80,tx=0,nodeIdx=3,hash=04b61214...
info|2019-12-13 23:01:18.074269|[g:1][CONSENSUS][PBFT]checkTimeout Succ,view=320,toView=321,nodeIdx=3,changeCycle=0,myNode=d08a18ab...,timecost=0.404
info|2019-12-13 23:01:18.075603|[g:1][CONSENSUS][PBFT]checkAndChangeView: Reach consensus,org_view=320,org_changeCycle=0,cur_changeCycle=0,to_view=321
info|2019-12-13 23:01:18.201474|[P2P][Service] heartBeat,connected count=3
info|2019-12-13 23:01:19.075656|[g:1][CONSENSUS]addRawPrepare,height=80,reqIdx=0,hash=f2031415...
info|2019-12-13 23:01:19.076078|[g:1][CONSENSUS][PBFT]checkTimeout Succ,view=321,toView=322,nodeIdx=3,changeCycle=0,myNode=d08a18ab...,timecost=0.316
info|2019-12-13 23:01:19.078898|[g:1][CONSENSUS][PBFT]checkAndChangeView: Reach consensus,org_view=321,org_changeCycle=0,cur_changeCycle=0,to_view=322
info|2019-12-13 23:01:20.084976|[g:1][CONSENSUS]addRawPrepare,height=80,reqIdx=1,hash=a58d2239...
info|2019-12-13 23:01:20.085755|[g:1][CONSENSUS][PBFT]checkTimeout Succ,view=322,toView=323,nodeIdx=3,changeCycle=0,myNode=d08a18ab...,timecost=0.456
info|2019-12-13 23:01:20.086539|[g:1][CONSENSUS][PBFT]checkAndChangeView: Reach consensus,org_view=322,org_changeCycle=0,cur_changeCycle=0,to_view=323
info|2019-12-13 23:01:21.089276|[g:1][CONSENSUS]addRawPrepare,height=80,reqIdx=2,hash=289a570c...
info|2019-12-13 23:01:21.090151|[g:1][CONSENSUS][PBFT]checkTimeout Succ,view=323,toView=324,nodeIdx=3,changeCycle=0,myNode=d08a18ab...,timecost=0.735
info|2019-12-13 23:01:21.092583|[g:1][CONSENSUS][PBFT]checkAndChangeView: Reach consensus,org_view=323,org_changeCycle=0,cur_changeCycle=0,to_view=324
info|2019-12-13 23:01:22.093932|[g:1][CONSENSUS][SEALER]++++++++++++++++ Generating seal on,blkNum=80,tx=0,nodeIdx=3,hash=2ff3849c...
info|2019-12-13 23:01:22.097248|[g:1][CONSENSUS][PBFT]checkTimeout Succ,view=324,toView=325,nodeIdx=3,changeCycle=0,myNode=d08a18ab...,timecost=2.786
info|2019-12-13 23:01:22.098181|[g:1][CONSENSUS][PBFT]checkAndChangeView: Reach consensus,org_view=324,org_changeCycle=0,cur_changeCycle=0,to_view=325
info|2019-12-13 23:01:23.102143|[g:1][CONSENSUS]addRawPrepare,height=80,reqIdx=0,hash=70431ef3...
info|2019-12-13 23:01:23.102662|[g:1][CONSENSUS][PBFT]checkTimeout Succ,view=325,toView=326,nodeIdx=3,changeCycle=0,myNode=d08a18ab...,timecost=0.424
info|2019-12-13 23:01:23.103383|[g:1][CONSENSUS][PBFT]checkAndChangeView: Reach consensus,org_view=325,org_changeCycle=0,cur_changeCycle=0,to_view=326
info|2019-12-13 23:01:24.102300|[g:1][CONSENSUS]addRawPrepare,height=80,reqIdx=1,hash=d4ea9053...
info|2019-12-13 23:01:24.102731|[g:1][CONSENSUS][PBFT]checkTimeout Succ,view=326,toView=327,nodeIdx=3,changeCycle=0,myNode=d08a18ab...,timecost=0.251
info|2019-12-13 23:01:24.105753|[g:1][CONSENSUS][PBFT]checkAndChangeView: Reach consensus,org_view=326,org_changeCycle=0,cur_changeCycle=0,to_view=327
info|2019-12-13 23:01:25.109053|[g:1][CONSENSUS]addRawPrepare,height=80,reqIdx=2,hash=e46a3c4f...
info|2019-12-13 23:01:25.109726|[g:1][CONSENSUS][PBFT]checkTimeout Succ,view=327,toView=328,nodeIdx=3,changeCycle=0,myNode=d08a18ab...,timecost=0.635
info|2019-12-13 23:01:25.110991|[g:1][CONSENSUS][PBFT]checkAndChangeView: Reach consensus,org_view=327,org_changeCycle=0,cur_changeCycle=0,to_view=328
info|2019-12-13 23:01:26.111516|[g:1][CONSENSUS][SEALER]++++++++++++++++ Generating seal on,blkNum=80,tx=0,nodeIdx=3,hash=64c94b85...
info|2019-12-13 23:01:26.112401|[g:1][CONSENSUS][PBFT]checkTimeout Succ,view=328,toView=329,nodeIdx=3,changeCycle=0,myNode=d08a18ab...,timecost=0.443
info|2019-12-13 23:01:26.115744|[g:1][CONSENSUS][PBFT]checkAndChangeView: Reach consensus,org_view=328,org_changeCycle=0,cur_changeCycle=0,to_view=329
info|2019-12-13 23:01:27.119084|[g:1][CONSENSUS]addRawPrepare,height=80,reqIdx=0,hash=af48c7b8...
info|2019-12-13 23:01:27.119617|[g:1][CONSENSUS][PBFT]checkTimeout Succ,view=329,toView=330,nodeIdx=3,changeCycle=0,myNode=d08a18ab...,timecost=0.39
info|2019-12-13 23:01:27.121245|[g:1][CONSENSUS][PBFT]checkAndChangeView: Reach consensus,org_view=329,org_changeCycle=0,cur_changeCycle=0,to_view=330
info|2019-12-13 23:01:28.123528|[g:1][CONSENSUS]addRawPrepare,height=80,reqIdx=1,hash=27c10835...
info|2019-12-13 23:01:28.125605|[g:1][CONSENSUS][PBFT]checkTimeout Succ,view=330,toView=331,nodeIdx=3,changeCycle=0,myNode=d08a18ab...,timecost=1.214
info|2019-12-13 23:01:28.126597|[g:1][CONSENSUS][PBFT]checkAndChangeView: Reach consensus,org_view=330,org_changeCycle=0,cur_changeCycle=0,to_view=331
info|2019-12-13 23:01:28.202195|[P2P][Service] heartBeat,connected count=3
info|2019-12-13 23:01:29.129778|[g:1][CONSENSUS]addRawPrepare,height=80,reqIdx=2,hash=530a4089...
info|2019-12-13 23:01:29.130140|[g:1][CONSENSUS][PBFT]checkTimeout Succ,view=331,toView=332,nodeIdx=3,changeCycle=0,myNode=d08a18ab...,timecost=0.236
info|2019-12-13 23:01:29.133214|[g:1][CONSENSUS][PBFT]checkAndChangeView: Reach consensus,org_view=331,org_changeCycle=0,cur_changeCycle=0,to_view=332
info|2019-12-13 23:01:30.133701|[g:1][CONSENSUS][SEALER]++++++++++++++++ Generating seal on,blkNum=80,tx=0,nodeIdx=3,hash=4199d23d...
info|2019-12-13 23:01:30.138649|[g:1][CONSENSUS][PBFT]checkTimeout Succ,view=332,toView=333,nodeIdx=3,changeCycle=0,myNode=d08a18ab...,timecost=0.345
info|2019-12-13 23:01:30.139549|[g:1][CONSENSUS][PBFT]checkAndChangeView: Reach consensus,org_view=332,org_changeCycle=0,cur_changeCycle=0,to_view=333
info|2019-12-13 23:01:31.139588|[g:1][CONSENSUS]addRawPrepare,height=80,reqIdx=0,hash=844dd4ca...
info|2019-12-13 23:01:31.140066|[g:1][CONSENSUS][PBFT]checkTimeout Succ,view=333,toView=334,nodeIdx=3,changeCycle=0,myNode=d08a18ab...,timecost=0.36
info|2019-12-13 23:01:31.141285|[g:1][CONSENSUS][PBFT]checkAndChangeView: Reach consensus,org_view=333,org_changeCycle=0,cur_changeCycle=0,to_view=334
info|2019-12-13 23:01:32.142236|[g:1][CONSENSUS]addRawPrepare,height=80,reqIdx=1,hash=cfa1936b...
info|2019-12-13 23:01:32.142542|[g:1][CONSENSUS][PBFT]checkTimeout Succ,view=334,toView=335,nodeIdx=3,changeCycle=0,myNode=d08a18ab...,timecost=0.212
info|2019-12-13 23:01:32.144811|[g:1][CONSENSUS][PBFT]checkAndChangeView: Reach consensus,org_view=334,org_changeCycle=0,cur_changeCycle=0,to_view=335
info|2019-12-13 23:01:33.146549|[g:1][CONSENSUS]addRawPrepare,height=80,reqIdx=2,hash=a606c5b3...
info|2019-12-13 23:01:33.146878|[g:1][CONSENSUS][PBFT]checkTimeout Succ,view=335,toView=336,nodeIdx=3,changeCycle=0,myNode=d08a18ab...,timecost=0.234
info|2019-12-13 23:01:33.149360|[g:1][CONSENSUS][PBFT]checkAndChangeView: Reach consensus,org_view=335,org_changeCycle=0,cur_changeCycle=0,to_view=336
info|2019-12-13 23:01:34.150793|[g:1][CONSENSUS][SEALER]++++++++++++++++ Generating seal on,blkNum=80,tx=0,nodeIdx=3,hash=e703cd07...
info|2019-12-13 23:01:34.153802|[g:1][CONSENSUS][PBFT]checkTimeout Succ,view=336,toView=337,nodeIdx=3,changeCycle=0,myNode=d08a18ab...,timecost=0.83
info|2019-12-13 23:01:34.155984|[g:1][CONSENSUS][PBFT]checkAndChangeView: Reach consensus,org_view=336,org_changeCycle=0,cur_changeCycle=0,to_view=337
info|2019-12-13 23:01:35.156242|[g:1][CONSENSUS]addRawPrepare,height=80,reqIdx=0,hash=a175d2cc...
info|2019-12-13 23:01:35.158065|[g:1][CONSENSUS][PBFT]checkTimeout Succ,view=337,toView=338,nodeIdx=3,changeCycle=0,myNode=d08a18ab...,timecost=1.548
info|2019-12-13 23:01:35.159971|[g:1][CONSENSUS][PBFT]checkAndChangeView: Reach consensus,org_view=337,org_changeCycle=0,cur_changeCycle=0,to_view=338
info|2019-12-13 23:01:36.159327|[g:1][CONSENSUS]addRawPrepare,height=80,reqIdx=1,hash=d95a0ed0...
info|2019-12-13 23:01:36.159707|[g:1][CONSENSUS][PBFT]checkTimeout Succ,view=338,toView=339,nodeIdx=3,changeCycle=0,myNode=d08a18ab...,timecost=0.199
info|2019-12-13 23:01:36.161644|[g:1][CONSENSUS][PBFT]checkAndChangeView: Reach consensus,org_view=338,org_changeCycle=0,cur_changeCycle=0,to_view=339
info|2019-12-13 23:01:37.165203|[g:1][CONSENSUS]addRawPrepare,height=80,reqIdx=2,hash=d0749cca...
info|2019-12-13 23:01:37.167850|[g:1][CONSENSUS][PBFT]checkTimeout Succ,view=339,toView=340,nodeIdx=3,changeCycle=0,myNode=d08a18ab...,timecost=1.854
info|2019-12-13 23:01:37.170316|[g:1][CONSENSUS][PBFT]checkAndChangeView: Reach consensus,org_view=339,org_changeCycle=0,cur_changeCycle=0,to_view=340
info|2019-12-13 23:01:38.170147|[g:1][CONSENSUS][SEALER]++++++++++++++++ Generating seal on,blkNum=80,tx=0,nodeIdx=3,hash=0feb0221...
info|2019-12-13 23:01:38.174089|[g:1][CONSENSUS][PBFT]checkTimeout Succ,view=340,toView=341,nodeIdx=3,changeCycle=0,myNode=d08a18ab...,timecost=0.633
info|2019-12-13 23:01:38.174646|[g:1][CONSENSUS][PBFT]checkAndChangeView: Reach consensus,org_view=340,org_changeCycle=0,cur_changeCycle=0,to_view=341
info|2019-12-13 23:01:38.202726|[P2P][Service] heartBeat,connected count=3
info|2019-12-13 23:01:39.175279|[g:1][CONSENSUS]addRawPrepare,height=80,reqIdx=0,hash=8ad36a02...
info|2019-12-13 23:01:39.175604|[g:1][CONSENSUS][PBFT]checkTimeout Succ,view=341,toView=342,nodeIdx=3,changeCycle=0,myNode=d08a18ab...,timecost=0.254
info|2019-12-13 23:01:39.177043|[g:1][CONSENSUS][PBFT]checkAndChangeView: Reach consensus,org_view=341,org_changeCycle=0,cur_changeCycle=0,to_view=342
info|2019-12-13 23:01:40.179182|[g:1][CONSENSUS]addRawPrepare,height=80,reqIdx=1,hash=c40674e2...
info|2019-12-13 23:01:40.179488|[g:1][CONSENSUS][PBFT]checkTimeout Succ,view=342,toView=343,nodeIdx=3,changeCycle=0,myNode=d08a18ab...,timecost=0.232
info|2019-12-13 23:01:40.181157|[g:1][CONSENSUS][PBFT]checkAndChangeView: Reach consensus,org_view=342,org_changeCycle=0,cur_changeCycle=0,to_view=343
info|2019-12-13 23:01:41.184995|[g:1][CONSENSUS]addRawPrepare,height=80,reqIdx=2,hash=1f34504f...
info|2019-12-13 23:01:41.185474|[g:1][CONSENSUS][PBFT]checkTimeout Succ,view=343,toView=344,nodeIdx=3,changeCycle=0,myNode=d08a18ab...,timecost=0.319
info|2019-12-13 23:01:41.188771|[g:1][CONSENSUS][PBFT]checkAndChangeView: Reach consensus,org_view=343,org_changeCycle=0,cur_changeCycle=0,to_view=344
info|2019-12-13 23:01:42.188674|[g:1][CONSENSUS][SEALER]++++++++++++++++ Generating seal on,blkNum=80,tx=0,nodeIdx=3,hash=cc861a42...
info|2019-12-13 23:01:42.193574|[g:1][CONSENSUS][PBFT]checkTimeout Succ,view=344,toView=345,nodeIdx=3,changeCycle=0,myNode=d08a18ab...,timecost=0.433
info|2019-12-13 23:01:42.194448|[g:1][CONSENSUS][PBFT]checkAndChangeView: Reach consensus,org_view=344,org_changeCycle=0,cur_changeCycle=0,to_view=345
info|2019-12-13 23:01:43.193076|[g:1][CONSENSUS]addRawPrepare,height=80,reqIdx=0,hash=77d94939...
info|2019-12-13 23:01:43.193347|[g:1][CONSENSUS][PBFT]checkTimeout Succ,view=345,toView=346,nodeIdx=3,changeCycle=0,myNode=d08a18ab...,timecost=0.2
info|2019-12-13 23:01:43.196999|[g:1][CONSENSUS][PBFT]checkAndChangeView: Reach consensus,org_view=345,org_changeCycle=0,cur_changeCycle=0,to_view=346
info|2019-12-13 23:01:44.198605|[g:1][CONSENSUS]addRawPrepare,height=80,reqIdx=1,hash=8abe9fdd...
info|2019-12-13 23:01:44.198999|[g:1][CONSENSUS][PBFT]checkTimeout Succ,view=346,toView=347,nodeIdx=3,changeCycle=0,myNode=d08a18ab...,timecost=0.255
info|2019-12-13 23:01:44.202523|[g:1][CONSENSUS][PBFT]checkAndChangeView: Reach consensus,org_view=346,org_changeCycle=0,cur_changeCycle=0,to_view=347
info|2019-12-13 23:01:45.206137|[g:1][CONSENSUS]addRawPrepare,height=80,reqIdx=2,hash=38de01b7...
info|2019-12-13 23:01:45.207109|[g:1][CONSENSUS][PBFT]checkTimeout Succ,view=347,toView=348,nodeIdx=3,changeCycle=0,myNode=d08a18ab...,timecost=0.749
info|2019-12-13 23:01:45.208185|[g:1][CONSENSUS][PBFT]checkAndChangeView: Reach consensus,org_view=347,org_changeCycle=0,cur_changeCycle=0,to_view=348
info|2019-12-13 23:01:46.208608|[g:1][CONSENSUS][SEALER]++++++++++++++++ Generating seal on,blkNum=80,tx=0,nodeIdx=3,hash=b324f10f...
info|2019-12-13 23:01:46.214952|[g:1][CONSENSUS][PBFT]checkTimeout Succ,view=348,toView=349,nodeIdx=3,changeCycle=0,myNode=d08a18ab...,timecost=0.415
info|2019-12-13 23:01:46.216789|[g:1][CONSENSUS][PBFT]checkAndChangeView: Reach consensus,org_view=348,org_changeCycle=0,cur_changeCycle=0,to_view=349
info|2019-12-13 23:01:47.214969|[g:1][CONSENSUS]addRawPrepare,height=80,reqIdx=0,hash=31d87c19...
info|2019-12-13 23:01:47.215511|[g:1][CONSENSUS][PBFT]checkTimeout Succ,view=349,toView=350,nodeIdx=3,changeCycle=0,myNode=d08a18ab...,timecost=0.666
info|2019-12-13 23:01:47.218268|[g:1][CONSENSUS][PBFT]checkAndChangeView: Reach consensus,org_view=349,org_changeCycle=0,cur_changeCycle=0,to_view=350
info|2019-12-13 23:01:48.202858|[P2P][Service] heartBeat,connected count=3
info|2019-12-13 23:01:48.224625|[g:1][CONSENSUS]addRawPrepare,height=80,reqIdx=1,hash=a4207766...
info|2019-12-13 23:01:48.225439|[g:1][CONSENSUS][PBFT]checkTimeout Succ,view=350,toView=351,nodeIdx=3,changeCycle=0,myNode=d08a18ab...,timecost=0.707
info|2019-12-13 23:01:48.226617|[g:1][CONSENSUS][PBFT]checkAndChangeView: Reach consensus,org_view=350,org_changeCycle=0,cur_changeCycle=0,to_view=351
info|2019-12-13 23:01:49.227689|[g:1][CONSENSUS]addRawPrepare,height=80,reqIdx=2,hash=ec10055e...
info|2019-12-13 23:01:49.228442|[g:1][CONSENSUS][PBFT]checkTimeout Succ,view=351,toView=352,nodeIdx=3,changeCycle=0,myNode=d08a18ab...,timecost=0.628
info|2019-12-13 23:01:49.230840|[g:1][CONSENSUS][PBFT]checkAndChangeView: Reach consensus,org_view=351,org_changeCycle=0,cur_changeCycle=0,to_view=352
info|2019-12-13 23:01:50.231136|[g:1][CONSENSUS][SEALER]++++++++++++++++ Generating seal on,blkNum=80,tx=0,nodeIdx=3,hash=757d5a2e...
info|2019-12-13 23:01:50.232253|[g:1][CONSENSUS][PBFT]checkTimeout Succ,view=352,toView=353,nodeIdx=3,changeCycle=0,myNode=d08a18ab...,timecost=0.247
info|2019-12-13 23:01:50.236798|[g:1][CONSENSUS][PBFT]checkAndChangeView: Reach consensus,org_view=352,org_changeCycle=0,cur_changeCycle=0,to_view=353
info|2019-12-13 23:01:51.236023|[g:1][CONSENSUS]addRawPrepare,height=80,reqIdx=0,hash=0b9c5a36...
info|2019-12-13 23:01:51.236534|[g:1][CONSENSUS][PBFT]checkTimeout Succ,view=353,toView=354,nodeIdx=3,changeCycle=0,myNode=d08a18ab...,timecost=0.369
info|2019-12-13 23:01:51.238696|[g:1][CONSENSUS][PBFT]checkAndChangeView: Reach consensus,org_view=353,org_changeCycle=0,cur_changeCycle=0,to_view=354
info|2019-12-13 23:01:52.240936|[g:1][CONSENSUS]addRawPrepare,height=80,reqIdx=1,hash=7dc441fa...
info|2019-12-13 23:01:52.241663|[g:1][CONSENSUS][PBFT]checkTimeout Succ,view=354,toView=355,nodeIdx=3,changeCycle=0,myNode=d08a18ab...,timecost=0.622
info|2019-12-13 23:01:52.243013|[g:1][CONSENSUS][PBFT]checkAndChangeView: Reach consensus,org_view=354,org_changeCycle=0,cur_changeCycle=0,to_view=355
info|2019-12-13 23:01:53.247407|[g:1][CONSENSUS]addRawPrepare,height=80,reqIdx=2,hash=dd6d6da3...
info|2019-12-13 23:01:53.247939|[g:1][CONSENSUS][PBFT]checkTimeout Succ,view=355,toView=356,nodeIdx=3,changeCycle=0,myNode=d08a18ab...,timecost=0.402
info|2019-12-13 23:01:53.248966|[g:1][CONSENSUS][PBFT]checkAndChangeView: Reach consensus,org_view=355,org_changeCycle=0,cur_changeCycle=0,to_view=356
info|2019-12-13 23:01:54.249477|[g:1][CONSENSUS][SEALER]++++++++++++++++ Generating seal on,blkNum=80,tx=0,nodeIdx=3,hash=29a334c6...
info|2019-12-13 23:01:54.254822|[g:1][CONSENSUS][PBFT]checkTimeout Succ,view=356,toView=357,nodeIdx=3,changeCycle=0,myNode=d08a18ab...,timecost=1.037
info|2019-12-13 23:01:54.255878|[g:1][CONSENSUS][PBFT]checkAndChangeView: Reach consensus,org_view=356,org_changeCycle=0,cur_changeCycle=0,to_view=357
info|2019-12-13 23:01:55.258899|[g:1][CONSENSUS]addRawPrepare,height=80,reqIdx=0,hash=b461d775...
info|2019-12-13 23:01:55.259998|[g:1][CONSENSUS][PBFT]checkTimeout Succ,view=357,toView=358,nodeIdx=3,changeCycle=0,myNode=d08a18ab...,timecost=0.437
info|2019-12-13 23:01:55.263143|[g:1][CONSENSUS][PBFT]checkAndChangeView: Reach consensus,org_view=357,org_changeCycle=0,cur_changeCycle=0,to_view=358
info|2019-12-13 23:01:56.266444|[g:1][CONSENSUS]addRawPrepare,height=80,reqIdx=1,hash=a971d899...
info|2019-12-13 23:01:56.267637|[g:1][CONSENSUS][PBFT]checkTimeout Succ,view=358,toView=359,nodeIdx=3,changeCycle=0,myNode=d08a18ab...,timecost=0.831
info|2019-12-13 23:01:56.269469|[g:1][CONSENSUS][PBFT]checkAndChangeView: Reach consensus,org_view=358,org_changeCycle=0,cur_changeCycle=0,to_view=359
info|2019-12-13 23:01:57.273982|[g:1][CONSENSUS]addRawPrepare,height=80,reqIdx=2,hash=674d1f17...
info|2019-12-13 23:01:57.277282|[g:1][CONSENSUS][PBFT]checkTimeout Succ,view=359,toView=360,nodeIdx=3,changeCycle=0,myNode=d08a18ab...,timecost=1.513
info|2019-12-13 23:01:57.277959|[g:1][CONSENSUS][PBFT]checkAndChangeView: Reach consensus,org_view=359,org_changeCycle=0,cur_changeCycle=0,to_view=360
info|2019-12-13 23:01:58.203364|[P2P][Service] heartBeat,connected count=3
info|2019-12-13 23:01:58.278995|[g:1][CONSENSUS][SEALER]++++++++++++++++ Generating seal on,blkNum=80,tx=0,nodeIdx=3,hash=1b9c9d1d...
info|2019-12-13 23:01:58.285401|[g:1][CONSENSUS][PBFT]checkTimeout Succ,view=360,toView=361,nodeIdx=3,changeCycle=0,myNode=d08a18ab...,timecost=0.622
info|2019-12-13 23:01:58.286068|[g:1][CONSENSUS][PBFT]checkAndChangeView: Reach consensus,org_view=360,org_changeCycle=0,cur_changeCycle=0,to_view=361
info|2019-12-13 23:01:59.285400|[g:1][CONSENSUS]addRawPrepare,height=80,reqIdx=0,hash=b6d013a4...
info|2019-12-13 23:01:59.285721|[g:1][CONSENSUS][PBFT]checkTimeout Succ,view=361,toView=362,nodeIdx=3,changeCycle=0,myNode=d08a18ab...,timecost=0.238
info|2019-12-13 23:01:59.287710|[g:1][CONSENSUS][PBFT]checkAndChangeView: Reach consensus,org_view=361,org_changeCycle=0,cur_changeCycle=0,to_view=362
info|2019-12-13 23:02:00.291452|[g:1][CONSENSUS]addRawPrepare,height=80,reqIdx=1,hash=49708b44...
info|2019-12-13 23:02:00.292077|[g:1][CONSENSUS][PBFT]checkTimeout Succ,view=362,toView=363,nodeIdx=3,changeCycle=0,myNode=d08a18ab...,timecost=0.439
info|2019-12-13 23:02:00.293849|[g:1][CONSENSUS][PBFT]checkAndChangeView: Reach consensus,org_view=362,org_changeCycle=0,cur_changeCycle=0,to_view=363
info|2019-12-13 23:02:01.295248|[g:1][CONSENSUS]addRawPrepare,height=80,reqIdx=2,hash=f65dcc06...
info|2019-12-13 23:02:01.295897|[g:1][CONSENSUS][PBFT]checkTimeout Succ,view=363,toView=364,nodeIdx=3,changeCycle=0,myNode=d08a18ab...,timecost=0.464
info|2019-12-13 23:02:01.297380|[g:1][CONSENSUS][PBFT]checkAndChangeView: Reach consensus,org_view=363,org_changeCycle=0,cur_changeCycle=0,to_view=364
info|2019-12-13 23:02:02.298302|[g:1][CONSENSUS][SEALER]++++++++++++++++ Generating seal on,blkNum=80,tx=0,nodeIdx=3,hash=435ae3d2...
info|2019-12-13 23:02:02.301141|[g:1][CONSENSUS][PBFT]checkTimeout Succ,view=364,toView=365,nodeIdx=3,changeCycle=0,myNode=d08a18ab...,timecost=0.57
info|2019-12-13 23:02:02.301840|[g:1][CONSENSUS][PBFT]checkAndChangeView: Reach consensus,org_view=364,org_changeCycle=0,cur_changeCycle=0,to_view=365
info|2019-12-13 23:02:03.304973|[g:1][CONSENSUS]addRawPrepare,height=80,reqIdx=0,hash=3da80ad6...
info|2019-12-13 23:02:03.305767|[g:1][CONSENSUS][PBFT]checkTimeout Succ,view=365,toView=366,nodeIdx=3,changeCycle=0,myNode=d08a18ab...,timecost=0.558
info|2019-12-13 23:02:03.307936|[g:1][CONSENSUS][PBFT]checkAndChangeView: Reach consensus,org_view=365,org_changeCycle=0,cur_changeCycle=0,to_view=366
info|2019-12-13 23:02:04.311362|[g:1][CONSENSUS]addRawPrepare,height=80,reqIdx=1,hash=cd8444e1...
info|2019-12-13 23:02:04.312175|[g:1][CONSENSUS][PBFT]checkTimeout Succ,view=366,toView=367,nodeIdx=3,changeCycle=0,myNode=d08a18ab...,timecost=0.657
info|2019-12-13 23:02:04.313306|[g:1][CONSENSUS][PBFT]checkAndChangeView: Reach consensus,org_view=366,org_changeCycle=0,cur_changeCycle=0,to_view=367
info|2019-12-13 23:02:05.317091|[g:1][CONSENSUS]addRawPrepare,height=80,reqIdx=2,hash=ff88a964...
info|2019-12-13 23:02:05.317649|[g:1][CONSENSUS][PBFT]checkTimeout Succ,view=367,toView=368,nodeIdx=3,changeCycle=0,myNode=d08a18ab...,timecost=0.428
info|2019-12-13 23:02:05.318768|[g:1][CONSENSUS][PBFT]checkAndChangeView: Reach consensus,org_view=367,org_changeCycle=0,cur_changeCycle=0,to_view=368
info|2019-12-13 23:02:06.318668|[g:1][CONSENSUS][SEALER]++++++++++++++++ Generating seal on,blkNum=80,tx=0,nodeIdx=3,hash=f02bfdc5...
info|2019-12-13 23:02:06.319719|[g:1][CONSENSUS][PBFT]checkTimeout Succ,view=368,toView=369,nodeIdx=3,changeCycle=0,myNode=d08a18ab...,timecost=0.506
info|2019-12-13 23:02:06.323340|[g:1][CONSENSUS][PBFT]checkAndChangeView: Reach consensus,org_view=368,org_changeCycle=0,cur_changeCycle=0,to_view=369
info|2019-12-13 23:02:07.324666|[g:1][CONSENSUS]addRawPrepare,height=80,reqIdx=0,hash=971d9728...
info|2019-12-13 23:02:07.325327|[g:1][CONSENSUS][PBFT]checkTimeout Succ,view=369,toView=370,nodeIdx=3,changeCycle=0,myNode=d08a18ab...,timecost=0.502
info|2019-12-13 23:02:07.326763|[g:1][CONSENSUS][PBFT]checkAndChangeView: Reach consensus,org_view=369,org_changeCycle=0,cur_changeCycle=0,to_view=370
info|2019-12-13 23:02:08.203703|[P2P][Service] heartBeat,connected count=3
info|2019-12-13 23:02:08.331677|[g:1][CONSENSUS]addRawPrepare,height=80,reqIdx=1,hash=45e385e7...
info|2019-12-13 23:02:08.334676|[g:1][CONSENSUS][PBFT]checkTimeout Succ,view=370,toView=371,nodeIdx=3,changeCycle=0,myNode=d08a18ab...,timecost=2.62
info|2019-12-13 23:02:08.336162|[g:1][CONSENSUS][PBFT]checkAndChangeView: Reach consensus,org_view=370,org_changeCycle=0,cur_changeCycle=0,to_view=371
info|2019-12-13 23:02:09.337931|[g:1][CONSENSUS]addRawPrepare,height=80,reqIdx=2,hash=a2a7c025...
info|2019-12-13 23:02:09.338294|[g:1][CONSENSUS][PBFT]checkTimeout Succ,view=371,toView=372,nodeIdx=3,changeCycle=0,myNode=d08a18ab...,timecost=0.235
info|2019-12-13 23:02:09.339337|[g:1][CONSENSUS][PBFT]checkAndChangeView: Reach consensus,org_view=371,org_changeCycle=0,cur_changeCycle=0,to_view=372
info|2019-12-13 23:02:10.340003|[g:1][CONSENSUS][SEALER]++++++++++++++++ Generating seal on,blkNum=80,tx=0,nodeIdx=3,hash=551c7fba...
info|2019-12-13 23:02:10.342841|[g:1][CONSENSUS][PBFT]checkTimeout Succ,view=372,toView=373,nodeIdx=3,changeCycle=0,myNode=d08a18ab...,timecost=0.297
info|2019-12-13 23:02:10.343691|[g:1][CONSENSUS][PBFT]checkAndChangeView: Reach consensus,org_view=372,org_changeCycle=0,cur_changeCycle=0,to_view=373
info|2019-12-13 23:02:11.346443|[g:1][CONSENSUS]addRawPrepare,height=80,reqIdx=0,hash=03053ca6...
info|2019-12-13 23:02:11.347974|[g:1][CONSENSUS][PBFT]checkTimeout Succ,view=373,toView=374,nodeIdx=3,changeCycle=0,myNode=d08a18ab...,timecost=1.379
info|2019-12-13 23:02:11.348810|[g:1][CONSENSUS][PBFT]checkAndChangeView: Reach consensus,org_view=373,org_changeCycle=0,cur_changeCycle=0,to_view=374
info|2019-12-13 23:02:12.350473|[g:1][CONSENSUS]addRawPrepare,height=80,reqIdx=1,hash=2e1a72b6...
info|2019-12-13 23:02:12.350923|[g:1][CONSENSUS][PBFT]checkTimeout Succ,view=374,toView=375,nodeIdx=3,changeCycle=0,myNode=d08a18ab...,timecost=0.328
info|2019-12-13 23:02:12.355694|[g:1][CONSENSUS][PBFT]checkAndChangeView: Reach consensus,org_view=374,org_changeCycle=0,cur_changeCycle=0,to_view=375
info|2019-12-13 23:02:13.356129|[g:1][CONSENSUS]addRawPrepare,height=80,reqIdx=2,hash=3fc55cc3...
info|2019-12-13 23:02:13.356573|[g:1][CONSENSUS][PBFT]checkTimeout Succ,view=375,toView=376,nodeIdx=3,changeCycle=0,myNode=d08a18ab...,timecost=0.317
info|2019-12-13 23:02:13.359172|[g:1][CONSENSUS][PBFT]checkAndChangeView: Reach consensus,org_view=375,org_changeCycle=0,cur_changeCycle=0,to_view=376
info|2019-12-13 23:02:14.360131|[g:1][CONSENSUS][SEALER]++++++++++++++++ Generating seal on,blkNum=80,tx=0,nodeIdx=3,hash=c8e200ab...
info|2019-12-13 23:02:14.361571|[g:1][CONSENSUS][PBFT]checkTimeout Succ,view=376,toView=377,nodeIdx=3,changeCycle=0,myNode=d08a18ab...,timecost=0.889
info|2019-12-13 23:02:14.362661|[g:1][CONSENSUS][PBFT]checkAndChangeView: Reach consensus,org_view=376,org_changeCycle=0,cur_changeCycle=0,to_view=377
info|2019-12-13 23:02:15.369276|[g:1][CONSENSUS]addRawPrepare,height=80,reqIdx=0,hash=593585ff...
info|2019-12-13 23:02:15.370796|[g:1][CONSENSUS][PBFT]checkTimeout Succ,view=377,toView=378,nodeIdx=3,changeCycle=0,myNode=d08a18ab...,timecost=1.348
info|2019-12-13 23:02:15.372649|[g:1][CONSENSUS][PBFT]checkAndChangeView: Reach consensus,org_view=377,org_changeCycle=0,cur_changeCycle=0,to_view=378
info|2019-12-13 23:02:16.370820|[g:1][CONSENSUS]addRawPrepare,height=80,reqIdx=1,hash=29e48def...
info|2019-12-13 23:02:16.372787|[g:1][CONSENSUS][PBFT]checkTimeout Succ,view=378,toView=379,nodeIdx=3,changeCycle=0,myNode=d08a18ab...,timecost=1.838
info|2019-12-13 23:02:16.378295|[g:1][CONSENSUS][PBFT]checkAndChangeView: Reach consensus,org_view=378,org_changeCycle=0,cur_changeCycle=0,to_view=379
info|2019-12-13 23:02:17.374462|[g:1][CONSENSUS]addRawPrepare,height=80,reqIdx=2,hash=dcf58f58...
info|2019-12-13 23:02:17.375329|[g:1][CONSENSUS][PBFT]checkTimeout Succ,view=379,toView=380,nodeIdx=3,changeCycle=0,myNode=d08a18ab...,timecost=0.751
info|2019-12-13 23:02:17.376518|[g:1][CONSENSUS][PBFT]checkAndChangeView: Reach consensus,org_view=379,org_changeCycle=0,cur_changeCycle=0,to_view=380
info|2019-12-13 23:02:18.205095|[P2P][Service] heartBeat,connected count=3
info|2019-12-13 23:02:18.377172|[g:1][CONSENSUS][SEALER]++++++++++++++++ Generating seal on,blkNum=80,tx=0,nodeIdx=3,hash=b0ab2365...
info|2019-12-13 23:02:18.380132|[g:1][CONSENSUS][PBFT]checkTimeout Succ,view=380,toView=381,nodeIdx=3,changeCycle=0,myNode=d08a18ab...,timecost=0.346
info|2019-12-13 23:02:18.380584|[g:1][CONSENSUS][PBFT]checkAndChangeView: Reach consensus,org_view=380,org_changeCycle=0,cur_changeCycle=0,to_view=381
info|2019-12-13 23:02:19.384455|[g:1][CONSENSUS]addRawPrepare,height=80,reqIdx=0,hash=a9c3c39f...
info|2019-12-13 23:02:19.387511|[g:1][CONSENSUS][PBFT]checkTimeout Succ,view=381,toView=382,nodeIdx=3,changeCycle=0,myNode=d08a18ab...,timecost=0.966
info|2019-12-13 23:02:19.388911|[g:1][CONSENSUS][PBFT]checkAndChangeView: Reach consensus,org_view=381,org_changeCycle=0,cur_changeCycle=0,to_view=382
info|2019-12-13 23:02:20.388847|[g:1][CONSENSUS]addRawPrepare,height=80,reqIdx=1,hash=16f43f50...
info|2019-12-13 23:02:20.390511|[g:1][CONSENSUS][PBFT]checkTimeout Succ,view=382,toView=383,nodeIdx=3,changeCycle=0,myNode=d08a18ab...,timecost=0.8
info|2019-12-13 23:02:20.392703|[g:1][CONSENSUS][PBFT]checkAndChangeView: Reach consensus,org_view=382,org_changeCycle=0,cur_changeCycle=0,to_view=383
info|2019-12-13 23:02:21.395301|[g:1][CONSENSUS]addRawPrepare,height=80,reqIdx=2,hash=5584e652...
info|2019-12-13 23:02:21.395900|[g:1][CONSENSUS][PBFT]checkTimeout Succ,view=383,toView=384,nodeIdx=3,changeCycle=0,myNode=d08a18ab...,timecost=0.552
info|2019-12-13 23:02:21.396357|[g:1][CONSENSUS][PBFT]checkAndChangeView: Reach consensus,org_view=383,org_changeCycle=0,cur_changeCycle=0,to_view=384
info|2019-12-13 23:02:22.397198|[g:1][CONSENSUS][SEALER]++++++++++++++++ Generating seal on,blkNum=80,tx=0,nodeIdx=3,hash=4fcdd968...
info|2019-12-13 23:02:22.401714|[g:1][CONSENSUS][PBFT]checkTimeout Succ,view=384,toView=385,nodeIdx=3,changeCycle=0,myNode=d08a18ab...,timecost=0.588
info|2019-12-13 23:02:22.404048|[g:1][CONSENSUS][PBFT]checkAndChangeView: Reach consensus,org_view=384,org_changeCycle=0,cur_changeCycle=0,to_view=385
info|2019-12-13 23:02:23.405349|[g:1][CONSENSUS]addRawPrepare,height=80,reqIdx=0,hash=1f913636...
info|2019-12-13 23:02:23.406717|[g:1][CONSENSUS][PBFT]checkTimeout Succ,view=385,toView=386,nodeIdx=3,changeCycle=0,myNode=d08a18ab...,timecost=1.059
info|2019-12-13 23:02:23.408728|[g:1][CONSENSUS][PBFT]checkAndChangeView: Reach consensus,org_view=385,org_changeCycle=0,cur_changeCycle=0,to_view=386
info|2019-12-13 23:02:24.412418|[g:1][CONSENSUS]addRawPrepare,height=80,reqIdx=1,hash=fdc0258a...
info|2019-12-13 23:02:24.414893|[g:1][CONSENSUS][PBFT]checkTimeout Succ,view=386,toView=387,nodeIdx=3,changeCycle=0,myNode=d08a18ab...,timecost=2.099
info|2019-12-13 23:02:24.416660|[g:1][CONSENSUS][PBFT]checkAndChangeView: Reach consensus,org_view=386,org_changeCycle=0,cur_changeCycle=0,to_view=387
info|2019-12-13 23:02:25.417018|[g:1][CONSENSUS]addRawPrepare,height=80,reqIdx=2,hash=f5d323f8...
info|2019-12-13 23:02:25.419331|[g:1][CONSENSUS][PBFT]checkTimeout Succ,view=387,toView=388,nodeIdx=3,changeCycle=0,myNode=d08a18ab...,timecost=0.794
info|2019-12-13 23:02:25.420776|[g:1][CONSENSUS][PBFT]checkAndChangeView: Reach consensus,org_view=387,org_changeCycle=0,cur_changeCycle=0,to_view=388
info|2019-12-13 23:02:26.420501|[g:1][CONSENSUS][SEALER]++++++++++++++++ Generating seal on,blkNum=80,tx=0,nodeIdx=3,hash=a3b936d9...
info|2019-12-13 23:02:26.421294|[g:1][CONSENSUS][PBFT]checkTimeout Succ,view=388,toView=389,nodeIdx=3,changeCycle=0,myNode=d08a18ab...,timecost=0.359
info|2019-12-13 23:02:26.427358|[g:1][CONSENSUS][PBFT]checkAndChangeView: Reach consensus,org_view=388,org_changeCycle=0,cur_changeCycle=0,to_view=389
info|2019-12-13 23:02:27.429583|[g:1][CONSENSUS]addRawPrepare,height=80,reqIdx=0,hash=828a8c0c...
info|2019-12-13 23:02:27.431230|[g:1][CONSENSUS][PBFT]checkTimeout Succ,view=389,toView=390,nodeIdx=3,changeCycle=0,myNode=d08a18ab...,timecost=1.478
info|2019-12-13 23:02:27.432672|[g:1][CONSENSUS][PBFT]checkAndChangeView: Reach consensus,org_view=389,org_changeCycle=0,cur_changeCycle=0,to_view=390
info|2019-12-13 23:02:28.205683|[P2P][Service] heartBeat,connected count=3
info|2019-12-13 23:02:28.433357|[g:1][CONSENSUS]addRawPrepare,height=80,reqIdx=1,hash=097c0714...
info|2019-12-13 23:02:28.433942|[g:1][CONSENSUS][PBFT]checkTimeout Succ,view=390,toView=391,nodeIdx=3,changeCycle=0,myNode=d08a18ab...,timecost=0.213
info|2019-12-13 23:02:28.434522|[g:1][CONSENSUS][PBFT]checkAndChangeView: Reach consensus,org_view=390,org_changeCycle=0,cur_changeCycle=0,to_view=391
info|2019-12-13 23:02:29.438946|[g:1][CONSENSUS]addRawPrepare,height=80,reqIdx=2,hash=4c66d97d...
info|2019-12-13 23:02:29.439261|[g:1][CONSENSUS][PBFT]checkTimeout Succ,view=391,toView=392,nodeIdx=3,changeCycle=0,myNode=d08a18ab...,timecost=0.243
info|2019-12-13 23:02:29.441517|[g:1][CONSENSUS][PBFT]checkAndChangeView: Reach consensus,org_view=391,org_changeCycle=0,cur_changeCycle=0,to_view=392
info|2019-12-13 23:02:30.441994|[g:1][CONSENSUS][SEALER]++++++++++++++++ Generating seal on,blkNum=80,tx=0,nodeIdx=3,hash=14d98a04...
info|2019-12-13 23:02:30.442692|[g:1][CONSENSUS][PBFT]checkTimeout Succ,view=392,toView=393,nodeIdx=3,changeCycle=0,myNode=d08a18ab...,timecost=0.253
info|2019-12-13 23:02:30.445310|[g:1][CONSENSUS][PBFT]checkAndChangeView: Reach consensus,org_view=392,org_changeCycle=0,cur_changeCycle=0,to_view=393
info|2019-12-13 23:02:31.446702|[g:1][CONSENSUS]addRawPrepare,height=80,reqIdx=0,hash=bd1e98da...
info|2019-12-13 23:02:31.447020|[g:1][CONSENSUS][PBFT]checkTimeout Succ,view=393,toView=394,nodeIdx=3,changeCycle=0,myNode=d08a18ab...,timecost=0.244
info|2019-12-13 23:02:31.452326|[g:1][CONSENSUS][PBFT]checkAndChangeView: Reach consensus,org_view=393,org_changeCycle=0,cur_changeCycle=0,to_view=394
info|2019-12-13 23:02:32.455065|[g:1][CONSENSUS]addRawPrepare,height=80,reqIdx=1,hash=0ce0185f...
info|2019-12-13 23:02:32.457342|[g:1][CONSENSUS][PBFT]checkTimeout Succ,view=394,toView=395,nodeIdx=3,changeCycle=0,myNode=d08a18ab...,timecost=0.189
info|2019-12-13 23:02:32.457933|[g:1][CONSENSUS][PBFT]checkAndChangeView: Reach consensus,org_view=394,org_changeCycle=0,cur_changeCycle=0,to_view=395
