info|2019-12-12 00:11:16.592467|[g:1][CONSENSUS][SEALER]++++++++++++++++ Generating seal on,blkNum=7,tx=0,nodeIdx=3,hash=1eea207d...
info|2019-12-12 00:11:16.659300|[g:1][CONSENSUS][PBFT]checkTimeout Succ,view=61,toView=62,nodeIdx=3,changeCycle=0,myNode=d08a18ab...,timecost=0.584
info|2019-12-12 00:11:16.662612|[g:1][CONSENSUS][PBFT]checkAndChangeView: Reach consensus,org_view=61,org_changeCycle=0,cur_changeCycle=0,to_view=62
info|2019-12-12 00:11:16.858191|[P2P][Service] heartBeat,connected count=3
info|2019-12-12 00:11:17.672239|[g:1][CONSENSUS]addRawPrepare,height=7,reqIdx=0,hash=22d2b63d...
info|2019-12-12 00:11:17.673088|[g:1][CONSENSUS][PBFT]checkTimeout Succ,view=62,toView=63,nodeIdx=3,changeCycle=0,myNode=d08a18ab...,timecost=0.471
info|2019-12-12 00:11:17.675945|[g:1][CONSENSUS][PBFT]checkAndChangeView: Reach consensus,org_view=62,org_changeCycle=0,cur_changeCycle=0,to_view=63
info|2019-12-12 00:11:18.676553|[g:1][CONSENSUS]addRawPrepare,height=7,reqIdx=1,hash=a0570b84...
info|2019-12-12 00:11:18.677514|[g:1][CONSENSUS][PBFT]checkTimeout Succ,view=63,toView=64,nodeIdx=3,changeCycle=0,myNode=d08a18ab...,timecost=0.826
info|2019-12-12 00:11:18.679383|[g:1][CONSENSUS][PBFT]checkAndChangeView: Reach consensus,org_view=63,org_changeCycle=0,cur_changeCycle=0,to_view=64
info|2019-12-12 00:11:19.681967|[g:1][CONSENSUS]addRawPrepare,height=7,reqIdx=2,hash=61510be0...
info|2019-12-12 00:11:19.682458|[g:1][CONSENSUS][PBFT]checkTimeout Succ,view=64,toView=65,nodeIdx=3,changeCycle=0,myNode=d08a18ab...,timecost=0.302
info|2019-12-12 00:11:19.684373|[g:1][CONSENSUS][PBFT]checkAndChangeView: Reach consensus,org_view=64,org_changeCycle=0,cur_changeCycle=0,to_view=65
info|2019-12-12 00:11:20.684282|[g:1][CONSENSUS][SEALER]++++++++++++++++ Generating seal on,blkNum=7,tx=0,nodeIdx=3,hash=d72e968c...
info|2019-12-12 00:11:20.686060|[g:1][CONSENSUS][PBFT]checkTimeout Succ,view=65,toView=66,nodeIdx=3,changeCycle=0,myNode=d08a18ab...,timecost=1.318
info|2019-12-12 00:11:20.693494|[g:1][CONSENSUS][PBFT]checkAndChangeView: Reach consensus,org_view=65,org_changeCycle=0,cur_changeCycle=0,to_view=66
info|2019-12-12 00:11:21.693089|[g:1][CONSENSUS]addRawPrepare,height=7,reqIdx=0,hash=15c13db3...
info|2019-12-12 00:11:21.693499|[g:1][CONSENSUS][PBFT]checkTimeout Succ,view=66,toView=67,nodeIdx=3,changeCycle=0,myNode=d08a18ab...,timecost=0.325
info|2019-12-12 00:11:21.695939|[g:1][CONSENSUS][PBFT]checkAndChangeView: Reach consensus,org_view=66,org_changeCycle=0,cur_changeCycle=0,to_view=67
info|2019-12-12 00:11:22.696889|[g:1][CONSENSUS]addRawPrepare,height=7,reqIdx=1,hash=ca111ed0...
info|2019-12-12 00:11:22.697771|[g:1][CONSENSUS][PBFT]checkTimeout Succ,view=67,toView=68,nodeIdx=3,changeCycle=0,myNode=d08a18ab...,timecost=0.594
info|2019-12-12 00:11:22.699059|[g:1][CONSENSUS][PBFT]checkAndChangeView: Reach consensus,org_view=67,org_changeCycle=0,cur_changeCycle=0,to_view=68
info|2019-12-12 00:11:23.699053|[g:1][CONSENSUS]addRawPrepare,height=7,reqIdx=2,hash=f4854db6...
info|2019-12-12 00:11:23.700407|[g:1][CONSENSUS][PBFT]checkTimeout Succ,view=68,toView=69,nodeIdx=3,changeCycle=0,myNode=d08a18ab...,timecost=0.342
info|2019-12-12 00:11:23.702063|[g:1][CONSENSUS][PBFT]checkAndChangeView: Reach consensus,org_view=68,org_changeCycle=0,cur_changeCycle=0,to_view=69
info|2019-12-12 00:11:24.703049|[g:1][CONSENSUS][SEALER]++++++++++++++++ Generating seal on,blkNum=7,tx=0,nodeIdx=3,hash=80e49f53...
info|2019-12-12 00:11:24.703945|[g:1][CONSENSUS][PBFT]checkTimeout Succ,view=69,toView=70,nodeIdx=3,changeCycle=0,myNode=d08a18ab...,timecost=0.573
info|2019-12-12 00:11:24.706175|[g:1][CONSENSUS][PBFT]checkAndChangeView: Reach consensus,org_view=69,org_changeCycle=0,cur_changeCycle=0,to_view=70
info|2019-12-12 00:11:25.709472|[g:1][CONSENSUS]addRawPrepare,height=7,reqIdx=0,hash=5c8b883e...
info|2019-12-12 00:11:25.709766|[g:1][CONSENSUS][PBFT]checkTimeout Succ,view=70,toView=71,nodeIdx=3,changeCycle=0,myNode=d08a18ab...,timecost=0.183
info|2019-12-12 00:11:25.710801|[g:1][CONSENSUS][PBFT]checkAndChangeView: Reach consensus,org_view=70,org_changeCycle=0,cur_changeCycle=0,to_view=71
info|2019-12-12 00:11:26.715061|[g:1][CONSENSUS]addRawPrepare,height=7,reqIdx=1,hash=c089dca1...
info|2019-12-12 00:11:26.717465|[g:1][CONSENSUS][PBFT]checkTimeout Succ,view=71,toView=72,nodeIdx=3,changeCycle=0,myNode=d08a18ab...,timecost=1.881
info|2019-12-12 00:11:26.718742|[g:1][CONSENSUS][PBFT]checkAndChangeView: Reach consensus,org_view=71,org_changeCycle=0,cur_changeCycle=0,to_view=72
info|2019-12-12 00:11:26.858319|[P2P][Service] heartBeat,connected count=3
info|2019-12-12 00:11:27.721085|[g:1][CONSENSUS]addRawPrepare,height=7,reqIdx=2,hash=0190ba60...
info|2019-12-12 00:11:27.722425|[g:1][CONSENSUS][PBFT]checkTimeout Succ,view=72,toView=73,nodeIdx=3,changeCycle=0,myNode=d08a18ab...,timecost=0.459
info|2019-12-12 00:11:27.723990|[g:1][CONSENSUS][PBFT]checkAndChangeView: Reach consensus,org_view=72,org_changeCycle=0,cur_changeCycle=0,to_view=73
info|2019-12-12 00:11:28.725691|[g:1][CONSENSUS][SEALER]++++++++++++++++ Generating seal on,blkNum=7,tx=0,nodeIdx=3,hash=28138315...
info|2019-12-12 00:11:28.727007|[g:1][CONSENSUS][PBFT]checkTimeout Succ,view=73,toView=74,nodeIdx=3,changeCycle=0,myNode=d08a18ab...,timecost=0.285
info|2019-12-12 00:11:28.728719|[g:1][CONSENSUS][PBFT]checkAndChangeView: Reach consensus,org_view=73,org_changeCycle=0,cur_changeCycle=0,to_view=74
info|2019-12-12 00:11:29.730765|[g:1][CONSENSUS]addRawPrepare,height=7,reqIdx=0,hash=a0589dd8...
info|2019-12-12 00:11:29.733613|[g:1][CONSENSUS][PBFT]checkTimeout Succ,view=74,toView=75,nodeIdx=3,changeCycle=0,myNode=d08a18ab...,timecost=1.104
info|2019-12-12 00:11:29.735068|[g:1][CONSENSUS][PBFT]checkAndChangeView: Reach consensus,org_view=74,org_changeCycle=0,cur_changeCycle=0,to_view=75
info|2019-12-12 00:11:30.738162|[g:1][CONSENSUS]addRawPrepare,height=7,reqIdx=1,hash=97a24c84...
info|2019-12-12 00:11:30.740098|[g:1][CONSENSUS][PBFT]checkTimeout Succ,view=75,toView=76,nodeIdx=3,changeCycle=0,myNode=d08a18ab...,timecost=1.866
info|2019-12-12 00:11:30.740954|[g:1][CONSENSUS][PBFT]checkAndChangeView: Reach consensus,org_view=75,org_changeCycle=0,cur_changeCycle=0,to_view=76
info|2019-12-12 00:11:31.740925|[g:1][CONSENSUS]addRawPrepare,height=7,reqIdx=2,hash=0cecbc5e...
info|2019-12-12 00:11:31.741978|[g:1][CONSENSUS][PBFT]checkTimeout Succ,view=76,toView=77,nodeIdx=3,changeCycle=0,myNode=d08a18ab...,timecost=0.521
info|2019-12-12 00:11:31.743674|[g:1][CONSENSUS][PBFT]checkAndChangeView: Reach consensus,org_view=76,org_changeCycle=0,cur_changeCycle=0,to_view=77
info|2019-12-12 00:11:32.743471|[g:1][CONSENSUS][SEALER]++++++++++++++++ Generating seal on,blkNum=7,tx=0,nodeIdx=3,hash=f97efb83...
info|2019-12-12 00:11:32.747182|[g:1][CONSENSUS][PBFT]checkTimeout Succ,view=77,toView=78,nodeIdx=3,changeCycle=0,myNode=d08a18ab...,timecost=0.665
info|2019-12-12 00:11:32.747929|[g:1][CONSENSUS][PBFT]checkAndChangeView: Reach consensus,org_view=77,org_changeCycle=0,cur_changeCycle=0,to_view=78
info|2019-12-12 00:11:34.062067|[g:1][CONSENSUS]addRawPrepare,height=7,reqIdx=0,hash=994d5c4a...
info|2019-12-12 00:11:34.062908|[g:1][CONSENSUS][PBFT]checkTimeout Succ,view=78,toView=79,nodeIdx=3,changeCycle=0,myNode=d08a18ab...,timecost=0.699
info|2019-12-12 00:11:34.067776|[g:1][CONSENSUS][PBFT]checkAndChangeView: Reach consensus,org_view=78,org_changeCycle=0,cur_changeCycle=0,to_view=79
info|2019-12-12 00:11:35.072479|[g:1][CONSENSUS]addRawPrepare,height=7,reqIdx=1,hash=91053cd7...
info|2019-12-12 00:11:35.073936|[g:1][CONSENSUS][PBFT]checkTimeout Succ,view=79,toView=80,nodeIdx=3,changeCycle=0,myNode=d08a18ab...,timecost=0.756
info|2019-12-12 00:11:35.075495|[g:1][CONSENSUS][PBFT]checkAndChangeView: Reach consensus,org_view=79,org_changeCycle=0,cur_changeCycle=0,to_view=80
info|2019-12-12 00:11:36.078832|[g:1][CONSENSUS]addRawPrepare,height=7,reqIdx=2,hash=1da0deb5...
info|2019-12-12 00:11:36.079843|[g:1][CONSENSUS][PBFT]checkTimeout Succ,view=80,toView=81,nodeIdx=3,changeCycle=0,myNode=d08a18ab...,timecost=0.762
info|2019-12-12 00:11:36.081275|[g:1][CONSENSUS][PBFT]checkAndChangeView: Reach consensus,org_view=80,org_changeCycle=0,cur_changeCycle=0,to_view=81
info|2019-12-12 00:11:36.858463|[P2P][Service] heartBeat,connected count=3
info|2019-12-12 00:11:37.082361|[g:1][CONSENSUS][SEALER]++++++++++++++++ Generating seal on,blkNum=7,tx=0,nodeIdx=3,hash=cb0f6c31...
info|2019-12-12 00:11:37.082930|[g:1][CONSENSUS][PBFT]checkTimeout Succ,view=81,toView=82,nodeIdx=3,changeCycle=0,myNode=d08a18ab...,timecost=0.245
info|2019-12-12 00:11:37.088231|[g:1][CONSENSUS][PBFT]checkAndChangeView: Reach consensus,org_view=81,org_changeCycle=0,cur_changeCycle=0,to_view=82
info|2019-12-12 00:11:38.088778|[g:1][CONSENSUS]addRawPrepare,height=7,reqIdx=0,hash=5ed0aed9...
info|2019-12-12 00:11:38.089194|[g:1][CONSENSUS][PBFT]checkTimeout Succ,view=82,toView=83,nodeIdx=3,changeCycle=0,myNode=d08a18ab...,timecost=0.328
info|2019-12-12 00:11:38.090670|[g:1][CONSENSUS][PBFT]checkAndChangeView: Reach consensus,org_view=82,org_changeCycle=0,cur_changeCycle=0,to_view=83
info|2019-12-12 00:11:39.093380|[g:1][CONSENSUS]addRawPrepare,height=7,reqIdx=1,hash=f970f61e...
info|2019-12-12 00:11:39.093748|[g:1][CONSENSUS][PBFT]checkTimeout Succ,view=83,toView=84,nodeIdx=3,changeCycle=0,myNode=d08a18ab...,timecost=0.257
info|2019-12-12 00:11:39.095536|[g:1][CONSENSUS][PBFT]checkAndChangeView: Reach consensus,org_view=83,org_changeCycle=0,cur_changeCycle=0,to_view=84
info|2019-12-12 00:11:40.097570|[g:1][CONSENSUS]addRawPrepare,height=7,reqIdx=2,hash=43fed8f5...
info|2019-12-12 00:11:40.097819|[g:1][CONSENSUS][PBFT]checkTimeout Succ,view=84,toView=85,nodeIdx=3,changeCycle=0,myNode=d08a18ab...,timecost=0.225
info|2019-12-12 00:11:40.098413|[g:1][CONSENSUS][PBFT]checkAndChangeView: Reach consensus,org_view=84,org_changeCycle=0,cur_changeCycle=0,to_view=85
info|2019-12-12 00:11:41.098521|[g:1][CONSENSUS][SEALER]++++++++++++++++ Generating seal on,blkNum=7,tx=0,nodeIdx=3,hash=90e0eeb2...
info|2019-12-12 00:11:41.100378|[g:1][CONSENSUS][PBFT]checkTimeout Succ,view=85,toView=86,nodeIdx=3,changeCycle=0,myNode=d08a18ab...,timecost=0.303
info|2019-12-12 00:11:41.101638|[g:1][CONSENSUS][PBFT]checkAndChangeView: Reach consensus,org_view=85,org_changeCycle=0,cur_changeCycle=0,to_view=86
info|2019-12-12 00:11:42.106557|[g:1][CONSENSUS]addRawPrepare,height=7,reqIdx=0,hash=fa6476e1...
info|2019-12-12 00:11:42.106972|[g:1][CONSENSUS][PBFT]checkTimeout Succ,view=86,toView=87,nodeIdx=3,changeCycle=0,myNode=d08a18ab...,timecost=0.311
info|2019-12-12 00:11:42.108980|[g:1][CONSENSUS][PBFT]checkAndChangeView: Reach consensus,org_view=86,org_changeCycle=0,cur_changeCycle=0,to_view=87
info|2019-12-12 00:11:43.112390|[g:1][CONSENSUS]addRawPrepare,height=7,reqIdx=1,hash=649ad7dc...
info|2019-12-12 00:11:43.113430|[g:1][CONSENSUS][PBFT]checkTimeout Succ,view=87,toView=88,nodeIdx=3,changeCycle=0,myNode=d08a18ab...,timecost=0.579
info|2019-12-12 00:11:43.115182|[g:1][CONSENSUS][PBFT]checkAndChangeView: Reach consensus,org_view=87,org_changeCycle=0,cur_changeCycle=0,to_view=88
info|2019-12-12 00:11:44.118436|[g:1][CONSENSUS]addRawPrepare,height=7,reqIdx=2,hash=2826736d...
info|2019-12-12 00:11:44.118752|[g:1][CONSENSUS][PBFT]checkTimeout Succ,view=88,toView=89,nodeIdx=3,changeCycle=0,myNode=d08a18ab...,timecost=0.289
info|2019-12-12 00:11:44.119435|[g:1][CONSENSUS][PBFT]checkAndChangeView: Reach consensus,org_view=88,org_changeCycle=0,cur_changeCycle=0,to_view=89
info|2019-12-12 00:11:45.119521|[g:1][CONSENSUS][SEALER]++++++++++++++++ Generating seal on,blkNum=7,tx=0,nodeIdx=3,hash=d7b79c7f...
info|2019-12-12 00:11:45.122080|[g:1][CONSENSUS][PBFT]checkTimeout Succ,view=89,toView=90,nodeIdx=3,changeCycle=0,myNode=d08a18ab...,timecost=0.321
info|2019-12-12 00:11:45.123750|[g:1][CONSENSUS][PBFT]checkAndChangeView: Reach consensus,org_view=89,org_changeCycle=0,cur_changeCycle=0,to_view=90
info|2019-12-12 00:11:46.124354|[g:1][CONSENSUS]addRawPrepare,height=7,reqIdx=0,hash=dace2eb1...
info|2019-12-12 00:11:46.124812|[g:1][CONSENSUS][PBFT]checkTimeout Succ,view=90,toView=91,nodeIdx=3,changeCycle=0,myNode=d08a18ab...,timecost=0.329
info|2019-12-12 00:11:46.127626|[g:1][CONSENSUS][PBFT]checkAndChangeView: Reach consensus,org_view=90,org_changeCycle=0,cur_changeCycle=0,to_view=91
info|2019-12-12 00:11:46.858672|[P2P][Service] heartBeat,connected count=3
info|2019-12-12 00:11:47.137724|[g:1][CONSENSUS]addRawPrepare,height=7,reqIdx=1,hash=eb8b8ca9...
info|2019-12-12 00:11:47.138166|[g:1][CONSENSUS][PBFT]checkTimeout Succ,view=91,toView=92,nodeIdx=3,changeCycle=0,myNode=d08a18ab...,timecost=0.357
info|2019-12-12 00:11:47.140719|[g:1][CONSENSUS][PBFT]checkAndChangeView: Reach consensus,org_view=91,org_changeCycle=0,cur_changeCycle=0,to_view=92
info|2019-12-12 00:11:48.141605|[g:1][CONSENSUS]addRawPrepare,height=7,reqIdx=2,hash=fad3cd71...
info|2019-12-12 00:11:48.146086|[g:1][CONSENSUS][PBFT]checkTimeout Succ,view=92,toView=93,nodeIdx=3,changeCycle=0,myNode=d08a18ab...,timecost=4.367
info|2019-12-12 00:11:48.150405|[g:1][CONSENSUS][PBFT]checkAndChangeView: Reach consensus,org_view=92,org_changeCycle=0,cur_changeCycle=0,to_view=93
info|2019-12-12 00:11:49.150573|[g:1][CONSENSUS][SEALER]++++++++++++++++ Generating seal on,blkNum=7,tx=0,nodeIdx=3,hash=128f9a53...
info|2019-12-12 00:11:49.152785|[g:1][CONSENSUS][PBFT]checkTimeout Succ,view=93,toView=94,nodeIdx=3,changeCycle=0,myNode=d08a18ab...,timecost=1.69
info|2019-12-12 00:11:49.157177|[g:1][CONSENSUS][PBFT]checkAndChangeView: Reach consensus,org_view=93,org_changeCycle=0,cur_changeCycle=0,to_view=94
info|2019-12-12 00:11:50.160596|[g:1][CONSENSUS]addRawPrepare,height=7,reqIdx=0,hash=631bbfc1...
info|2019-12-12 00:11:50.161078|[g:1][CONSENSUS][PBFT]checkTimeout Succ,view=94,toView=95,nodeIdx=3,changeCycle=0,myNode=d08a18ab...,timecost=0.389
info|2019-12-12 00:11:50.167438|[g:1][CONSENSUS][PBFT]checkAndChangeView: Reach consensus,org_view=94,org_changeCycle=0,cur_changeCycle=0,to_view=95
info|2019-12-12 00:11:51.171277|[g:1][CONSENSUS]addRawPrepare,height=7,reqIdx=1,hash=e5c0c2cc...
info|2019-12-12 00:11:51.171567|[g:1][CONSENSUS][PBFT]checkTimeout Succ,view=95,toView=96,nodeIdx=3,changeCycle=0,myNode=d08a18ab...,timecost=0.265
info|2019-12-12 00:11:51.174736|[g:1][CONSENSUS][PBFT]checkAndChangeView: Reach consensus,org_view=95,org_changeCycle=0,cur_changeCycle=0,to_view=96
info|2019-12-12 00:11:52.177236|[g:1][CONSENSUS]addRawPrepare,height=7,reqIdx=2,hash=98715420...
info|2019-12-12 00:11:52.177519|[g:1][CONSENSUS][PBFT]checkTimeout Succ,view=96,toView=97,nodeIdx=3,changeCycle=0,myNode=d08a18ab...,timecost=0.216
info|2019-12-12 00:11:52.180074|[g:1][CONSENSUS][PBFT]checkAndChangeView: Reach consensus,org_view=96,org_changeCycle=0,cur_changeCycle=0,to_view=97
info|2019-12-12 00:11:53.181081|[g:1][CONSENSUS][SEALER]++++++++++++++++ Generating seal on,blkNum=7,tx=0,nodeIdx=3,hash=07cb2e9f...
info|2019-12-12 00:11:53.185503|[g:1][CONSENSUS][PBFT]checkTimeout Succ,view=97,toView=98,nodeIdx=3,changeCycle=0,myNode=d08a18ab...,timecost=1.507
info|2019-12-12 00:11:53.186206|[g:1][CONSENSUS][PBFT]checkAndChangeView: Reach consensus,org_view=97,org_changeCycle=0,cur_changeCycle=0,to_view=98
info|2019-12-12 00:11:54.189444|[g:1][CONSENSUS]addRawPrepare,height=7,reqIdx=0,hash=320edf36...
info|2019-12-12 00:11:54.189813|[g:1][CONSENSUS][PBFT]checkTimeout Succ,view=98,toView=99,nodeIdx=3,changeCycle=0,myNode=d08a18ab...,timecost=0.269
info|2019-12-12 00:11:54.192599|[g:1][CONSENSUS][PBFT]checkAndChangeView: Reach consensus,org_view=98,org_changeCycle=0,cur_changeCycle=0,to_view=99
info|2019-12-12 00:11:55.193052|[g:1][CONSENSUS]addRawPrepare,height=7,reqIdx=1,hash=d2673792...
info|2019-12-12 00:11:55.193452|[g:1][CONSENSUS][PBFT]checkTimeout Succ,view=99,toView=100,nodeIdx=3,changeCycle=0,myNode=d08a18ab...,timecost=0.281
info|2019-12-12 00:11:55.195810|[g:1][CONSENSUS][PBFT]checkAndChangeView: Reach consensus,org_view=99,org_changeCycle=0,cur_changeCycle=0,to_view=100
info|2019-12-12 00:11:56.199280|[g:1][CONSENSUS]addRawPrepare,height=7,reqIdx=2,hash=0f625bb3...
info|2019-12-12 00:11:56.200078|[g:1][CONSENSUS][PBFT]checkTimeout Succ,view=100,toView=101,nodeIdx=3,changeCycle=0,myNode=d08a18ab...,timecost=0.624
info|2019-12-12 00:11:56.203386|[g:1][CONSENSUS][PBFT]checkAndChangeView: Reach consensus,org_view=100,org_changeCycle=0,cur_changeCycle=0,to_view=101
info|2019-12-12 00:11:56.858878|[P2P][Service] heartBeat,connected count=3
info|2019-12-12 00:11:57.204027|[g:1][CONSENSUS][SEALER]++++++++++++++++ Generating seal on,blkNum=7,tx=0,nodeIdx=3,hash=c9d37402...
info|2019-12-12 00:11:57.205459|[g:1][CONSENSUS][PBFT]checkTimeout Succ,view=101,toView=102,nodeIdx=3,changeCycle=0,myNode=d08a18ab...,timecost=1.065
info|2019-12-12 00:11:57.208038|[g:1][CONSENSUS][PBFT]checkAndChangeView: Reach consensus,org_view=101,org_changeCycle=0,cur_changeCycle=0,to_view=102
info|2019-12-12 00:11:58.212635|[g:1][CONSENSUS]addRawPrepare,height=7,reqIdx=0,hash=68deaf4a...
info|2019-12-12 00:11:58.212992|[g:1][CONSENSUS][PBFT]checkTimeout Succ,view=102,toView=103,nodeIdx=3,changeCycle=0,myNode=d08a18ab...,timecost=0.266
info|2019-12-12 00:11:58.214441|[g:1][CONSENSUS][PBFT]checkAndChangeView: Reach consensus,org_view=102,org_changeCycle=0,cur_changeCycle=0,to_view=103
info|2019-12-12 00:11:59.215759|[g:1][CONSENSUS]addRawPrepare,height=7,reqIdx=1,hash=df543889...
info|2019-12-12 00:11:59.216073|[g:1][CONSENSUS][PBFT]checkTimeout Succ,view=103,toView=104,nodeIdx=3,changeCycle=0,myNode=d08a18ab...,timecost=0.222
info|2019-12-12 00:11:59.216967|[g:1][CONSENSUS][PBFT]checkAndChangeView: Reach consensus,org_view=103,org_changeCycle=0,cur_changeCycle=0,to_view=104
info|2019-12-12 00:12:00.223615|[g:1][CONSENSUS]addRawPrepare,height=7,reqIdx=2,hash=2a8b97f7...
info|2019-12-12 00:12:00.224034|[g:1][CONSENSUS][PBFT]checkTimeout Succ,view=104,toView=105,nodeIdx=3,changeCycle=0,myNode=d08a18ab...,timecost=0.277
info|2019-12-12 00:12:00.225455|[g:1][CONSENSUS][PBFT]checkAndChangeView: Reach consensus,org_view=104,org_changeCycle=0,cur_changeCycle=0,to_view=105
info|2019-12-12 00:12:01.225510|[g:1][CONSENSUS][SEALER]++++++++++++++++ Generating seal on,blkNum=7,tx=0,nodeIdx=3,hash=4864b0c2...
info|2019-12-12 00:12:01.226170|[g:1][CONSENSUS][PBFT]checkTimeout Succ,view=105,toView=106,nodeIdx=3,changeCycle=0,myNode=d08a18ab...,timecost=0.264
info|2019-12-12 00:12:01.230585|[g:1][CONSENSUS][PBFT]checkAndChangeView: Reach consensus,org_view=105,org_changeCycle=0,cur_changeCycle=0,to_view=106
info|2019-12-12 00:12:02.231726|[g:1][CONSENSUS]addRawPrepare,height=7,reqIdx=0,hash=00650101...
info|2019-12-12 00:12:02.233311|[g:1][CONSENSUS][PBFT]checkTimeout Succ,view=106,toView=107,nodeIdx=3,changeCycle=0,myNode=d08a18ab...,timecost=1.467
info|2019-12-12 00:12:02.236586|[g:1][CONSENSUS][PBFT]checkAndChangeView: Reach consensus,org_view=106,org_changeCycle=0,cur_changeCycle=0,to_view=107
info|2019-12-12 00:12:03.238828|[g:1][CONSENSUS]addRawPrepare,height=7,reqIdx=1,hash=259ac82e...
info|2019-12-12 00:12:03.239440|[g:1][CONSENSUS][PBFT]checkTimeout Succ,view=107,toView=108,nodeIdx=3,changeCycle=0,myNode=d08a18ab...,timecost=0.564
info|2019-12-12 00:12:03.241011|[g:1][CONSENSUS][PBFT]checkAndChangeView: Reach consensus,org_view=107,org_changeCycle=0,cur_changeCycle=0,to_view=108
info|2019-12-12 00:12:04.245247|[g:1][CONSENSUS]addRawPrepare,height=7,reqIdx=2,hash=1270033b...
info|2019-12-12 00:12:04.245625|[g:1][CONSENSUS][PBFT]checkTimeout Succ,view=108,toView=109,nodeIdx=3,changeCycle=0,myNode=d08a18ab...,timecost=0.284
info|2019-12-12 00:12:04.250847|[g:1][CONSENSUS][PBFT]checkAndChangeView: Reach consensus,org_view=108,org_changeCycle=0,cur_changeCycle=0,to_view=109
info|2019-12-12 00:12:05.250494|[g:1][CONSENSUS][SEALER]++++++++++++++++ Generating seal on,blkNum=7,tx=0,nodeIdx=3,hash=215f7bd8...
info|2019-12-12 00:12:05.253283|[g:1][CONSENSUS][PBFT]checkTimeout Succ,view=109,toView=110,nodeIdx=3,changeCycle=0,myNode=d08a18ab...,timecost=0.245
info|2019-12-12 00:12:05.255267|[g:1][CONSENSUS][PBFT]checkAndChangeView: Reach consensus,org_view=109,org_changeCycle=0,cur_changeCycle=0,to_view=110
info|2019-12-12 00:12:06.255712|[g:1][CONSENSUS]addRawPrepare,height=7,reqIdx=0,hash=ecc976a5...
info|2019-12-12 00:12:06.257114|[g:1][CONSENSUS][PBFT]checkTimeout Succ,view=110,toView=111,nodeIdx=3,changeCycle=0,myNode=d08a18ab...,timecost=0.953
info|2019-12-12 00:12:06.259873|[g:1][CONSENSUS][PBFT]checkAndChangeView: Reach consensus,org_view=110,org_changeCycle=0,cur_changeCycle=0,to_view=111
info|2019-12-12 00:12:06.859370|[P2P][Service] heartBeat,connected count=3
info|2019-12-12 00:12:07.259226|[g:1][CONSENSUS]addRawPrepare,height=7,reqIdx=1,hash=327c5c61...
info|2019-12-12 00:12:07.259598|[g:1][CONSENSUS][PBFT]checkTimeout Succ,view=111,toView=112,nodeIdx=3,changeCycle=0,myNode=d08a18ab...,timecost=0.254
info|2019-12-12 00:12:07.262865|[g:1][CONSENSUS][PBFT]checkAndChangeView: Reach consensus,org_view=111,org_changeCycle=0,cur_changeCycle=0,to_view=112
info|2019-12-12 00:12:08.262312|[g:1][CONSENSUS]addRawPrepare,height=7,reqIdx=2,hash=4353009e...
info|2019-12-12 00:12:08.262690|[g:1][CONSENSUS][PBFT]checkTimeout Succ,view=112,toView=113,nodeIdx=3,changeCycle=0,myNode=d08a18ab...,timecost=0.268
info|2019-12-12 00:12:08.264399|[g:1][CONSENSUS][PBFT]checkAndChangeView: Reach consensus,org_view=112,org_changeCycle=0,cur_changeCycle=0,to_view=113
info|2019-12-12 00:12:09.264401|[g:1][CONSENSUS][SEALER]++++++++++++++++ Generating seal on,blkNum=7,tx=0,nodeIdx=3,hash=d08ac685...
info|2019-12-12 00:12:09.265104|[g:1][CONSENSUS][PBFT]checkTimeout Succ,view=113,toView=114,nodeIdx=3,changeCycle=0,myNode=d08a18ab...,timecost=0.268
info|2019-12-12 00:12:09.271646|[g:1][CONSENSUS][PBFT]checkAndChangeView: Reach consensus,org_view=113,org_changeCycle=0,cur_changeCycle=0,to_view=114
info|2019-12-12 00:12:10.273947|[g:1][CONSENSUS]addRawPrepare,height=7,reqIdx=0,hash=52cf6b74...
info|2019-12-12 00:12:10.275041|[g:1][CONSENSUS][PBFT]checkTimeout Succ,view=114,toView=115,nodeIdx=3,changeCycle=0,myNode=d08a18ab...,timecost=0.914
info|2019-12-12 00:12:10.276599|[g:1][CONSENSUS][PBFT]checkAndChangeView: Reach consensus,org_view=114,org_changeCycle=0,cur_changeCycle=0,to_view=115
info|2019-12-12 00:12:11.278118|[g:1][CONSENSUS]addRawPrepare,height=7,reqIdx=1,hash=8ef7c7df...
info|2019-12-12 00:12:11.278596|[g:1][CONSENSUS][PBFT]checkTimeout Succ,view=115,toView=116,nodeIdx=3,changeCycle=0,myNode=d08a18ab...,timecost=0.366
info|2019-12-12 00:12:11.281147|[g:1][CONSENSUS][PBFT]checkAndChangeView: Reach consensus,org_view=115,org_changeCycle=0,cur_changeCycle=0,to_view=116
info|2019-12-12 00:12:12.281734|[g:1][CONSENSUS]addRawPrepare,height=7,reqIdx=2,hash=e8a71395...
info|2019-12-12 00:12:12.282542|[g:1][CONSENSUS][PBFT]checkTimeout Succ,view=116,toView=117,nodeIdx=3,changeCycle=0,myNode=d08a18ab...,timecost=0.485
info|2019-12-12 00:12:12.284117|[g:1][CONSENSUS][PBFT]checkAndChangeView: Reach consensus,org_view=116,org_changeCycle=0,cur_changeCycle=0,to_view=117
info|2019-12-12 00:12:13.284591|[g:1][CONSENSUS][SEALER]++++++++++++++++ Generating seal on,blkNum=7,tx=0,nodeIdx=3,hash=080d2e43...
info|2019-12-12 00:12:13.285746|[g:1][CONSENSUS][PBFT]checkTimeout Succ,view=117,toView=118,nodeIdx=3,changeCycle=0,myNode=d08a18ab...,timecost=0.437
info|2019-12-12 00:12:13.288319|[g:1][CONSENSUS][PBFT]checkAndChangeView: Reach consensus,org_view=117,org_changeCycle=0,cur_changeCycle=0,to_view=118
info|2019-12-12 00:12:14.290748|[g:1][CONSENSUS]addRawPrepare,height=7,reqIdx=0,hash=f0b98dc4...
info|2019-12-12 00:12:14.291342|[g:1][CONSENSUS][PBFT]checkTimeout Succ,view=118,toView=119,nodeIdx=3,changeCycle=0,myNode=d08a18ab...,timecost=0.367
info|2019-12-12 00:12:14.292946|[g:1][CONSENSUS][PBFT]checkAndChangeView: Reach consensus,org_view=118,org_changeCycle=0,cur_changeCycle=0,to_view=119
info|2019-12-12 00:12:15.297315|[g:1][CONSENSUS]addRawPrepare,height=7,reqIdx=1,hash=1dd5ec2d...
info|2019-12-12 00:12:15.298456|[g:1][CONSENSUS][PBFT]checkTimeout Succ,view=119,toView=120,nodeIdx=3,changeCycle=0,myNode=d08a18ab...,timecost=0.714
info|2019-12-12 00:12:15.299998|[g:1][CONSENSUS][PBFT]checkAndChangeView: Reach consensus,org_view=119,org_changeCycle=0,cur_changeCycle=0,to_view=120
info|2019-12-12 00:12:16.302386|[g:1][CONSENSUS]addRawPrepare,height=7,reqIdx=2,hash=8115a71d...
info|2019-12-12 00:12:16.302795|[g:1][CONSENSUS][PBFT]checkTimeout Succ,view=120,toView=121,nodeIdx=3,changeCycle=0,myNode=d08a18ab...,timecost=0.271
info|2019-12-12 00:12:16.304459|[g:1][CONSENSUS][PBFT]checkAndChangeView: Reach consensus,org_view=120,org_changeCycle=0,cur_changeCycle=0,to_view=121
info|2019-12-12 00:12:16.859935|[P2P][Service] heartBeat,connected count=3
info|2019-12-12 00:12:17.304491|[g:1][CONSENSUS][SEALER]++++++++++++++++ Generating seal on,blkNum=7,tx=0,nodeIdx=3,hash=1f6f6e26...
info|2019-12-12 00:12:17.308789|[g:1][CONSENSUS][PBFT]checkTimeout Succ,view=121,toView=122,nodeIdx=3,changeCycle=0,myNode=d08a18ab...,timecost=0.286
info|2019-12-12 00:12:17.309639|[g:1][CONSENSUS][PBFT]checkAndChangeView: Reach consensus,org_view=121,org_changeCycle=0,cur_changeCycle=0,to_view=122
info|2019-12-12 00:12:18.309421|[g:1][CONSENSUS]addRawPrepare,height=7,reqIdx=0,hash=f4195466...
info|2019-12-12 00:12:18.309773|[g:1][CONSENSUS][PBFT]checkTimeout Succ,view=122,toView=123,nodeIdx=3,changeCycle=0,myNode=d08a18ab...,timecost=0.249
info|2019-12-12 00:12:18.310837|[g:1][CONSENSUS][PBFT]checkAndChangeView: Reach consensus,org_view=122,org_changeCycle=0,cur_changeCycle=0,to_view=123
info|2019-12-12 00:12:19.315325|[g:1][CONSENSUS]addRawPrepare,height=7,reqIdx=1,hash=93c6d417...
info|2019-12-12 00:12:19.315615|[g:1][CONSENSUS][PBFT]checkTimeout Succ,view=123,toView=124,nodeIdx=3,changeCycle=0,myNode=d08a18ab...,timecost=0.266
info|2019-12-12 00:12:19.316318|[g:1][CONSENSUS][PBFT]checkAndChangeView: Reach consensus,org_view=123,org_changeCycle=0,cur_changeCycle=0,to_view=124
info|2019-12-12 00:12:20.320340|[g:1][CONSENSUS]addRawPrepare,height=7,reqIdx=2,hash=3a5f3b8d...
info|2019-12-12 00:12:20.321045|[g:1][CONSENSUS][PBFT]checkTimeout Succ,view=124,toView=125,nodeIdx=3,changeCycle=0,myNode=d08a18ab...,timecost=0.43
info|2019-12-12 00:12:20.322467|[g:1][CONSENSUS][PBFT]checkAndChangeView: Reach consensus,org_view=124,org_changeCycle=0,cur_changeCycle=0,to_view=125
info|2019-12-12 00:12:21.323144|[g:1][CONSENSUS][SEALER]++++++++++++++++ Generating seal on,blkNum=7,tx=0,nodeIdx=3,hash=4219e589...
info|2019-12-12 00:12:21.325336|[g:1][CONSENSUS][PBFT]checkTimeout Succ,view=125,toView=126,nodeIdx=3,changeCycle=0,myNode=d08a18ab...,timecost=0.504
info|2019-12-12 00:12:21.326133|[g:1][CONSENSUS][PBFT]checkAndChangeView: Reach consensus,org_view=125,org_changeCycle=0,cur_changeCycle=0,to_view=126
info|2019-12-12 00:12:22.329000|[g:1][CONSENSUS]addRawPrepare,height=7,reqIdx=0,hash=9eb018c9...
info|2019-12-12 00:12:22.330405|[g:1][CONSENSUS][PBFT]checkTimeout Succ,view=126,toView=127,nodeIdx=3,changeCycle=0,myNode=d08a18ab...,timecost=0.469
info|2019-12-12 00:12:22.331504|[g:1][CONSENSUS][PBFT]checkAndChangeView: Reach consensus,org_view=126,org_changeCycle=0,cur_changeCycle=0,to_view=127
info|2019-12-12 00:12:23.332919|[g:1][CONSENSUS]addRawPrepare,height=7,reqIdx=1,hash=13132854...
info|2019-12-12 00:12:23.334749|[g:1][CONSENSUS][PBFT]checkTimeout Succ,view=127,toView=128,nodeIdx=3,changeCycle=0,myNode=d08a18ab...,timecost=1.213
info|2019-12-12 00:12:23.336729|[g:1][CONSENSUS][PBFT]checkAndChangeView: Reach consensus,org_view=127,org_changeCycle=0,cur_changeCycle=0,to_view=128
info|2019-12-12 00:12:24.337475|[g:1][CONSENSUS]addRawPrepare,height=7,reqIdx=2,hash=a0ea6baf...
info|2019-12-12 00:12:24.337793|[g:1][CONSENSUS][PBFT]checkTimeout Succ,view=128,toView=129,nodeIdx=3,changeCycle=0,myNode=d08a18ab...,timecost=0.216
info|2019-12-12 00:12:24.340520|[g:1][CONSENSUS][PBFT]checkAndChangeView: Reach consensus,org_view=128,org_changeCycle=0,cur_changeCycle=0,to_view=129
info|2019-12-12 00:12:25.340263|[g:1][CONSENSUS][SEALER]++++++++++++++++ Generating seal on,blkNum=7,tx=0,nodeIdx=3,hash=4123c01d...
info|2019-12-12 00:12:25.341085|[g:1][CONSENSUS][PBFT]checkTimeout Succ,view=129,toView=130,nodeIdx=3,changeCycle=0,myNode=d08a18ab...,timecost=0.292
info|2019-12-12 00:12:25.343235|[g:1][CONSENSUS][PBFT]checkAndChangeView: Reach consensus,org_view=129,org_changeCycle=0,cur_changeCycle=0,to_view=130
info|2019-12-12 00:12:26.346228|[g:1][CONSENSUS]addRawPrepare,height=7,reqIdx=0,hash=b45d7009...
info|2019-12-12 00:12:26.348070|[g:1][CONSENSUS][PBFT]checkTimeout Succ,view=130,toView=131,nodeIdx=3,changeCycle=0,myNode=d08a18ab...,timecost=0.409
info|2019-12-12 00:12:26.352016|[g:1][CONSENSUS][PBFT]checkAndChangeView: Reach consensus,org_view=130,org_changeCycle=0,cur_changeCycle=0,to_view=131
info|2019-12-12 00:12:26.860460|[P2P][Service] heartBeat,connected count=3
info|2019-12-12 00:12:27.355274|[g:1][CONSENSUS]addRawPrepare,height=7,reqIdx=1,hash=c241f5c0...
info|2019-12-12 00:12:27.356225|[g:1][CONSENSUS][PBFT]checkTimeout Succ,view=131,toView=132,nodeIdx=3,changeCycle=0,myNode=d08a18ab...,timecost=0.73
info|2019-12-12 00:12:27.358045|[g:1][CONSENSUS][PBFT]checkAndChangeView: Reach consensus,org_view=131,org_changeCycle=0,cur_changeCycle=0,to_view=132
info|2019-12-12 00:12:28.357806|[g:1][CONSENSUS]addRawPrepare,height=7,reqIdx=2,hash=ff3a4e30...
info|2019-12-12 00:12:28.358382|[g:1][CONSENSUS][PBFT]checkTimeout Succ,view=132,toView=133,nodeIdx=3,changeCycle=0,myNode=d08a18ab...,timecost=0.466
info|2019-12-12 00:12:28.359167|[g:1][CONSENSUS][PBFT]checkAndChangeView: Reach consensus,org_view=132,org_changeCycle=0,cur_changeCycle=0,to_view=133
info|2019-12-12 00:12:29.359417|[g:1][CONSENSUS][SEALER]++++++++++++++++ Generating seal on,blkNum=7,tx=0,nodeIdx=3,hash=5f92cd89...
info|2019-12-12 00:12:29.362451|[g:1][CONSENSUS][PBFT]checkTimeout Succ,view=133,toView=134,nodeIdx=3,changeCycle=0,myNode=d08a18ab...,timecost=0.226
info|2019-12-12 00:12:29.363394|[g:1][CONSENSUS][PBFT]checkAndChangeView: Reach consensus,org_view=133,org_changeCycle=0,cur_changeCycle=0,to_view=134
info|2019-12-12 00:12:30.366627|[g:1][CONSENSUS]addRawPrepare,height=7,reqIdx=0,hash=36c97573...
info|2019-12-12 00:12:30.367092|[g:1][CONSENSUS][PBFT]checkTimeout Succ,view=134,toView=135,nodeIdx=3,changeCycle=0,myNode=d08a18ab...,timecost=0.332
info|2019-12-12 00:12:30.368492|[g:1][CONSENSUS][PBFT]checkAndChangeView: Reach consensus,org_view=134,org_changeCycle=0,cur_changeCycle=0,to_view=135
info|2019-12-12 00:12:31.369944|[g:1][CONSENSUS]addRawPrepare,height=7,reqIdx=1,hash=9235d52b...
info|2019-12-12 00:12:31.370252|[g:1][CONSENSUS][PBFT]checkTimeout Succ,view=135,toView=136,nodeIdx=3,changeCycle=0,myNode=d08a18ab...,timecost=0.254
info|2019-12-12 00:12:31.371949|[g:1][CONSENSUS][PBFT]checkAndChangeView: Reach consensus,org_view=135,org_changeCycle=0,cur_changeCycle=0,to_view=136
info|2019-12-12 00:12:32.375868|[g:1][CONSENSUS]addRawPrepare,height=7,reqIdx=2,hash=73356fa8...
info|2019-12-12 00:12:32.376457|[g:1][CONSENSUS][PBFT]checkTimeout Succ,view=136,toView=137,nodeIdx=3,changeCycle=0,myNode=d08a18ab...,timecost=0.471
info|2019-12-12 00:12:32.377605|[g:1][CONSENSUS][PBFT]checkAndChangeView: Reach consensus,org_view=136,org_changeCycle=0,cur_changeCycle=0,to_view=137
info|2019-12-12 00:12:33.378009|[g:1][CONSENSUS][SEALER]++++++++++++++++ Generating seal on,blkNum=7,tx=0,nodeIdx=3,hash=c9fa4f68...
info|2019-12-12 00:12:33.379645|[g:1][CONSENSUS][PBFT]checkTimeout Succ,view=137,toView=138,nodeIdx=3,changeCycle=0,myNode=d08a18ab...,timecost=0.229
info|2019-12-12 00:12:33.381679|[g:1][CONSENSUS][PBFT]checkAndChangeView: Reach consensus,org_view=137,org_changeCycle=0,cur_changeCycle=0,to_view=138
info|2019-12-12 00:12:34.384725|[g:1][CONSENSUS]addRawPrepare,height=7,reqIdx=0,hash=642d01ee...
info|2019-12-12 00:12:34.385401|[g:1][CONSENSUS][PBFT]checkTimeout Succ,view=138,toView=139,nodeIdx=3,changeCycle=0,myNode=d08a18ab...,timecost=0.446
info|2019-12-12 00:12:34.386682|[g:1][CONSENSUS][PBFT]checkAndChangeView: Reach consensus,org_view=138,org_changeCycle=0,cur_changeCycle=0,to_view=139
info|2019-12-12 00:12:35.388577|[g:1][CONSENSUS]addRawPrepare,height=7,reqIdx=1,hash=e4159421...
info|2019-12-12 00:12:35.389698|[g:1][CONSENSUS][PBFT]checkTimeout Succ,view=139,toView=140,nodeIdx=3,changeCycle=0,myNode=d08a18ab...,timecost=0.999
info|2019-12-12 00:12:35.390802|[g:1][CONSENSUS][PBFT]checkAndChangeView: Reach consensus,org_view=139,org_changeCycle=0,cur_changeCycle=0,to_view=140
info|2019-12-12 00:12:36.393554|[g:1][CONSENSUS]addRawPrepare,height=7,reqIdx=2,hash=7df2806f...
info|2019-12-12 00:12:36.394294|[g:1][CONSENSUS][PBFT]checkTimeout Succ,view=140,toView=141,nodeIdx=3,changeCycle=0,myNode=d08a18ab...,timecost=0.649
info|2019-12-12 00:12:36.395799|[g:1][CONSENSUS][PBFT]checkAndChangeView: Reach consensus,org_view=140,org_changeCycle=0,cur_changeCycle=0,to_view=141
info|2019-12-12 00:12:36.860954|[P2P][Service] heartBeat,connected count=3
info|2019-12-12 00:12:37.395584|[g:1][CONSENSUS][SEALER]++++++++++++++++ Generating seal on,blkNum=7,tx=0,nodeIdx=3,hash=f0349a1f...
info|2019-12-12 00:12:37.398210|[g:1][CONSENSUS][PBFT]checkTimeout Succ,view=141,toView=142,nodeIdx=3,changeCycle=0,myNode=d08a18ab...,timecost=0.397
info|2019-12-12 00:12:37.399755|[g:1][CONSENSUS][PBFT]checkAndChangeView: Reach consensus,org_view=141,org_changeCycle=0,cur_changeCycle=0,to_view=142
info|2019-12-12 00:12:38.399620|[g:1][CONSENSUS]addRawPrepare,height=7,reqIdx=0,hash=5a364653...
info|2019-12-12 00:12:38.400051|[g:1][CONSENSUS][PBFT]checkTimeout Succ,view=142,toView=143,nodeIdx=3,changeCycle=0,myNode=d08a18ab...,timecost=0.316
info|2019-12-12 00:12:38.401113|[g:1][CONSENSUS][PBFT]checkAndChangeView: Reach consensus,org_view=142,org_changeCycle=0,cur_changeCycle=0,to_view=143
info|2019-12-12 00:12:39.406352|[g:1][CONSENSUS]addRawPrepare,height=7,reqIdx=1,hash=a135c042...
info|2019-12-12 00:12:39.406683|[g:1][CONSENSUS][PBFT]checkTimeout Succ,view=143,toView=144,nodeIdx=3,changeCycle=0,myNode=d08a18ab...,timecost=0.231
info|2019-12-12 00:12:39.411114|[g:1][CONSENSUS][PBFT]checkAndChangeView: Reach consensus,org_view=143,org_changeCycle=0,cur_changeCycle=0,to_view=144
info|2019-12-12 00:12:40.409976|[g:1][CONSENSUS]addRawPrepare,height=7,reqIdx=2,hash=f70710df...
info|2019-12-12 00:12:40.410311|[g:1][CONSENSUS][PBFT]checkTimeout Succ,view=144,toView=145,nodeIdx=3,changeCycle=0,myNode=d08a18ab...,timecost=0.239
info|2019-12-12 00:12:40.411799|[g:1][CONSENSUS][PBFT]checkAndChangeView: Reach consensus,org_view=144,org_changeCycle=0,cur_changeCycle=0,to_view=145
info|2019-12-12 00:12:41.411458|[g:1][CONSENSUS][SEALER]++++++++++++++++ Generating seal on,blkNum=7,tx=0,nodeIdx=3,hash=e2a3cf8b...
info|2019-12-12 00:12:41.414158|[g:1][CONSENSUS][PBFT]checkTimeout Succ,view=145,toView=146,nodeIdx=3,changeCycle=0,myNode=d08a18ab...,timecost=0.22
info|2019-12-12 00:12:41.414976|[g:1][CONSENSUS][PBFT]checkAndChangeView: Reach consensus,org_view=145,org_changeCycle=0,cur_changeCycle=0,to_view=146
info|2019-12-12 00:12:42.420024|[g:1][CONSENSUS]addRawPrepare,height=7,reqIdx=0,hash=aefa9658...
info|2019-12-12 00:12:42.420526|[g:1][CONSENSUS][PBFT]checkTimeout Succ,view=146,toView=147,nodeIdx=3,changeCycle=0,myNode=d08a18ab...,timecost=0.327
info|2019-12-12 00:12:42.425679|[g:1][CONSENSUS][PBFT]checkAndChangeView: Reach consensus,org_view=146,org_changeCycle=0,cur_changeCycle=0,to_view=147
info|2019-12-12 00:12:43.422430|[g:1][CONSENSUS]addRawPrepare,height=7,reqIdx=1,hash=4263a8f5...
info|2019-12-12 00:12:43.422929|[g:1][CONSENSUS][PBFT]checkTimeout Succ,view=147,toView=148,nodeIdx=3,changeCycle=0,myNode=d08a18ab...,timecost=0.371
info|2019-12-12 00:12:43.430060|[g:1][CONSENSUS][PBFT]checkAndChangeView: Reach consensus,org_view=147,org_changeCycle=0,cur_changeCycle=0,to_view=148
info|2019-12-12 00:12:44.432200|[g:1][CONSENSUS]addRawPrepare,height=7,reqIdx=2,hash=c601a7cf...
info|2019-12-12 00:12:44.432935|[g:1][CONSENSUS][PBFT]checkTimeout Succ,view=148,toView=149,nodeIdx=3,changeCycle=0,myNode=d08a18ab...,timecost=0.548
info|2019-12-12 00:12:44.434510|[g:1][CONSENSUS][PBFT]checkAndChangeView: Reach consensus,org_view=148,org_changeCycle=0,cur_changeCycle=0,to_view=149
info|2019-12-12 00:12:45.434237|[g:1][CONSENSUS][SEALER]++++++++++++++++ Generating seal on,blkNum=7,tx=0,nodeIdx=3,hash=6db01874...
info|2019-12-12 00:12:45.437023|[g:1][CONSENSUS][PBFT]checkTimeout Succ,view=149,toView=150,nodeIdx=3,changeCycle=0,myNode=d08a18ab...,timecost=0.198
info|2019-12-12 00:12:45.441268|[g:1][CONSENSUS][PBFT]checkAndChangeView: Reach consensus,org_view=149,org_changeCycle=0,cur_changeCycle=0,to_view=150
info|2019-12-12 00:12:46.501747|[g:1][CONSENSUS]addRawPrepare,height=7,reqIdx=0,hash=49ba7f87...
info|2019-12-12 00:12:46.503017|[g:1][CONSENSUS][PBFT]checkTimeout Succ,view=150,toView=151,nodeIdx=3,changeCycle=0,myNode=d08a18ab...,timecost=0.769
info|2019-12-12 00:12:46.511925|[g:1][CONSENSUS][PBFT]checkAndChangeView: Reach consensus,org_view=150,org_changeCycle=0,cur_changeCycle=0,to_view=151
info|2019-12-12 00:12:46.863623|[P2P][Service] heartBeat,connected count=3
info|2019-12-12 00:12:47.516186|[g:1][CONSENSUS]addRawPrepare,height=7,reqIdx=1,hash=d2a72b20...
info|2019-12-12 00:12:47.519531|[g:1][CONSENSUS][PBFT]checkTimeout Succ,view=151,toView=152,nodeIdx=3,changeCycle=0,myNode=d08a18ab...,timecost=0.821
info|2019-12-12 00:12:47.536044|[g:1][CONSENSUS][PBFT]checkAndChangeView: Reach consensus,org_view=151,org_changeCycle=0,cur_changeCycle=0,to_view=152
info|2019-12-12 00:12:48.550216|[g:1][CONSENSUS]addRawPrepare,height=7,reqIdx=2,hash=9203e9d0...
info|2019-12-12 00:12:48.551269|[g:1][CONSENSUS][PBFT]checkTimeout Succ,view=152,toView=153,nodeIdx=3,changeCycle=0,myNode=d08a18ab...,timecost=0.827
info|2019-12-12 00:12:48.564502|[g:1][CONSENSUS][PBFT]checkAndChangeView: Reach consensus,org_view=152,org_changeCycle=0,cur_changeCycle=0,to_view=153
info|2019-12-12 00:12:49.570696|[g:1][CONSENSUS][SEALER]++++++++++++++++ Generating seal on,blkNum=7,tx=0,nodeIdx=3,hash=c923a931...
info|2019-12-12 00:12:49.636546|[g:1][CONSENSUS][PBFT]checkTimeout Succ,view=153,toView=154,nodeIdx=3,changeCycle=0,myNode=d08a18ab...,timecost=18.21
info|2019-12-12 00:12:49.682293|[g:1][CONSENSUS][PBFT]checkAndChangeView: Reach consensus,org_view=153,org_changeCycle=0,cur_changeCycle=0,to_view=154
info|2019-12-12 00:12:50.760067|[g:1][CONSENSUS]addRawPrepare,height=7,reqIdx=0,hash=2ba2d24b...
info|2019-12-12 00:12:50.761204|[g:1][CONSENSUS][PBFT]checkTimeout Succ,view=154,toView=155,nodeIdx=3,changeCycle=0,myNode=d08a18ab...,timecost=0.621
info|2019-12-12 00:12:50.774523|[g:1][CONSENSUS][PBFT]checkAndChangeView: Reach consensus,org_view=154,org_changeCycle=0,cur_changeCycle=0,to_view=155
info|2019-12-12 00:12:51.841179|[g:1][CONSENSUS]addRawPrepare,height=7,reqIdx=1,hash=8c80ecd4...
info|2019-12-12 00:12:51.843952|[g:1][CONSENSUS][PBFT]checkTimeout Succ,view=155,toView=156,nodeIdx=3,changeCycle=0,myNode=d08a18ab...,timecost=0.842
info|2019-12-12 00:12:51.876363|[g:1][CONSENSUS][PBFT]checkAndChangeView: Reach consensus,org_view=155,org_changeCycle=0,cur_changeCycle=0,to_view=156
info|2019-12-12 00:12:52.926737|[g:1][CONSENSUS]addRawPrepare,height=7,reqIdx=2,hash=ec2d8ada...
info|2019-12-12 00:12:52.929881|[g:1][CONSENSUS][PBFT]checkTimeout Succ,view=156,toView=157,nodeIdx=3,changeCycle=0,myNode=d08a18ab...,timecost=2.627
info|2019-12-12 00:12:52.941818|[g:1][CONSENSUS][PBFT]checkAndChangeView: Reach consensus,org_view=156,org_changeCycle=0,cur_changeCycle=0,to_view=157
info|2019-12-12 00:12:53.949114|[g:1][CONSENSUS][SEALER]++++++++++++++++ Generating seal on,blkNum=7,tx=0,nodeIdx=3,hash=f00f1511...
info|2019-12-12 00:12:53.987747|[g:1][CONSENSUS][PBFT]checkTimeout Succ,view=157,toView=158,nodeIdx=3,changeCycle=0,myNode=d08a18ab...,timecost=1.183
info|2019-12-12 00:12:54.032458|[g:1][CONSENSUS][PBFT]checkAndChangeView: Reach consensus,org_view=157,org_changeCycle=0,cur_changeCycle=0,to_view=158
info|2019-12-12 00:12:55.084067|[g:1][CONSENSUS]addRawPrepare,height=7,reqIdx=0,hash=ecf14878...
info|2019-12-12 00:12:55.085666|[g:1][CONSENSUS][PBFT]checkTimeout Succ,view=158,toView=159,nodeIdx=3,changeCycle=0,myNode=d08a18ab...,timecost=1.222
info|2019-12-12 00:12:55.096985|[g:1][CONSENSUS][PBFT]checkAndChangeView: Reach consensus,org_view=158,org_changeCycle=0,cur_changeCycle=0,to_view=159
info|2019-12-12 00:12:56.085827|[g:1][CONSENSUS]addRawPrepare,height=7,reqIdx=1,hash=8dbb9071...
info|2019-12-12 00:12:56.086832|[g:1][CONSENSUS][PBFT]checkTimeout Succ,view=159,toView=160,nodeIdx=3,changeCycle=0,myNode=d08a18ab...,timecost=0.732
info|2019-12-12 00:12:56.097750|[g:1][CONSENSUS][PBFT]checkAndChangeView: Reach consensus,org_view=159,org_changeCycle=0,cur_changeCycle=0,to_view=160
info|2019-12-12 00:12:56.864139|[P2P][Service] heartBeat,connected count=3
info|2019-12-12 00:12:57.128808|[g:1][CONSENSUS]addRawPrepare,height=7,reqIdx=2,hash=33e382b0...
info|2019-12-12 00:12:57.129858|[g:1][CONSENSUS][PBFT]checkTimeout Succ,view=160,toView=161,nodeIdx=3,changeCycle=0,myNode=d08a18ab...,timecost=0.696
info|2019-12-12 00:12:57.143067|[g:1][CONSENSUS][PBFT]checkAndChangeView: Reach consensus,org_view=160,org_changeCycle=0,cur_changeCycle=0,to_view=161
info|2019-12-12 00:12:58.151062|[g:1][CONSENSUS][SEALER]++++++++++++++++ Generating seal on,blkNum=7,tx=0,nodeIdx=3,hash=47dd4ba9...
info|2019-12-12 00:12:58.187452|[g:1][CONSENSUS][PBFT]checkTimeout Succ,view=161,toView=162,nodeIdx=3,changeCycle=0,myNode=d08a18ab...,timecost=0.856
info|2019-12-12 00:12:58.240913|[g:1][CONSENSUS][PBFT]checkAndChangeView: Reach consensus,org_view=161,org_changeCycle=0,cur_changeCycle=0,to_view=162
info|2019-12-12 00:12:59.316977|[g:1][CONSENSUS]addRawPrepare,height=7,reqIdx=0,hash=5c3d37fa...
info|2019-12-12 00:12:59.318168|[g:1][CONSENSUS][PBFT]checkTimeout Succ,view=162,toView=163,nodeIdx=3,changeCycle=0,myNode=d08a18ab...,timecost=0.759
info|2019-12-12 00:12:59.335018|[g:1][CONSENSUS][PBFT]checkAndChangeView: Reach consensus,org_view=162,org_changeCycle=0,cur_changeCycle=0,to_view=163
info|2019-12-12 00:13:00.482749|[g:1][CONSENSUS]addRawPrepare,height=7,reqIdx=1,hash=d4030f90...
info|2019-12-12 00:13:00.485085|[g:1][CONSENSUS][PBFT]checkTimeout Succ,view=163,toView=164,nodeIdx=3,changeCycle=0,myNode=d08a18ab...,timecost=1.714
info|2019-12-12 00:13:00.488704|[g:1][CONSENSUS][PBFT]checkAndChangeView: Reach consensus,org_view=163,org_changeCycle=0,cur_changeCycle=0,to_view=164
info|2019-12-12 00:13:01.587156|[g:1][CONSENSUS]addRawPrepare,height=7,reqIdx=2,hash=2f4ec7e6...
info|2019-12-12 00:13:01.591431|[g:1][CONSENSUS][PBFT]checkTimeout Succ,view=164,toView=165,nodeIdx=3,changeCycle=0,myNode=d08a18ab...,timecost=0.995
info|2019-12-12 00:13:01.596476|[g:1][CONSENSUS][PBFT]checkAndChangeView: Reach consensus,org_view=164,org_changeCycle=0,cur_changeCycle=0,to_view=165
info|2019-12-12 00:13:02.607703|[g:1][CONSENSUS][SEALER]++++++++++++++++ Generating seal on,blkNum=7,tx=0,nodeIdx=3,hash=24a3d5ae...
info|2019-12-12 00:13:02.651472|[g:1][CONSENSUS][PBFT]checkTimeout Succ,view=165,toView=166,nodeIdx=3,changeCycle=0,myNode=d08a18ab...,timecost=0.811
info|2019-12-12 00:13:02.665589|[g:1][CONSENSUS][PBFT]checkAndChangeView: Reach consensus,org_view=165,org_changeCycle=0,cur_changeCycle=0,to_view=166
info|2019-12-12 00:13:03.732500|[g:1][CONSENSUS]addRawPrepare,height=7,reqIdx=0,hash=fcd615db...
info|2019-12-12 00:13:03.753912|[g:1][CONSENSUS][PBFT]checkTimeout Succ,view=166,toView=167,nodeIdx=3,changeCycle=0,myNode=d08a18ab...,timecost=14.407
info|2019-12-12 00:13:03.770473|[g:1][CONSENSUS][PBFT]checkAndChangeView: Reach consensus,org_view=166,org_changeCycle=0,cur_changeCycle=0,to_view=167
info|2019-12-12 00:13:04.815268|[g:1][CONSENSUS]addRawPrepare,height=7,reqIdx=1,hash=f70565ce...
info|2019-12-12 00:13:04.820615|[g:1][CONSENSUS][PBFT]checkTimeout Succ,view=167,toView=168,nodeIdx=3,changeCycle=0,myNode=d08a18ab...,timecost=2.412
info|2019-12-12 00:13:04.822802|[g:1][CONSENSUS][PBFT]checkAndChangeView: Reach consensus,org_view=167,org_changeCycle=0,cur_changeCycle=0,to_view=168
info|2019-12-12 00:13:05.909762|[g:1][CONSENSUS]addRawPrepare,height=7,reqIdx=2,hash=b26a0d24...
info|2019-12-12 00:13:05.918256|[g:1][CONSENSUS][PBFT]checkTimeout Succ,view=168,toView=169,nodeIdx=3,changeCycle=0,myNode=d08a18ab...,timecost=7.701
info|2019-12-12 00:13:05.922085|[g:1][CONSENSUS][PBFT]checkAndChangeView: Reach consensus,org_view=168,org_changeCycle=0,cur_changeCycle=0,to_view=169
info|2019-12-12 00:13:06.865670|[P2P][Service] heartBeat,connected count=3
info|2019-12-12 00:13:06.944335|[g:1][CONSENSUS][SEALER]++++++++++++++++ Generating seal on,blkNum=7,tx=0,nodeIdx=3,hash=9202229a...
info|2019-12-12 00:13:06.970936|[g:1][CONSENSUS][PBFT]checkTimeout Succ,view=169,toView=170,nodeIdx=3,changeCycle=0,myNode=d08a18ab...,timecost=1.241
info|2019-12-12 00:13:06.990724|[g:1][CONSENSUS][PBFT]checkAndChangeView: Reach consensus,org_view=169,org_changeCycle=0,cur_changeCycle=0,to_view=170
info|2019-12-12 00:13:08.088988|[g:1][CONSENSUS]addRawPrepare,height=7,reqIdx=0,hash=f0001b9e...
info|2019-12-12 00:13:08.090092|[g:1][CONSENSUS][PBFT]checkTimeout Succ,view=170,toView=171,nodeIdx=3,changeCycle=0,myNode=d08a18ab...,timecost=0.805
info|2019-12-12 00:13:08.096147|[g:1][CONSENSUS][PBFT]checkAndChangeView: Reach consensus,org_view=170,org_changeCycle=0,cur_changeCycle=0,to_view=171
info|2019-12-12 00:13:09.261097|[g:1][CONSENSUS]addRawPrepare,height=7,reqIdx=1,hash=93fbc8ab...
info|2019-12-12 00:13:09.277953|[g:1][CONSENSUS][PBFT]checkTimeout Succ,view=171,toView=172,nodeIdx=3,changeCycle=0,myNode=d08a18ab...,timecost=4.68
info|2019-12-12 00:13:09.281665|[g:1][CONSENSUS][PBFT]checkAndChangeView: Reach consensus,org_view=171,org_changeCycle=0,cur_changeCycle=0,to_view=172
info|2019-12-12 00:13:10.483451|[g:1][CONSENSUS]addRawPrepare,height=7,reqIdx=2,hash=4eb50aeb...
info|2019-12-12 00:13:10.487028|[g:1][CONSENSUS][PBFT]checkTimeout Succ,view=172,toView=173,nodeIdx=3,changeCycle=0,myNode=d08a18ab...,timecost=0.746
info|2019-12-12 00:13:10.498277|[g:1][CONSENSUS][PBFT]checkAndChangeView: Reach consensus,org_view=172,org_changeCycle=0,cur_changeCycle=0,to_view=173
info|2019-12-12 00:13:11.552734|[g:1][CONSENSUS][SEALER]++++++++++++++++ Generating seal on,blkNum=7,tx=0,nodeIdx=3,hash=fa5d895e...
info|2019-12-12 00:13:11.601999|[g:1][CONSENSUS][PBFT]checkTimeout Succ,view=173,toView=174,nodeIdx=3,changeCycle=0,myNode=d08a18ab...,timecost=0.939
info|2019-12-12 00:13:11.646951|[g:1][CONSENSUS][PBFT]checkAndChangeView: Reach consensus,org_view=173,org_changeCycle=0,cur_changeCycle=0,to_view=174
info|2019-12-12 00:13:12.681211|[g:1][CONSENSUS]addRawPrepare,height=7,reqIdx=0,hash=3a3f21ca...
info|2019-12-12 00:13:12.681794|[g:1][CONSENSUS][PBFT]checkTimeout Succ,view=174,toView=175,nodeIdx=3,changeCycle=0,myNode=d08a18ab...,timecost=0.379
info|2019-12-12 00:13:12.691546|[g:1][CONSENSUS][PBFT]checkAndChangeView: Reach consensus,org_view=174,org_changeCycle=0,cur_changeCycle=0,to_view=175
info|2019-12-12 00:13:13.806971|[g:1][CONSENSUS]addRawPrepare,height=7,reqIdx=1,hash=68a8b0c7...
info|2019-12-12 00:13:13.839325|[g:1][CONSENSUS][PBFT]checkTimeout Succ,view=175,toView=176,nodeIdx=3,changeCycle=0,myNode=d08a18ab...,timecost=11.281
info|2019-12-12 00:13:13.846783|[g:1][CONSENSUS][PBFT]checkAndChangeView: Reach consensus,org_view=175,org_changeCycle=0,cur_changeCycle=0,to_view=176
info|2019-12-12 00:13:14.942527|[g:1][CONSENSUS]addRawPrepare,height=7,reqIdx=2,hash=d11dc4fc...
info|2019-12-12 00:13:14.945598|[g:1][CONSENSUS][PBFT]checkTimeout Succ,view=176,toView=177,nodeIdx=3,changeCycle=0,myNode=d08a18ab...,timecost=1.173
info|2019-12-12 00:13:14.950446|[g:1][CONSENSUS][PBFT]checkAndChangeView: Reach consensus,org_view=176,org_changeCycle=0,cur_changeCycle=0,to_view=177
info|2019-12-12 00:13:15.976564|[g:1][CONSENSUS][SEALER]++++++++++++++++ Generating seal on,blkNum=7,tx=0,nodeIdx=3,hash=480c087f...
info|2019-12-12 00:13:16.057501|[g:1][CONSENSUS][PBFT]checkTimeout Succ,view=177,toView=178,nodeIdx=3,changeCycle=0,myNode=d08a18ab...,timecost=1.624
info|2019-12-12 00:13:16.110205|[g:1][CONSENSUS][PBFT]checkAndChangeView: Reach consensus,org_view=177,org_changeCycle=0,cur_changeCycle=0,to_view=178
info|2019-12-12 00:13:16.897097|[P2P][Service] heartBeat,connected count=3
info|2019-12-12 00:13:17.121437|[g:1][CONSENSUS]addRawPrepare,height=7,reqIdx=0,hash=0ea35759...
info|2019-12-12 00:13:17.122442|[g:1][CONSENSUS][PBFT]checkTimeout Succ,view=178,toView=179,nodeIdx=3,changeCycle=0,myNode=d08a18ab...,timecost=0.667
info|2019-12-12 00:13:17.128480|[g:1][CONSENSUS][PBFT]checkAndChangeView: Reach consensus,org_view=178,org_changeCycle=0,cur_changeCycle=0,to_view=179
info|2019-12-12 00:13:18.216944|[g:1][CONSENSUS]addRawPrepare,height=7,reqIdx=1,hash=a788ef59...
info|2019-12-12 00:13:18.217914|[g:1][CONSENSUS][PBFT]checkTimeout Succ,view=179,toView=180,nodeIdx=3,changeCycle=0,myNode=d08a18ab...,timecost=0.663
info|2019-12-12 00:13:18.242018|[g:1][CONSENSUS][PBFT]checkAndChangeView: Reach consensus,org_view=179,org_changeCycle=0,cur_changeCycle=0,to_view=180
info|2019-12-12 00:13:19.432500|[g:1][CONSENSUS]addRawPrepare,height=7,reqIdx=2,hash=a1fc766a...
info|2019-12-12 00:13:19.448511|[g:1][CONSENSUS][PBFT]checkTimeout Succ,view=180,toView=181,nodeIdx=3,changeCycle=0,myNode=d08a18ab...,timecost=1.442
info|2019-12-12 00:13:19.458771|[g:1][CONSENSUS][PBFT]checkAndChangeView: Reach consensus,org_view=180,org_changeCycle=0,cur_changeCycle=0,to_view=181
info|2019-12-12 00:13:20.485568|[g:1][CONSENSUS][SEALER]++++++++++++++++ Generating seal on,blkNum=7,tx=0,nodeIdx=3,hash=e7de0aac...
info|2019-12-12 00:13:20.552907|[g:1][CONSENSUS][PBFT]checkTimeout Succ,view=181,toView=182,nodeIdx=3,changeCycle=0,myNode=d08a18ab...,timecost=3.548
info|2019-12-12 00:13:20.593383|[g:1][CONSENSUS][PBFT]checkAndChangeView: Reach consensus,org_view=181,org_changeCycle=0,cur_changeCycle=0,to_view=182
info|2019-12-12 00:13:21.737799|[g:1][CONSENSUS]addRawPrepare,height=7,reqIdx=0,hash=9874fda0...
info|2019-12-12 00:13:21.746065|[g:1][CONSENSUS][PBFT]checkTimeout Succ,view=182,toView=183,nodeIdx=3,changeCycle=0,myNode=d08a18ab...,timecost=7.734
info|2019-12-12 00:13:21.750921|[g:1][CONSENSUS][PBFT]checkAndChangeView: Reach consensus,org_view=182,org_changeCycle=0,cur_changeCycle=0,to_view=183
info|2019-12-12 00:13:22.795226|[g:1][CONSENSUS]addRawPrepare,height=7,reqIdx=1,hash=1bc5a9cf...
info|2019-12-12 00:13:22.802282|[g:1][CONSENSUS][PBFT]checkTimeout Succ,view=183,toView=184,nodeIdx=3,changeCycle=0,myNode=d08a18ab...,timecost=6.543
info|2019-12-12 00:13:22.811389|[g:1][CONSENSUS][PBFT]checkAndChangeView: Reach consensus,org_view=183,org_changeCycle=0,cur_changeCycle=0,to_view=184
info|2019-12-12 00:13:23.876482|[g:1][CONSENSUS]addRawPrepare,height=7,reqIdx=2,hash=9096e854...
info|2019-12-12 00:13:23.883865|[g:1][CONSENSUS][PBFT]checkTimeout Succ,view=184,toView=185,nodeIdx=3,changeCycle=0,myNode=d08a18ab...,timecost=1.059
info|2019-12-12 00:13:23.895141|[g:1][CONSENSUS][PBFT]checkAndChangeView: Reach consensus,org_view=184,org_changeCycle=0,cur_changeCycle=0,to_view=185
info|2019-12-12 00:13:24.901963|[g:1][CONSENSUS][SEALER]++++++++++++++++ Generating seal on,blkNum=7,tx=0,nodeIdx=3,hash=1f205bed...
info|2019-12-12 00:13:24.932228|[g:1][CONSENSUS][PBFT]checkTimeout Succ,view=185,toView=186,nodeIdx=3,changeCycle=0,myNode=d08a18ab...,timecost=0.566
info|2019-12-12 00:13:24.961304|[g:1][CONSENSUS][PBFT]checkAndChangeView: Reach consensus,org_view=185,org_changeCycle=0,cur_changeCycle=0,to_view=186
info|2019-12-12 00:13:26.036758|[g:1][CONSENSUS]addRawPrepare,height=7,reqIdx=0,hash=33d5b49c...
info|2019-12-12 00:13:26.040790|[g:1][CONSENSUS][PBFT]checkTimeout Succ,view=186,toView=187,nodeIdx=3,changeCycle=0,myNode=d08a18ab...,timecost=3.607
info|2019-12-12 00:13:26.050550|[g:1][CONSENSUS][PBFT]checkAndChangeView: Reach consensus,org_view=186,org_changeCycle=0,cur_changeCycle=0,to_view=187
info|2019-12-12 00:13:26.912996|[P2P][Service] heartBeat,connected count=3
info|2019-12-12 00:13:27.091480|[g:1][CONSENSUS]addRawPrepare,height=7,reqIdx=1,hash=edc5e34c...
info|2019-12-12 00:13:27.093262|[g:1][CONSENSUS][PBFT]checkTimeout Succ,view=187,toView=188,nodeIdx=3,changeCycle=0,myNode=d08a18ab...,timecost=0.809
info|2019-12-12 00:13:27.100653|[g:1][CONSENSUS][PBFT]checkAndChangeView: Reach consensus,org_view=187,org_changeCycle=0,cur_changeCycle=0,to_view=188
info|2019-12-12 00:13:28.142808|[g:1][CONSENSUS]addRawPrepare,height=7,reqIdx=2,hash=0ba50805...
info|2019-12-12 00:13:28.153133|[g:1][CONSENSUS][PBFT]checkTimeout Succ,view=188,toView=189,nodeIdx=3,changeCycle=0,myNode=d08a18ab...,timecost=9.736
info|2019-12-12 00:13:28.160616|[g:1][CONSENSUS][PBFT]checkAndChangeView: Reach consensus,org_view=188,org_changeCycle=0,cur_changeCycle=0,to_view=189
info|2019-12-12 00:13:29.163757|[g:1][CONSENSUS][SEALER]++++++++++++++++ Generating seal on,blkNum=7,tx=0,nodeIdx=3,hash=2ad96d69...
info|2019-12-12 00:13:29.205108|[g:1][CONSENSUS][PBFT]checkTimeout Succ,view=189,toView=190,nodeIdx=3,changeCycle=0,myNode=d08a18ab...,timecost=6.595
info|2019-12-12 00:13:29.231672|[g:1][CONSENSUS][PBFT]checkAndChangeView: Reach consensus,org_view=189,org_changeCycle=0,cur_changeCycle=0,to_view=190
info|2019-12-12 00:13:30.416126|[g:1][CONSENSUS]addRawPrepare,height=7,reqIdx=0,hash=f21af483...
info|2019-12-12 00:13:30.425960|[g:1][CONSENSUS][PBFT]checkTimeout Succ,view=190,toView=191,nodeIdx=3,changeCycle=0,myNode=d08a18ab...,timecost=2.114
info|2019-12-12 00:13:30.449029|[g:1][CONSENSUS][PBFT]checkAndChangeView: Reach consensus,org_view=190,org_changeCycle=0,cur_changeCycle=0,to_view=191
info|2019-12-12 00:13:31.533747|[g:1][CONSENSUS]addRawPrepare,height=7,reqIdx=1,hash=827db454...
info|2019-12-12 00:13:31.541003|[g:1][CONSENSUS][PBFT]checkTimeout Succ,view=191,toView=192,nodeIdx=3,changeCycle=0,myNode=d08a18ab...,timecost=2.453
info|2019-12-12 00:13:31.570992|[g:1][CONSENSUS][PBFT]checkAndChangeView: Reach consensus,org_view=191,org_changeCycle=0,cur_changeCycle=0,to_view=192
info|2019-12-12 00:13:32.649805|[g:1][CONSENSUS]addRawPrepare,height=7,reqIdx=2,hash=3c4c17d4...
info|2019-12-12 00:13:32.653100|[g:1][CONSENSUS][PBFT]checkTimeout Succ,view=192,toView=193,nodeIdx=3,changeCycle=0,myNode=d08a18ab...,timecost=0.816
info|2019-12-12 00:13:32.654519|[g:1][CONSENSUS][PBFT]checkAndChangeView: Reach consensus,org_view=192,org_changeCycle=0,cur_changeCycle=0,to_view=193
info|2019-12-12 00:13:33.676078|[g:1][CONSENSUS][SEALER]++++++++++++++++ Generating seal on,blkNum=7,tx=0,nodeIdx=3,hash=6c8637be...
info|2019-12-12 00:13:33.778956|[g:1][CONSENSUS][PBFT]checkTimeout Succ,view=193,toView=194,nodeIdx=3,changeCycle=0,myNode=d08a18ab...,timecost=1.196
info|2019-12-12 00:13:33.818552|[g:1][CONSENSUS][PBFT]checkAndChangeView: Reach consensus,org_view=193,org_changeCycle=0,cur_changeCycle=0,to_view=194
info|2019-12-12 00:13:34.912687|[g:1][CONSENSUS]addRawPrepare,height=7,reqIdx=0,hash=e7dce77d...
info|2019-12-12 00:13:34.923223|[g:1][CONSENSUS][PBFT]checkTimeout Succ,view=194,toView=195,nodeIdx=3,changeCycle=0,myNode=d08a18ab...,timecost=9.42
info|2019-12-12 00:13:34.926990|[g:1][CONSENSUS][PBFT]checkAndChangeView: Reach consensus,org_view=194,org_changeCycle=0,cur_changeCycle=0,to_view=195
info|2019-12-12 00:13:35.974652|[g:1][CONSENSUS]addRawPrepare,height=7,reqIdx=1,hash=746a9093...
info|2019-12-12 00:13:35.976672|[g:1][CONSENSUS][PBFT]checkTimeout Succ,view=195,toView=196,nodeIdx=3,changeCycle=0,myNode=d08a18ab...,timecost=1.727
info|2019-12-12 00:13:35.981576|[g:1][CONSENSUS][PBFT]checkAndChangeView: Reach consensus,org_view=195,org_changeCycle=0,cur_changeCycle=0,to_view=196
info|2019-12-12 00:13:36.923531|[P2P][Service] heartBeat,connected count=3
info|2019-12-12 00:13:37.017237|[g:1][CONSENSUS]addRawPrepare,height=7,reqIdx=2,hash=840109de...
info|2019-12-12 00:13:37.026263|[g:1][CONSENSUS][PBFT]checkTimeout Succ,view=196,toView=197,nodeIdx=3,changeCycle=0,myNode=d08a18ab...,timecost=5.831
info|2019-12-12 00:13:37.029864|[g:1][CONSENSUS][PBFT]checkAndChangeView: Reach consensus,org_view=196,org_changeCycle=0,cur_changeCycle=0,to_view=197
info|2019-12-12 00:13:38.042621|[g:1][CONSENSUS][SEALER]++++++++++++++++ Generating seal on,blkNum=7,tx=0,nodeIdx=3,hash=ae1122c6...
info|2019-12-12 00:13:38.069812|[g:1][CONSENSUS][PBFT]checkTimeout Succ,view=197,toView=198,nodeIdx=3,changeCycle=0,myNode=d08a18ab...,timecost=0.766
info|2019-12-12 00:13:38.086884|[g:1][CONSENSUS][PBFT]checkAndChangeView: Reach consensus,org_view=197,org_changeCycle=0,cur_changeCycle=0,to_view=198
info|2019-12-12 00:13:39.272275|[g:1][CONSENSUS]addRawPrepare,height=7,reqIdx=0,hash=cd43fe9a...
info|2019-12-12 00:13:39.275046|[g:1][CONSENSUS][PBFT]checkTimeout Succ,view=198,toView=199,nodeIdx=3,changeCycle=0,myNode=d08a18ab...,timecost=1.7
info|2019-12-12 00:13:39.294524|[g:1][CONSENSUS][PBFT]checkAndChangeView: Reach consensus,org_view=198,org_changeCycle=0,cur_changeCycle=0,to_view=199
info|2019-12-12 00:13:40.466123|[g:1][CONSENSUS]addRawPrepare,height=7,reqIdx=1,hash=c46f2ab1...
info|2019-12-12 00:13:40.479720|[g:1][CONSENSUS][PBFT]checkTimeout Succ,view=199,toView=200,nodeIdx=3,changeCycle=0,myNode=d08a18ab...,timecost=9.049
info|2019-12-12 00:13:40.488745|[g:1][CONSENSUS][PBFT]checkAndChangeView: Reach consensus,org_view=199,org_changeCycle=0,cur_changeCycle=0,to_view=200
info|2019-12-12 00:13:41.551105|[g:1][CONSENSUS]addRawPrepare,height=7,reqIdx=2,hash=e13aa349...
info|2019-12-12 00:13:41.552266|[g:1][CONSENSUS][PBFT]checkTimeout Succ,view=200,toView=201,nodeIdx=3,changeCycle=0,myNode=d08a18ab...,timecost=0.668
info|2019-12-12 00:13:41.559377|[g:1][CONSENSUS][PBFT]checkAndChangeView: Reach consensus,org_view=200,org_changeCycle=0,cur_changeCycle=0,to_view=201
info|2019-12-12 00:13:42.567190|[g:1][CONSENSUS][SEALER]++++++++++++++++ Generating seal on,blkNum=7,tx=0,nodeIdx=3,hash=3b48e871...
info|2019-12-12 00:13:42.625892|[g:1][CONSENSUS][PBFT]checkTimeout Succ,view=201,toView=202,nodeIdx=3,changeCycle=0,myNode=d08a18ab...,timecost=1.89
info|2019-12-12 00:13:42.671772|[g:1][CONSENSUS][PBFT]checkAndChangeView: Reach consensus,org_view=201,org_changeCycle=0,cur_changeCycle=0,to_view=202
info|2019-12-12 00:13:43.715149|[g:1][CONSENSUS]addRawPrepare,height=7,reqIdx=0,hash=8d3b472f...
info|2019-12-12 00:13:43.728316|[g:1][CONSENSUS][PBFT]checkTimeout Succ,view=202,toView=203,nodeIdx=3,changeCycle=0,myNode=d08a18ab...,timecost=1.52
info|2019-12-12 00:13:43.734451|[g:1][CONSENSUS][PBFT]checkAndChangeView: Reach consensus,org_view=202,org_changeCycle=0,cur_changeCycle=0,to_view=203
info|2019-12-12 00:13:44.814931|[g:1][CONSENSUS]addRawPrepare,height=7,reqIdx=1,hash=7bcd075b...
info|2019-12-12 00:13:44.816681|[g:1][CONSENSUS][PBFT]checkTimeout Succ,view=203,toView=204,nodeIdx=3,changeCycle=0,myNode=d08a18ab...,timecost=0.931
info|2019-12-12 00:13:44.865167|[g:1][CONSENSUS][PBFT]checkAndChangeView: Reach consensus,org_view=203,org_changeCycle=0,cur_changeCycle=0,to_view=204
info|2019-12-12 00:13:46.034631|[g:1][CONSENSUS]addRawPrepare,height=7,reqIdx=2,hash=c5971bbb...
info|2019-12-12 00:13:46.040892|[g:1][CONSENSUS][PBFT]checkTimeout Succ,view=204,toView=205,nodeIdx=3,changeCycle=0,myNode=d08a18ab...,timecost=5.649
info|2019-12-12 00:13:46.052015|[g:1][CONSENSUS][PBFT]checkAndChangeView: Reach consensus,org_view=204,org_changeCycle=0,cur_changeCycle=0,to_view=205
info|2019-12-12 00:13:46.940487|[P2P][Service] heartBeat,connected count=3
info|2019-12-12 00:13:47.063704|[g:1][CONSENSUS][SEALER]++++++++++++++++ Generating seal on,blkNum=7,tx=0,nodeIdx=3,hash=8a86e26a...
info|2019-12-12 00:13:47.115051|[g:1][CONSENSUS][PBFT]checkTimeout Succ,view=205,toView=206,nodeIdx=3,changeCycle=0,myNode=d08a18ab...,timecost=0.725
info|2019-12-12 00:13:47.121969|[g:1][CONSENSUS][PBFT]checkAndChangeView: Reach consensus,org_view=205,org_changeCycle=0,cur_changeCycle=0,to_view=206
info|2019-12-12 00:13:48.292300|[g:1][CONSENSUS]addRawPrepare,height=7,reqIdx=0,hash=7cf5bb22...
info|2019-12-12 00:13:48.305509|[g:1][CONSENSUS][PBFT]checkTimeout Succ,view=206,toView=207,nodeIdx=3,changeCycle=0,myNode=d08a18ab...,timecost=9.295
info|2019-12-12 00:13:48.319780|[g:1][CONSENSUS][PBFT]checkAndChangeView: Reach consensus,org_view=206,org_changeCycle=0,cur_changeCycle=0,to_view=207
info|2019-12-12 00:13:49.553906|[g:1][CONSENSUS]addRawPrepare,height=7,reqIdx=1,hash=830e3cff...
info|2019-12-12 00:13:49.559009|[g:1][CONSENSUS][PBFT]checkTimeout Succ,view=207,toView=208,nodeIdx=3,changeCycle=0,myNode=d08a18ab...,timecost=0.475
info|2019-12-12 00:13:49.605994|[g:1][CONSENSUS][PBFT]checkAndChangeView: Reach consensus,org_view=207,org_changeCycle=0,cur_changeCycle=0,to_view=208
info|2019-12-12 00:13:50.960106|[g:1][CONSENSUS]addRawPrepare,height=7,reqIdx=2,hash=7778be3c...
info|2019-12-12 00:13:50.961455|[g:1][CONSENSUS][PBFT]checkTimeout Succ,view=208,toView=209,nodeIdx=3,changeCycle=0,myNode=d08a18ab...,timecost=0.866
info|2019-12-12 00:13:51.011579|[g:1][CONSENSUS][PBFT]checkAndChangeView: Reach consensus,org_view=208,org_changeCycle=0,cur_changeCycle=0,to_view=209
info|2019-12-12 00:13:52.046808|[g:1][CONSENSUS][SEALER]++++++++++++++++ Generating seal on,blkNum=7,tx=0,nodeIdx=3,hash=932089a0...
info|2019-12-12 00:13:52.134558|[g:1][CONSENSUS][PBFT]checkTimeout Succ,view=209,toView=210,nodeIdx=3,changeCycle=0,myNode=d08a18ab...,timecost=2.284
info|2019-12-12 00:13:52.152011|[g:1][CONSENSUS][PBFT]checkAndChangeView: Reach consensus,org_view=209,org_changeCycle=0,cur_changeCycle=0,to_view=210
info|2019-12-12 00:13:53.292167|[g:1][CONSENSUS]addRawPrepare,height=7,reqIdx=0,hash=3e0252d5...
info|2019-12-12 00:13:53.297011|[g:1][CONSENSUS][PBFT]checkTimeout Succ,view=210,toView=211,nodeIdx=3,changeCycle=0,myNode=d08a18ab...,timecost=1.412
info|2019-12-12 00:13:53.341807|[g:1][CONSENSUS][PBFT]checkAndChangeView: Reach consensus,org_view=210,org_changeCycle=0,cur_changeCycle=0,to_view=211
info|2019-12-12 00:13:54.389927|[g:1][CONSENSUS]addRawPrepare,height=7,reqIdx=1,hash=4e991e83...
info|2019-12-12 00:13:54.396432|[g:1][CONSENSUS][PBFT]checkTimeout Succ,view=211,toView=212,nodeIdx=3,changeCycle=0,myNode=d08a18ab...,timecost=5.272
info|2019-12-12 00:13:54.398640|[g:1][CONSENSUS][PBFT]checkAndChangeView: Reach consensus,org_view=211,org_changeCycle=0,cur_changeCycle=0,to_view=212
info|2019-12-12 00:13:55.504618|[g:1][CONSENSUS]addRawPrepare,height=7,reqIdx=2,hash=42843c75...
info|2019-12-12 00:13:55.509075|[g:1][CONSENSUS][PBFT]checkTimeout Succ,view=212,toView=213,nodeIdx=3,changeCycle=0,myNode=d08a18ab...,timecost=1.111
info|2019-12-12 00:13:55.523712|[g:1][CONSENSUS][PBFT]checkAndChangeView: Reach consensus,org_view=212,org_changeCycle=0,cur_changeCycle=0,to_view=213
info|2019-12-12 00:13:56.535450|[g:1][CONSENSUS][SEALER]++++++++++++++++ Generating seal on,blkNum=7,tx=0,nodeIdx=3,hash=50508ae1...
info|2019-12-12 00:13:56.575957|[g:1][CONSENSUS][PBFT]checkTimeout Succ,view=213,toView=214,nodeIdx=3,changeCycle=0,myNode=d08a18ab...,timecost=1.591
info|2019-12-12 00:13:56.625636|[g:1][CONSENSUS][PBFT]checkAndChangeView: Reach consensus,org_view=213,org_changeCycle=0,cur_changeCycle=0,to_view=214
info|2019-12-12 00:13:57.016203|[P2P][Service] heartBeat,connected count=3
info|2019-12-12 00:13:57.719964|[g:1][CONSENSUS]addRawPrepare,height=7,reqIdx=0,hash=7d1c7e15...
info|2019-12-12 00:13:57.720625|[g:1][CONSENSUS][PBFT]checkTimeout Succ,view=214,toView=215,nodeIdx=3,changeCycle=0,myNode=d08a18ab...,timecost=0.443
info|2019-12-12 00:13:57.721527|[g:1][CONSENSUS][PBFT]checkAndChangeView: Reach consensus,org_view=214,org_changeCycle=0,cur_changeCycle=0,to_view=215
info|2019-12-12 00:13:58.741529|[g:1][CONSENSUS]addRawPrepare,height=7,reqIdx=1,hash=662a5559...
info|2019-12-12 00:13:58.744007|[g:1][CONSENSUS][PBFT]checkTimeout Succ,view=215,toView=216,nodeIdx=3,changeCycle=0,myNode=d08a18ab...,timecost=1.56
info|2019-12-12 00:13:58.752337|[g:1][CONSENSUS][PBFT]checkAndChangeView: Reach consensus,org_view=215,org_changeCycle=0,cur_changeCycle=0,to_view=216
info|2019-12-12 00:13:59.822521|[g:1][CONSENSUS]addRawPrepare,height=7,reqIdx=2,hash=c7b26d5c...
info|2019-12-12 00:13:59.823976|[g:1][CONSENSUS][PBFT]checkTimeout Succ,view=216,toView=217,nodeIdx=3,changeCycle=0,myNode=d08a18ab...,timecost=1.211
info|2019-12-12 00:13:59.826581|[g:1][CONSENSUS][PBFT]checkAndChangeView: Reach consensus,org_view=216,org_changeCycle=0,cur_changeCycle=0,to_view=217
info|2019-12-12 00:14:00.831486|[g:1][CONSENSUS][SEALER]++++++++++++++++ Generating seal on,blkNum=7,tx=0,nodeIdx=3,hash=bae807b1...
info|2019-12-12 00:14:00.871741|[g:1][CONSENSUS][PBFT]checkTimeout Succ,view=217,toView=218,nodeIdx=3,changeCycle=0,myNode=d08a18ab...,timecost=5.342
info|2019-12-12 00:14:00.907112|[g:1][CONSENSUS][PBFT]checkAndChangeView: Reach consensus,org_view=217,org_changeCycle=0,cur_changeCycle=0,to_view=218
info|2019-12-12 00:14:01.969309|[g:1][CONSENSUS]addRawPrepare,height=7,reqIdx=0,hash=d261c1aa...
info|2019-12-12 00:14:01.976545|[g:1][CONSENSUS][PBFT]checkTimeout Succ,view=218,toView=219,nodeIdx=3,changeCycle=0,myNode=d08a18ab...,timecost=6.694
info|2019-12-12 00:14:01.987239|[g:1][CONSENSUS][PBFT]checkAndChangeView: Reach consensus,org_view=218,org_changeCycle=0,cur_changeCycle=0,to_view=219
info|2019-12-12 00:14:03.131002|[g:1][CONSENSUS]addRawPrepare,height=7,reqIdx=1,hash=6eb83321...
info|2019-12-12 00:14:03.131749|[g:1][CONSENSUS][PBFT]checkTimeout Succ,view=219,toView=220,nodeIdx=3,changeCycle=0,myNode=d08a18ab...,timecost=0.45
info|2019-12-12 00:14:03.136783|[g:1][CONSENSUS][PBFT]checkAndChangeView: Reach consensus,org_view=219,org_changeCycle=0,cur_changeCycle=0,to_view=220
info|2019-12-12 00:14:04.209102|[g:1][CONSENSUS]addRawPrepare,height=7,reqIdx=2,hash=9c36c1b5...
info|2019-12-12 00:14:04.210192|[g:1][CONSENSUS][PBFT]checkTimeout Succ,view=220,toView=221,nodeIdx=3,changeCycle=0,myNode=d08a18ab...,timecost=0.818
info|2019-12-12 00:14:04.212550|[g:1][CONSENSUS][PBFT]checkAndChangeView: Reach consensus,org_view=220,org_changeCycle=0,cur_changeCycle=0,to_view=221
info|2019-12-12 00:14:05.222741|[g:1][CONSENSUS][SEALER]++++++++++++++++ Generating seal on,blkNum=7,tx=0,nodeIdx=3,hash=8da042cb...
info|2019-12-12 00:14:05.354586|[g:1][CONSENSUS][PBFT]checkTimeout Succ,view=221,toView=222,nodeIdx=3,changeCycle=0,myNode=d08a18ab...,timecost=28.347
info|2019-12-12 00:14:05.486485|[g:1][CONSENSUS][PBFT]checkAndChangeView: Reach consensus,org_view=221,org_changeCycle=0,cur_changeCycle=0,to_view=222
info|2019-12-12 00:14:06.604319|[g:1][CONSENSUS]addRawPrepare,height=7,reqIdx=0,hash=1a2cb9c7...
info|2019-12-12 00:14:06.605458|[g:1][CONSENSUS][PBFT]checkTimeout Succ,view=222,toView=223,nodeIdx=3,changeCycle=0,myNode=d08a18ab...,timecost=0.758
info|2019-12-12 00:14:06.621720|[g:1][CONSENSUS][PBFT]checkAndChangeView: Reach consensus,org_view=222,org_changeCycle=0,cur_changeCycle=0,to_view=223
info|2019-12-12 00:14:07.102222|[P2P][Service] heartBeat,connected count=3
info|2019-12-12 00:14:07.753477|[g:1][CONSENSUS]addRawPrepare,height=7,reqIdx=1,hash=30b1c34c...
info|2019-12-12 00:14:07.754621|[g:1][CONSENSUS][PBFT]checkTimeout Succ,view=223,toView=224,nodeIdx=3,changeCycle=0,myNode=d08a18ab...,timecost=0.884
info|2019-12-12 00:14:07.767285|[g:1][CONSENSUS][PBFT]checkAndChangeView: Reach consensus,org_view=223,org_changeCycle=0,cur_changeCycle=0,to_view=224
info|2019-12-12 00:14:08.868181|[g:1][CONSENSUS]addRawPrepare,height=7,reqIdx=2,hash=e2275856...
info|2019-12-12 00:14:08.869875|[g:1][CONSENSUS][PBFT]checkTimeout Succ,view=224,toView=225,nodeIdx=3,changeCycle=0,myNode=d08a18ab...,timecost=1.158
info|2019-12-12 00:14:08.900118|[g:1][CONSENSUS][PBFT]checkAndChangeView: Reach consensus,org_view=224,org_changeCycle=0,cur_changeCycle=0,to_view=225
info|2019-12-12 00:14:09.904061|[g:1][CONSENSUS][SEALER]++++++++++++++++ Generating seal on,blkNum=7,tx=0,nodeIdx=3,hash=3d7e5b7e...
info|2019-12-12 00:14:09.977716|[g:1][CONSENSUS][PBFT]checkTimeout Succ,view=225,toView=226,nodeIdx=3,changeCycle=0,myNode=d08a18ab...,timecost=3.982
info|2019-12-12 00:14:10.027866|[g:1][CONSENSUS][PBFT]checkAndChangeView: Reach consensus,org_view=225,org_changeCycle=0,cur_changeCycle=0,to_view=226
info|2019-12-12 00:14:11.131542|[g:1][CONSENSUS]addRawPrepare,height=7,reqIdx=0,hash=f59bc4aa...
info|2019-12-12 00:14:11.146347|[g:1][CONSENSUS][PBFT]checkTimeout Succ,view=226,toView=227,nodeIdx=3,changeCycle=0,myNode=d08a18ab...,timecost=9.815
info|2019-12-12 00:14:11.151759|[g:1][CONSENSUS][PBFT]checkAndChangeView: Reach consensus,org_view=226,org_changeCycle=0,cur_changeCycle=0,to_view=227
info|2019-12-12 00:14:12.337508|[g:1][CONSENSUS]addRawPrepare,height=7,reqIdx=1,hash=f43f75b2...
info|2019-12-12 00:14:12.395425|[g:1][CONSENSUS][PBFT]checkTimeout Succ,view=227,toView=228,nodeIdx=3,changeCycle=0,myNode=d08a18ab...,timecost=17.767
info|2019-12-12 00:14:12.418422|[g:1][CONSENSUS][PBFT]checkAndChangeView: Reach consensus,org_view=227,org_changeCycle=0,cur_changeCycle=0,to_view=228
info|2019-12-12 00:14:13.590826|[g:1][CONSENSUS]addRawPrepare,height=7,reqIdx=2,hash=f5f6d2a1...
info|2019-12-12 00:14:13.612756|[g:1][CONSENSUS][PBFT]checkTimeout Succ,view=228,toView=229,nodeIdx=3,changeCycle=0,myNode=d08a18ab...,timecost=1.365
info|2019-12-12 00:14:13.624030|[g:1][CONSENSUS][PBFT]checkAndChangeView: Reach consensus,org_view=228,org_changeCycle=0,cur_changeCycle=0,to_view=229
info|2019-12-12 00:14:14.644844|[g:1][CONSENSUS][SEALER]++++++++++++++++ Generating seal on,blkNum=7,tx=0,nodeIdx=3,hash=ca3df6ff...
info|2019-12-12 00:14:14.729085|[g:1][CONSENSUS][PBFT]checkTimeout Succ,view=229,toView=230,nodeIdx=3,changeCycle=0,myNode=d08a18ab...,timecost=18.932
info|2019-12-12 00:14:14.762040|[g:1][CONSENSUS][PBFT]checkAndChangeView: Reach consensus,org_view=229,org_changeCycle=0,cur_changeCycle=0,to_view=230
info|2019-12-12 00:14:16.087761|[g:1][CONSENSUS]addRawPrepare,height=7,reqIdx=0,hash=9dd07711...
info|2019-12-12 00:14:16.112599|[g:1][CONSENSUS][PBFT]checkTimeout Succ,view=230,toView=231,nodeIdx=3,changeCycle=0,myNode=d08a18ab...,timecost=17.796
info|2019-12-12 00:14:16.146126|[g:1][CONSENSUS][PBFT]checkAndChangeView: Reach consensus,org_view=230,org_changeCycle=0,cur_changeCycle=0,to_view=231
info|2019-12-12 00:14:17.126073|[P2P][Service] heartBeat,connected count=3
info|2019-12-12 00:14:18.610901|[g:1][CONSENSUS]addRawPrepare,height=7,reqIdx=1,hash=7fcb99ae...
info|2019-12-12 00:14:20.983843|[g:1][CONSENSUS][PBFT]checkTimeout Succ,view=231,toView=232,nodeIdx=3,changeCycle=0,myNode=d08a18ab...,timecost=1592.71
info|2019-12-12 00:14:22.155775|[g:1][CONSENSUS][PBFT]checkAndChangeView: Reach consensus,org_view=231,org_changeCycle=0,cur_changeCycle=0,to_view=232
info|2019-12-12 00:14:23.451021|[g:1][CONSENSUS][PBFT]Trigger fast-viewchange,view=232,toView=232,minView=233,INFO=,reqNum=6,curNum=6,GenIdx=0,Cview=233,view=232,fromIdx=0,fromNode=15ac4bb3...,fromIp=127.0.0.1:33656,hash=f5ff27b2...,nodeIdx=3,myNode=d08a18ab...
info|2019-12-12 00:14:23.827392|[g:1][CONSENSUS][PBFT]checkAndChangeView: Reach consensus,org_view=232,org_changeCycle=0,cur_changeCycle=0,to_view=233
info|2019-12-12 00:14:23.827905|[g:1][CONSENSUS][PBFT]checkTimeout Succ,view=233,toView=233,nodeIdx=3,changeCycle=0,myNode=d08a18ab...,timecost=107.645
info|2019-12-12 00:14:24.866410|[g:1][CONSENSUS][SEALER]++++++++++++++++ Generating seal on,blkNum=7,tx=0,nodeIdx=3,hash=b2eb9626...
info|2019-12-12 00:14:25.390812|[g:1][CONSENSUS][PBFT]checkTimeout Succ,view=233,toView=234,nodeIdx=3,changeCycle=0,myNode=d08a18ab...,timecost=183.998
info|2019-12-12 00:14:26.426709|[g:1][CONSENSUS][PBFT]checkAndChangeView: Reach consensus,org_view=233,org_changeCycle=0,cur_changeCycle=0,to_view=234
info|2019-12-12 00:14:27.333381|[P2P][Service] heartBeat,connected count=3
info|2019-12-12 00:14:28.973722|[g:1][CONSENSUS]addRawPrepare,height=7,reqIdx=0,hash=c9e9ba50...
info|2019-12-12 00:14:29.449088|[g:1][CONSENSUS][PBFT]checkTimeout Succ,view=234,toView=235,nodeIdx=3,changeCycle=0,myNode=d08a18ab...,timecost=361.955
info|2019-12-12 00:14:30.363334|[g:1][CONSENSUS][PBFT]checkAndChangeView: Reach consensus,org_view=234,org_changeCycle=0,cur_changeCycle=0,to_view=235
info|2019-12-12 00:14:32.618040|[g:1][CONSENSUS]addRawPrepare,height=7,reqIdx=1,hash=03157583...
info|2019-12-12 00:14:33.144103|[g:1][CONSENSUS][PBFT]checkTimeout Succ,view=235,toView=236,nodeIdx=3,changeCycle=0,myNode=d08a18ab...,timecost=366.54
info|2019-12-12 00:14:34.032332|[g:1][CONSENSUS][PBFT]checkAndChangeView: Reach consensus,org_view=235,org_changeCycle=0,cur_changeCycle=0,to_view=236
warning|2019-12-12 00:14:37.124877|[g:1][CONSENSUS][PBFT]ViewChangeWarning: not caused by omit empty block ,v=236,toV=237,curNum=6,hash=f5ff27b2...,nodeIdx=3,myNode=d08a18ab...
info|2019-12-12 00:14:37.749656|[P2P][Service] heartBeat,connected count=3
info|2019-12-12 00:14:37.676072|[g:1][CONSENSUS][PBFT]checkTimeout Succ,view=236,toView=237,nodeIdx=3,changeCycle=1,myNode=d08a18ab...,timecost=688.25
info|2019-12-12 00:14:38.389564|[g:1][CONSENSUS][PBFT]checkAndChangeView: Reach consensus,org_view=236,org_changeCycle=1,cur_changeCycle=1,to_view=237
info|2019-12-12 00:14:40.504368|[g:1][CONSENSUS][SEALER]++++++++++++++++ Generating seal on,blkNum=7,tx=0,nodeIdx=3,hash=f558bfe8...
info|2019-12-12 00:14:42.069530|[g:1][CONSENSUS][PBFT]checkTimeout Succ,view=237,toView=238,nodeIdx=3,changeCycle=0,myNode=d08a18ab...,timecost=667.008
info|2019-12-12 00:14:43.237417|[g:1][CONSENSUS][PBFT]checkAndChangeView: Reach consensus,org_view=237,org_changeCycle=0,cur_changeCycle=0,to_view=238
warning|2019-12-12 00:14:46.544492|[g:1][CONSENSUS][PBFT]ViewChangeWarning: not caused by omit empty block ,v=238,toV=239,curNum=6,hash=f5ff27b2...,nodeIdx=3,myNode=d08a18ab...
info|2019-12-12 00:14:48.006386|[P2P][Service] heartBeat,connected count=3
info|2019-12-12 00:14:49.656450|[g:1][CONSENSUS][PBFT]checkTimeout Succ,view=238,toView=239,nodeIdx=3,changeCycle=1,myNode=d08a18ab...,timecost=3498.79
info|2019-12-12 00:14:50.615987|[g:1][CONSENSUS][PBFT]checkAndChangeView: Reach consensus,org_view=238,org_changeCycle=1,cur_changeCycle=1,to_view=239
info|2019-12-12 00:14:53.208519|[g:1][CONSENSUS]addRawPrepare,height=7,reqIdx=1,hash=eaa3bfed...
info|2019-12-12 00:14:54.330816|[g:1][CONSENSUS][PBFT]checkTimeout Succ,view=239,toView=240,nodeIdx=3,changeCycle=0,myNode=d08a18ab...,timecost=951.499
info|2019-12-12 00:14:55.140306|[g:1][CONSENSUS][PBFT]checkAndChangeView: Reach consensus,org_view=239,org_changeCycle=0,cur_changeCycle=0,to_view=240
info|2019-12-12 00:14:58.098111|[g:1][CONSENSUS]addRawPrepare,height=7,reqIdx=2,hash=7e75d100...
info|2019-12-12 00:14:59.323090|[P2P][Service] heartBeat,connected count=3
info|2019-12-12 00:14:59.100382|[g:1][CONSENSUS][PBFT]checkTimeout Succ,view=240,toView=241,nodeIdx=3,changeCycle=0,myNode=d08a18ab...,timecost=695.257
info|2019-12-12 00:14:59.467445|[g:1][CONSENSUS][PBFT]checkAndChangeView: Reach consensus,org_view=240,org_changeCycle=0,cur_changeCycle=0,to_view=241
info|2019-12-12 00:15:00.583103|[g:1][CONSENSUS][SEALER]++++++++++++++++ Generating seal on,blkNum=7,tx=0,nodeIdx=3,hash=dd084496...
info|2019-12-12 00:15:00.839237|[g:1][CONSENSUS][PBFT]checkTimeout Succ,view=241,toView=242,nodeIdx=3,changeCycle=0,myNode=d08a18ab...,timecost=113.127
info|2019-12-12 00:15:01.813188|[g:1][CONSENSUS][PBFT]checkAndChangeView: Reach consensus,org_view=241,org_changeCycle=0,cur_changeCycle=0,to_view=242
info|2019-12-12 00:15:03.066892|[g:1][CONSENSUS]addRawPrepare,height=7,reqIdx=0,hash=59c8d4ec...
info|2019-12-12 00:15:03.090899|[g:1][CONSENSUS][PBFT]checkTimeout Succ,view=242,toView=243,nodeIdx=3,changeCycle=0,myNode=d08a18ab...,timecost=0.61
info|2019-12-12 00:15:03.093065|[g:1][CONSENSUS][PBFT]checkAndChangeView: Reach consensus,org_view=242,org_changeCycle=0,cur_changeCycle=0,to_view=243
info|2019-12-12 00:15:04.337433|[g:1][CONSENSUS]addRawPrepare,height=7,reqIdx=1,hash=4842dcd0...
info|2019-12-12 00:15:04.345482|[g:1][CONSENSUS][PBFT]checkTimeout Succ,view=243,toView=244,nodeIdx=3,changeCycle=0,myNode=d08a18ab...,timecost=1.775
info|2019-12-12 00:15:04.352499|[g:1][CONSENSUS][PBFT]checkAndChangeView: Reach consensus,org_view=243,org_changeCycle=0,cur_changeCycle=0,to_view=244
info|2019-12-12 00:15:05.371292|[g:1][CONSENSUS]addRawPrepare,height=7,reqIdx=2,hash=75e6aeb0...
info|2019-12-12 00:15:05.372214|[g:1][CONSENSUS][PBFT]checkTimeout Succ,view=244,toView=245,nodeIdx=3,changeCycle=0,myNode=d08a18ab...,timecost=0.689
info|2019-12-12 00:15:05.437363|[g:1][CONSENSUS][PBFT]checkAndChangeView: Reach consensus,org_view=244,org_changeCycle=0,cur_changeCycle=0,to_view=245
