info|2019-12-13 23:00:00.621514|[g:1][CONSENSUS]addRawPrepare,height=80,reqIdx=2,hash=3a516e2e...
info|2019-12-13 23:00:00.623813|[g:1][CONSENSUS][PBFT]checkTimeout Succ,view=243,toView=244,nodeIdx=0,changeCycle=0,myNode=15ac4bb3...,timecost=2.132
info|2019-12-13 23:00:00.625315|[g:1][CONSENSUS][PBFT]checkAndChangeView: Reach consensus,org_view=243,org_changeCycle=0,cur_changeCycle=0,to_view=244
info|2019-12-13 23:00:01.627514|[g:1][CONSENSUS]addRawPrepare,height=80,reqIdx=3,hash=c51c4d7c...
info|2019-12-13 23:00:01.628054|[g:1][CONSENSUS][PBFT]checkTimeout Succ,view=244,toView=245,nodeIdx=0,changeCycle=0,myNode=15ac4bb3...,timecost=0.404
info|2019-12-13 23:00:01.629537|[g:1][CONSENSUS][PBFT]checkAndChangeView: Reach consensus,org_view=244,org_changeCycle=0,cur_changeCycle=0,to_view=245
info|2019-12-13 23:00:02.629968|[g:1][CONSENSUS][SEALER]++++++++++++++++ Generating seal on,blkNum=80,tx=0,nodeIdx=0,hash=725e7bd1...
info|2019-12-13 23:00:02.630563|[g:1][CONSENSUS][PBFT]checkTimeout Succ,view=245,toView=246,nodeIdx=0,changeCycle=0,myNode=15ac4bb3...,timecost=0.232
info|2019-12-13 23:00:02.633338|[g:1][CONSENSUS][PBFT]checkAndChangeView: Reach consensus,org_view=245,org_changeCycle=0,cur_changeCycle=0,to_view=246
info|2019-12-13 23:00:03.633451|[g:1][CONSENSUS]addRawPrepare,height=80,reqIdx=1,hash=bd726502...
info|2019-12-13 23:00:03.633827|[g:1][CONSENSUS][PBFT]checkTimeout Succ,view=246,toView=247,nodeIdx=0,changeCycle=0,myNode=15ac4bb3...,timecost=0.216
info|2019-12-13 23:00:03.637000|[g:1][CONSENSUS][PBFT]checkAndChangeView: Reach consensus,org_view=246,org_changeCycle=0,cur_changeCycle=0,to_view=247
info|2019-12-13 23:00:04.636449|[g:1][CONSENSUS]addRawPrepare,height=80,reqIdx=2,hash=d25e8b80...
info|2019-12-13 23:00:04.636809|[g:1][CONSENSUS][PBFT]checkTimeout Succ,view=247,toView=248,nodeIdx=0,changeCycle=0,myNode=15ac4bb3...,timecost=0.264
info|2019-12-13 23:00:04.638769|[g:1][CONSENSUS][PBFT]checkAndChangeView: Reach consensus,org_view=247,org_changeCycle=0,cur_changeCycle=0,to_view=248
info|2019-12-13 23:00:05.641997|[g:1][CONSENSUS]addRawPrepare,height=80,reqIdx=3,hash=c3329f33...
info|2019-12-13 23:00:05.642745|[g:1][CONSENSUS][PBFT]checkTimeout Succ,view=248,toView=249,nodeIdx=0,changeCycle=0,myNode=15ac4bb3...,timecost=0.611
info|2019-12-13 23:00:05.643918|[g:1][CONSENSUS][PBFT]checkAndChangeView: Reach consensus,org_view=248,org_changeCycle=0,cur_changeCycle=0,to_view=249
info|2019-12-13 23:00:06.643617|[g:1][CONSENSUS][SEALER]++++++++++++++++ Generating seal on,blkNum=80,tx=0,nodeIdx=0,hash=d7ca1dd4...
info|2019-12-13 23:00:06.646020|[g:1][CONSENSUS][PBFT]checkTimeout Succ,view=249,toView=250,nodeIdx=0,changeCycle=0,myNode=15ac4bb3...,timecost=0.396
info|2019-12-13 23:00:06.647277|[g:1][CONSENSUS][PBFT]checkAndChangeView: Reach consensus,org_view=249,org_changeCycle=0,cur_changeCycle=0,to_view=250
info|2019-12-13 23:00:07.650812|[g:1][CONSENSUS]addRawPrepare,height=80,reqIdx=1,hash=20ab8a85...
info|2019-12-13 23:00:07.651616|[g:1][CONSENSUS][PBFT]checkTimeout Succ,view=250,toView=251,nodeIdx=0,changeCycle=0,myNode=15ac4bb3...,timecost=0.471
info|2019-12-13 23:00:07.655453|[g:1][CONSENSUS][PBFT]checkAndChangeView: Reach consensus,org_view=250,org_changeCycle=0,cur_changeCycle=0,to_view=251
info|2019-12-13 23:00:08.205198|[P2P][Service] heartBeat,connected count=3
info|2019-12-13 23:00:08.656888|[g:1][CONSENSUS]addRawPrepare,height=80,reqIdx=2,hash=3122629e...
info|2019-12-13 23:00:08.657314|[g:1][CONSENSUS][PBFT]checkTimeout Succ,view=251,toView=252,nodeIdx=0,changeCycle=0,myNode=15ac4bb3...,timecost=0.287
info|2019-12-13 23:00:08.659463|[g:1][CONSENSUS][PBFT]checkAndChangeView: Reach consensus,org_view=251,org_changeCycle=0,cur_changeCycle=0,to_view=252
info|2019-12-13 23:00:09.662959|[g:1][CONSENSUS]addRawPrepare,height=80,reqIdx=3,hash=68e8e930...
info|2019-12-13 23:00:09.663434|[g:1][CONSENSUS][PBFT]checkTimeout Succ,view=252,toView=253,nodeIdx=0,changeCycle=0,myNode=15ac4bb3...,timecost=0.369
info|2019-12-13 23:00:09.665021|[g:1][CONSENSUS][PBFT]checkAndChangeView: Reach consensus,org_view=252,org_changeCycle=0,cur_changeCycle=0,to_view=253
info|2019-12-13 23:00:10.665836|[g:1][CONSENSUS][SEALER]++++++++++++++++ Generating seal on,blkNum=80,tx=0,nodeIdx=0,hash=eb826461...
info|2019-12-13 23:00:10.668264|[g:1][CONSENSUS][PBFT]checkTimeout Succ,view=253,toView=254,nodeIdx=0,changeCycle=0,myNode=15ac4bb3...,timecost=0.335
info|2019-12-13 23:00:10.669318|[g:1][CONSENSUS][PBFT]checkAndChangeView: Reach consensus,org_view=253,org_changeCycle=0,cur_changeCycle=0,to_view=254
info|2019-12-13 23:00:11.671068|[g:1][CONSENSUS]addRawPrepare,height=80,reqIdx=1,hash=caafb708...
info|2019-12-13 23:00:11.672238|[g:1][CONSENSUS][PBFT]checkTimeout Succ,view=254,toView=255,nodeIdx=0,changeCycle=0,myNode=15ac4bb3...,timecost=0.524
info|2019-12-13 23:00:11.673340|[g:1][CONSENSUS][PBFT]checkAndChangeView: Reach consensus,org_view=254,org_changeCycle=0,cur_changeCycle=0,to_view=255
info|2019-12-13 23:00:12.675286|[g:1][CONSENSUS]addRawPrepare,height=80,reqIdx=2,hash=9d0379de...
info|2019-12-13 23:00:12.675736|[g:1][CONSENSUS][PBFT]checkTimeout Succ,view=255,toView=256,nodeIdx=0,changeCycle=0,myNode=15ac4bb3...,timecost=0.304
info|2019-12-13 23:00:12.677143|[g:1][CONSENSUS][PBFT]checkAndChangeView: Reach consensus,org_view=255,org_changeCycle=0,cur_changeCycle=0,to_view=256
info|2019-12-13 23:00:13.682989|[g:1][CONSENSUS]addRawPrepare,height=80,reqIdx=3,hash=6b775779...
info|2019-12-13 23:00:13.683790|[g:1][CONSENSUS][PBFT]checkTimeout Succ,view=256,toView=257,nodeIdx=0,changeCycle=0,myNode=15ac4bb3...,timecost=0.448
info|2019-12-13 23:00:13.686337|[g:1][CONSENSUS][PBFT]checkAndChangeView: Reach consensus,org_view=256,org_changeCycle=0,cur_changeCycle=0,to_view=257
info|2019-12-13 23:00:14.687703|[g:1][CONSENSUS][SEALER]++++++++++++++++ Generating seal on,blkNum=80,tx=0,nodeIdx=0,hash=7e6429e7...
info|2019-12-13 23:00:14.688724|[g:1][CONSENSUS][PBFT]checkTimeout Succ,view=257,toView=258,nodeIdx=0,changeCycle=0,myNode=15ac4bb3...,timecost=0.535
info|2019-12-13 23:00:14.690388|[g:1][CONSENSUS][PBFT]checkAndChangeView: Reach consensus,org_view=257,org_changeCycle=0,cur_changeCycle=0,to_view=258
info|2019-12-13 23:00:15.694129|[g:1][CONSENSUS]addRawPrepare,height=80,reqIdx=1,hash=5a48a3aa...
info|2019-12-13 23:00:15.694729|[g:1][CONSENSUS][PBFT]checkTimeout Succ,view=258,toView=259,nodeIdx=0,changeCycle=0,myNode=15ac4bb3...,timecost=0.505
info|2019-12-13 23:00:15.696118|[g:1][CONSENSUS][PBFT]checkAndChangeView: Reach consensus,org_view=258,org_changeCycle=0,cur_changeCycle=0,to_view=259
info|2019-12-13 23:00:16.698636|[g:1][CONSENSUS]addRawPrepare,height=80,reqIdx=2,hash=41d55585...
info|2019-12-13 23:00:16.698982|[g:1][CONSENSUS][PBFT]checkTimeout Succ,view=259,toView=260,nodeIdx=0,changeCycle=0,myNode=15ac4bb3...,timecost=0.213
info|2019-12-13 23:00:16.701566|[g:1][CONSENSUS][PBFT]checkAndChangeView: Reach consensus,org_view=259,org_changeCycle=0,cur_changeCycle=0,to_view=260
info|2019-12-13 23:00:17.702827|[g:1][CONSENSUS]addRawPrepare,height=80,reqIdx=3,hash=de1df89d...
info|2019-12-13 23:00:17.703126|[g:1][CONSENSUS][PBFT]checkTimeout Succ,view=260,toView=261,nodeIdx=0,changeCycle=0,myNode=15ac4bb3...,timecost=0.193
info|2019-12-13 23:00:17.704153|[g:1][CONSENSUS][PBFT]checkAndChangeView: Reach consensus,org_view=260,org_changeCycle=0,cur_changeCycle=0,to_view=261
info|2019-12-13 23:00:18.205371|[P2P][Service] heartBeat,connected count=3
info|2019-12-13 23:00:18.705491|[g:1][CONSENSUS][SEALER]++++++++++++++++ Generating seal on,blkNum=80,tx=0,nodeIdx=0,hash=5262b311...
info|2019-12-13 23:00:18.707511|[g:1][CONSENSUS][PBFT]checkTimeout Succ,view=261,toView=262,nodeIdx=0,changeCycle=0,myNode=15ac4bb3...,timecost=0.236
info|2019-12-13 23:00:18.708275|[g:1][CONSENSUS][PBFT]checkAndChangeView: Reach consensus,org_view=261,org_changeCycle=0,cur_changeCycle=0,to_view=262
info|2019-12-13 23:00:19.711350|[g:1][CONSENSUS]addRawPrepare,height=80,reqIdx=1,hash=a0f99ca3...
info|2019-12-13 23:00:19.711759|[g:1][CONSENSUS][PBFT]checkTimeout Succ,view=262,toView=263,nodeIdx=0,changeCycle=0,myNode=15ac4bb3...,timecost=0.259
info|2019-12-13 23:00:19.713121|[g:1][CONSENSUS][PBFT]checkAndChangeView: Reach consensus,org_view=262,org_changeCycle=0,cur_changeCycle=0,to_view=263
info|2019-12-13 23:00:20.713384|[g:1][CONSENSUS]addRawPrepare,height=80,reqIdx=2,hash=39fc05fa...
info|2019-12-13 23:00:20.714245|[g:1][CONSENSUS][PBFT]checkTimeout Succ,view=263,toView=264,nodeIdx=0,changeCycle=0,myNode=15ac4bb3...,timecost=0.48
info|2019-12-13 23:00:20.715320|[g:1][CONSENSUS][PBFT]checkAndChangeView: Reach consensus,org_view=263,org_changeCycle=0,cur_changeCycle=0,to_view=264
info|2019-12-13 23:00:21.719104|[g:1][CONSENSUS]addRawPrepare,height=80,reqIdx=3,hash=564d45e7...
info|2019-12-13 23:00:21.721385|[g:1][CONSENSUS][PBFT]checkTimeout Succ,view=264,toView=265,nodeIdx=0,changeCycle=0,myNode=15ac4bb3...,timecost=0.422
info|2019-12-13 23:00:21.722484|[g:1][CONSENSUS][PBFT]checkAndChangeView: Reach consensus,org_view=264,org_changeCycle=0,cur_changeCycle=0,to_view=265
info|2019-12-13 23:00:22.722392|[g:1][CONSENSUS][SEALER]++++++++++++++++ Generating seal on,blkNum=80,tx=0,nodeIdx=0,hash=469158dc...
info|2019-12-13 23:00:22.723215|[g:1][CONSENSUS][PBFT]checkTimeout Succ,view=265,toView=266,nodeIdx=0,changeCycle=0,myNode=15ac4bb3...,timecost=0.301
info|2019-12-13 23:00:22.725922|[g:1][CONSENSUS][PBFT]checkAndChangeView: Reach consensus,org_view=265,org_changeCycle=0,cur_changeCycle=0,to_view=266
info|2019-12-13 23:00:23.744483|[g:1][CONSENSUS]addRawPrepare,height=80,reqIdx=1,hash=f5bbd79c...
info|2019-12-13 23:00:23.745083|[g:1][CONSENSUS][PBFT]checkTimeout Succ,view=266,toView=267,nodeIdx=0,changeCycle=0,myNode=15ac4bb3...,timecost=0.318
info|2019-12-13 23:00:23.746086|[g:1][CONSENSUS][PBFT]checkAndChangeView: Reach consensus,org_view=266,org_changeCycle=0,cur_changeCycle=0,to_view=267
info|2019-12-13 23:00:24.749839|[g:1][CONSENSUS]addRawPrepare,height=80,reqIdx=2,hash=24e8f9e9...
info|2019-12-13 23:00:24.750858|[g:1][CONSENSUS][PBFT]checkTimeout Succ,view=267,toView=268,nodeIdx=0,changeCycle=0,myNode=15ac4bb3...,timecost=0.503
info|2019-12-13 23:00:24.751670|[g:1][CONSENSUS][PBFT]checkAndChangeView: Reach consensus,org_view=267,org_changeCycle=0,cur_changeCycle=0,to_view=268
info|2019-12-13 23:00:25.754833|[g:1][CONSENSUS]addRawPrepare,height=80,reqIdx=3,hash=6330553f...
info|2019-12-13 23:00:25.755188|[g:1][CONSENSUS][PBFT]checkTimeout Succ,view=268,toView=269,nodeIdx=0,changeCycle=0,myNode=15ac4bb3...,timecost=0.27
info|2019-12-13 23:00:25.756556|[g:1][CONSENSUS][PBFT]checkAndChangeView: Reach consensus,org_view=268,org_changeCycle=0,cur_changeCycle=0,to_view=269
info|2019-12-13 23:00:26.757986|[g:1][CONSENSUS][SEALER]++++++++++++++++ Generating seal on,blkNum=80,tx=0,nodeIdx=0,hash=941ba785...
info|2019-12-13 23:00:26.758843|[g:1][CONSENSUS][PBFT]checkTimeout Succ,view=269,toView=270,nodeIdx=0,changeCycle=0,myNode=15ac4bb3...,timecost=0.288
info|2019-12-13 23:00:26.761021|[g:1][CONSENSUS][PBFT]checkAndChangeView: Reach consensus,org_view=269,org_changeCycle=0,cur_changeCycle=0,to_view=270
info|2019-12-13 23:00:27.765392|[g:1][CONSENSUS]addRawPrepare,height=80,reqIdx=1,hash=16d4e84c...
info|2019-12-13 23:00:27.765693|[g:1][CONSENSUS][PBFT]checkTimeout Succ,view=270,toView=271,nodeIdx=0,changeCycle=0,myNode=15ac4bb3...,timecost=0.198
info|2019-12-13 23:00:27.767221|[g:1][CONSENSUS][PBFT]checkAndChangeView: Reach consensus,org_view=270,org_changeCycle=0,cur_changeCycle=0,to_view=271
info|2019-12-13 23:00:28.205985|[P2P][Service] heartBeat,connected count=3
info|2019-12-13 23:00:28.769834|[g:1][CONSENSUS]addRawPrepare,height=80,reqIdx=2,hash=d808e5e9...
info|2019-12-13 23:00:28.770309|[g:1][CONSENSUS][PBFT]checkTimeout Succ,view=271,toView=272,nodeIdx=0,changeCycle=0,myNode=15ac4bb3...,timecost=0.304
info|2019-12-13 23:00:28.771943|[g:1][CONSENSUS][PBFT]checkAndChangeView: Reach consensus,org_view=271,org_changeCycle=0,cur_changeCycle=0,to_view=272
info|2019-12-13 23:00:29.773846|[g:1][CONSENSUS]addRawPrepare,height=80,reqIdx=3,hash=dc67d3ed...
info|2019-12-13 23:00:29.774138|[g:1][CONSENSUS][PBFT]checkTimeout Succ,view=272,toView=273,nodeIdx=0,changeCycle=0,myNode=15ac4bb3...,timecost=0.199
info|2019-12-13 23:00:29.776150|[g:1][CONSENSUS][PBFT]checkAndChangeView: Reach consensus,org_view=272,org_changeCycle=0,cur_changeCycle=0,to_view=273
info|2019-12-13 23:00:30.778020|[g:1][CONSENSUS][SEALER]++++++++++++++++ Generating seal on,blkNum=80,tx=0,nodeIdx=0,hash=b17ff6d7...
info|2019-12-13 23:00:30.780759|[g:1][CONSENSUS][PBFT]checkTimeout Succ,view=273,toView=274,nodeIdx=0,changeCycle=0,myNode=15ac4bb3...,timecost=0.826
info|2019-12-13 23:00:30.781158|[g:1][CONSENSUS][PBFT]checkAndChangeView: Reach consensus,org_view=273,org_changeCycle=0,cur_changeCycle=0,to_view=274
info|2019-12-13 23:00:31.783881|[g:1][CONSENSUS]addRawPrepare,height=80,reqIdx=1,hash=dcf88681...
info|2019-12-13 23:00:31.784430|[g:1][CONSENSUS][PBFT]checkTimeout Succ,view=274,toView=275,nodeIdx=0,changeCycle=0,myNode=15ac4bb3...,timecost=0.409
info|2019-12-13 23:00:31.786288|[g:1][CONSENSUS][PBFT]checkAndChangeView: Reach consensus,org_view=274,org_changeCycle=0,cur_changeCycle=0,to_view=275
info|2019-12-13 23:00:32.786602|[g:1][CONSENSUS]addRawPrepare,height=80,reqIdx=2,hash=516ce433...
info|2019-12-13 23:00:32.787183|[g:1][CONSENSUS][PBFT]checkTimeout Succ,view=275,toView=276,nodeIdx=0,changeCycle=0,myNode=15ac4bb3...,timecost=0.413
info|2019-12-13 23:00:32.789637|[g:1][CONSENSUS][PBFT]checkAndChangeView: Reach consensus,org_view=275,org_changeCycle=0,cur_changeCycle=0,to_view=276
info|2019-12-13 23:00:33.790507|[g:1][CONSENSUS]addRawPrepare,height=80,reqIdx=3,hash=160efbfb...
info|2019-12-13 23:00:33.792171|[g:1][CONSENSUS][PBFT]checkTimeout Succ,view=276,toView=277,nodeIdx=0,changeCycle=0,myNode=15ac4bb3...,timecost=1.554
info|2019-12-13 23:00:33.793765|[g:1][CONSENSUS][PBFT]checkAndChangeView: Reach consensus,org_view=276,org_changeCycle=0,cur_changeCycle=0,to_view=277
info|2019-12-13 23:00:34.794779|[g:1][CONSENSUS][SEALER]++++++++++++++++ Generating seal on,blkNum=80,tx=0,nodeIdx=0,hash=cdc8d8c7...
info|2019-12-13 23:00:34.795547|[g:1][CONSENSUS][PBFT]checkTimeout Succ,view=277,toView=278,nodeIdx=0,changeCycle=0,myNode=15ac4bb3...,timecost=0.39
info|2019-12-13 23:00:34.798705|[g:1][CONSENSUS][PBFT]checkAndChangeView: Reach consensus,org_view=277,org_changeCycle=0,cur_changeCycle=0,to_view=278
info|2019-12-13 23:00:35.801019|[g:1][CONSENSUS]addRawPrepare,height=80,reqIdx=1,hash=8bd4d10a...
info|2019-12-13 23:00:35.802125|[g:1][CONSENSUS][PBFT]checkTimeout Succ,view=278,toView=279,nodeIdx=0,changeCycle=0,myNode=15ac4bb3...,timecost=0.727
info|2019-12-13 23:00:35.803776|[g:1][CONSENSUS][PBFT]checkAndChangeView: Reach consensus,org_view=278,org_changeCycle=0,cur_changeCycle=0,to_view=279
info|2019-12-13 23:00:36.806576|[g:1][CONSENSUS]addRawPrepare,height=80,reqIdx=2,hash=8dd40bbd...
info|2019-12-13 23:00:36.807893|[g:1][CONSENSUS][PBFT]checkTimeout Succ,view=279,toView=280,nodeIdx=0,changeCycle=0,myNode=15ac4bb3...,timecost=0.727
info|2019-12-13 23:00:36.809341|[g:1][CONSENSUS][PBFT]checkAndChangeView: Reach consensus,org_view=279,org_changeCycle=0,cur_changeCycle=0,to_view=280
info|2019-12-13 23:00:37.811951|[g:1][CONSENSUS]addRawPrepare,height=80,reqIdx=3,hash=5c36e05e...
info|2019-12-13 23:00:37.812802|[g:1][CONSENSUS][PBFT]checkTimeout Succ,view=280,toView=281,nodeIdx=0,changeCycle=0,myNode=15ac4bb3...,timecost=0.748
info|2019-12-13 23:00:37.815188|[g:1][CONSENSUS][PBFT]checkAndChangeView: Reach consensus,org_view=280,org_changeCycle=0,cur_changeCycle=0,to_view=281
info|2019-12-13 23:00:38.206597|[P2P][Service] heartBeat,connected count=3
info|2019-12-13 23:00:38.815581|[g:1][CONSENSUS][SEALER]++++++++++++++++ Generating seal on,blkNum=80,tx=0,nodeIdx=0,hash=ebecabfc...
info|2019-12-13 23:00:38.818340|[g:1][CONSENSUS][PBFT]checkTimeout Succ,view=281,toView=282,nodeIdx=0,changeCycle=0,myNode=15ac4bb3...,timecost=0.355
info|2019-12-13 23:00:38.818685|[g:1][CONSENSUS][PBFT]checkAndChangeView: Reach consensus,org_view=281,org_changeCycle=0,cur_changeCycle=0,to_view=282
info|2019-12-13 23:00:39.820699|[g:1][CONSENSUS]addRawPrepare,height=80,reqIdx=1,hash=17f4e01a...
info|2019-12-13 23:00:39.821061|[g:1][CONSENSUS][PBFT]checkTimeout Succ,view=282,toView=283,nodeIdx=0,changeCycle=0,myNode=15ac4bb3...,timecost=0.256
info|2019-12-13 23:00:39.823183|[g:1][CONSENSUS][PBFT]checkAndChangeView: Reach consensus,org_view=282,org_changeCycle=0,cur_changeCycle=0,to_view=283
info|2019-12-13 23:00:40.826374|[g:1][CONSENSUS]addRawPrepare,height=80,reqIdx=2,hash=c639a4d4...
info|2019-12-13 23:00:40.828838|[g:1][CONSENSUS][PBFT]checkTimeout Succ,view=283,toView=284,nodeIdx=0,changeCycle=0,myNode=15ac4bb3...,timecost=2.111
info|2019-12-13 23:00:40.831564|[g:1][CONSENSUS][PBFT]checkAndChangeView: Reach consensus,org_view=283,org_changeCycle=0,cur_changeCycle=0,to_view=284
info|2019-12-13 23:00:41.833459|[g:1][CONSENSUS]addRawPrepare,height=80,reqIdx=3,hash=d75627a8...
info|2019-12-13 23:00:41.834189|[g:1][CONSENSUS][PBFT]checkTimeout Succ,view=284,toView=285,nodeIdx=0,changeCycle=0,myNode=15ac4bb3...,timecost=0.396
info|2019-12-13 23:00:41.876418|[g:1][CONSENSUS][PBFT]checkAndChangeView: Reach consensus,org_view=284,org_changeCycle=0,cur_changeCycle=0,to_view=285
info|2019-12-13 23:00:42.876344|[g:1][CONSENSUS][SEALER]++++++++++++++++ Generating seal on,blkNum=80,tx=0,nodeIdx=0,hash=21919e5c...
info|2019-12-13 23:00:42.881467|[g:1][CONSENSUS][PBFT]checkTimeout Succ,view=285,toView=286,nodeIdx=0,changeCycle=0,myNode=15ac4bb3...,timecost=0.832
info|2019-12-13 23:00:42.886198|[g:1][CONSENSUS][PBFT]checkAndChangeView: Reach consensus,org_view=285,org_changeCycle=0,cur_changeCycle=0,to_view=286
info|2019-12-13 23:00:43.885375|[g:1][CONSENSUS]addRawPrepare,height=80,reqIdx=1,hash=3fd1a6b4...
info|2019-12-13 23:00:43.886229|[g:1][CONSENSUS][PBFT]checkTimeout Succ,view=286,toView=287,nodeIdx=0,changeCycle=0,myNode=15ac4bb3...,timecost=0.615
info|2019-12-13 23:00:43.887173|[g:1][CONSENSUS][PBFT]checkAndChangeView: Reach consensus,org_view=286,org_changeCycle=0,cur_changeCycle=0,to_view=287
info|2019-12-13 23:00:44.888906|[g:1][CONSENSUS]addRawPrepare,height=80,reqIdx=2,hash=afd354cc...
info|2019-12-13 23:00:44.890672|[g:1][CONSENSUS][PBFT]checkTimeout Succ,view=287,toView=288,nodeIdx=0,changeCycle=0,myNode=15ac4bb3...,timecost=0.269
info|2019-12-13 23:00:44.891368|[g:1][CONSENSUS][PBFT]checkAndChangeView: Reach consensus,org_view=287,org_changeCycle=0,cur_changeCycle=0,to_view=288
info|2019-12-13 23:00:45.896632|[g:1][CONSENSUS]addRawPrepare,height=80,reqIdx=3,hash=6c0ea34c...
info|2019-12-13 23:00:45.898368|[g:1][CONSENSUS][PBFT]checkTimeout Succ,view=288,toView=289,nodeIdx=0,changeCycle=0,myNode=15ac4bb3...,timecost=1.459
info|2019-12-13 23:00:45.900032|[g:1][CONSENSUS][PBFT]checkAndChangeView: Reach consensus,org_view=288,org_changeCycle=0,cur_changeCycle=0,to_view=289
info|2019-12-13 23:00:46.901670|[g:1][CONSENSUS][SEALER]++++++++++++++++ Generating seal on,blkNum=80,tx=0,nodeIdx=0,hash=194288d4...
info|2019-12-13 23:00:46.907941|[g:1][CONSENSUS][PBFT]checkTimeout Succ,view=289,toView=290,nodeIdx=0,changeCycle=0,myNode=15ac4bb3...,timecost=1.321
info|2019-12-13 23:00:46.911287|[g:1][CONSENSUS][PBFT]checkAndChangeView: Reach consensus,org_view=289,org_changeCycle=0,cur_changeCycle=0,to_view=290
info|2019-12-13 23:00:47.910227|[g:1][CONSENSUS]addRawPrepare,height=80,reqIdx=1,hash=5c25d20d...
info|2019-12-13 23:00:47.911077|[g:1][CONSENSUS][PBFT]checkTimeout Succ,view=290,toView=291,nodeIdx=0,changeCycle=0,myNode=15ac4bb3...,timecost=0.367
info|2019-12-13 23:00:47.913566|[g:1][CONSENSUS][PBFT]checkAndChangeView: Reach consensus,org_view=290,org_changeCycle=0,cur_changeCycle=0,to_view=291
info|2019-12-13 23:00:48.207243|[P2P][Service] heartBeat,connected count=3
info|2019-12-13 23:00:48.918083|[g:1][CONSENSUS]addRawPrepare,height=80,reqIdx=2,hash=99b8df55...
info|2019-12-13 23:00:48.918660|[g:1][CONSENSUS][PBFT]checkTimeout Succ,view=291,toView=292,nodeIdx=0,changeCycle=0,myNode=15ac4bb3...,timecost=0.421
info|2019-12-13 23:00:48.920036|[g:1][CONSENSUS][PBFT]checkAndChangeView: Reach consensus,org_view=291,org_changeCycle=0,cur_changeCycle=0,to_view=292
info|2019-12-13 23:00:49.922732|[g:1][CONSENSUS]addRawPrepare,height=80,reqIdx=3,hash=2cc65df4...
info|2019-12-13 23:00:49.923229|[g:1][CONSENSUS][PBFT]checkTimeout Succ,view=292,toView=293,nodeIdx=0,changeCycle=0,myNode=15ac4bb3...,timecost=0.383
info|2019-12-13 23:00:49.924435|[g:1][CONSENSUS][PBFT]checkAndChangeView: Reach consensus,org_view=292,org_changeCycle=0,cur_changeCycle=0,to_view=293
info|2019-12-13 23:00:50.924394|[g:1][CONSENSUS][SEALER]++++++++++++++++ Generating seal on,blkNum=80,tx=0,nodeIdx=0,hash=445f65ee...
info|2019-12-13 23:00:50.926210|[g:1][CONSENSUS][PBFT]checkTimeout Succ,view=293,toView=294,nodeIdx=0,changeCycle=0,myNode=15ac4bb3...,timecost=0.681
info|2019-12-13 23:00:50.928481|[g:1][CONSENSUS][PBFT]checkAndChangeView: Reach consensus,org_view=293,org_changeCycle=0,cur_changeCycle=0,to_view=294
info|2019-12-13 23:00:51.931855|[g:1][CONSENSUS]addRawPrepare,height=80,reqIdx=1,hash=63915ee9...
info|2019-12-13 23:00:51.932615|[g:1][CONSENSUS][PBFT]checkTimeout Succ,view=294,toView=295,nodeIdx=0,changeCycle=0,myNode=15ac4bb3...,timecost=0.666
info|2019-12-13 23:00:51.938107|[g:1][CONSENSUS][PBFT]checkAndChangeView: Reach consensus,org_view=294,org_changeCycle=0,cur_changeCycle=0,to_view=295
info|2019-12-13 23:00:52.938430|[g:1][CONSENSUS]addRawPrepare,height=80,reqIdx=2,hash=7f22425d...
info|2019-12-13 23:00:52.938817|[g:1][CONSENSUS][PBFT]checkTimeout Succ,view=295,toView=296,nodeIdx=0,changeCycle=0,myNode=15ac4bb3...,timecost=0.261
info|2019-12-13 23:00:52.941899|[g:1][CONSENSUS][PBFT]checkAndChangeView: Reach consensus,org_view=295,org_changeCycle=0,cur_changeCycle=0,to_view=296
info|2019-12-13 23:00:53.943416|[g:1][CONSENSUS]addRawPrepare,height=80,reqIdx=3,hash=bd3519de...
info|2019-12-13 23:00:53.943860|[g:1][CONSENSUS][PBFT]checkTimeout Succ,view=296,toView=297,nodeIdx=0,changeCycle=0,myNode=15ac4bb3...,timecost=0.277
info|2019-12-13 23:00:53.948004|[g:1][CONSENSUS][PBFT]checkAndChangeView: Reach consensus,org_view=296,org_changeCycle=0,cur_changeCycle=0,to_view=297
info|2019-12-13 23:00:54.948865|[g:1][CONSENSUS][SEALER]++++++++++++++++ Generating seal on,blkNum=80,tx=0,nodeIdx=0,hash=3be3517b...
info|2019-12-13 23:00:54.950380|[g:1][CONSENSUS][PBFT]checkTimeout Succ,view=297,toView=298,nodeIdx=0,changeCycle=0,myNode=15ac4bb3...,timecost=0.491
info|2019-12-13 23:00:54.953771|[g:1][CONSENSUS][PBFT]checkAndChangeView: Reach consensus,org_view=297,org_changeCycle=0,cur_changeCycle=0,to_view=298
info|2019-12-13 23:00:55.957818|[g:1][CONSENSUS]addRawPrepare,height=80,reqIdx=1,hash=ff54091a...
info|2019-12-13 23:00:55.958620|[g:1][CONSENSUS][PBFT]checkTimeout Succ,view=298,toView=299,nodeIdx=0,changeCycle=0,myNode=15ac4bb3...,timecost=0.611
info|2019-12-13 23:00:55.963059|[g:1][CONSENSUS][PBFT]checkAndChangeView: Reach consensus,org_view=298,org_changeCycle=0,cur_changeCycle=0,to_view=299
info|2019-12-13 23:00:56.965325|[g:1][CONSENSUS]addRawPrepare,height=80,reqIdx=2,hash=2693a28c...
info|2019-12-13 23:00:56.965718|[g:1][CONSENSUS][PBFT]checkTimeout Succ,view=299,toView=300,nodeIdx=0,changeCycle=0,myNode=15ac4bb3...,timecost=0.276
info|2019-12-13 23:00:56.967234|[g:1][CONSENSUS][PBFT]checkAndChangeView: Reach consensus,org_view=299,org_changeCycle=0,cur_changeCycle=0,to_view=300
info|2019-12-13 23:00:57.970915|[g:1][CONSENSUS]addRawPrepare,height=80,reqIdx=3,hash=1f5704b4...
info|2019-12-13 23:00:57.971373|[g:1][CONSENSUS][PBFT]checkTimeout Succ,view=300,toView=301,nodeIdx=0,changeCycle=0,myNode=15ac4bb3...,timecost=0.221
info|2019-12-13 23:00:57.974266|[g:1][CONSENSUS][PBFT]checkAndChangeView: Reach consensus,org_view=300,org_changeCycle=0,cur_changeCycle=0,to_view=301
info|2019-12-13 23:00:58.208008|[P2P][Service] heartBeat,connected count=3
info|2019-12-13 23:00:58.974969|[g:1][CONSENSUS][SEALER]++++++++++++++++ Generating seal on,blkNum=80,tx=0,nodeIdx=0,hash=20694cd0...
info|2019-12-13 23:00:58.977126|[g:1][CONSENSUS][PBFT]checkTimeout Succ,view=301,toView=302,nodeIdx=0,changeCycle=0,myNode=15ac4bb3...,timecost=0.303
info|2019-12-13 23:00:58.978108|[g:1][CONSENSUS][PBFT]checkAndChangeView: Reach consensus,org_view=301,org_changeCycle=0,cur_changeCycle=0,to_view=302
info|2019-12-13 23:00:59.980002|[g:1][CONSENSUS]addRawPrepare,height=80,reqIdx=1,hash=2e289a95...
info|2019-12-13 23:00:59.980370|[g:1][CONSENSUS][PBFT]checkTimeout Succ,view=302,toView=303,nodeIdx=0,changeCycle=0,myNode=15ac4bb3...,timecost=0.211
info|2019-12-13 23:00:59.982831|[g:1][CONSENSUS][PBFT]checkAndChangeView: Reach consensus,org_view=302,org_changeCycle=0,cur_changeCycle=0,to_view=303
info|2019-12-13 23:01:00.983212|[g:1][CONSENSUS]addRawPrepare,height=80,reqIdx=2,hash=c331aa4f...
info|2019-12-13 23:01:00.983910|[g:1][CONSENSUS][PBFT]checkTimeout Succ,view=303,toView=304,nodeIdx=0,changeCycle=0,myNode=15ac4bb3...,timecost=0.593
info|2019-12-13 23:01:00.985150|[g:1][CONSENSUS][PBFT]checkAndChangeView: Reach consensus,org_view=303,org_changeCycle=0,cur_changeCycle=0,to_view=304
info|2019-12-13 23:01:01.986457|[g:1][CONSENSUS]addRawPrepare,height=80,reqIdx=3,hash=c9506f10...
info|2019-12-13 23:01:01.986841|[g:1][CONSENSUS][PBFT]checkTimeout Succ,view=304,toView=305,nodeIdx=0,changeCycle=0,myNode=15ac4bb3...,timecost=0.293
info|2019-12-13 23:01:01.989659|[g:1][CONSENSUS][PBFT]checkAndChangeView: Reach consensus,org_view=304,org_changeCycle=0,cur_changeCycle=0,to_view=305
info|2019-12-13 23:01:02.990045|[g:1][CONSENSUS][SEALER]++++++++++++++++ Generating seal on,blkNum=80,tx=0,nodeIdx=0,hash=1f06ad49...
info|2019-12-13 23:01:02.992440|[g:1][CONSENSUS][PBFT]checkTimeout Succ,view=305,toView=306,nodeIdx=0,changeCycle=0,myNode=15ac4bb3...,timecost=0.282
info|2019-12-13 23:01:02.993158|[g:1][CONSENSUS][PBFT]checkAndChangeView: Reach consensus,org_view=305,org_changeCycle=0,cur_changeCycle=0,to_view=306
info|2019-12-13 23:01:04.000252|[g:1][CONSENSUS]addRawPrepare,height=80,reqIdx=1,hash=a617a219...
info|2019-12-13 23:01:04.000739|[g:1][CONSENSUS][PBFT]checkTimeout Succ,view=306,toView=307,nodeIdx=0,changeCycle=0,myNode=15ac4bb3...,timecost=0.317
info|2019-12-13 23:01:04.002657|[g:1][CONSENSUS][PBFT]checkAndChangeView: Reach consensus,org_view=306,org_changeCycle=0,cur_changeCycle=0,to_view=307
info|2019-12-13 23:01:05.004522|[g:1][CONSENSUS]addRawPrepare,height=80,reqIdx=2,hash=d4d31406...
info|2019-12-13 23:01:05.005374|[g:1][CONSENSUS][PBFT]checkTimeout Succ,view=307,toView=308,nodeIdx=0,changeCycle=0,myNode=15ac4bb3...,timecost=0.401
info|2019-12-13 23:01:05.006740|[g:1][CONSENSUS][PBFT]checkAndChangeView: Reach consensus,org_view=307,org_changeCycle=0,cur_changeCycle=0,to_view=308
info|2019-12-13 23:01:06.008957|[g:1][CONSENSUS]addRawPrepare,height=80,reqIdx=3,hash=9d899d40...
info|2019-12-13 23:01:06.009582|[g:1][CONSENSUS][PBFT]checkTimeout Succ,view=308,toView=309,nodeIdx=0,changeCycle=0,myNode=15ac4bb3...,timecost=0.5
info|2019-12-13 23:01:06.011543|[g:1][CONSENSUS][PBFT]checkAndChangeView: Reach consensus,org_view=308,org_changeCycle=0,cur_changeCycle=0,to_view=309
info|2019-12-13 23:01:07.011572|[g:1][CONSENSUS][SEALER]++++++++++++++++ Generating seal on,blkNum=80,tx=0,nodeIdx=0,hash=676819ac...
info|2019-12-13 23:01:07.017524|[g:1][CONSENSUS][PBFT]checkTimeout Succ,view=309,toView=310,nodeIdx=0,changeCycle=0,myNode=15ac4bb3...,timecost=0.59
info|2019-12-13 23:01:07.019124|[g:1][CONSENSUS][PBFT]checkAndChangeView: Reach consensus,org_view=309,org_changeCycle=0,cur_changeCycle=0,to_view=310
info|2019-12-13 23:01:08.020267|[g:1][CONSENSUS]addRawPrepare,height=80,reqIdx=1,hash=684b186f...
info|2019-12-13 23:01:08.020836|[g:1][CONSENSUS][PBFT]checkTimeout Succ,view=310,toView=311,nodeIdx=0,changeCycle=0,myNode=15ac4bb3...,timecost=0.452
info|2019-12-13 23:01:08.021757|[g:1][CONSENSUS][PBFT]checkAndChangeView: Reach consensus,org_view=310,org_changeCycle=0,cur_changeCycle=0,to_view=311
info|2019-12-13 23:01:08.208844|[P2P][Service] heartBeat,connected count=3
info|2019-12-13 23:01:09.022007|[g:1][CONSENSUS]addRawPrepare,height=80,reqIdx=2,hash=7ea53d96...
info|2019-12-13 23:01:09.023226|[g:1][CONSENSUS][PBFT]checkTimeout Succ,view=311,toView=312,nodeIdx=0,changeCycle=0,myNode=15ac4bb3...,timecost=1.002
info|2019-12-13 23:01:09.025309|[g:1][CONSENSUS][PBFT]checkAndChangeView: Reach consensus,org_view=311,org_changeCycle=0,cur_changeCycle=0,to_view=312
info|2019-12-13 23:01:10.027456|[g:1][CONSENSUS]addRawPrepare,height=80,reqIdx=3,hash=6adc56b1...
info|2019-12-13 23:01:10.027816|[g:1][CONSENSUS][PBFT]checkTimeout Succ,view=312,toView=313,nodeIdx=0,changeCycle=0,myNode=15ac4bb3...,timecost=0.238
info|2019-12-13 23:01:10.029552|[g:1][CONSENSUS][PBFT]checkAndChangeView: Reach consensus,org_view=312,org_changeCycle=0,cur_changeCycle=0,to_view=313
info|2019-12-13 23:01:11.030353|[g:1][CONSENSUS][SEALER]++++++++++++++++ Generating seal on,blkNum=80,tx=0,nodeIdx=0,hash=7c99c151...
info|2019-12-13 23:01:11.033449|[g:1][CONSENSUS][PBFT]checkTimeout Succ,view=313,toView=314,nodeIdx=0,changeCycle=0,myNode=15ac4bb3...,timecost=0.286
info|2019-12-13 23:01:11.034611|[g:1][CONSENSUS][PBFT]checkAndChangeView: Reach consensus,org_view=313,org_changeCycle=0,cur_changeCycle=0,to_view=314
info|2019-12-13 23:01:12.036743|[g:1][CONSENSUS]addRawPrepare,height=80,reqIdx=1,hash=4bcd5de0...
info|2019-12-13 23:01:12.037262|[g:1][CONSENSUS][PBFT]checkTimeout Succ,view=314,toView=315,nodeIdx=0,changeCycle=0,myNode=15ac4bb3...,timecost=0.36
info|2019-12-13 23:01:12.040030|[g:1][CONSENSUS][PBFT]checkAndChangeView: Reach consensus,org_view=314,org_changeCycle=0,cur_changeCycle=0,to_view=315
info|2019-12-13 23:01:13.042936|[g:1][CONSENSUS]addRawPrepare,height=80,reqIdx=2,hash=f837bd21...
info|2019-12-13 23:01:13.043258|[g:1][CONSENSUS][PBFT]checkTimeout Succ,view=315,toView=316,nodeIdx=0,changeCycle=0,myNode=15ac4bb3...,timecost=0.197
info|2019-12-13 23:01:13.044305|[g:1][CONSENSUS][PBFT]checkAndChangeView: Reach consensus,org_view=315,org_changeCycle=0,cur_changeCycle=0,to_view=316
info|2019-12-13 23:01:14.046136|[g:1][CONSENSUS]addRawPrepare,height=80,reqIdx=3,hash=49bc8431...
info|2019-12-13 23:01:14.047069|[g:1][CONSENSUS][PBFT]checkTimeout Succ,view=316,toView=317,nodeIdx=0,changeCycle=0,myNode=15ac4bb3...,timecost=0.796
info|2019-12-13 23:01:14.049136|[g:1][CONSENSUS][PBFT]checkAndChangeView: Reach consensus,org_view=316,org_changeCycle=0,cur_changeCycle=0,to_view=317
info|2019-12-13 23:01:15.050307|[g:1][CONSENSUS][SEALER]++++++++++++++++ Generating seal on,blkNum=80,tx=0,nodeIdx=0,hash=59324b51...
info|2019-12-13 23:01:15.054364|[g:1][CONSENSUS][PBFT]checkTimeout Succ,view=317,toView=318,nodeIdx=0,changeCycle=0,myNode=15ac4bb3...,timecost=0.36
info|2019-12-13 23:01:15.055281|[g:1][CONSENSUS][PBFT]checkAndChangeView: Reach consensus,org_view=317,org_changeCycle=0,cur_changeCycle=0,to_view=318
info|2019-12-13 23:01:16.060935|[g:1][CONSENSUS]addRawPrepare,height=80,reqIdx=1,hash=169713c4...
info|2019-12-13 23:01:16.061786|[g:1][CONSENSUS][PBFT]checkTimeout Succ,view=318,toView=319,nodeIdx=0,changeCycle=0,myNode=15ac4bb3...,timecost=0.748
info|2019-12-13 23:01:16.062597|[g:1][CONSENSUS][PBFT]checkAndChangeView: Reach consensus,org_view=318,org_changeCycle=0,cur_changeCycle=0,to_view=319
info|2019-12-13 23:01:17.062363|[g:1][CONSENSUS]addRawPrepare,height=80,reqIdx=2,hash=5ba59dfa...
info|2019-12-13 23:01:17.062706|[g:1][CONSENSUS][PBFT]checkTimeout Succ,view=319,toView=320,nodeIdx=0,changeCycle=0,myNode=15ac4bb3...,timecost=0.244
info|2019-12-13 23:01:17.104904|[g:1][CONSENSUS][PBFT]checkAndChangeView: Reach consensus,org_view=319,org_changeCycle=0,cur_changeCycle=0,to_view=320
info|2019-12-13 23:01:18.070439|[g:1][CONSENSUS]addRawPrepare,height=80,reqIdx=3,hash=04b61214...
info|2019-12-13 23:01:18.071092|[g:1][CONSENSUS][PBFT]checkTimeout Succ,view=320,toView=321,nodeIdx=0,changeCycle=0,myNode=15ac4bb3...,timecost=0.462
info|2019-12-13 23:01:18.073836|[g:1][CONSENSUS][PBFT]checkAndChangeView: Reach consensus,org_view=320,org_changeCycle=0,cur_changeCycle=0,to_view=321
info|2019-12-13 23:01:18.209363|[P2P][Service] heartBeat,connected count=3
info|2019-12-13 23:01:19.074764|[g:1][CONSENSUS][SEALER]++++++++++++++++ Generating seal on,blkNum=80,tx=0,nodeIdx=0,hash=f2031415...
info|2019-12-13 23:01:19.080615|[g:1][CONSENSUS][PBFT]checkTimeout Succ,view=321,toView=322,nodeIdx=0,changeCycle=0,myNode=15ac4bb3...,timecost=0.599
info|2019-12-13 23:01:19.081193|[g:1][CONSENSUS][PBFT]checkAndChangeView: Reach consensus,org_view=321,org_changeCycle=0,cur_changeCycle=0,to_view=322
info|2019-12-13 23:01:20.082489|[g:1][CONSENSUS]addRawPrepare,height=80,reqIdx=1,hash=a58d2239...
info|2019-12-13 23:01:20.083540|[g:1][CONSENSUS][PBFT]checkTimeout Succ,view=322,toView=323,nodeIdx=0,changeCycle=0,myNode=15ac4bb3...,timecost=0.723
info|2019-12-13 23:01:20.084422|[g:1][CONSENSUS][PBFT]checkAndChangeView: Reach consensus,org_view=322,org_changeCycle=0,cur_changeCycle=0,to_view=323
info|2019-12-13 23:01:21.086883|[g:1][CONSENSUS]addRawPrepare,height=80,reqIdx=2,hash=289a570c...
info|2019-12-13 23:01:21.087636|[g:1][CONSENSUS][PBFT]checkTimeout Succ,view=323,toView=324,nodeIdx=0,changeCycle=0,myNode=15ac4bb3...,timecost=0.661
info|2019-12-13 23:01:21.091199|[g:1][CONSENSUS][PBFT]checkAndChangeView: Reach consensus,org_view=323,org_changeCycle=0,cur_changeCycle=0,to_view=324
info|2019-12-13 23:01:22.094914|[g:1][CONSENSUS]addRawPrepare,height=80,reqIdx=3,hash=2ff3849c...
info|2019-12-13 23:01:22.095555|[g:1][CONSENSUS][PBFT]checkTimeout Succ,view=324,toView=325,nodeIdx=0,changeCycle=0,myNode=15ac4bb3...,timecost=0.525
info|2019-12-13 23:01:22.096637|[g:1][CONSENSUS][PBFT]checkAndChangeView: Reach consensus,org_view=324,org_changeCycle=0,cur_changeCycle=0,to_view=325
info|2019-12-13 23:01:23.097098|[g:1][CONSENSUS][SEALER]++++++++++++++++ Generating seal on,blkNum=80,tx=0,nodeIdx=0,hash=70431ef3...
info|2019-12-13 23:01:23.099944|[g:1][CONSENSUS][PBFT]checkTimeout Succ,view=325,toView=326,nodeIdx=0,changeCycle=0,myNode=15ac4bb3...,timecost=2.334
info|2019-12-13 23:01:23.101544|[g:1][CONSENSUS][PBFT]checkAndChangeView: Reach consensus,org_view=325,org_changeCycle=0,cur_changeCycle=0,to_view=326
info|2019-12-13 23:01:24.102324|[g:1][CONSENSUS]addRawPrepare,height=80,reqIdx=1,hash=d4ea9053...
info|2019-12-13 23:01:24.102626|[g:1][CONSENSUS][PBFT]checkTimeout Succ,view=326,toView=327,nodeIdx=0,changeCycle=0,myNode=15ac4bb3...,timecost=0.217
info|2019-12-13 23:01:24.105076|[g:1][CONSENSUS][PBFT]checkAndChangeView: Reach consensus,org_view=326,org_changeCycle=0,cur_changeCycle=0,to_view=327
info|2019-12-13 23:01:25.108823|[g:1][CONSENSUS]addRawPrepare,height=80,reqIdx=2,hash=e46a3c4f...
info|2019-12-13 23:01:25.109194|[g:1][CONSENSUS][PBFT]checkTimeout Succ,view=327,toView=328,nodeIdx=0,changeCycle=0,myNode=15ac4bb3...,timecost=0.28
info|2019-12-13 23:01:25.110220|[g:1][CONSENSUS][PBFT]checkAndChangeView: Reach consensus,org_view=327,org_changeCycle=0,cur_changeCycle=0,to_view=328
info|2019-12-13 23:01:26.112690|[g:1][CONSENSUS]addRawPrepare,height=80,reqIdx=3,hash=64c94b85...
info|2019-12-13 23:01:26.113093|[g:1][CONSENSUS][PBFT]checkTimeout Succ,view=328,toView=329,nodeIdx=0,changeCycle=0,myNode=15ac4bb3...,timecost=0.245
info|2019-12-13 23:01:26.116216|[g:1][CONSENSUS][PBFT]checkAndChangeView: Reach consensus,org_view=328,org_changeCycle=0,cur_changeCycle=0,to_view=329
info|2019-12-13 23:01:27.117590|[g:1][CONSENSUS][SEALER]++++++++++++++++ Generating seal on,blkNum=80,tx=0,nodeIdx=0,hash=af48c7b8...
info|2019-12-13 23:01:27.119763|[g:1][CONSENSUS][PBFT]checkTimeout Succ,view=329,toView=330,nodeIdx=0,changeCycle=0,myNode=15ac4bb3...,timecost=1.183
info|2019-12-13 23:01:27.122066|[g:1][CONSENSUS][PBFT]checkAndChangeView: Reach consensus,org_view=329,org_changeCycle=0,cur_changeCycle=0,to_view=330
info|2019-12-13 23:01:28.123400|[g:1][CONSENSUS]addRawPrepare,height=80,reqIdx=1,hash=27c10835...
info|2019-12-13 23:01:28.124063|[g:1][CONSENSUS][PBFT]checkTimeout Succ,view=330,toView=331,nodeIdx=0,changeCycle=0,myNode=15ac4bb3...,timecost=0.309
info|2019-12-13 23:01:28.125885|[g:1][CONSENSUS][PBFT]checkAndChangeView: Reach consensus,org_view=330,org_changeCycle=0,cur_changeCycle=0,to_view=331
info|2019-12-13 23:01:28.210410|[P2P][Service] heartBeat,connected count=3
info|2019-12-13 23:01:29.129187|[g:1][CONSENSUS]addRawPrepare,height=80,reqIdx=2,hash=530a4089...
info|2019-12-13 23:01:29.129824|[g:1][CONSENSUS][PBFT]checkTimeout Succ,view=331,toView=332,nodeIdx=0,changeCycle=0,myNode=15ac4bb3...,timecost=0.444
info|2019-12-13 23:01:29.132714|[g:1][CONSENSUS][PBFT]checkAndChangeView: Reach consensus,org_view=331,org_changeCycle=0,cur_changeCycle=0,to_view=332
info|2019-12-13 23:01:30.135036|[g:1][CONSENSUS]addRawPrepare,height=80,reqIdx=3,hash=4199d23d...
info|2019-12-13 23:01:30.135690|[g:1][CONSENSUS][PBFT]checkTimeout Succ,view=332,toView=333,nodeIdx=0,changeCycle=0,myNode=15ac4bb3...,timecost=0.42
info|2019-12-13 23:01:30.137260|[g:1][CONSENSUS][PBFT]checkAndChangeView: Reach consensus,org_view=332,org_changeCycle=0,cur_changeCycle=0,to_view=333
info|2019-12-13 23:01:31.138354|[g:1][CONSENSUS][SEALER]++++++++++++++++ Generating seal on,blkNum=80,tx=0,nodeIdx=0,hash=844dd4ca...
info|2019-12-13 23:01:31.139037|[g:1][CONSENSUS][PBFT]checkTimeout Succ,view=333,toView=334,nodeIdx=0,changeCycle=0,myNode=15ac4bb3...,timecost=0.313
info|2019-12-13 23:01:31.142343|[g:1][CONSENSUS][PBFT]checkAndChangeView: Reach consensus,org_view=333,org_changeCycle=0,cur_changeCycle=0,to_view=334
info|2019-12-13 23:01:32.142092|[g:1][CONSENSUS]addRawPrepare,height=80,reqIdx=1,hash=cfa1936b...
info|2019-12-13 23:01:32.143350|[g:1][CONSENSUS][PBFT]checkTimeout Succ,view=334,toView=335,nodeIdx=0,changeCycle=0,myNode=15ac4bb3...,timecost=1.091
info|2019-12-13 23:01:32.144902|[g:1][CONSENSUS][PBFT]checkAndChangeView: Reach consensus,org_view=334,org_changeCycle=0,cur_changeCycle=0,to_view=335
info|2019-12-13 23:01:33.146652|[g:1][CONSENSUS]addRawPrepare,height=80,reqIdx=2,hash=a606c5b3...
info|2019-12-13 23:01:33.147053|[g:1][CONSENSUS][PBFT]checkTimeout Succ,view=335,toView=336,nodeIdx=0,changeCycle=0,myNode=15ac4bb3...,timecost=0.294
info|2019-12-13 23:01:33.148514|[g:1][CONSENSUS][PBFT]checkAndChangeView: Reach consensus,org_view=335,org_changeCycle=0,cur_changeCycle=0,to_view=336
info|2019-12-13 23:01:34.151867|[g:1][CONSENSUS]addRawPrepare,height=80,reqIdx=3,hash=e703cd07...
info|2019-12-13 23:01:34.152538|[g:1][CONSENSUS][PBFT]checkTimeout Succ,view=336,toView=337,nodeIdx=0,changeCycle=0,myNode=15ac4bb3...,timecost=0.551
info|2019-12-13 23:01:34.154078|[g:1][CONSENSUS][PBFT]checkAndChangeView: Reach consensus,org_view=336,org_changeCycle=0,cur_changeCycle=0,to_view=337
info|2019-12-13 23:01:35.154258|[g:1][CONSENSUS][SEALER]++++++++++++++++ Generating seal on,blkNum=80,tx=0,nodeIdx=0,hash=a175d2cc...
info|2019-12-13 23:01:35.155245|[g:1][CONSENSUS][PBFT]checkTimeout Succ,view=337,toView=338,nodeIdx=0,changeCycle=0,myNode=15ac4bb3...,timecost=0.507
info|2019-12-13 23:01:35.158257|[g:1][CONSENSUS][PBFT]checkAndChangeView: Reach consensus,org_view=337,org_changeCycle=0,cur_changeCycle=0,to_view=338
info|2019-12-13 23:01:36.159290|[g:1][CONSENSUS]addRawPrepare,height=80,reqIdx=1,hash=d95a0ed0...
info|2019-12-13 23:01:36.159682|[g:1][CONSENSUS][PBFT]checkTimeout Succ,view=338,toView=339,nodeIdx=0,changeCycle=0,myNode=15ac4bb3...,timecost=0.242
info|2019-12-13 23:01:36.162150|[g:1][CONSENSUS][PBFT]checkAndChangeView: Reach consensus,org_view=338,org_changeCycle=0,cur_changeCycle=0,to_view=339
info|2019-12-13 23:01:37.162848|[g:1][CONSENSUS]addRawPrepare,height=80,reqIdx=2,hash=d0749cca...
info|2019-12-13 23:01:37.167321|[g:1][CONSENSUS][PBFT]checkTimeout Succ,view=339,toView=340,nodeIdx=0,changeCycle=0,myNode=15ac4bb3...,timecost=0.61
info|2019-12-13 23:01:37.169394|[g:1][CONSENSUS][PBFT]checkAndChangeView: Reach consensus,org_view=339,org_changeCycle=0,cur_changeCycle=0,to_view=340
info|2019-12-13 23:01:38.171685|[g:1][CONSENSUS]addRawPrepare,height=80,reqIdx=3,hash=0feb0221...
info|2019-12-13 23:01:38.172545|[g:1][CONSENSUS][PBFT]checkTimeout Succ,view=340,toView=341,nodeIdx=0,changeCycle=0,myNode=15ac4bb3...,timecost=0.438
info|2019-12-13 23:01:38.174712|[g:1][CONSENSUS][PBFT]checkAndChangeView: Reach consensus,org_view=340,org_changeCycle=0,cur_changeCycle=0,to_view=341
info|2019-12-13 23:01:38.211497|[P2P][Service] heartBeat,connected count=3
info|2019-12-13 23:01:39.174253|[g:1][CONSENSUS][SEALER]++++++++++++++++ Generating seal on,blkNum=80,tx=0,nodeIdx=0,hash=8ad36a02...
info|2019-12-13 23:01:39.175049|[g:1][CONSENSUS][PBFT]checkTimeout Succ,view=341,toView=342,nodeIdx=0,changeCycle=0,myNode=15ac4bb3...,timecost=0.445
info|2019-12-13 23:01:39.178303|[g:1][CONSENSUS][PBFT]checkAndChangeView: Reach consensus,org_view=341,org_changeCycle=0,cur_changeCycle=0,to_view=342
info|2019-12-13 23:01:40.179345|[g:1][CONSENSUS]addRawPrepare,height=80,reqIdx=1,hash=c40674e2...
info|2019-12-13 23:01:40.180459|[g:1][CONSENSUS][PBFT]checkTimeout Succ,view=342,toView=343,nodeIdx=0,changeCycle=0,myNode=15ac4bb3...,timecost=0.845
info|2019-12-13 23:01:40.181450|[g:1][CONSENSUS][PBFT]checkAndChangeView: Reach consensus,org_view=342,org_changeCycle=0,cur_changeCycle=0,to_view=343
info|2019-12-13 23:01:41.185484|[g:1][CONSENSUS]addRawPrepare,height=80,reqIdx=2,hash=1f34504f...
info|2019-12-13 23:01:41.186291|[g:1][CONSENSUS][PBFT]checkTimeout Succ,view=343,toView=344,nodeIdx=0,changeCycle=0,myNode=15ac4bb3...,timecost=0.648
info|2019-12-13 23:01:41.188590|[g:1][CONSENSUS][PBFT]checkAndChangeView: Reach consensus,org_view=343,org_changeCycle=0,cur_changeCycle=0,to_view=344
info|2019-12-13 23:01:42.189460|[g:1][CONSENSUS]addRawPrepare,height=80,reqIdx=3,hash=cc861a42...
info|2019-12-13 23:01:42.189970|[g:1][CONSENSUS][PBFT]checkTimeout Succ,view=344,toView=345,nodeIdx=0,changeCycle=0,myNode=15ac4bb3...,timecost=0.397
info|2019-12-13 23:01:42.191888|[g:1][CONSENSUS][PBFT]checkAndChangeView: Reach consensus,org_view=344,org_changeCycle=0,cur_changeCycle=0,to_view=345
info|2019-12-13 23:01:43.192122|[g:1][CONSENSUS][SEALER]++++++++++++++++ Generating seal on,blkNum=80,tx=0,nodeIdx=0,hash=77d94939...
info|2019-12-13 23:01:43.196254|[g:1][CONSENSUS][PBFT]checkTimeout Succ,view=345,toView=346,nodeIdx=0,changeCycle=0,myNode=15ac4bb3...,timecost=0.454
info|2019-12-13 23:01:43.196791|[g:1][CONSENSUS][PBFT]checkAndChangeView: Reach consensus,org_view=345,org_changeCycle=0,cur_changeCycle=0,to_view=346
info|2019-12-13 23:01:44.199383|[g:1][CONSENSUS]addRawPrepare,height=80,reqIdx=1,hash=8abe9fdd...
info|2019-12-13 23:01:44.199863|[g:1][CONSENSUS][PBFT]checkTimeout Succ,view=346,toView=347,nodeIdx=0,changeCycle=0,myNode=15ac4bb3...,timecost=0.393
info|2019-12-13 23:01:44.201946|[g:1][CONSENSUS][PBFT]checkAndChangeView: Reach consensus,org_view=346,org_changeCycle=0,cur_changeCycle=0,to_view=347
info|2019-12-13 23:01:45.204671|[g:1][CONSENSUS]addRawPrepare,height=80,reqIdx=2,hash=38de01b7...
info|2019-12-13 23:01:45.207520|[g:1][CONSENSUS][PBFT]checkTimeout Succ,view=347,toView=348,nodeIdx=0,changeCycle=0,myNode=15ac4bb3...,timecost=2.679
info|2019-12-13 23:01:45.209574|[g:1][CONSENSUS][PBFT]checkAndChangeView: Reach consensus,org_view=347,org_changeCycle=0,cur_changeCycle=0,to_view=348
info|2019-12-13 23:01:46.211677|[g:1][CONSENSUS]addRawPrepare,height=80,reqIdx=3,hash=b324f10f...
info|2019-12-13 23:01:46.212060|[g:1][CONSENSUS][PBFT]checkTimeout Succ,view=348,toView=349,nodeIdx=0,changeCycle=0,myNode=15ac4bb3...,timecost=0.249
info|2019-12-13 23:01:46.213295|[g:1][CONSENSUS][PBFT]checkAndChangeView: Reach consensus,org_view=348,org_changeCycle=0,cur_changeCycle=0,to_view=349
info|2019-12-13 23:01:47.213605|[g:1][CONSENSUS][SEALER]++++++++++++++++ Generating seal on,blkNum=80,tx=0,nodeIdx=0,hash=31d87c19...
info|2019-12-13 23:01:47.215724|[g:1][CONSENSUS][PBFT]checkTimeout Succ,view=349,toView=350,nodeIdx=0,changeCycle=0,myNode=15ac4bb3...,timecost=1.162
info|2019-12-13 23:01:47.218573|[g:1][CONSENSUS][PBFT]checkAndChangeView: Reach consensus,org_view=349,org_changeCycle=0,cur_changeCycle=0,to_view=350
info|2019-12-13 23:01:48.211660|[P2P][Service] heartBeat,connected count=3
info|2019-12-13 23:01:48.227017|[g:1][CONSENSUS]addRawPrepare,height=80,reqIdx=1,hash=a4207766...
info|2019-12-13 23:01:48.227746|[g:1][CONSENSUS][PBFT]checkTimeout Succ,view=350,toView=351,nodeIdx=0,changeCycle=0,myNode=15ac4bb3...,timecost=0.445
info|2019-12-13 23:01:48.228766|[g:1][CONSENSUS][PBFT]checkAndChangeView: Reach consensus,org_view=350,org_changeCycle=0,cur_changeCycle=0,to_view=351
info|2019-12-13 23:01:49.227596|[g:1][CONSENSUS]addRawPrepare,height=80,reqIdx=2,hash=ec10055e...
info|2019-12-13 23:01:49.228125|[g:1][CONSENSUS][PBFT]checkTimeout Succ,view=351,toView=352,nodeIdx=0,changeCycle=0,myNode=15ac4bb3...,timecost=0.375
info|2019-12-13 23:01:49.229652|[g:1][CONSENSUS][PBFT]checkAndChangeView: Reach consensus,org_view=351,org_changeCycle=0,cur_changeCycle=0,to_view=352
info|2019-12-13 23:01:50.232246|[g:1][CONSENSUS]addRawPrepare,height=80,reqIdx=3,hash=757d5a2e...
info|2019-12-13 23:01:50.232547|[g:1][CONSENSUS][PBFT]checkTimeout Succ,view=352,toView=353,nodeIdx=0,changeCycle=0,myNode=15ac4bb3...,timecost=0.203
info|2019-12-13 23:01:50.234454|[g:1][CONSENSUS][PBFT]checkAndChangeView: Reach consensus,org_view=352,org_changeCycle=0,cur_changeCycle=0,to_view=353
info|2019-12-13 23:01:51.234850|[g:1][CONSENSUS][SEALER]++++++++++++++++ Generating seal on,blkNum=80,tx=0,nodeIdx=0,hash=0b9c5a36...
info|2019-12-13 23:01:51.238861|[g:1][CONSENSUS][PBFT]checkTimeout Succ,view=353,toView=354,nodeIdx=0,changeCycle=0,myNode=15ac4bb3...,timecost=2.001
info|2019-12-13 23:01:51.240051|[g:1][CONSENSUS][PBFT]checkAndChangeView: Reach consensus,org_view=353,org_changeCycle=0,cur_changeCycle=0,to_view=354
info|2019-12-13 23:01:52.240200|[g:1][CONSENSUS]addRawPrepare,height=80,reqIdx=1,hash=7dc441fa...
info|2019-12-13 23:01:52.240535|[g:1][CONSENSUS][PBFT]checkTimeout Succ,view=354,toView=355,nodeIdx=0,changeCycle=0,myNode=15ac4bb3...,timecost=0.246
info|2019-12-13 23:01:52.243756|[g:1][CONSENSUS][PBFT]checkAndChangeView: Reach consensus,org_view=354,org_changeCycle=0,cur_changeCycle=0,to_view=355
info|2019-12-13 23:01:53.244755|[g:1][CONSENSUS]addRawPrepare,height=80,reqIdx=2,hash=dd6d6da3...
info|2019-12-13 23:01:53.245013|[g:1][CONSENSUS][PBFT]checkTimeout Succ,view=355,toView=356,nodeIdx=0,changeCycle=0,myNode=15ac4bb3...,timecost=0.175
info|2019-12-13 23:01:53.247001|[g:1][CONSENSUS][PBFT]checkAndChangeView: Reach consensus,org_view=355,org_changeCycle=0,cur_changeCycle=0,to_view=356
info|2019-12-13 23:01:54.252828|[g:1][CONSENSUS]addRawPrepare,height=80,reqIdx=3,hash=29a334c6...
info|2019-12-13 23:01:54.255328|[g:1][CONSENSUS][PBFT]checkTimeout Succ,view=356,toView=357,nodeIdx=0,changeCycle=0,myNode=15ac4bb3...,timecost=2.337
info|2019-12-13 23:01:54.257850|[g:1][CONSENSUS][PBFT]checkAndChangeView: Reach consensus,org_view=356,org_changeCycle=0,cur_changeCycle=0,to_view=357
info|2019-12-13 23:01:55.257929|[g:1][CONSENSUS][SEALER]++++++++++++++++ Generating seal on,blkNum=80,tx=0,nodeIdx=0,hash=b461d775...
info|2019-12-13 23:01:55.262676|[g:1][CONSENSUS][PBFT]checkTimeout Succ,view=357,toView=358,nodeIdx=0,changeCycle=0,myNode=15ac4bb3...,timecost=2.208
info|2019-12-13 23:01:55.263148|[g:1][CONSENSUS][PBFT]checkAndChangeView: Reach consensus,org_view=357,org_changeCycle=0,cur_changeCycle=0,to_view=358
info|2019-12-13 23:01:56.266470|[g:1][CONSENSUS]addRawPrepare,height=80,reqIdx=1,hash=a971d899...
info|2019-12-13 23:01:56.267299|[g:1][CONSENSUS][PBFT]checkTimeout Succ,view=358,toView=359,nodeIdx=0,changeCycle=0,myNode=15ac4bb3...,timecost=0.607
info|2019-12-13 23:01:56.268616|[g:1][CONSENSUS][PBFT]checkAndChangeView: Reach consensus,org_view=358,org_changeCycle=0,cur_changeCycle=0,to_view=359
info|2019-12-13 23:01:57.271801|[g:1][CONSENSUS]addRawPrepare,height=80,reqIdx=2,hash=674d1f17...
info|2019-12-13 23:01:57.274313|[g:1][CONSENSUS][PBFT]checkTimeout Succ,view=359,toView=360,nodeIdx=0,changeCycle=0,myNode=15ac4bb3...,timecost=1.275
info|2019-12-13 23:01:57.276930|[g:1][CONSENSUS][PBFT]checkAndChangeView: Reach consensus,org_view=359,org_changeCycle=0,cur_changeCycle=0,to_view=360
info|2019-12-13 23:01:58.212403|[P2P][Service] heartBeat,connected count=3
info|2019-12-13 23:01:58.279987|[g:1][CONSENSUS]addRawPrepare,height=80,reqIdx=3,hash=1b9c9d1d...
info|2019-12-13 23:01:58.280517|[g:1][CONSENSUS][PBFT]checkTimeout Succ,view=360,toView=361,nodeIdx=0,changeCycle=0,myNode=15ac4bb3...,timecost=0.366
info|2019-12-13 23:01:58.283822|[g:1][CONSENSUS][PBFT]checkAndChangeView: Reach consensus,org_view=360,org_changeCycle=0,cur_changeCycle=0,to_view=361
info|2019-12-13 23:01:59.283839|[g:1][CONSENSUS][SEALER]++++++++++++++++ Generating seal on,blkNum=80,tx=0,nodeIdx=0,hash=b6d013a4...
info|2019-12-13 23:01:59.288125|[g:1][CONSENSUS][PBFT]checkTimeout Succ,view=361,toView=362,nodeIdx=0,changeCycle=0,myNode=15ac4bb3...,timecost=1.349
info|2019-12-13 23:01:59.288718|[g:1][CONSENSUS][PBFT]checkAndChangeView: Reach consensus,org_view=361,org_changeCycle=0,cur_changeCycle=0,to_view=362
info|2019-12-13 23:02:00.291546|[g:1][CONSENSUS]addRawPrepare,height=80,reqIdx=1,hash=49708b44...
info|2019-12-13 23:02:00.292094|[g:1][CONSENSUS][PBFT]checkTimeout Succ,view=362,toView=363,nodeIdx=0,changeCycle=0,myNode=15ac4bb3...,timecost=0.372
info|2019-12-13 23:02:00.294941|[g:1][CONSENSUS][PBFT]checkAndChangeView: Reach consensus,org_view=362,org_changeCycle=0,cur_changeCycle=0,to_view=363
info|2019-12-13 23:02:01.295574|[g:1][CONSENSUS]addRawPrepare,height=80,reqIdx=2,hash=f65dcc06...
info|2019-12-13 23:02:01.296481|[g:1][CONSENSUS][PBFT]checkTimeout Succ,view=363,toView=364,nodeIdx=0,changeCycle=0,myNode=15ac4bb3...,timecost=0.696
info|2019-12-13 23:02:01.298608|[g:1][CONSENSUS][PBFT]checkAndChangeView: Reach consensus,org_view=363,org_changeCycle=0,cur_changeCycle=0,to_view=364
info|2019-12-13 23:02:02.303391|[g:1][CONSENSUS]addRawPrepare,height=80,reqIdx=3,hash=435ae3d2...
info|2019-12-13 23:02:02.304000|[g:1][CONSENSUS][PBFT]checkTimeout Succ,view=364,toView=365,nodeIdx=0,changeCycle=0,myNode=15ac4bb3...,timecost=0.468
info|2019-12-13 23:02:02.304929|[g:1][CONSENSUS][PBFT]checkAndChangeView: Reach consensus,org_view=364,org_changeCycle=0,cur_changeCycle=0,to_view=365
info|2019-12-13 23:02:03.304133|[g:1][CONSENSUS][SEALER]++++++++++++++++ Generating seal on,blkNum=80,tx=0,nodeIdx=0,hash=3da80ad6...
info|2019-12-13 23:02:03.307328|[g:1][CONSENSUS][PBFT]checkTimeout Succ,view=365,toView=366,nodeIdx=0,changeCycle=0,myNode=15ac4bb3...,timecost=0.965
info|2019-12-13 23:02:03.308461|[g:1][CONSENSUS][PBFT]checkAndChangeView: Reach consensus,org_view=365,org_changeCycle=0,cur_changeCycle=0,to_view=366
info|2019-12-13 23:02:04.311009|[g:1][CONSENSUS]addRawPrepare,height=80,reqIdx=1,hash=cd8444e1...
info|2019-12-13 23:02:04.311549|[g:1][CONSENSUS][PBFT]checkTimeout Succ,view=366,toView=367,nodeIdx=0,changeCycle=0,myNode=15ac4bb3...,timecost=0.296
info|2019-12-13 23:02:04.312795|[g:1][CONSENSUS][PBFT]checkAndChangeView: Reach consensus,org_view=366,org_changeCycle=0,cur_changeCycle=0,to_view=367
info|2019-12-13 23:02:05.316073|[g:1][CONSENSUS]addRawPrepare,height=80,reqIdx=2,hash=ff88a964...
info|2019-12-13 23:02:05.316620|[g:1][CONSENSUS][PBFT]checkTimeout Succ,view=367,toView=368,nodeIdx=0,changeCycle=0,myNode=15ac4bb3...,timecost=0.254
info|2019-12-13 23:02:05.319654|[g:1][CONSENSUS][PBFT]checkAndChangeView: Reach consensus,org_view=367,org_changeCycle=0,cur_changeCycle=0,to_view=368
info|2019-12-13 23:02:06.320188|[g:1][CONSENSUS]addRawPrepare,height=80,reqIdx=3,hash=f02bfdc5...
info|2019-12-13 23:02:06.320943|[g:1][CONSENSUS][PBFT]checkTimeout Succ,view=368,toView=369,nodeIdx=0,changeCycle=0,myNode=15ac4bb3...,timecost=0.511
info|2019-12-13 23:02:06.322472|[g:1][CONSENSUS][PBFT]checkAndChangeView: Reach consensus,org_view=368,org_changeCycle=0,cur_changeCycle=0,to_view=369
info|2019-12-13 23:02:07.323790|[g:1][CONSENSUS][SEALER]++++++++++++++++ Generating seal on,blkNum=80,tx=0,nodeIdx=0,hash=971d9728...
info|2019-12-13 23:02:07.325278|[g:1][CONSENSUS][PBFT]checkTimeout Succ,view=369,toView=370,nodeIdx=0,changeCycle=0,myNode=15ac4bb3...,timecost=0.972
info|2019-12-13 23:02:07.328143|[g:1][CONSENSUS][PBFT]checkAndChangeView: Reach consensus,org_view=369,org_changeCycle=0,cur_changeCycle=0,to_view=370
info|2019-12-13 23:02:08.212720|[P2P][Service] heartBeat,connected count=3
info|2019-12-13 23:02:08.331090|[g:1][CONSENSUS]addRawPrepare,height=80,reqIdx=1,hash=45e385e7...
info|2019-12-13 23:02:08.333810|[g:1][CONSENSUS][PBFT]checkTimeout Succ,view=370,toView=371,nodeIdx=0,changeCycle=0,myNode=15ac4bb3...,timecost=0.575
info|2019-12-13 23:02:08.335259|[g:1][CONSENSUS][PBFT]checkAndChangeView: Reach consensus,org_view=370,org_changeCycle=0,cur_changeCycle=0,to_view=371
info|2019-12-13 23:02:09.337825|[g:1][CONSENSUS]addRawPrepare,height=80,reqIdx=2,hash=a2a7c025...
info|2019-12-13 23:02:09.338132|[g:1][CONSENSUS][PBFT]checkTimeout Succ,view=371,toView=372,nodeIdx=0,changeCycle=0,myNode=15ac4bb3...,timecost=0.208
info|2019-12-13 23:02:09.339716|[g:1][CONSENSUS][PBFT]checkAndChangeView: Reach consensus,org_view=371,org_changeCycle=0,cur_changeCycle=0,to_view=372
info|2019-12-13 23:02:10.341021|[g:1][CONSENSUS]addRawPrepare,height=80,reqIdx=3,hash=551c7fba...
info|2019-12-13 23:02:10.342218|[g:1][CONSENSUS][PBFT]checkTimeout Succ,view=372,toView=373,nodeIdx=0,changeCycle=0,myNode=15ac4bb3...,timecost=1.034
info|2019-12-13 23:02:10.344170|[g:1][CONSENSUS][PBFT]checkAndChangeView: Reach consensus,org_view=372,org_changeCycle=0,cur_changeCycle=0,to_view=373
info|2019-12-13 23:02:11.344340|[g:1][CONSENSUS][SEALER]++++++++++++++++ Generating seal on,blkNum=80,tx=0,nodeIdx=0,hash=03053ca6...
info|2019-12-13 23:02:11.346608|[g:1][CONSENSUS][PBFT]checkTimeout Succ,view=373,toView=374,nodeIdx=0,changeCycle=0,myNode=15ac4bb3...,timecost=0.223
info|2019-12-13 23:02:11.347220|[g:1][CONSENSUS][PBFT]checkAndChangeView: Reach consensus,org_view=373,org_changeCycle=0,cur_changeCycle=0,to_view=374
info|2019-12-13 23:02:12.349364|[g:1][CONSENSUS]addRawPrepare,height=80,reqIdx=1,hash=2e1a72b6...
info|2019-12-13 23:02:12.349819|[g:1][CONSENSUS][PBFT]checkTimeout Succ,view=374,toView=375,nodeIdx=0,changeCycle=0,myNode=15ac4bb3...,timecost=0.349
info|2019-12-13 23:02:12.355256|[g:1][CONSENSUS][PBFT]checkAndChangeView: Reach consensus,org_view=374,org_changeCycle=0,cur_changeCycle=0,to_view=375
info|2019-12-13 23:02:13.356913|[g:1][CONSENSUS]addRawPrepare,height=80,reqIdx=2,hash=3fc55cc3...
info|2019-12-13 23:02:13.357223|[g:1][CONSENSUS][PBFT]checkTimeout Succ,view=375,toView=376,nodeIdx=0,changeCycle=0,myNode=15ac4bb3...,timecost=0.249
info|2019-12-13 23:02:13.359930|[g:1][CONSENSUS][PBFT]checkAndChangeView: Reach consensus,org_view=375,org_changeCycle=0,cur_changeCycle=0,to_view=376
info|2019-12-13 23:02:14.361299|[g:1][CONSENSUS]addRawPrepare,height=80,reqIdx=3,hash=c8e200ab...
info|2019-12-13 23:02:14.361656|[g:1][CONSENSUS][PBFT]checkTimeout Succ,view=376,toView=377,nodeIdx=0,changeCycle=0,myNode=15ac4bb3...,timecost=0.252
info|2019-12-13 23:02:14.363308|[g:1][CONSENSUS][PBFT]checkAndChangeView: Reach consensus,org_view=376,org_changeCycle=0,cur_changeCycle=0,to_view=377
info|2019-12-13 23:02:15.363844|[g:1][CONSENSUS][SEALER]++++++++++++++++ Generating seal on,blkNum=80,tx=0,nodeIdx=0,hash=593585ff...
info|2019-12-13 23:02:15.367307|[g:1][CONSENSUS][PBFT]checkTimeout Succ,view=377,toView=378,nodeIdx=0,changeCycle=0,myNode=15ac4bb3...,timecost=0.88
info|2019-12-13 23:02:15.368300|[g:1][CONSENSUS][PBFT]checkAndChangeView: Reach consensus,org_view=377,org_changeCycle=0,cur_changeCycle=0,to_view=378
info|2019-12-13 23:02:16.371461|[g:1][CONSENSUS]addRawPrepare,height=80,reqIdx=1,hash=29e48def...
info|2019-12-13 23:02:16.371991|[g:1][CONSENSUS][PBFT]checkTimeout Succ,view=378,toView=379,nodeIdx=0,changeCycle=0,myNode=15ac4bb3...,timecost=0.361
info|2019-12-13 23:02:16.373205|[g:1][CONSENSUS][PBFT]checkAndChangeView: Reach consensus,org_view=378,org_changeCycle=0,cur_changeCycle=0,to_view=379
info|2019-12-13 23:02:17.374533|[g:1][CONSENSUS]addRawPrepare,height=80,reqIdx=2,hash=dcf58f58...
info|2019-12-13 23:02:17.375349|[g:1][CONSENSUS][PBFT]checkTimeout Succ,view=379,toView=380,nodeIdx=0,changeCycle=0,myNode=15ac4bb3...,timecost=0.696
info|2019-12-13 23:02:17.376707|[g:1][CONSENSUS][PBFT]checkAndChangeView: Reach consensus,org_view=379,org_changeCycle=0,cur_changeCycle=0,to_view=380
info|2019-12-13 23:02:18.213015|[P2P][Service] heartBeat,connected count=3
info|2019-12-13 23:02:18.377970|[g:1][CONSENSUS]addRawPrepare,height=80,reqIdx=3,hash=b0ab2365...
info|2019-12-13 23:02:18.378606|[g:1][CONSENSUS][PBFT]checkTimeout Succ,view=380,toView=381,nodeIdx=0,changeCycle=0,myNode=15ac4bb3...,timecost=0.552
info|2019-12-13 23:02:18.380246|[g:1][CONSENSUS][PBFT]checkAndChangeView: Reach consensus,org_view=380,org_changeCycle=0,cur_changeCycle=0,to_view=381
info|2019-12-13 23:02:19.381723|[g:1][CONSENSUS][SEALER]++++++++++++++++ Generating seal on,blkNum=80,tx=0,nodeIdx=0,hash=a9c3c39f...
info|2019-12-13 23:02:19.383845|[g:1][CONSENSUS][PBFT]checkTimeout Succ,view=381,toView=382,nodeIdx=0,changeCycle=0,myNode=15ac4bb3...,timecost=0.342
info|2019-12-13 23:02:19.384942|[g:1][CONSENSUS][PBFT]checkAndChangeView: Reach consensus,org_view=381,org_changeCycle=0,cur_changeCycle=0,to_view=382
info|2019-12-13 23:02:20.389009|[g:1][CONSENSUS]addRawPrepare,height=80,reqIdx=1,hash=16f43f50...
info|2019-12-13 23:02:20.389504|[g:1][CONSENSUS][PBFT]checkTimeout Succ,view=382,toView=383,nodeIdx=0,changeCycle=0,myNode=15ac4bb3...,timecost=0.344
info|2019-12-13 23:02:20.393432|[g:1][CONSENSUS][PBFT]checkAndChangeView: Reach consensus,org_view=382,org_changeCycle=0,cur_changeCycle=0,to_view=383
info|2019-12-13 23:02:21.394515|[g:1][CONSENSUS]addRawPrepare,height=80,reqIdx=2,hash=5584e652...
info|2019-12-13 23:02:21.394947|[g:1][CONSENSUS][PBFT]checkTimeout Succ,view=383,toView=384,nodeIdx=0,changeCycle=0,myNode=15ac4bb3...,timecost=0.397
info|2019-12-13 23:02:21.396652|[g:1][CONSENSUS][PBFT]checkAndChangeView: Reach consensus,org_view=383,org_changeCycle=0,cur_changeCycle=0,to_view=384
info|2019-12-13 23:02:22.399279|[g:1][CONSENSUS]addRawPrepare,height=80,reqIdx=3,hash=4fcdd968...
info|2019-12-13 23:02:22.399995|[g:1][CONSENSUS][PBFT]checkTimeout Succ,view=384,toView=385,nodeIdx=0,changeCycle=0,myNode=15ac4bb3...,timecost=0.314
info|2019-12-13 23:02:22.403554|[g:1][CONSENSUS][PBFT]checkAndChangeView: Reach consensus,org_view=384,org_changeCycle=0,cur_changeCycle=0,to_view=385
info|2019-12-13 23:02:23.404356|[g:1][CONSENSUS][SEALER]++++++++++++++++ Generating seal on,blkNum=80,tx=0,nodeIdx=0,hash=1f913636...
info|2019-12-13 23:02:23.407494|[g:1][CONSENSUS][PBFT]checkTimeout Succ,view=385,toView=386,nodeIdx=0,changeCycle=0,myNode=15ac4bb3...,timecost=0.215
info|2019-12-13 23:02:23.408440|[g:1][CONSENSUS][PBFT]checkAndChangeView: Reach consensus,org_view=385,org_changeCycle=0,cur_changeCycle=0,to_view=386
info|2019-12-13 23:02:24.411459|[g:1][CONSENSUS]addRawPrepare,height=80,reqIdx=1,hash=fdc0258a...
info|2019-12-13 23:02:24.413048|[g:1][CONSENSUS][PBFT]checkTimeout Succ,view=386,toView=387,nodeIdx=0,changeCycle=0,myNode=15ac4bb3...,timecost=1.045
info|2019-12-13 23:02:24.415532|[g:1][CONSENSUS][PBFT]checkAndChangeView: Reach consensus,org_view=386,org_changeCycle=0,cur_changeCycle=0,to_view=387
info|2019-12-13 23:02:25.417032|[g:1][CONSENSUS]addRawPrepare,height=80,reqIdx=2,hash=f5d323f8...
info|2019-12-13 23:02:25.418491|[g:1][CONSENSUS][PBFT]checkTimeout Succ,view=387,toView=388,nodeIdx=0,changeCycle=0,myNode=15ac4bb3...,timecost=0.884
info|2019-12-13 23:02:25.419938|[g:1][CONSENSUS][PBFT]checkAndChangeView: Reach consensus,org_view=387,org_changeCycle=0,cur_changeCycle=0,to_view=388
info|2019-12-13 23:02:26.425122|[g:1][CONSENSUS]addRawPrepare,height=80,reqIdx=3,hash=a3b936d9...
info|2019-12-13 23:02:26.425537|[g:1][CONSENSUS][PBFT]checkTimeout Succ,view=388,toView=389,nodeIdx=0,changeCycle=0,myNode=15ac4bb3...,timecost=0.297
info|2019-12-13 23:02:26.426441|[g:1][CONSENSUS][PBFT]checkAndChangeView: Reach consensus,org_view=388,org_changeCycle=0,cur_changeCycle=0,to_view=389
info|2019-12-13 23:02:27.427817|[g:1][CONSENSUS][SEALER]++++++++++++++++ Generating seal on,blkNum=80,tx=0,nodeIdx=0,hash=828a8c0c...
info|2019-12-13 23:02:27.429302|[g:1][CONSENSUS][PBFT]checkTimeout Succ,view=389,toView=390,nodeIdx=0,changeCycle=0,myNode=15ac4bb3...,timecost=0.596
info|2019-12-13 23:02:27.430764|[g:1][CONSENSUS][PBFT]checkAndChangeView: Reach consensus,org_view=389,org_changeCycle=0,cur_changeCycle=0,to_view=390
info|2019-12-13 23:02:28.213588|[P2P][Service] heartBeat,connected count=3
info|2019-12-13 23:02:28.432853|[g:1][CONSENSUS]addRawPrepare,height=80,reqIdx=1,hash=097c0714...
info|2019-12-13 23:02:28.435256|[g:1][CONSENSUS][PBFT]checkTimeout Succ,view=390,toView=391,nodeIdx=0,changeCycle=0,myNode=15ac4bb3...,timecost=2.306
info|2019-12-13 23:02:28.436427|[g:1][CONSENSUS][PBFT]checkAndChangeView: Reach consensus,org_view=390,org_changeCycle=0,cur_changeCycle=0,to_view=391
info|2019-12-13 23:02:29.437746|[g:1][CONSENSUS]addRawPrepare,height=80,reqIdx=2,hash=4c66d97d...
info|2019-12-13 23:02:29.438361|[g:1][CONSENSUS][PBFT]checkTimeout Succ,view=391,toView=392,nodeIdx=0,changeCycle=0,myNode=15ac4bb3...,timecost=0.506
info|2019-12-13 23:02:29.441026|[g:1][CONSENSUS][PBFT]checkAndChangeView: Reach consensus,org_view=391,org_changeCycle=0,cur_changeCycle=0,to_view=392
info|2019-12-13 23:02:30.443108|[g:1][CONSENSUS]addRawPrepare,height=80,reqIdx=3,hash=14d98a04...
info|2019-12-13 23:02:30.443372|[g:1][CONSENSUS][PBFT]checkTimeout Succ,view=392,toView=393,nodeIdx=0,changeCycle=0,myNode=15ac4bb3...,timecost=0.182
info|2019-12-13 23:02:30.444490|[g:1][CONSENSUS][PBFT]checkAndChangeView: Reach consensus,org_view=392,org_changeCycle=0,cur_changeCycle=0,to_view=393
info|2019-12-13 23:02:31.445754|[g:1][CONSENSUS][SEALER]++++++++++++++++ Generating seal on,blkNum=80,tx=0,nodeIdx=0,hash=bd1e98da...
info|2019-12-13 23:02:31.448688|[g:1][CONSENSUS][PBFT]checkTimeout Succ,view=393,toView=394,nodeIdx=0,changeCycle=0,myNode=15ac4bb3...,timecost=0.398
info|2019-12-13 23:02:31.449143|[g:1][CONSENSUS][PBFT]checkAndChangeView: Reach consensus,org_view=393,org_changeCycle=0,cur_changeCycle=0,to_view=394
info|2019-12-13 23:02:32.453306|[g:1][CONSENSUS]addRawPrepare,height=80,reqIdx=1,hash=0ce0185f...
info|2019-12-13 23:02:32.454178|[g:1][CONSENSUS][PBFT]checkTimeout Succ,view=394,toView=395,nodeIdx=0,changeCycle=0,myNode=15ac4bb3...,timecost=0.642
info|2019-12-13 23:02:32.460079|[g:1][CONSENSUS][PBFT]checkAndChangeView: Reach consensus,org_view=394,org_changeCycle=0,cur_changeCycle=0,to_view=395
info|2019-12-13 23:02:33.461980|[g:1][CONSENSUS]addRawPrepare,height=80,reqIdx=2,hash=58f1b2ba...
info|2019-12-13 23:02:33.462239|[g:1][CONSENSUS][PBFT]checkTimeout Succ,view=395,toView=396,nodeIdx=0,changeCycle=0,myNode=15ac4bb3...,timecost=0.213
info|2019-12-13 23:02:33.464241|[g:1][CONSENSUS][PBFT]checkAndChangeView: Reach consensus,org_view=395,org_changeCycle=0,cur_changeCycle=0,to_view=396
