warning|2019-12-12 00:11:16.603197|[g:1][CONSENSUS][PBFT]ViewChangeWarning: not caused by omit empty block ,v=60,toV=62,curNum=6,hash=f5ff27b2...,nodeIdx=0,myNode=15ac4bb3...
info|2019-12-12 00:11:16.604634|[g:1][CONSENSUS][PBFT]checkTimeout Succ,view=60,toView=62,nodeIdx=0,changeCycle=1,myNode=15ac4bb3...,timecost=2.302
info|2019-12-12 00:11:16.667258|[g:1][CONSENSUS][PBFT]FutureBlock,EINFO=handlePrepareMsg,reqIdx=3,view=61,reqNum=7,curNum=6,consNum=7,fromIp=127.0.0.1:30300,hash=1eea207d...,nodeIdx=0,myNode=15ac4bb3...,curChangeCycle=1
info|2019-12-12 00:11:16.667955|[g:1][CONSENSUS]addFuturePrepareCache,height=7,reqIdx=3,hash=1eea207d...
info|2019-12-12 00:11:16.669329|[g:1][CONSENSUS][PBFT]checkAndChangeView, update m_changeCycle to 1
info|2019-12-12 00:11:16.669393|[g:1][CONSENSUS][PBFT]checkAndChangeView: Reach consensus,org_view=60,org_changeCycle=1,cur_changeCycle=1,to_view=62
info|2019-12-12 00:11:16.816074|[P2P][Service] heartBeat,connected count=3
info|2019-12-12 00:11:17.669770|[g:1][CONSENSUS][SEALER]++++++++++++++++ Generating seal on,blkNum=7,tx=0,nodeIdx=0,hash=22d2b63d...
info|2019-12-12 00:11:17.672176|[g:1][CONSENSUS][PBFT]checkTimeout Succ,view=62,toView=63,nodeIdx=0,changeCycle=0,myNode=15ac4bb3...,timecost=1.84
info|2019-12-12 00:11:17.675453|[g:1][CONSENSUS][PBFT]checkAndChangeView: Reach consensus,org_view=62,org_changeCycle=0,cur_changeCycle=0,to_view=63
info|2019-12-12 00:11:18.679416|[g:1][CONSENSUS]addRawPrepare,height=7,reqIdx=1,hash=a0570b84...
info|2019-12-12 00:11:18.680328|[g:1][CONSENSUS][PBFT]checkTimeout Succ,view=63,toView=64,nodeIdx=0,changeCycle=0,myNode=15ac4bb3...,timecost=0.791
info|2019-12-12 00:11:18.681377|[g:1][CONSENSUS][PBFT]checkAndChangeView: Reach consensus,org_view=63,org_changeCycle=0,cur_changeCycle=0,to_view=64
info|2019-12-12 00:11:19.682761|[g:1][CONSENSUS]addRawPrepare,height=7,reqIdx=2,hash=61510be0...
info|2019-12-12 00:11:19.684063|[g:1][CONSENSUS][PBFT]checkTimeout Succ,view=64,toView=65,nodeIdx=0,changeCycle=0,myNode=15ac4bb3...,timecost=1.177
info|2019-12-12 00:11:19.685873|[g:1][CONSENSUS][PBFT]checkAndChangeView: Reach consensus,org_view=64,org_changeCycle=0,cur_changeCycle=0,to_view=65
info|2019-12-12 00:11:20.685575|[g:1][CONSENSUS]addRawPrepare,height=7,reqIdx=3,hash=d72e968c...
info|2019-12-12 00:11:20.687264|[g:1][CONSENSUS][PBFT]checkTimeout Succ,view=65,toView=66,nodeIdx=0,changeCycle=0,myNode=15ac4bb3...,timecost=0.453
info|2019-12-12 00:11:20.691723|[g:1][CONSENSUS][PBFT]checkAndChangeView: Reach consensus,org_view=65,org_changeCycle=0,cur_changeCycle=0,to_view=66
info|2019-12-12 00:11:21.691944|[g:1][CONSENSUS][SEALER]++++++++++++++++ Generating seal on,blkNum=7,tx=0,nodeIdx=0,hash=15c13db3...
info|2019-12-12 00:11:21.692790|[g:1][CONSENSUS][PBFT]checkTimeout Succ,view=66,toView=67,nodeIdx=0,changeCycle=0,myNode=15ac4bb3...,timecost=0.424
info|2019-12-12 00:11:21.695119|[g:1][CONSENSUS][PBFT]checkAndChangeView: Reach consensus,org_view=66,org_changeCycle=0,cur_changeCycle=0,to_view=67
info|2019-12-12 00:11:22.699068|[g:1][CONSENSUS]addRawPrepare,height=7,reqIdx=1,hash=ca111ed0...
info|2019-12-12 00:11:22.699855|[g:1][CONSENSUS][PBFT]checkTimeout Succ,view=67,toView=68,nodeIdx=0,changeCycle=0,myNode=15ac4bb3...,timecost=0.687
info|2019-12-12 00:11:22.700695|[g:1][CONSENSUS][PBFT]checkAndChangeView: Reach consensus,org_view=67,org_changeCycle=0,cur_changeCycle=0,to_view=68
info|2019-12-12 00:11:23.699057|[g:1][CONSENSUS]addRawPrepare,height=7,reqIdx=2,hash=f4854db6...
info|2019-12-12 00:11:23.699346|[g:1][CONSENSUS][PBFT]checkTimeout Succ,view=68,toView=69,nodeIdx=0,changeCycle=0,myNode=15ac4bb3...,timecost=0.21
info|2019-12-12 00:11:23.700781|[g:1][CONSENSUS][PBFT]checkAndChangeView: Reach consensus,org_view=68,org_changeCycle=0,cur_changeCycle=0,to_view=69
info|2019-12-12 00:11:24.706978|[g:1][CONSENSUS]addRawPrepare,height=7,reqIdx=3,hash=80e49f53...
info|2019-12-12 00:11:24.707228|[g:1][CONSENSUS][PBFT]checkTimeout Succ,view=69,toView=70,nodeIdx=0,changeCycle=0,myNode=15ac4bb3...,timecost=0.184
info|2019-12-12 00:11:24.707672|[g:1][CONSENSUS][PBFT]checkAndChangeView: Reach consensus,org_view=69,org_changeCycle=0,cur_changeCycle=0,to_view=70
info|2019-12-12 00:11:25.707685|[g:1][CONSENSUS][SEALER]++++++++++++++++ Generating seal on,blkNum=7,tx=0,nodeIdx=0,hash=5c8b883e...
info|2019-12-12 00:11:25.709630|[g:1][CONSENSUS][PBFT]checkTimeout Succ,view=70,toView=71,nodeIdx=0,changeCycle=0,myNode=15ac4bb3...,timecost=0.405
info|2019-12-12 00:11:25.710811|[g:1][CONSENSUS][PBFT]checkAndChangeView: Reach consensus,org_view=70,org_changeCycle=0,cur_changeCycle=0,to_view=71
info|2019-12-12 00:11:26.714263|[g:1][CONSENSUS]addRawPrepare,height=7,reqIdx=1,hash=c089dca1...
info|2019-12-12 00:11:26.714822|[g:1][CONSENSUS][PBFT]checkTimeout Succ,view=71,toView=72,nodeIdx=0,changeCycle=0,myNode=15ac4bb3...,timecost=0.412
info|2019-12-12 00:11:26.717609|[g:1][CONSENSUS][PBFT]checkAndChangeView: Reach consensus,org_view=71,org_changeCycle=0,cur_changeCycle=0,to_view=72
info|2019-12-12 00:11:26.816769|[P2P][Service] heartBeat,connected count=3
info|2019-12-12 00:11:27.720383|[g:1][CONSENSUS]addRawPrepare,height=7,reqIdx=2,hash=0190ba60...
info|2019-12-12 00:11:27.720822|[g:1][CONSENSUS][PBFT]checkTimeout Succ,view=72,toView=73,nodeIdx=0,changeCycle=0,myNode=15ac4bb3...,timecost=0.313
info|2019-12-12 00:11:27.722201|[g:1][CONSENSUS][PBFT]checkAndChangeView: Reach consensus,org_view=72,org_changeCycle=0,cur_changeCycle=0,to_view=73
info|2019-12-12 00:11:28.726591|[g:1][CONSENSUS]addRawPrepare,height=7,reqIdx=3,hash=28138315...
info|2019-12-12 00:11:28.727295|[g:1][CONSENSUS][PBFT]checkTimeout Succ,view=73,toView=74,nodeIdx=0,changeCycle=0,myNode=15ac4bb3...,timecost=0.466
info|2019-12-12 00:11:28.728247|[g:1][CONSENSUS][PBFT]checkAndChangeView: Reach consensus,org_view=73,org_changeCycle=0,cur_changeCycle=0,to_view=74
info|2019-12-12 00:11:29.729587|[g:1][CONSENSUS][SEALER]++++++++++++++++ Generating seal on,blkNum=7,tx=0,nodeIdx=0,hash=a0589dd8...
info|2019-12-12 00:11:29.732994|[g:1][CONSENSUS][PBFT]checkTimeout Succ,view=74,toView=75,nodeIdx=0,changeCycle=0,myNode=15ac4bb3...,timecost=0.776
info|2019-12-12 00:11:29.734327|[g:1][CONSENSUS][PBFT]checkAndChangeView: Reach consensus,org_view=74,org_changeCycle=0,cur_changeCycle=0,to_view=75
info|2019-12-12 00:11:30.734991|[g:1][CONSENSUS]addRawPrepare,height=7,reqIdx=1,hash=97a24c84...
info|2019-12-12 00:11:30.736526|[g:1][CONSENSUS][PBFT]checkTimeout Succ,view=75,toView=76,nodeIdx=0,changeCycle=0,myNode=15ac4bb3...,timecost=1.392
info|2019-12-12 00:11:30.739389|[g:1][CONSENSUS][PBFT]checkAndChangeView: Reach consensus,org_view=75,org_changeCycle=0,cur_changeCycle=0,to_view=76
info|2019-12-12 00:11:31.740537|[g:1][CONSENSUS]addRawPrepare,height=7,reqIdx=2,hash=0cecbc5e...
info|2019-12-12 00:11:31.741198|[g:1][CONSENSUS][PBFT]checkTimeout Succ,view=76,toView=77,nodeIdx=0,changeCycle=0,myNode=15ac4bb3...,timecost=0.466
info|2019-12-12 00:11:31.745093|[g:1][CONSENSUS][PBFT]checkAndChangeView: Reach consensus,org_view=76,org_changeCycle=0,cur_changeCycle=0,to_view=77
info|2019-12-12 00:11:32.745409|[g:1][CONSENSUS]addRawPrepare,height=7,reqIdx=3,hash=f97efb83...
info|2019-12-12 00:11:32.746206|[g:1][CONSENSUS][PBFT]checkTimeout Succ,view=77,toView=78,nodeIdx=0,changeCycle=0,myNode=15ac4bb3...,timecost=0.502
info|2019-12-12 00:11:32.747258|[g:1][CONSENSUS][PBFT]checkAndChangeView: Reach consensus,org_view=77,org_changeCycle=0,cur_changeCycle=0,to_view=78
info|2019-12-12 00:11:34.059449|[g:1][CONSENSUS][SEALER]++++++++++++++++ Generating seal on,blkNum=7,tx=0,nodeIdx=0,hash=994d5c4a...
info|2019-12-12 00:11:34.065185|[g:1][CONSENSUS][PBFT]checkTimeout Succ,view=78,toView=79,nodeIdx=0,changeCycle=0,myNode=15ac4bb3...,timecost=1.293
info|2019-12-12 00:11:34.067203|[g:1][CONSENSUS][PBFT]checkAndChangeView: Reach consensus,org_view=78,org_changeCycle=0,cur_changeCycle=0,to_view=79
info|2019-12-12 00:11:35.072624|[g:1][CONSENSUS]addRawPrepare,height=7,reqIdx=1,hash=91053cd7...
info|2019-12-12 00:11:35.073033|[g:1][CONSENSUS][PBFT]checkTimeout Succ,view=79,toView=80,nodeIdx=0,changeCycle=0,myNode=15ac4bb3...,timecost=0.274
info|2019-12-12 00:11:35.074486|[g:1][CONSENSUS][PBFT]checkAndChangeView: Reach consensus,org_view=79,org_changeCycle=0,cur_changeCycle=0,to_view=80
info|2019-12-12 00:11:36.078133|[g:1][CONSENSUS]addRawPrepare,height=7,reqIdx=2,hash=1da0deb5...
info|2019-12-12 00:11:36.078541|[g:1][CONSENSUS][PBFT]checkTimeout Succ,view=80,toView=81,nodeIdx=0,changeCycle=0,myNode=15ac4bb3...,timecost=0.282
info|2019-12-12 00:11:36.080105|[g:1][CONSENSUS][PBFT]checkAndChangeView: Reach consensus,org_view=80,org_changeCycle=0,cur_changeCycle=0,to_view=81
info|2019-12-12 00:11:36.816907|[P2P][Service] heartBeat,connected count=3
info|2019-12-12 00:11:37.084917|[g:1][CONSENSUS]addRawPrepare,height=7,reqIdx=3,hash=cb0f6c31...
info|2019-12-12 00:11:37.085990|[g:1][CONSENSUS][PBFT]checkTimeout Succ,view=81,toView=82,nodeIdx=0,changeCycle=0,myNode=15ac4bb3...,timecost=0.398
info|2019-12-12 00:11:37.086753|[g:1][CONSENSUS][PBFT]checkAndChangeView: Reach consensus,org_view=81,org_changeCycle=0,cur_changeCycle=0,to_view=82
info|2019-12-12 00:11:38.087127|[g:1][CONSENSUS][SEALER]++++++++++++++++ Generating seal on,blkNum=7,tx=0,nodeIdx=0,hash=5ed0aed9...
info|2019-12-12 00:11:38.087648|[g:1][CONSENSUS][PBFT]checkTimeout Succ,view=82,toView=83,nodeIdx=0,changeCycle=0,myNode=15ac4bb3...,timecost=0.205
info|2019-12-12 00:11:38.092589|[g:1][CONSENSUS][PBFT]checkAndChangeView: Reach consensus,org_view=82,org_changeCycle=0,cur_changeCycle=0,to_view=83
info|2019-12-12 00:11:39.096397|[g:1][CONSENSUS]addRawPrepare,height=7,reqIdx=1,hash=f970f61e...
info|2019-12-12 00:11:39.096838|[g:1][CONSENSUS][PBFT]checkTimeout Succ,view=83,toView=84,nodeIdx=0,changeCycle=0,myNode=15ac4bb3...,timecost=0.309
info|2019-12-12 00:11:39.097521|[g:1][CONSENSUS][PBFT]checkAndChangeView: Reach consensus,org_view=83,org_changeCycle=0,cur_changeCycle=0,to_view=84
info|2019-12-12 00:11:40.096829|[g:1][CONSENSUS]addRawPrepare,height=7,reqIdx=2,hash=43fed8f5...
info|2019-12-12 00:11:40.098659|[g:1][CONSENSUS][PBFT]checkTimeout Succ,view=84,toView=85,nodeIdx=0,changeCycle=0,myNode=15ac4bb3...,timecost=1.748
info|2019-12-12 00:11:40.099298|[g:1][CONSENSUS][PBFT]checkAndChangeView: Reach consensus,org_view=84,org_changeCycle=0,cur_changeCycle=0,to_view=85
info|2019-12-12 00:11:41.102396|[g:1][CONSENSUS]addRawPrepare,height=7,reqIdx=3,hash=90e0eeb2...
info|2019-12-12 00:11:41.102685|[g:1][CONSENSUS][PBFT]checkTimeout Succ,view=85,toView=86,nodeIdx=0,changeCycle=0,myNode=15ac4bb3...,timecost=0.184
info|2019-12-12 00:11:41.104316|[g:1][CONSENSUS][PBFT]checkAndChangeView: Reach consensus,org_view=85,org_changeCycle=0,cur_changeCycle=0,to_view=86
info|2019-12-12 00:11:42.105428|[g:1][CONSENSUS][SEALER]++++++++++++++++ Generating seal on,blkNum=7,tx=0,nodeIdx=0,hash=fa6476e1...
info|2019-12-12 00:11:42.106042|[g:1][CONSENSUS][PBFT]checkTimeout Succ,view=86,toView=87,nodeIdx=0,changeCycle=0,myNode=15ac4bb3...,timecost=0.285
info|2019-12-12 00:11:42.108485|[g:1][CONSENSUS][PBFT]checkAndChangeView: Reach consensus,org_view=86,org_changeCycle=0,cur_changeCycle=0,to_view=87
info|2019-12-12 00:11:43.112563|[g:1][CONSENSUS]addRawPrepare,height=7,reqIdx=1,hash=649ad7dc...
info|2019-12-12 00:11:43.113329|[g:1][CONSENSUS][PBFT]checkTimeout Succ,view=87,toView=88,nodeIdx=0,changeCycle=0,myNode=15ac4bb3...,timecost=0.676
info|2019-12-12 00:11:43.115246|[g:1][CONSENSUS][PBFT]checkAndChangeView: Reach consensus,org_view=87,org_changeCycle=0,cur_changeCycle=0,to_view=88
info|2019-12-12 00:11:44.117543|[g:1][CONSENSUS]addRawPrepare,height=7,reqIdx=2,hash=2826736d...
info|2019-12-12 00:11:44.117846|[g:1][CONSENSUS][PBFT]checkTimeout Succ,view=88,toView=89,nodeIdx=0,changeCycle=0,myNode=15ac4bb3...,timecost=0.253
info|2019-12-12 00:11:44.120352|[g:1][CONSENSUS][PBFT]checkAndChangeView: Reach consensus,org_view=88,org_changeCycle=0,cur_changeCycle=0,to_view=89
info|2019-12-12 00:11:45.120646|[g:1][CONSENSUS]addRawPrepare,height=7,reqIdx=3,hash=d7b79c7f...
info|2019-12-12 00:11:45.121010|[g:1][CONSENSUS][PBFT]checkTimeout Succ,view=89,toView=90,nodeIdx=0,changeCycle=0,myNode=15ac4bb3...,timecost=0.26
info|2019-12-12 00:11:45.123283|[g:1][CONSENSUS][PBFT]checkAndChangeView: Reach consensus,org_view=89,org_changeCycle=0,cur_changeCycle=0,to_view=90
info|2019-12-12 00:11:46.123380|[g:1][CONSENSUS][SEALER]++++++++++++++++ Generating seal on,blkNum=7,tx=0,nodeIdx=0,hash=dace2eb1...
info|2019-12-12 00:11:46.125699|[g:1][CONSENSUS][PBFT]checkTimeout Succ,view=90,toView=91,nodeIdx=0,changeCycle=0,myNode=15ac4bb3...,timecost=0.264
info|2019-12-12 00:11:46.126690|[g:1][CONSENSUS][PBFT]checkAndChangeView: Reach consensus,org_view=90,org_changeCycle=0,cur_changeCycle=0,to_view=91
info|2019-12-12 00:11:46.817080|[P2P][Service] heartBeat,connected count=3
info|2019-12-12 00:11:47.135698|[g:1][CONSENSUS]addRawPrepare,height=7,reqIdx=1,hash=eb8b8ca9...
info|2019-12-12 00:11:47.136119|[g:1][CONSENSUS][PBFT]checkTimeout Succ,view=91,toView=92,nodeIdx=0,changeCycle=0,myNode=15ac4bb3...,timecost=0.301
info|2019-12-12 00:11:47.141836|[g:1][CONSENSUS][PBFT]checkAndChangeView: Reach consensus,org_view=91,org_changeCycle=0,cur_changeCycle=0,to_view=92
info|2019-12-12 00:11:48.143179|[g:1][CONSENSUS]addRawPrepare,height=7,reqIdx=2,hash=fad3cd71...
info|2019-12-12 00:11:48.143680|[g:1][CONSENSUS][PBFT]checkTimeout Succ,view=92,toView=93,nodeIdx=0,changeCycle=0,myNode=15ac4bb3...,timecost=0.354
info|2019-12-12 00:11:48.147096|[g:1][CONSENSUS][PBFT]checkAndChangeView: Reach consensus,org_view=92,org_changeCycle=0,cur_changeCycle=0,to_view=93
info|2019-12-12 00:11:49.152000|[g:1][CONSENSUS]addRawPrepare,height=7,reqIdx=3,hash=128f9a53...
info|2019-12-12 00:11:49.153267|[g:1][CONSENSUS][PBFT]checkTimeout Succ,view=93,toView=94,nodeIdx=0,changeCycle=0,myNode=15ac4bb3...,timecost=1.073
info|2019-12-12 00:11:49.157995|[g:1][CONSENSUS][PBFT]checkAndChangeView: Reach consensus,org_view=93,org_changeCycle=0,cur_changeCycle=0,to_view=94
info|2019-12-12 00:11:50.159338|[g:1][CONSENSUS][SEALER]++++++++++++++++ Generating seal on,blkNum=7,tx=0,nodeIdx=0,hash=631bbfc1...
info|2019-12-12 00:11:50.160047|[g:1][CONSENSUS][PBFT]checkTimeout Succ,view=94,toView=95,nodeIdx=0,changeCycle=0,myNode=15ac4bb3...,timecost=0.34
info|2019-12-12 00:11:50.170210|[g:1][CONSENSUS][PBFT]checkAndChangeView: Reach consensus,org_view=94,org_changeCycle=0,cur_changeCycle=0,to_view=95
info|2019-12-12 00:11:51.169640|[g:1][CONSENSUS]addRawPrepare,height=7,reqIdx=1,hash=e5c0c2cc...
info|2019-12-12 00:11:51.170097|[g:1][CONSENSUS][PBFT]checkTimeout Succ,view=95,toView=96,nodeIdx=0,changeCycle=0,myNode=15ac4bb3...,timecost=0.311
info|2019-12-12 00:11:51.173971|[g:1][CONSENSUS][PBFT]checkAndChangeView: Reach consensus,org_view=95,org_changeCycle=0,cur_changeCycle=0,to_view=96
info|2019-12-12 00:11:52.175834|[g:1][CONSENSUS]addRawPrepare,height=7,reqIdx=2,hash=98715420...
info|2019-12-12 00:11:52.176175|[g:1][CONSENSUS][PBFT]checkTimeout Succ,view=96,toView=97,nodeIdx=0,changeCycle=0,myNode=15ac4bb3...,timecost=0.244
info|2019-12-12 00:11:52.179886|[g:1][CONSENSUS][PBFT]checkAndChangeView: Reach consensus,org_view=96,org_changeCycle=0,cur_changeCycle=0,to_view=97
info|2019-12-12 00:11:53.182580|[g:1][CONSENSUS]addRawPrepare,height=7,reqIdx=3,hash=07cb2e9f...
info|2019-12-12 00:11:53.184926|[g:1][CONSENSUS][PBFT]checkTimeout Succ,view=97,toView=98,nodeIdx=0,changeCycle=0,myNode=15ac4bb3...,timecost=1.446
info|2019-12-12 00:11:53.187391|[g:1][CONSENSUS][PBFT]checkAndChangeView: Reach consensus,org_view=97,org_changeCycle=0,cur_changeCycle=0,to_view=98
info|2019-12-12 00:11:54.187595|[g:1][CONSENSUS][SEALER]++++++++++++++++ Generating seal on,blkNum=7,tx=0,nodeIdx=0,hash=320edf36...
info|2019-12-12 00:11:54.191606|[g:1][CONSENSUS][PBFT]checkTimeout Succ,view=98,toView=99,nodeIdx=0,changeCycle=0,myNode=15ac4bb3...,timecost=1.11
info|2019-12-12 00:11:54.192352|[g:1][CONSENSUS][PBFT]checkAndChangeView: Reach consensus,org_view=98,org_changeCycle=0,cur_changeCycle=0,to_view=99
info|2019-12-12 00:11:55.192889|[g:1][CONSENSUS]addRawPrepare,height=7,reqIdx=1,hash=d2673792...
info|2019-12-12 00:11:55.194293|[g:1][CONSENSUS][PBFT]checkTimeout Succ,view=99,toView=100,nodeIdx=0,changeCycle=0,myNode=15ac4bb3...,timecost=1.147
info|2019-12-12 00:11:55.195602|[g:1][CONSENSUS][PBFT]checkAndChangeView: Reach consensus,org_view=99,org_changeCycle=0,cur_changeCycle=0,to_view=100
info|2019-12-12 00:11:56.200030|[g:1][CONSENSUS]addRawPrepare,height=7,reqIdx=2,hash=0f625bb3...
info|2019-12-12 00:11:56.202425|[g:1][CONSENSUS][PBFT]checkTimeout Succ,view=100,toView=101,nodeIdx=0,changeCycle=0,myNode=15ac4bb3...,timecost=2.23
info|2019-12-12 00:11:56.203965|[g:1][CONSENSUS][PBFT]checkAndChangeView: Reach consensus,org_view=100,org_changeCycle=0,cur_changeCycle=0,to_view=101
info|2019-12-12 00:11:56.817501|[P2P][Service] heartBeat,connected count=3
info|2019-12-12 00:11:57.207932|[g:1][CONSENSUS]addRawPrepare,height=7,reqIdx=3,hash=c9d37402...
info|2019-12-12 00:11:57.208730|[g:1][CONSENSUS][PBFT]checkTimeout Succ,view=101,toView=102,nodeIdx=0,changeCycle=0,myNode=15ac4bb3...,timecost=0.685
info|2019-12-12 00:11:57.210109|[g:1][CONSENSUS][PBFT]checkAndChangeView: Reach consensus,org_view=101,org_changeCycle=0,cur_changeCycle=0,to_view=102
info|2019-12-12 00:11:58.210884|[g:1][CONSENSUS][SEALER]++++++++++++++++ Generating seal on,blkNum=7,tx=0,nodeIdx=0,hash=68deaf4a...
info|2019-12-12 00:11:58.214260|[g:1][CONSENSUS][PBFT]checkTimeout Succ,view=102,toView=103,nodeIdx=0,changeCycle=0,myNode=15ac4bb3...,timecost=0.848
info|2019-12-12 00:11:58.215242|[g:1][CONSENSUS][PBFT]checkAndChangeView: Reach consensus,org_view=102,org_changeCycle=0,cur_changeCycle=0,to_view=103
info|2019-12-12 00:11:59.215895|[g:1][CONSENSUS]addRawPrepare,height=7,reqIdx=1,hash=df543889...
info|2019-12-12 00:11:59.217052|[g:1][CONSENSUS][PBFT]checkTimeout Succ,view=103,toView=104,nodeIdx=0,changeCycle=0,myNode=15ac4bb3...,timecost=1.071
info|2019-12-12 00:11:59.218813|[g:1][CONSENSUS][PBFT]checkAndChangeView: Reach consensus,org_view=103,org_changeCycle=0,cur_changeCycle=0,to_view=104
info|2019-12-12 00:12:00.219869|[g:1][CONSENSUS]addRawPrepare,height=7,reqIdx=2,hash=2a8b97f7...
info|2019-12-12 00:12:00.220280|[g:1][CONSENSUS][PBFT]checkTimeout Succ,view=104,toView=105,nodeIdx=0,changeCycle=0,myNode=15ac4bb3...,timecost=0.289
info|2019-12-12 00:12:00.224349|[g:1][CONSENSUS][PBFT]checkAndChangeView: Reach consensus,org_view=104,org_changeCycle=0,cur_changeCycle=0,to_view=105
info|2019-12-12 00:12:01.226777|[g:1][CONSENSUS]addRawPrepare,height=7,reqIdx=3,hash=4864b0c2...
info|2019-12-12 00:12:01.227194|[g:1][CONSENSUS][PBFT]checkTimeout Succ,view=105,toView=106,nodeIdx=0,changeCycle=0,myNode=15ac4bb3...,timecost=0.309
info|2019-12-12 00:12:01.228011|[g:1][CONSENSUS][PBFT]checkAndChangeView: Reach consensus,org_view=105,org_changeCycle=0,cur_changeCycle=0,to_view=106
info|2019-12-12 00:12:02.229494|[g:1][CONSENSUS][SEALER]++++++++++++++++ Generating seal on,blkNum=7,tx=0,nodeIdx=0,hash=00650101...
info|2019-12-12 00:12:02.232123|[g:1][CONSENSUS][PBFT]checkTimeout Succ,view=106,toView=107,nodeIdx=0,changeCycle=0,myNode=15ac4bb3...,timecost=0.255
info|2019-12-12 00:12:02.233535|[g:1][CONSENSUS][PBFT]checkAndChangeView: Reach consensus,org_view=106,org_changeCycle=0,cur_changeCycle=0,to_view=107
info|2019-12-12 00:12:03.237478|[g:1][CONSENSUS]addRawPrepare,height=7,reqIdx=1,hash=259ac82e...
info|2019-12-12 00:12:03.238558|[g:1][CONSENSUS][PBFT]checkTimeout Succ,view=107,toView=108,nodeIdx=0,changeCycle=0,myNode=15ac4bb3...,timecost=0.969
info|2019-12-12 00:12:03.242438|[g:1][CONSENSUS][PBFT]checkAndChangeView: Reach consensus,org_view=107,org_changeCycle=0,cur_changeCycle=0,to_view=108
info|2019-12-12 00:12:04.244575|[g:1][CONSENSUS]addRawPrepare,height=7,reqIdx=2,hash=1270033b...
info|2019-12-12 00:12:04.245301|[g:1][CONSENSUS][PBFT]checkTimeout Succ,view=108,toView=109,nodeIdx=0,changeCycle=0,myNode=15ac4bb3...,timecost=0.616
info|2019-12-12 00:12:04.249399|[g:1][CONSENSUS][PBFT]checkAndChangeView: Reach consensus,org_view=108,org_changeCycle=0,cur_changeCycle=0,to_view=109
info|2019-12-12 00:12:05.251417|[g:1][CONSENSUS]addRawPrepare,height=7,reqIdx=3,hash=215f7bd8...
info|2019-12-12 00:12:05.251786|[g:1][CONSENSUS][PBFT]checkTimeout Succ,view=109,toView=110,nodeIdx=0,changeCycle=0,myNode=15ac4bb3...,timecost=0.273
info|2019-12-12 00:12:05.254300|[g:1][CONSENSUS][PBFT]checkAndChangeView: Reach consensus,org_view=109,org_changeCycle=0,cur_changeCycle=0,to_view=110
info|2019-12-12 00:12:06.254387|[g:1][CONSENSUS][SEALER]++++++++++++++++ Generating seal on,blkNum=7,tx=0,nodeIdx=0,hash=ecc976a5...
info|2019-12-12 00:12:06.257467|[g:1][CONSENSUS][PBFT]checkTimeout Succ,view=110,toView=111,nodeIdx=0,changeCycle=0,myNode=15ac4bb3...,timecost=0.816
info|2019-12-12 00:12:06.259040|[g:1][CONSENSUS][PBFT]checkAndChangeView: Reach consensus,org_view=110,org_changeCycle=0,cur_changeCycle=0,to_view=111
info|2019-12-12 00:12:06.817781|[P2P][Service] heartBeat,connected count=3
info|2019-12-12 00:12:07.259164|[g:1][CONSENSUS]addRawPrepare,height=7,reqIdx=1,hash=327c5c61...
info|2019-12-12 00:12:07.259569|[g:1][CONSENSUS][PBFT]checkTimeout Succ,view=111,toView=112,nodeIdx=0,changeCycle=0,myNode=15ac4bb3...,timecost=0.292
info|2019-12-12 00:12:07.262308|[g:1][CONSENSUS][PBFT]checkAndChangeView: Reach consensus,org_view=111,org_changeCycle=0,cur_changeCycle=0,to_view=112
info|2019-12-12 00:12:08.262344|[g:1][CONSENSUS]addRawPrepare,height=7,reqIdx=2,hash=4353009e...
info|2019-12-12 00:12:08.262688|[g:1][CONSENSUS][PBFT]checkTimeout Succ,view=112,toView=113,nodeIdx=0,changeCycle=0,myNode=15ac4bb3...,timecost=0.266
info|2019-12-12 00:12:08.265165|[g:1][CONSENSUS][PBFT]checkAndChangeView: Reach consensus,org_view=112,org_changeCycle=0,cur_changeCycle=0,to_view=113
info|2019-12-12 00:12:09.269953|[g:1][CONSENSUS]addRawPrepare,height=7,reqIdx=3,hash=d08ac685...
info|2019-12-12 00:12:09.270866|[g:1][CONSENSUS][PBFT]checkTimeout Succ,view=113,toView=114,nodeIdx=0,changeCycle=0,myNode=15ac4bb3...,timecost=0.682
info|2019-12-12 00:12:09.272758|[g:1][CONSENSUS][PBFT]checkAndChangeView: Reach consensus,org_view=113,org_changeCycle=0,cur_changeCycle=0,to_view=114
info|2019-12-12 00:12:10.272421|[g:1][CONSENSUS][SEALER]++++++++++++++++ Generating seal on,blkNum=7,tx=0,nodeIdx=0,hash=52cf6b74...
info|2019-12-12 00:12:10.277507|[g:1][CONSENSUS][PBFT]checkTimeout Succ,view=114,toView=115,nodeIdx=0,changeCycle=0,myNode=15ac4bb3...,timecost=1.803
info|2019-12-12 00:12:10.278151|[g:1][CONSENSUS][PBFT]checkAndChangeView: Reach consensus,org_view=114,org_changeCycle=0,cur_changeCycle=0,to_view=115
info|2019-12-12 00:12:11.277968|[g:1][CONSENSUS]addRawPrepare,height=7,reqIdx=1,hash=8ef7c7df...
info|2019-12-12 00:12:11.278330|[g:1][CONSENSUS][PBFT]checkTimeout Succ,view=115,toView=116,nodeIdx=0,changeCycle=0,myNode=15ac4bb3...,timecost=0.239
info|2019-12-12 00:12:11.281039|[g:1][CONSENSUS][PBFT]checkAndChangeView: Reach consensus,org_view=115,org_changeCycle=0,cur_changeCycle=0,to_view=116
info|2019-12-12 00:12:12.281802|[g:1][CONSENSUS]addRawPrepare,height=7,reqIdx=2,hash=e8a71395...
info|2019-12-12 00:12:12.282603|[g:1][CONSENSUS][PBFT]checkTimeout Succ,view=116,toView=117,nodeIdx=0,changeCycle=0,myNode=15ac4bb3...,timecost=0.611
info|2019-12-12 00:12:12.285200|[g:1][CONSENSUS][PBFT]checkAndChangeView: Reach consensus,org_view=116,org_changeCycle=0,cur_changeCycle=0,to_view=117
info|2019-12-12 00:12:13.285750|[g:1][CONSENSUS]addRawPrepare,height=7,reqIdx=3,hash=080d2e43...
info|2019-12-12 00:12:13.286190|[g:1][CONSENSUS][PBFT]checkTimeout Succ,view=117,toView=118,nodeIdx=0,changeCycle=0,myNode=15ac4bb3...,timecost=0.328
info|2019-12-12 00:12:13.288776|[g:1][CONSENSUS][PBFT]checkAndChangeView: Reach consensus,org_view=117,org_changeCycle=0,cur_changeCycle=0,to_view=118
info|2019-12-12 00:12:14.289265|[g:1][CONSENSUS][SEALER]++++++++++++++++ Generating seal on,blkNum=7,tx=0,nodeIdx=0,hash=f0b98dc4...
info|2019-12-12 00:12:14.293449|[g:1][CONSENSUS][PBFT]checkTimeout Succ,view=118,toView=119,nodeIdx=0,changeCycle=0,myNode=15ac4bb3...,timecost=0.53
info|2019-12-12 00:12:14.293997|[g:1][CONSENSUS][PBFT]checkAndChangeView: Reach consensus,org_view=118,org_changeCycle=0,cur_changeCycle=0,to_view=119
info|2019-12-12 00:12:15.297553|[g:1][CONSENSUS]addRawPrepare,height=7,reqIdx=1,hash=1dd5ec2d...
info|2019-12-12 00:12:15.299115|[g:1][CONSENSUS][PBFT]checkTimeout Succ,view=119,toView=120,nodeIdx=0,changeCycle=0,myNode=15ac4bb3...,timecost=0.439
info|2019-12-12 00:12:15.301198|[g:1][CONSENSUS][PBFT]checkAndChangeView: Reach consensus,org_view=119,org_changeCycle=0,cur_changeCycle=0,to_view=120
info|2019-12-12 00:12:16.303162|[g:1][CONSENSUS]addRawPrepare,height=7,reqIdx=2,hash=8115a71d...
info|2019-12-12 00:12:16.304602|[g:1][CONSENSUS][PBFT]checkTimeout Succ,view=120,toView=121,nodeIdx=0,changeCycle=0,myNode=15ac4bb3...,timecost=1.338
info|2019-12-12 00:12:16.305574|[g:1][CONSENSUS][PBFT]checkAndChangeView: Reach consensus,org_view=120,org_changeCycle=0,cur_changeCycle=0,to_view=121
info|2019-12-12 00:12:16.818053|[P2P][Service] heartBeat,connected count=3
info|2019-12-12 00:12:17.305658|[g:1][CONSENSUS]addRawPrepare,height=7,reqIdx=3,hash=1f6f6e26...
info|2019-12-12 00:12:17.306203|[g:1][CONSENSUS][PBFT]checkTimeout Succ,view=121,toView=122,nodeIdx=0,changeCycle=0,myNode=15ac4bb3...,timecost=0.404
info|2019-12-12 00:12:17.307279|[g:1][CONSENSUS][PBFT]checkAndChangeView: Reach consensus,org_view=121,org_changeCycle=0,cur_changeCycle=0,to_view=122
info|2019-12-12 00:12:18.308353|[g:1][CONSENSUS][SEALER]++++++++++++++++ Generating seal on,blkNum=7,tx=0,nodeIdx=0,hash=f4195466...
info|2019-12-12 00:12:18.309036|[g:1][CONSENSUS][PBFT]checkTimeout Succ,view=122,toView=123,nodeIdx=0,changeCycle=0,myNode=15ac4bb3...,timecost=0.371
info|2019-12-12 00:12:18.311892|[g:1][CONSENSUS][PBFT]checkAndChangeView: Reach consensus,org_view=122,org_changeCycle=0,cur_changeCycle=0,to_view=123
info|2019-12-12 00:12:19.314568|[g:1][CONSENSUS]addRawPrepare,height=7,reqIdx=1,hash=93c6d417...
info|2019-12-12 00:12:19.314972|[g:1][CONSENSUS][PBFT]checkTimeout Succ,view=123,toView=124,nodeIdx=0,changeCycle=0,myNode=15ac4bb3...,timecost=0.266
info|2019-12-12 00:12:19.317123|[g:1][CONSENSUS][PBFT]checkAndChangeView: Reach consensus,org_view=123,org_changeCycle=0,cur_changeCycle=0,to_view=124
info|2019-12-12 00:12:20.319469|[g:1][CONSENSUS]addRawPrepare,height=7,reqIdx=2,hash=3a5f3b8d...
info|2019-12-12 00:12:20.321009|[g:1][CONSENSUS][PBFT]checkTimeout Succ,view=124,toView=125,nodeIdx=0,changeCycle=0,myNode=15ac4bb3...,timecost=1.417
info|2019-12-12 00:12:20.322115|[g:1][CONSENSUS][PBFT]checkAndChangeView: Reach consensus,org_view=124,org_changeCycle=0,cur_changeCycle=0,to_view=125
info|2019-12-12 00:12:21.324081|[g:1][CONSENSUS]addRawPrepare,height=7,reqIdx=3,hash=4219e589...
info|2019-12-12 00:12:21.325280|[g:1][CONSENSUS][PBFT]checkTimeout Succ,view=125,toView=126,nodeIdx=0,changeCycle=0,myNode=15ac4bb3...,timecost=0.916
info|2019-12-12 00:12:21.327152|[g:1][CONSENSUS][PBFT]checkAndChangeView: Reach consensus,org_view=125,org_changeCycle=0,cur_changeCycle=0,to_view=126
info|2019-12-12 00:12:22.328064|[g:1][CONSENSUS][SEALER]++++++++++++++++ Generating seal on,blkNum=7,tx=0,nodeIdx=0,hash=9eb018c9...
info|2019-12-12 00:12:22.330268|[g:1][CONSENSUS][PBFT]checkTimeout Succ,view=126,toView=127,nodeIdx=0,changeCycle=0,myNode=15ac4bb3...,timecost=0.198
info|2019-12-12 00:12:22.330615|[g:1][CONSENSUS][PBFT]checkAndChangeView: Reach consensus,org_view=126,org_changeCycle=0,cur_changeCycle=0,to_view=127
info|2019-12-12 00:12:23.332884|[g:1][CONSENSUS]addRawPrepare,height=7,reqIdx=1,hash=13132854...
info|2019-12-12 00:12:23.333825|[g:1][CONSENSUS][PBFT]checkTimeout Succ,view=127,toView=128,nodeIdx=0,changeCycle=0,myNode=15ac4bb3...,timecost=0.692
info|2019-12-12 00:12:23.335761|[g:1][CONSENSUS][PBFT]checkAndChangeView: Reach consensus,org_view=127,org_changeCycle=0,cur_changeCycle=0,to_view=128
info|2019-12-12 00:12:24.337461|[g:1][CONSENSUS]addRawPrepare,height=7,reqIdx=2,hash=a0ea6baf...
info|2019-12-12 00:12:24.338841|[g:1][CONSENSUS][PBFT]checkTimeout Succ,view=128,toView=129,nodeIdx=0,changeCycle=0,myNode=15ac4bb3...,timecost=0.445
info|2019-12-12 00:12:24.340668|[g:1][CONSENSUS][PBFT]checkAndChangeView: Reach consensus,org_view=128,org_changeCycle=0,cur_changeCycle=0,to_view=129
info|2019-12-12 00:12:25.341237|[g:1][CONSENSUS]addRawPrepare,height=7,reqIdx=3,hash=4123c01d...
info|2019-12-12 00:12:25.341683|[g:1][CONSENSUS][PBFT]checkTimeout Succ,view=129,toView=130,nodeIdx=0,changeCycle=0,myNode=15ac4bb3...,timecost=0.325
info|2019-12-12 00:12:25.343400|[g:1][CONSENSUS][PBFT]checkAndChangeView: Reach consensus,org_view=129,org_changeCycle=0,cur_changeCycle=0,to_view=130
info|2019-12-12 00:12:26.343277|[g:1][CONSENSUS][SEALER]++++++++++++++++ Generating seal on,blkNum=7,tx=0,nodeIdx=0,hash=b45d7009...
info|2019-12-12 00:12:26.348425|[g:1][CONSENSUS][PBFT]checkTimeout Succ,view=130,toView=131,nodeIdx=0,changeCycle=0,myNode=15ac4bb3...,timecost=0.605
info|2019-12-12 00:12:26.349524|[g:1][CONSENSUS][PBFT]checkAndChangeView: Reach consensus,org_view=130,org_changeCycle=0,cur_changeCycle=0,to_view=131
info|2019-12-12 00:12:26.818333|[P2P][Service] heartBeat,connected count=3
info|2019-12-12 00:12:27.352622|[g:1][CONSENSUS]addRawPrepare,height=7,reqIdx=1,hash=c241f5c0...
info|2019-12-12 00:12:27.353125|[g:1][CONSENSUS][PBFT]checkTimeout Succ,view=131,toView=132,nodeIdx=0,changeCycle=0,myNode=15ac4bb3...,timecost=0.335
info|2019-12-12 00:12:27.354496|[g:1][CONSENSUS][PBFT]checkAndChangeView: Reach consensus,org_view=131,org_changeCycle=0,cur_changeCycle=0,to_view=132
info|2019-12-12 00:12:28.355663|[g:1][CONSENSUS]addRawPrepare,height=7,reqIdx=2,hash=ff3a4e30...
info|2019-12-12 00:12:28.356352|[g:1][CONSENSUS][PBFT]checkTimeout Succ,view=132,toView=133,nodeIdx=0,changeCycle=0,myNode=15ac4bb3...,timecost=0.496
info|2019-12-12 00:12:28.357472|[g:1][CONSENSUS][PBFT]checkAndChangeView: Reach consensus,org_view=132,org_changeCycle=0,cur_changeCycle=0,to_view=133
info|2019-12-12 00:12:29.360447|[g:1][CONSENSUS]addRawPrepare,height=7,reqIdx=3,hash=5f92cd89...
info|2019-12-12 00:12:29.362588|[g:1][CONSENSUS][PBFT]checkTimeout Succ,view=133,toView=134,nodeIdx=0,changeCycle=0,myNode=15ac4bb3...,timecost=1.478
info|2019-12-12 00:12:29.364199|[g:1][CONSENSUS][PBFT]checkAndChangeView: Reach consensus,org_view=133,org_changeCycle=0,cur_changeCycle=0,to_view=134
info|2019-12-12 00:12:30.364561|[g:1][CONSENSUS][SEALER]++++++++++++++++ Generating seal on,blkNum=7,tx=0,nodeIdx=0,hash=36c97573...
info|2019-12-12 00:12:30.366019|[g:1][CONSENSUS][PBFT]checkTimeout Succ,view=134,toView=135,nodeIdx=0,changeCycle=0,myNode=15ac4bb3...,timecost=0.644
info|2019-12-12 00:12:30.369777|[g:1][CONSENSUS][PBFT]checkAndChangeView: Reach consensus,org_view=134,org_changeCycle=0,cur_changeCycle=0,to_view=135
info|2019-12-12 00:12:31.369119|[g:1][CONSENSUS]addRawPrepare,height=7,reqIdx=1,hash=9235d52b...
info|2019-12-12 00:12:31.369514|[g:1][CONSENSUS][PBFT]checkTimeout Succ,view=135,toView=136,nodeIdx=0,changeCycle=0,myNode=15ac4bb3...,timecost=0.282
info|2019-12-12 00:12:31.371678|[g:1][CONSENSUS][PBFT]checkAndChangeView: Reach consensus,org_view=135,org_changeCycle=0,cur_changeCycle=0,to_view=136
info|2019-12-12 00:12:32.375230|[g:1][CONSENSUS]addRawPrepare,height=7,reqIdx=2,hash=73356fa8...
info|2019-12-12 00:12:32.375807|[g:1][CONSENSUS][PBFT]checkTimeout Succ,view=136,toView=137,nodeIdx=0,changeCycle=0,myNode=15ac4bb3...,timecost=0.484
info|2019-12-12 00:12:32.377074|[g:1][CONSENSUS][PBFT]checkAndChangeView: Reach consensus,org_view=136,org_changeCycle=0,cur_changeCycle=0,to_view=137
info|2019-12-12 00:12:33.379842|[g:1][CONSENSUS]addRawPrepare,height=7,reqIdx=3,hash=c9fa4f68...
info|2019-12-12 00:12:33.381012|[g:1][CONSENSUS][PBFT]checkTimeout Succ,view=137,toView=138,nodeIdx=0,changeCycle=0,myNode=15ac4bb3...,timecost=0.347
info|2019-12-12 00:12:33.382159|[g:1][CONSENSUS][PBFT]checkAndChangeView: Reach consensus,org_view=137,org_changeCycle=0,cur_changeCycle=0,to_view=138
info|2019-12-12 00:12:34.383298|[g:1][CONSENSUS][SEALER]++++++++++++++++ Generating seal on,blkNum=7,tx=0,nodeIdx=0,hash=642d01ee...
info|2019-12-12 00:12:34.384468|[g:1][CONSENSUS][PBFT]checkTimeout Succ,view=138,toView=139,nodeIdx=0,changeCycle=0,myNode=15ac4bb3...,timecost=0.398
info|2019-12-12 00:12:34.386554|[g:1][CONSENSUS][PBFT]checkAndChangeView: Reach consensus,org_view=138,org_changeCycle=0,cur_changeCycle=0,to_view=139
info|2019-12-12 00:12:35.387893|[g:1][CONSENSUS]addRawPrepare,height=7,reqIdx=1,hash=e4159421...
info|2019-12-12 00:12:35.388412|[g:1][CONSENSUS][PBFT]checkTimeout Succ,view=139,toView=140,nodeIdx=0,changeCycle=0,myNode=15ac4bb3...,timecost=0.388
info|2019-12-12 00:12:35.390563|[g:1][CONSENSUS][PBFT]checkAndChangeView: Reach consensus,org_view=139,org_changeCycle=0,cur_changeCycle=0,to_view=140
info|2019-12-12 00:12:36.393136|[g:1][CONSENSUS]addRawPrepare,height=7,reqIdx=2,hash=7df2806f...
info|2019-12-12 00:12:36.394196|[g:1][CONSENSUS][PBFT]checkTimeout Succ,view=140,toView=141,nodeIdx=0,changeCycle=0,myNode=15ac4bb3...,timecost=0.913
info|2019-12-12 00:12:36.395199|[g:1][CONSENSUS][PBFT]checkAndChangeView: Reach consensus,org_view=140,org_changeCycle=0,cur_changeCycle=0,to_view=141
info|2019-12-12 00:12:36.818721|[P2P][Service] heartBeat,connected count=3
info|2019-12-12 00:12:37.396550|[g:1][CONSENSUS]addRawPrepare,height=7,reqIdx=3,hash=f0349a1f...
info|2019-12-12 00:12:37.397325|[g:1][CONSENSUS][PBFT]checkTimeout Succ,view=141,toView=142,nodeIdx=0,changeCycle=0,myNode=15ac4bb3...,timecost=0.559
info|2019-12-12 00:12:37.398825|[g:1][CONSENSUS][PBFT]checkAndChangeView: Reach consensus,org_view=141,org_changeCycle=0,cur_changeCycle=0,to_view=142
info|2019-12-12 00:12:38.398594|[g:1][CONSENSUS][SEALER]++++++++++++++++ Generating seal on,blkNum=7,tx=0,nodeIdx=0,hash=5a364653...
info|2019-12-12 00:12:38.399195|[g:1][CONSENSUS][PBFT]checkTimeout Succ,view=142,toView=143,nodeIdx=0,changeCycle=0,myNode=15ac4bb3...,timecost=0.268
info|2019-12-12 00:12:38.401985|[g:1][CONSENSUS][PBFT]checkAndChangeView: Reach consensus,org_view=142,org_changeCycle=0,cur_changeCycle=0,to_view=143
info|2019-12-12 00:12:39.406278|[g:1][CONSENSUS]addRawPrepare,height=7,reqIdx=1,hash=a135c042...
info|2019-12-12 00:12:39.406649|[g:1][CONSENSUS][PBFT]checkTimeout Succ,view=143,toView=144,nodeIdx=0,changeCycle=0,myNode=15ac4bb3...,timecost=0.282
info|2019-12-12 00:12:39.409719|[g:1][CONSENSUS][PBFT]checkAndChangeView: Reach consensus,org_view=143,org_changeCycle=0,cur_changeCycle=0,to_view=144
info|2019-12-12 00:12:40.410483|[g:1][CONSENSUS]addRawPrepare,height=7,reqIdx=2,hash=f70710df...
info|2019-12-12 00:12:40.410861|[g:1][CONSENSUS][PBFT]checkTimeout Succ,view=144,toView=145,nodeIdx=0,changeCycle=0,myNode=15ac4bb3...,timecost=0.248
info|2019-12-12 00:12:40.412969|[g:1][CONSENSUS][PBFT]checkAndChangeView: Reach consensus,org_view=144,org_changeCycle=0,cur_changeCycle=0,to_view=145
info|2019-12-12 00:12:41.413099|[g:1][CONSENSUS]addRawPrepare,height=7,reqIdx=3,hash=e2a3cf8b...
info|2019-12-12 00:12:41.414402|[g:1][CONSENSUS][PBFT]checkTimeout Succ,view=145,toView=146,nodeIdx=0,changeCycle=0,myNode=15ac4bb3...,timecost=0.997
info|2019-12-12 00:12:41.416119|[g:1][CONSENSUS][PBFT]checkAndChangeView: Reach consensus,org_view=145,org_changeCycle=0,cur_changeCycle=0,to_view=146
info|2019-12-12 00:12:42.416762|[g:1][CONSENSUS][SEALER]++++++++++++++++ Generating seal on,blkNum=7,tx=0,nodeIdx=0,hash=aefa9658...
info|2019-12-12 00:12:42.422003|[g:1][CONSENSUS][PBFT]checkTimeout Succ,view=146,toView=147,nodeIdx=0,changeCycle=0,myNode=15ac4bb3...,timecost=0.323
info|2019-12-12 00:12:42.423219|[g:1][CONSENSUS][PBFT]checkAndChangeView: Reach consensus,org_view=146,org_changeCycle=0,cur_changeCycle=0,to_view=147
info|2019-12-12 00:12:43.422428|[g:1][CONSENSUS]addRawPrepare,height=7,reqIdx=1,hash=4263a8f5...
info|2019-12-12 00:12:43.422976|[g:1][CONSENSUS][PBFT]checkTimeout Succ,view=147,toView=148,nodeIdx=0,changeCycle=0,myNode=15ac4bb3...,timecost=0.423
info|2019-12-12 00:12:43.426913|[g:1][CONSENSUS][PBFT]checkAndChangeView: Reach consensus,org_view=147,org_changeCycle=0,cur_changeCycle=0,to_view=148
info|2019-12-12 00:12:44.432276|[g:1][CONSENSUS]addRawPrepare,height=7,reqIdx=2,hash=c601a7cf...
info|2019-12-12 00:12:44.433684|[g:1][CONSENSUS][PBFT]checkTimeout Succ,view=148,toView=149,nodeIdx=0,changeCycle=0,myNode=15ac4bb3...,timecost=1.304
info|2019-12-12 00:12:44.435414|[g:1][CONSENSUS][PBFT]checkAndChangeView: Reach consensus,org_view=148,org_changeCycle=0,cur_changeCycle=0,to_view=149
info|2019-12-12 00:12:45.439433|[g:1][CONSENSUS]addRawPrepare,height=7,reqIdx=3,hash=6db01874...
info|2019-12-12 00:12:45.439851|[g:1][CONSENSUS][PBFT]checkTimeout Succ,view=149,toView=150,nodeIdx=0,changeCycle=0,myNode=15ac4bb3...,timecost=0.273
info|2019-12-12 00:12:45.443813|[g:1][CONSENSUS][PBFT]checkAndChangeView: Reach consensus,org_view=149,org_changeCycle=0,cur_changeCycle=0,to_view=150
info|2019-12-12 00:12:46.448111|[g:1][CONSENSUS][SEALER]++++++++++++++++ Generating seal on,blkNum=7,tx=0,nodeIdx=0,hash=49ba7f87...
info|2019-12-12 00:12:46.474168|[g:1][CONSENSUS][PBFT]checkTimeout Succ,view=150,toView=151,nodeIdx=0,changeCycle=0,myNode=15ac4bb3...,timecost=4.13
info|2019-12-12 00:12:46.498950|[g:1][CONSENSUS][PBFT]checkAndChangeView: Reach consensus,org_view=150,org_changeCycle=0,cur_changeCycle=0,to_view=151
info|2019-12-12 00:12:46.824128|[P2P][Service] heartBeat,connected count=3
info|2019-12-12 00:12:47.518031|[g:1][CONSENSUS]addRawPrepare,height=7,reqIdx=1,hash=d2a72b20...
info|2019-12-12 00:12:47.522108|[g:1][CONSENSUS][PBFT]checkTimeout Succ,view=151,toView=152,nodeIdx=0,changeCycle=0,myNode=15ac4bb3...,timecost=1.957
info|2019-12-12 00:12:47.536635|[g:1][CONSENSUS][PBFT]checkAndChangeView: Reach consensus,org_view=151,org_changeCycle=0,cur_changeCycle=0,to_view=152
info|2019-12-12 00:12:48.546496|[g:1][CONSENSUS]addRawPrepare,height=7,reqIdx=2,hash=9203e9d0...
info|2019-12-12 00:12:48.548242|[g:1][CONSENSUS][PBFT]checkTimeout Succ,view=152,toView=153,nodeIdx=0,changeCycle=0,myNode=15ac4bb3...,timecost=1.171
info|2019-12-12 00:12:48.567872|[g:1][CONSENSUS][PBFT]checkAndChangeView: Reach consensus,org_view=152,org_changeCycle=0,cur_changeCycle=0,to_view=153
info|2019-12-12 00:12:49.639732|[g:1][CONSENSUS]addRawPrepare,height=7,reqIdx=3,hash=c923a931...
info|2019-12-12 00:12:49.647926|[g:1][CONSENSUS][PBFT]checkTimeout Succ,view=153,toView=154,nodeIdx=0,changeCycle=0,myNode=15ac4bb3...,timecost=7.39
info|2019-12-12 00:12:49.672055|[g:1][CONSENSUS][PBFT]checkAndChangeView: Reach consensus,org_view=153,org_changeCycle=0,cur_changeCycle=0,to_view=154
info|2019-12-12 00:12:50.689377|[g:1][CONSENSUS][SEALER]++++++++++++++++ Generating seal on,blkNum=7,tx=0,nodeIdx=0,hash=2ba2d24b...
info|2019-12-12 00:12:50.739606|[g:1][CONSENSUS][PBFT]checkTimeout Succ,view=154,toView=155,nodeIdx=0,changeCycle=0,myNode=15ac4bb3...,timecost=1.794
info|2019-12-12 00:12:50.775599|[g:1][CONSENSUS][PBFT]checkAndChangeView: Reach consensus,org_view=154,org_changeCycle=0,cur_changeCycle=0,to_view=155
info|2019-12-12 00:12:51.840223|[g:1][CONSENSUS]addRawPrepare,height=7,reqIdx=1,hash=8c80ecd4...
info|2019-12-12 00:12:51.851782|[g:1][CONSENSUS][PBFT]checkTimeout Succ,view=155,toView=156,nodeIdx=0,changeCycle=0,myNode=15ac4bb3...,timecost=8.076
info|2019-12-12 00:12:51.870031|[g:1][CONSENSUS][PBFT]checkAndChangeView: Reach consensus,org_view=155,org_changeCycle=0,cur_changeCycle=0,to_view=156
info|2019-12-12 00:12:52.928853|[g:1][CONSENSUS]addRawPrepare,height=7,reqIdx=2,hash=ec2d8ada...
info|2019-12-12 00:12:52.931051|[g:1][CONSENSUS][PBFT]checkTimeout Succ,view=156,toView=157,nodeIdx=0,changeCycle=0,myNode=15ac4bb3...,timecost=0.656
info|2019-12-12 00:12:52.950762|[g:1][CONSENSUS][PBFT]checkAndChangeView: Reach consensus,org_view=156,org_changeCycle=0,cur_changeCycle=0,to_view=157
info|2019-12-12 00:12:54.028944|[g:1][CONSENSUS]addRawPrepare,height=7,reqIdx=3,hash=f00f1511...
info|2019-12-12 00:12:54.034119|[g:1][CONSENSUS][PBFT]checkTimeout Succ,view=157,toView=158,nodeIdx=0,changeCycle=0,myNode=15ac4bb3...,timecost=3.881
info|2019-12-12 00:12:54.041546|[g:1][CONSENSUS][PBFT]checkAndChangeView: Reach consensus,org_view=157,org_changeCycle=0,cur_changeCycle=0,to_view=158
info|2019-12-12 00:12:55.041898|[g:1][CONSENSUS][SEALER]++++++++++++++++ Generating seal on,blkNum=7,tx=0,nodeIdx=0,hash=ecf14878...
info|2019-12-12 00:12:55.045258|[g:1][CONSENSUS][PBFT]checkTimeout Succ,view=158,toView=159,nodeIdx=0,changeCycle=0,myNode=15ac4bb3...,timecost=1.137
info|2019-12-12 00:12:55.065776|[g:1][CONSENSUS][PBFT]checkAndChangeView: Reach consensus,org_view=158,org_changeCycle=0,cur_changeCycle=0,to_view=159
info|2019-12-12 00:12:56.101038|[g:1][CONSENSUS]addRawPrepare,height=7,reqIdx=1,hash=8dbb9071...
info|2019-12-12 00:12:56.109832|[g:1][CONSENSUS][PBFT]checkTimeout Succ,view=159,toView=160,nodeIdx=0,changeCycle=0,myNode=15ac4bb3...,timecost=1.851
info|2019-12-12 00:12:56.115660|[g:1][CONSENSUS][PBFT]checkAndChangeView: Reach consensus,org_view=159,org_changeCycle=0,cur_changeCycle=0,to_view=160
info|2019-12-12 00:12:56.839760|[P2P][Service] heartBeat,connected count=3
info|2019-12-12 00:12:57.127890|[g:1][CONSENSUS]addRawPrepare,height=7,reqIdx=2,hash=33e382b0...
info|2019-12-12 00:12:57.132467|[g:1][CONSENSUS][PBFT]checkTimeout Succ,view=160,toView=161,nodeIdx=0,changeCycle=0,myNode=15ac4bb3...,timecost=4.217
info|2019-12-12 00:12:57.151548|[g:1][CONSENSUS][PBFT]checkAndChangeView: Reach consensus,org_view=160,org_changeCycle=0,cur_changeCycle=0,to_view=161
info|2019-12-12 00:12:58.211284|[g:1][CONSENSUS]addRawPrepare,height=7,reqIdx=3,hash=47dd4ba9...
info|2019-12-12 00:12:58.212343|[g:1][CONSENSUS][PBFT]checkTimeout Succ,view=161,toView=162,nodeIdx=0,changeCycle=0,myNode=15ac4bb3...,timecost=0.715
info|2019-12-12 00:12:58.240888|[g:1][CONSENSUS][PBFT]checkAndChangeView: Reach consensus,org_view=161,org_changeCycle=0,cur_changeCycle=0,to_view=162
info|2019-12-12 00:12:59.247405|[g:1][CONSENSUS][SEALER]++++++++++++++++ Generating seal on,blkNum=7,tx=0,nodeIdx=0,hash=5c3d37fa...
info|2019-12-12 00:12:59.295561|[g:1][CONSENSUS][PBFT]checkTimeout Succ,view=162,toView=163,nodeIdx=0,changeCycle=0,myNode=15ac4bb3...,timecost=3.178
info|2019-12-12 00:12:59.332481|[g:1][CONSENSUS][PBFT]checkAndChangeView: Reach consensus,org_view=162,org_changeCycle=0,cur_changeCycle=0,to_view=163
info|2019-12-12 00:13:00.473726|[g:1][CONSENSUS]addRawPrepare,height=7,reqIdx=1,hash=d4030f90...
info|2019-12-12 00:13:00.489787|[g:1][CONSENSUS][PBFT]checkTimeout Succ,view=163,toView=164,nodeIdx=0,changeCycle=0,myNode=15ac4bb3...,timecost=9.121
info|2019-12-12 00:13:00.494512|[g:1][CONSENSUS][PBFT]checkAndChangeView: Reach consensus,org_view=163,org_changeCycle=0,cur_changeCycle=0,to_view=164
info|2019-12-12 00:13:01.580729|[g:1][CONSENSUS]addRawPrepare,height=7,reqIdx=2,hash=2f4ec7e6...
info|2019-12-12 00:13:01.584031|[g:1][CONSENSUS][PBFT]checkTimeout Succ,view=164,toView=165,nodeIdx=0,changeCycle=0,myNode=15ac4bb3...,timecost=0.822
info|2019-12-12 00:13:01.593800|[g:1][CONSENSUS][PBFT]checkAndChangeView: Reach consensus,org_view=164,org_changeCycle=0,cur_changeCycle=0,to_view=165
info|2019-12-12 00:13:02.658753|[g:1][CONSENSUS]addRawPrepare,height=7,reqIdx=3,hash=24a3d5ae...
info|2019-12-12 00:13:02.660824|[g:1][CONSENSUS][PBFT]checkTimeout Succ,view=165,toView=166,nodeIdx=0,changeCycle=0,myNode=15ac4bb3...,timecost=0.833
info|2019-12-12 00:13:02.673787|[g:1][CONSENSUS][PBFT]checkAndChangeView: Reach consensus,org_view=165,org_changeCycle=0,cur_changeCycle=0,to_view=166
info|2019-12-12 00:13:03.680012|[g:1][CONSENSUS][SEALER]++++++++++++++++ Generating seal on,blkNum=7,tx=0,nodeIdx=0,hash=fcd615db...
info|2019-12-12 00:13:03.716002|[g:1][CONSENSUS][PBFT]checkTimeout Succ,view=166,toView=167,nodeIdx=0,changeCycle=0,myNode=15ac4bb3...,timecost=2.046
info|2019-12-12 00:13:03.773060|[g:1][CONSENSUS][PBFT]checkAndChangeView: Reach consensus,org_view=166,org_changeCycle=0,cur_changeCycle=0,to_view=167
info|2019-12-12 00:13:04.807651|[g:1][CONSENSUS]addRawPrepare,height=7,reqIdx=1,hash=f70565ce...
info|2019-12-12 00:13:04.811507|[g:1][CONSENSUS][PBFT]checkTimeout Succ,view=167,toView=168,nodeIdx=0,changeCycle=0,myNode=15ac4bb3...,timecost=1.29
info|2019-12-12 00:13:04.814945|[g:1][CONSENSUS][PBFT]checkAndChangeView: Reach consensus,org_view=167,org_changeCycle=0,cur_changeCycle=0,to_view=168
info|2019-12-12 00:13:05.914222|[g:1][CONSENSUS]addRawPrepare,height=7,reqIdx=2,hash=b26a0d24...
info|2019-12-12 00:13:05.919873|[g:1][CONSENSUS][PBFT]checkTimeout Succ,view=168,toView=169,nodeIdx=0,changeCycle=0,myNode=15ac4bb3...,timecost=2.242
info|2019-12-12 00:13:05.923871|[g:1][CONSENSUS][PBFT]checkAndChangeView: Reach consensus,org_view=168,org_changeCycle=0,cur_changeCycle=0,to_view=169
info|2019-12-12 00:13:06.860012|[P2P][Service] heartBeat,connected count=3
info|2019-12-12 00:13:06.978263|[g:1][CONSENSUS]addRawPrepare,height=7,reqIdx=3,hash=9202229a...
info|2019-12-12 00:13:06.979640|[g:1][CONSENSUS][PBFT]checkTimeout Succ,view=169,toView=170,nodeIdx=0,changeCycle=0,myNode=15ac4bb3...,timecost=0.699
info|2019-12-12 00:13:06.984110|[g:1][CONSENSUS][PBFT]checkAndChangeView: Reach consensus,org_view=169,org_changeCycle=0,cur_changeCycle=0,to_view=170
info|2019-12-12 00:13:07.991780|[g:1][CONSENSUS][SEALER]++++++++++++++++ Generating seal on,blkNum=7,tx=0,nodeIdx=0,hash=f0001b9e...
info|2019-12-12 00:13:08.057362|[g:1][CONSENSUS][PBFT]checkTimeout Succ,view=170,toView=171,nodeIdx=0,changeCycle=0,myNode=15ac4bb3...,timecost=2.57
info|2019-12-12 00:13:08.097000|[g:1][CONSENSUS][PBFT]checkAndChangeView: Reach consensus,org_view=170,org_changeCycle=0,cur_changeCycle=0,to_view=171
info|2019-12-12 00:13:09.230904|[g:1][CONSENSUS]addRawPrepare,height=7,reqIdx=1,hash=93fbc8ab...
info|2019-12-12 00:13:09.263881|[g:1][CONSENSUS][PBFT]checkTimeout Succ,view=171,toView=172,nodeIdx=0,changeCycle=0,myNode=15ac4bb3...,timecost=4.462
info|2019-12-12 00:13:09.274500|[g:1][CONSENSUS][PBFT]checkAndChangeView: Reach consensus,org_view=171,org_changeCycle=0,cur_changeCycle=0,to_view=172
info|2019-12-12 00:13:10.483230|[g:1][CONSENSUS]addRawPrepare,height=7,reqIdx=2,hash=4eb50aeb...
info|2019-12-12 00:13:10.485656|[g:1][CONSENSUS][PBFT]checkTimeout Succ,view=172,toView=173,nodeIdx=0,changeCycle=0,myNode=15ac4bb3...,timecost=1.072
info|2019-12-12 00:13:10.498824|[g:1][CONSENSUS][PBFT]checkAndChangeView: Reach consensus,org_view=172,org_changeCycle=0,cur_changeCycle=0,to_view=173
info|2019-12-12 00:13:11.619344|[g:1][CONSENSUS]addRawPrepare,height=7,reqIdx=3,hash=fa5d895e...
info|2019-12-12 00:13:11.620437|[g:1][CONSENSUS][PBFT]checkTimeout Succ,view=173,toView=174,nodeIdx=0,changeCycle=0,myNode=15ac4bb3...,timecost=0.746
info|2019-12-12 00:13:11.639554|[g:1][CONSENSUS][PBFT]checkAndChangeView: Reach consensus,org_view=173,org_changeCycle=0,cur_changeCycle=0,to_view=174
info|2019-12-12 00:13:12.642559|[g:1][CONSENSUS][SEALER]++++++++++++++++ Generating seal on,blkNum=7,tx=0,nodeIdx=0,hash=3a3f21ca...
info|2019-12-12 00:13:12.671209|[g:1][CONSENSUS][PBFT]checkTimeout Succ,view=174,toView=175,nodeIdx=0,changeCycle=0,myNode=15ac4bb3...,timecost=2.834
info|2019-12-12 00:13:12.700093|[g:1][CONSENSUS][PBFT]checkAndChangeView: Reach consensus,org_view=174,org_changeCycle=0,cur_changeCycle=0,to_view=175
info|2019-12-12 00:13:13.818592|[g:1][CONSENSUS]addRawPrepare,height=7,reqIdx=1,hash=68a8b0c7...
info|2019-12-12 00:13:13.827404|[g:1][CONSENSUS][PBFT]checkTimeout Succ,view=175,toView=176,nodeIdx=0,changeCycle=0,myNode=15ac4bb3...,timecost=8.261
info|2019-12-12 00:13:13.843848|[g:1][CONSENSUS][PBFT]checkAndChangeView: Reach consensus,org_view=175,org_changeCycle=0,cur_changeCycle=0,to_view=176
info|2019-12-12 00:13:14.942616|[g:1][CONSENSUS]addRawPrepare,height=7,reqIdx=2,hash=d11dc4fc...
info|2019-12-12 00:13:14.953646|[g:1][CONSENSUS][PBFT]checkTimeout Succ,view=176,toView=177,nodeIdx=0,changeCycle=0,myNode=15ac4bb3...,timecost=2.144
info|2019-12-12 00:13:14.959730|[g:1][CONSENSUS][PBFT]checkAndChangeView: Reach consensus,org_view=176,org_changeCycle=0,cur_changeCycle=0,to_view=177
info|2019-12-12 00:13:16.087707|[g:1][CONSENSUS]addRawPrepare,height=7,reqIdx=3,hash=480c087f...
info|2019-12-12 00:13:16.090456|[g:1][CONSENSUS][PBFT]checkTimeout Succ,view=177,toView=178,nodeIdx=0,changeCycle=0,myNode=15ac4bb3...,timecost=1.747
info|2019-12-12 00:13:16.101133|[g:1][CONSENSUS][PBFT]checkAndChangeView: Reach consensus,org_view=177,org_changeCycle=0,cur_changeCycle=0,to_view=178
info|2019-12-12 00:13:16.897179|[P2P][Service] heartBeat,connected count=3
info|2019-12-12 00:13:17.104625|[g:1][CONSENSUS][SEALER]++++++++++++++++ Generating seal on,blkNum=7,tx=0,nodeIdx=0,hash=0ea35759...
info|2019-12-12 00:13:17.122547|[g:1][CONSENSUS][PBFT]checkTimeout Succ,view=178,toView=179,nodeIdx=0,changeCycle=0,myNode=15ac4bb3...,timecost=0.697
info|2019-12-12 00:13:17.128102|[g:1][CONSENSUS][PBFT]checkAndChangeView: Reach consensus,org_view=178,org_changeCycle=0,cur_changeCycle=0,to_view=179
info|2019-12-12 00:13:18.212025|[g:1][CONSENSUS]addRawPrepare,height=7,reqIdx=1,hash=a788ef59...
info|2019-12-12 00:13:18.213185|[g:1][CONSENSUS][PBFT]checkTimeout Succ,view=179,toView=180,nodeIdx=0,changeCycle=0,myNode=15ac4bb3...,timecost=0.826
info|2019-12-12 00:13:18.250910|[g:1][CONSENSUS][PBFT]checkAndChangeView: Reach consensus,org_view=179,org_changeCycle=0,cur_changeCycle=0,to_view=180
info|2019-12-12 00:13:19.440474|[g:1][CONSENSUS]addRawPrepare,height=7,reqIdx=2,hash=a1fc766a...
info|2019-12-12 00:13:19.450270|[g:1][CONSENSUS][PBFT]checkTimeout Succ,view=180,toView=181,nodeIdx=0,changeCycle=0,myNode=15ac4bb3...,timecost=8.763
info|2019-12-12 00:13:19.464090|[g:1][CONSENSUS][PBFT]checkAndChangeView: Reach consensus,org_view=180,org_changeCycle=0,cur_changeCycle=0,to_view=181
info|2019-12-12 00:13:20.611843|[g:1][CONSENSUS]addRawPrepare,height=7,reqIdx=3,hash=e7de0aac...
info|2019-12-12 00:13:20.623891|[g:1][CONSENSUS][PBFT]checkTimeout Succ,view=181,toView=182,nodeIdx=0,changeCycle=0,myNode=15ac4bb3...,timecost=7.267
info|2019-12-12 00:13:20.636250|[g:1][CONSENSUS][PBFT]checkAndChangeView: Reach consensus,org_view=181,org_changeCycle=0,cur_changeCycle=0,to_view=182
info|2019-12-12 00:13:21.643067|[g:1][CONSENSUS][SEALER]++++++++++++++++ Generating seal on,blkNum=7,tx=0,nodeIdx=0,hash=9874fda0...
info|2019-12-12 00:13:21.683811|[g:1][CONSENSUS][PBFT]checkTimeout Succ,view=182,toView=183,nodeIdx=0,changeCycle=0,myNode=15ac4bb3...,timecost=2.019
info|2019-12-12 00:13:21.755715|[g:1][CONSENSUS][PBFT]checkAndChangeView: Reach consensus,org_view=182,org_changeCycle=0,cur_changeCycle=0,to_view=183
info|2019-12-12 00:13:22.794726|[g:1][CONSENSUS]addRawPrepare,height=7,reqIdx=1,hash=1bc5a9cf...
info|2019-12-12 00:13:22.795714|[g:1][CONSENSUS][PBFT]checkTimeout Succ,view=183,toView=184,nodeIdx=0,changeCycle=0,myNode=15ac4bb3...,timecost=0.707
info|2019-12-12 00:13:22.803398|[g:1][CONSENSUS][PBFT]checkAndChangeView: Reach consensus,org_view=183,org_changeCycle=0,cur_changeCycle=0,to_view=184
info|2019-12-12 00:13:23.884940|[g:1][CONSENSUS]addRawPrepare,height=7,reqIdx=2,hash=9096e854...
info|2019-12-12 00:13:23.886683|[g:1][CONSENSUS][PBFT]checkTimeout Succ,view=184,toView=185,nodeIdx=0,changeCycle=0,myNode=15ac4bb3...,timecost=1.173
info|2019-12-12 00:13:23.892074|[g:1][CONSENSUS][PBFT]checkAndChangeView: Reach consensus,org_view=184,org_changeCycle=0,cur_changeCycle=0,to_view=185
info|2019-12-12 00:13:24.951635|[g:1][CONSENSUS]addRawPrepare,height=7,reqIdx=3,hash=1f205bed...
info|2019-12-12 00:13:24.957382|[g:1][CONSENSUS][PBFT]checkTimeout Succ,view=185,toView=186,nodeIdx=0,changeCycle=0,myNode=15ac4bb3...,timecost=5.339
info|2019-12-12 00:13:24.959336|[g:1][CONSENSUS][PBFT]checkAndChangeView: Reach consensus,org_view=185,org_changeCycle=0,cur_changeCycle=0,to_view=186
info|2019-12-12 00:13:25.981761|[g:1][CONSENSUS][SEALER]++++++++++++++++ Generating seal on,blkNum=7,tx=0,nodeIdx=0,hash=33d5b49c...
info|2019-12-12 00:13:26.016407|[g:1][CONSENSUS][PBFT]checkTimeout Succ,view=186,toView=187,nodeIdx=0,changeCycle=0,myNode=15ac4bb3...,timecost=2.286
info|2019-12-12 00:13:26.047839|[g:1][CONSENSUS][PBFT]checkAndChangeView: Reach consensus,org_view=186,org_changeCycle=0,cur_changeCycle=0,to_view=187
info|2019-12-12 00:13:26.913146|[P2P][Service] heartBeat,connected count=3
info|2019-12-12 00:13:27.095371|[g:1][CONSENSUS]addRawPrepare,height=7,reqIdx=1,hash=edc5e34c...
info|2019-12-12 00:13:27.096763|[g:1][CONSENSUS][PBFT]checkTimeout Succ,view=187,toView=188,nodeIdx=0,changeCycle=0,myNode=15ac4bb3...,timecost=0.927
info|2019-12-12 00:13:27.104090|[g:1][CONSENSUS][PBFT]checkAndChangeView: Reach consensus,org_view=187,org_changeCycle=0,cur_changeCycle=0,to_view=188
info|2019-12-12 00:13:28.134828|[g:1][CONSENSUS]addRawPrepare,height=7,reqIdx=2,hash=0ba50805...
info|2019-12-12 00:13:28.137124|[g:1][CONSENSUS][PBFT]checkTimeout Succ,view=188,toView=189,nodeIdx=0,changeCycle=0,myNode=15ac4bb3...,timecost=1.415
info|2019-12-12 00:13:28.147009|[g:1][CONSENSUS][PBFT]checkAndChangeView: Reach consensus,org_view=188,org_changeCycle=0,cur_changeCycle=0,to_view=189
info|2019-12-12 00:13:29.228749|[g:1][CONSENSUS]addRawPrepare,height=7,reqIdx=3,hash=2ad96d69...
info|2019-12-12 00:13:29.234196|[g:1][CONSENSUS][PBFT]checkTimeout Succ,view=189,toView=190,nodeIdx=0,changeCycle=0,myNode=15ac4bb3...,timecost=1.401
info|2019-12-12 00:13:29.237286|[g:1][CONSENSUS][PBFT]checkAndChangeView: Reach consensus,org_view=189,org_changeCycle=0,cur_changeCycle=0,to_view=190
info|2019-12-12 00:13:30.252799|[g:1][CONSENSUS][SEALER]++++++++++++++++ Generating seal on,blkNum=7,tx=0,nodeIdx=0,hash=f21af483...
info|2019-12-12 00:13:30.375992|[g:1][CONSENSUS][PBFT]checkTimeout Succ,view=190,toView=191,nodeIdx=0,changeCycle=0,myNode=15ac4bb3...,timecost=2.637
info|2019-12-12 00:13:30.447836|[g:1][CONSENSUS][PBFT]checkAndChangeView: Reach consensus,org_view=190,org_changeCycle=0,cur_changeCycle=0,to_view=191
info|2019-12-12 00:13:31.535490|[g:1][CONSENSUS]addRawPrepare,height=7,reqIdx=1,hash=827db454...
info|2019-12-12 00:13:31.542806|[g:1][CONSENSUS][PBFT]checkTimeout Succ,view=191,toView=192,nodeIdx=0,changeCycle=0,myNode=15ac4bb3...,timecost=6.553
info|2019-12-12 00:13:31.566226|[g:1][CONSENSUS][PBFT]checkAndChangeView: Reach consensus,org_view=191,org_changeCycle=0,cur_changeCycle=0,to_view=192
info|2019-12-12 00:13:32.647024|[g:1][CONSENSUS]addRawPrepare,height=7,reqIdx=2,hash=3c4c17d4...
info|2019-12-12 00:13:32.651230|[g:1][CONSENSUS][PBFT]checkTimeout Succ,view=192,toView=193,nodeIdx=0,changeCycle=0,myNode=15ac4bb3...,timecost=0.821
info|2019-12-12 00:13:32.661016|[g:1][CONSENSUS][PBFT]checkAndChangeView: Reach consensus,org_view=192,org_changeCycle=0,cur_changeCycle=0,to_view=193
info|2019-12-12 00:13:33.799587|[g:1][CONSENSUS]addRawPrepare,height=7,reqIdx=3,hash=6c8637be...
info|2019-12-12 00:13:33.801312|[g:1][CONSENSUS][PBFT]checkTimeout Succ,view=193,toView=194,nodeIdx=0,changeCycle=0,myNode=15ac4bb3...,timecost=0.988
info|2019-12-12 00:13:33.803008|[g:1][CONSENSUS][PBFT]checkAndChangeView: Reach consensus,org_view=193,org_changeCycle=0,cur_changeCycle=0,to_view=194
info|2019-12-12 00:13:34.808068|[g:1][CONSENSUS][SEALER]++++++++++++++++ Generating seal on,blkNum=7,tx=0,nodeIdx=0,hash=e7dce77d...
info|2019-12-12 00:13:34.871716|[g:1][CONSENSUS][PBFT]checkTimeout Succ,view=194,toView=195,nodeIdx=0,changeCycle=0,myNode=15ac4bb3...,timecost=3.026
info|2019-12-12 00:13:34.906622|[g:1][CONSENSUS][PBFT]checkAndChangeView: Reach consensus,org_view=194,org_changeCycle=0,cur_changeCycle=0,to_view=195
info|2019-12-12 00:13:35.973633|[g:1][CONSENSUS]addRawPrepare,height=7,reqIdx=1,hash=746a9093...
info|2019-12-12 00:13:35.975717|[g:1][CONSENSUS][PBFT]checkTimeout Succ,view=195,toView=196,nodeIdx=0,changeCycle=0,myNode=15ac4bb3...,timecost=1.819
info|2019-12-12 00:13:35.977891|[g:1][CONSENSUS][PBFT]checkAndChangeView: Reach consensus,org_view=195,org_changeCycle=0,cur_changeCycle=0,to_view=196
info|2019-12-12 00:13:36.923594|[P2P][Service] heartBeat,connected count=3
info|2019-12-12 00:13:37.016732|[g:1][CONSENSUS]addRawPrepare,height=7,reqIdx=2,hash=840109de...
info|2019-12-12 00:13:37.019093|[g:1][CONSENSUS][PBFT]checkTimeout Succ,view=196,toView=197,nodeIdx=0,changeCycle=0,myNode=15ac4bb3...,timecost=0.533
info|2019-12-12 00:13:37.028126|[g:1][CONSENSUS][PBFT]checkAndChangeView: Reach consensus,org_view=196,org_changeCycle=0,cur_changeCycle=0,to_view=197
info|2019-12-12 00:13:38.081709|[g:1][CONSENSUS]addRawPrepare,height=7,reqIdx=3,hash=ae1122c6...
info|2019-12-12 00:13:38.082812|[g:1][CONSENSUS][PBFT]checkTimeout Succ,view=197,toView=198,nodeIdx=0,changeCycle=0,myNode=15ac4bb3...,timecost=0.618
info|2019-12-12 00:13:38.090769|[g:1][CONSENSUS][PBFT]checkAndChangeView: Reach consensus,org_view=197,org_changeCycle=0,cur_changeCycle=0,to_view=198
info|2019-12-12 00:13:39.118266|[g:1][CONSENSUS][SEALER]++++++++++++++++ Generating seal on,blkNum=7,tx=0,nodeIdx=0,hash=cd43fe9a...
info|2019-12-12 00:13:39.239119|[g:1][CONSENSUS][PBFT]checkTimeout Succ,view=198,toView=199,nodeIdx=0,changeCycle=0,myNode=15ac4bb3...,timecost=1.486
info|2019-12-12 00:13:39.304122|[g:1][CONSENSUS][PBFT]checkAndChangeView: Reach consensus,org_view=198,org_changeCycle=0,cur_changeCycle=0,to_view=199
info|2019-12-12 00:13:40.458793|[g:1][CONSENSUS]addRawPrepare,height=7,reqIdx=1,hash=c46f2ab1...
info|2019-12-12 00:13:40.477660|[g:1][CONSENSUS][PBFT]checkTimeout Succ,view=199,toView=200,nodeIdx=0,changeCycle=0,myNode=15ac4bb3...,timecost=9.857
info|2019-12-12 00:13:40.487674|[g:1][CONSENSUS][PBFT]checkAndChangeView: Reach consensus,org_view=199,org_changeCycle=0,cur_changeCycle=0,to_view=200
info|2019-12-12 00:13:41.551368|[g:1][CONSENSUS]addRawPrepare,height=7,reqIdx=2,hash=e13aa349...
info|2019-12-12 00:13:41.552560|[g:1][CONSENSUS][PBFT]checkTimeout Succ,view=200,toView=201,nodeIdx=0,changeCycle=0,myNode=15ac4bb3...,timecost=0.74
info|2019-12-12 00:13:41.561661|[g:1][CONSENSUS][PBFT]checkAndChangeView: Reach consensus,org_view=200,org_changeCycle=0,cur_changeCycle=0,to_view=201
info|2019-12-12 00:13:42.650588|[g:1][CONSENSUS]addRawPrepare,height=7,reqIdx=3,hash=3b48e871...
info|2019-12-12 00:13:42.655728|[g:1][CONSENSUS][PBFT]checkTimeout Succ,view=201,toView=202,nodeIdx=0,changeCycle=0,myNode=15ac4bb3...,timecost=2.646
info|2019-12-12 00:13:42.662435|[g:1][CONSENSUS][PBFT]checkAndChangeView: Reach consensus,org_view=201,org_changeCycle=0,cur_changeCycle=0,to_view=202
info|2019-12-12 00:13:43.667533|[g:1][CONSENSUS][SEALER]++++++++++++++++ Generating seal on,blkNum=7,tx=0,nodeIdx=0,hash=8d3b472f...
info|2019-12-12 00:13:43.736126|[g:1][CONSENSUS][PBFT]checkTimeout Succ,view=202,toView=203,nodeIdx=0,changeCycle=0,myNode=15ac4bb3...,timecost=34.106
info|2019-12-12 00:13:43.744202|[g:1][CONSENSUS][PBFT]checkAndChangeView: Reach consensus,org_view=202,org_changeCycle=0,cur_changeCycle=0,to_view=203
info|2019-12-12 00:13:44.832089|[g:1][CONSENSUS]addRawPrepare,height=7,reqIdx=1,hash=7bcd075b...
info|2019-12-12 00:13:44.848226|[g:1][CONSENSUS][PBFT]checkTimeout Succ,view=203,toView=204,nodeIdx=0,changeCycle=0,myNode=15ac4bb3...,timecost=7.994
info|2019-12-12 00:13:44.851645|[g:1][CONSENSUS][PBFT]checkAndChangeView: Reach consensus,org_view=203,org_changeCycle=0,cur_changeCycle=0,to_view=204
info|2019-12-12 00:13:46.024180|[g:1][CONSENSUS]addRawPrepare,height=7,reqIdx=2,hash=c5971bbb...
info|2019-12-12 00:13:46.034822|[g:1][CONSENSUS][PBFT]checkTimeout Succ,view=204,toView=205,nodeIdx=0,changeCycle=0,myNode=15ac4bb3...,timecost=1.217
info|2019-12-12 00:13:46.050686|[g:1][CONSENSUS][PBFT]checkAndChangeView: Reach consensus,org_view=204,org_changeCycle=0,cur_changeCycle=0,to_view=205
info|2019-12-12 00:13:46.940606|[P2P][Service] heartBeat,connected count=3
info|2019-12-12 00:13:47.115313|[g:1][CONSENSUS]addRawPrepare,height=7,reqIdx=3,hash=8a86e26a...
info|2019-12-12 00:13:47.116516|[g:1][CONSENSUS][PBFT]checkTimeout Succ,view=205,toView=206,nodeIdx=0,changeCycle=0,myNode=15ac4bb3...,timecost=0.446
info|2019-12-12 00:13:47.124691|[g:1][CONSENSUS][PBFT]checkAndChangeView: Reach consensus,org_view=205,org_changeCycle=0,cur_changeCycle=0,to_view=206
info|2019-12-12 00:13:48.169013|[g:1][CONSENSUS][SEALER]++++++++++++++++ Generating seal on,blkNum=7,tx=0,nodeIdx=0,hash=7cf5bb22...
info|2019-12-12 00:13:48.255153|[g:1][CONSENSUS][PBFT]checkTimeout Succ,view=206,toView=207,nodeIdx=0,changeCycle=0,myNode=15ac4bb3...,timecost=1.453
info|2019-12-12 00:13:48.336870|[g:1][CONSENSUS][PBFT]checkAndChangeView: Reach consensus,org_view=206,org_changeCycle=0,cur_changeCycle=0,to_view=207
info|2019-12-12 00:13:49.580966|[g:1][CONSENSUS]addRawPrepare,height=7,reqIdx=1,hash=830e3cff...
info|2019-12-12 00:13:49.583453|[g:1][CONSENSUS][PBFT]checkTimeout Succ,view=207,toView=208,nodeIdx=0,changeCycle=0,myNode=15ac4bb3...,timecost=2.202
info|2019-12-12 00:13:49.584857|[g:1][CONSENSUS][PBFT]checkAndChangeView: Reach consensus,org_view=207,org_changeCycle=0,cur_changeCycle=0,to_view=208
info|2019-12-12 00:13:50.940431|[g:1][CONSENSUS]addRawPrepare,height=7,reqIdx=2,hash=7778be3c...
info|2019-12-12 00:13:50.951560|[g:1][CONSENSUS][PBFT]checkTimeout Succ,view=208,toView=209,nodeIdx=0,changeCycle=0,myNode=15ac4bb3...,timecost=0.853
info|2019-12-12 00:13:51.000629|[g:1][CONSENSUS][PBFT]checkAndChangeView: Reach consensus,org_view=208,org_changeCycle=0,cur_changeCycle=0,to_view=209
info|2019-12-12 00:13:52.136278|[g:1][CONSENSUS]addRawPrepare,height=7,reqIdx=3,hash=932089a0...
info|2019-12-12 00:13:52.146038|[g:1][CONSENSUS][PBFT]checkTimeout Succ,view=209,toView=210,nodeIdx=0,changeCycle=0,myNode=15ac4bb3...,timecost=8.561
info|2019-12-12 00:13:52.159741|[g:1][CONSENSUS][PBFT]checkAndChangeView: Reach consensus,org_view=209,org_changeCycle=0,cur_changeCycle=0,to_view=210
info|2019-12-12 00:13:53.180116|[g:1][CONSENSUS][SEALER]++++++++++++++++ Generating seal on,blkNum=7,tx=0,nodeIdx=0,hash=3e0252d5...
info|2019-12-12 00:13:53.250624|[g:1][CONSENSUS][PBFT]checkTimeout Succ,view=210,toView=211,nodeIdx=0,changeCycle=0,myNode=15ac4bb3...,timecost=1.099
info|2019-12-12 00:13:53.307465|[g:1][CONSENSUS][PBFT]checkAndChangeView: Reach consensus,org_view=210,org_changeCycle=0,cur_changeCycle=0,to_view=211
info|2019-12-12 00:13:54.395172|[g:1][CONSENSUS]addRawPrepare,height=7,reqIdx=1,hash=4e991e83...
info|2019-12-12 00:13:54.399201|[g:1][CONSENSUS][PBFT]checkTimeout Succ,view=211,toView=212,nodeIdx=0,changeCycle=0,myNode=15ac4bb3...,timecost=3.67
info|2019-12-12 00:13:54.401768|[g:1][CONSENSUS][PBFT]checkAndChangeView: Reach consensus,org_view=211,org_changeCycle=0,cur_changeCycle=0,to_view=212
info|2019-12-12 00:13:55.506454|[g:1][CONSENSUS]addRawPrepare,height=7,reqIdx=2,hash=42843c75...
info|2019-12-12 00:13:55.511097|[g:1][CONSENSUS][PBFT]checkTimeout Succ,view=212,toView=213,nodeIdx=0,changeCycle=0,myNode=15ac4bb3...,timecost=0.807
info|2019-12-12 00:13:55.519646|[g:1][CONSENSUS][PBFT]checkAndChangeView: Reach consensus,org_view=212,org_changeCycle=0,cur_changeCycle=0,to_view=213
info|2019-12-12 00:13:56.604818|[g:1][CONSENSUS]addRawPrepare,height=7,reqIdx=3,hash=50508ae1...
info|2019-12-12 00:13:56.618294|[g:1][CONSENSUS][PBFT]checkTimeout Succ,view=213,toView=214,nodeIdx=0,changeCycle=0,myNode=15ac4bb3...,timecost=1.785
info|2019-12-12 00:13:56.629504|[g:1][CONSENSUS][PBFT]checkAndChangeView: Reach consensus,org_view=213,org_changeCycle=0,cur_changeCycle=0,to_view=214
info|2019-12-12 00:13:57.016855|[P2P][Service] heartBeat,connected count=3
info|2019-12-12 00:13:57.643369|[g:1][CONSENSUS][SEALER]++++++++++++++++ Generating seal on,blkNum=7,tx=0,nodeIdx=0,hash=7d1c7e15...
info|2019-12-12 00:13:57.686487|[g:1][CONSENSUS][PBFT]checkTimeout Succ,view=214,toView=215,nodeIdx=0,changeCycle=0,myNode=15ac4bb3...,timecost=1.696
info|2019-12-12 00:13:57.725220|[g:1][CONSENSUS][PBFT]checkAndChangeView: Reach consensus,org_view=214,org_changeCycle=0,cur_changeCycle=0,to_view=215
info|2019-12-12 00:13:58.739164|[g:1][CONSENSUS]addRawPrepare,height=7,reqIdx=1,hash=662a5559...
info|2019-12-12 00:13:58.740358|[g:1][CONSENSUS][PBFT]checkTimeout Succ,view=215,toView=216,nodeIdx=0,changeCycle=0,myNode=15ac4bb3...,timecost=0.725
info|2019-12-12 00:13:58.752101|[g:1][CONSENSUS][PBFT]checkAndChangeView: Reach consensus,org_view=215,org_changeCycle=0,cur_changeCycle=0,to_view=216
info|2019-12-12 00:13:59.825406|[g:1][CONSENSUS]addRawPrepare,height=7,reqIdx=2,hash=c7b26d5c...
info|2019-12-12 00:13:59.826710|[g:1][CONSENSUS][PBFT]checkTimeout Succ,view=216,toView=217,nodeIdx=0,changeCycle=0,myNode=15ac4bb3...,timecost=0.899
info|2019-12-12 00:13:59.828670|[g:1][CONSENSUS][PBFT]checkAndChangeView: Reach consensus,org_view=216,org_changeCycle=0,cur_changeCycle=0,to_view=217
info|2019-12-12 00:14:00.885454|[g:1][CONSENSUS]addRawPrepare,height=7,reqIdx=3,hash=bae807b1...
info|2019-12-12 00:14:00.895244|[g:1][CONSENSUS][PBFT]checkTimeout Succ,view=217,toView=218,nodeIdx=0,changeCycle=0,myNode=15ac4bb3...,timecost=0.801
info|2019-12-12 00:14:00.897587|[g:1][CONSENSUS][PBFT]checkAndChangeView: Reach consensus,org_view=217,org_changeCycle=0,cur_changeCycle=0,to_view=218
info|2019-12-12 00:14:01.905924|[g:1][CONSENSUS][SEALER]++++++++++++++++ Generating seal on,blkNum=7,tx=0,nodeIdx=0,hash=d261c1aa...
info|2019-12-12 00:14:01.948259|[g:1][CONSENSUS][PBFT]checkTimeout Succ,view=218,toView=219,nodeIdx=0,changeCycle=0,myNode=15ac4bb3...,timecost=2.822
info|2019-12-12 00:14:01.996927|[g:1][CONSENSUS][PBFT]checkAndChangeView: Reach consensus,org_view=218,org_changeCycle=0,cur_changeCycle=0,to_view=219
info|2019-12-12 00:14:03.097693|[g:1][CONSENSUS]addRawPrepare,height=7,reqIdx=1,hash=6eb83321...
info|2019-12-12 00:14:03.111146|[g:1][CONSENSUS][PBFT]checkTimeout Succ,view=219,toView=220,nodeIdx=0,changeCycle=0,myNode=15ac4bb3...,timecost=11.103
info|2019-12-12 00:14:03.132938|[g:1][CONSENSUS][PBFT]checkAndChangeView: Reach consensus,org_view=219,org_changeCycle=0,cur_changeCycle=0,to_view=220
info|2019-12-12 00:14:04.199630|[g:1][CONSENSUS]addRawPrepare,height=7,reqIdx=2,hash=9c36c1b5...
info|2019-12-12 00:14:04.200737|[g:1][CONSENSUS][PBFT]checkTimeout Succ,view=220,toView=221,nodeIdx=0,changeCycle=0,myNode=15ac4bb3...,timecost=0.715
info|2019-12-12 00:14:04.238483|[g:1][CONSENSUS][PBFT]checkAndChangeView: Reach consensus,org_view=220,org_changeCycle=0,cur_changeCycle=0,to_view=221
info|2019-12-12 00:14:05.451787|[g:1][CONSENSUS]addRawPrepare,height=7,reqIdx=3,hash=8da042cb...
info|2019-12-12 00:14:05.475784|[g:1][CONSENSUS][PBFT]checkTimeout Succ,view=221,toView=222,nodeIdx=0,changeCycle=0,myNode=15ac4bb3...,timecost=5.72
info|2019-12-12 00:14:05.494515|[g:1][CONSENSUS][PBFT]checkAndChangeView: Reach consensus,org_view=221,org_changeCycle=0,cur_changeCycle=0,to_view=222
info|2019-12-12 00:14:06.554388|[g:1][CONSENSUS][SEALER]++++++++++++++++ Generating seal on,blkNum=7,tx=0,nodeIdx=0,hash=1a2cb9c7...
info|2019-12-12 00:14:06.590786|[g:1][CONSENSUS][PBFT]checkTimeout Succ,view=222,toView=223,nodeIdx=0,changeCycle=0,myNode=15ac4bb3...,timecost=2.205
info|2019-12-12 00:14:06.627773|[g:1][CONSENSUS][PBFT]checkAndChangeView: Reach consensus,org_view=222,org_changeCycle=0,cur_changeCycle=0,to_view=223
info|2019-12-12 00:14:07.102438|[P2P][Service] heartBeat,connected count=3
info|2019-12-12 00:14:07.740374|[g:1][CONSENSUS]addRawPrepare,height=7,reqIdx=1,hash=30b1c34c...
info|2019-12-12 00:14:07.743497|[g:1][CONSENSUS][PBFT]checkTimeout Succ,view=223,toView=224,nodeIdx=0,changeCycle=0,myNode=15ac4bb3...,timecost=2.086
info|2019-12-12 00:14:07.755079|[g:1][CONSENSUS][PBFT]checkAndChangeView: Reach consensus,org_view=223,org_changeCycle=0,cur_changeCycle=0,to_view=224
info|2019-12-12 00:14:08.871395|[g:1][CONSENSUS]addRawPrepare,height=7,reqIdx=2,hash=e2275856...
info|2019-12-12 00:14:08.873968|[g:1][CONSENSUS][PBFT]checkTimeout Succ,view=224,toView=225,nodeIdx=0,changeCycle=0,myNode=15ac4bb3...,timecost=2.245
info|2019-12-12 00:14:08.891823|[g:1][CONSENSUS][PBFT]checkAndChangeView: Reach consensus,org_view=224,org_changeCycle=0,cur_changeCycle=0,to_view=225
info|2019-12-12 00:14:10.026239|[g:1][CONSENSUS]addRawPrepare,height=7,reqIdx=3,hash=3d7e5b7e...
info|2019-12-12 00:14:10.030609|[g:1][CONSENSUS][PBFT]checkTimeout Succ,view=225,toView=226,nodeIdx=0,changeCycle=0,myNode=15ac4bb3...,timecost=1.014
info|2019-12-12 00:14:10.045908|[g:1][CONSENSUS][PBFT]checkAndChangeView: Reach consensus,org_view=225,org_changeCycle=0,cur_changeCycle=0,to_view=226
info|2019-12-12 00:14:11.048786|[g:1][CONSENSUS][SEALER]++++++++++++++++ Generating seal on,blkNum=7,tx=0,nodeIdx=0,hash=f59bc4aa...
info|2019-12-12 00:14:11.090235|[g:1][CONSENSUS][PBFT]checkTimeout Succ,view=226,toView=227,nodeIdx=0,changeCycle=0,myNode=15ac4bb3...,timecost=3.161
info|2019-12-12 00:14:11.139376|[g:1][CONSENSUS][PBFT]checkAndChangeView: Reach consensus,org_view=226,org_changeCycle=0,cur_changeCycle=0,to_view=227
info|2019-12-12 00:14:12.324350|[g:1][CONSENSUS]addRawPrepare,height=7,reqIdx=1,hash=f43f75b2...
info|2019-12-12 00:14:12.360751|[g:1][CONSENSUS][PBFT]checkTimeout Succ,view=227,toView=228,nodeIdx=0,changeCycle=0,myNode=15ac4bb3...,timecost=5.911
info|2019-12-12 00:14:12.421874|[g:1][CONSENSUS][PBFT]checkAndChangeView: Reach consensus,org_view=227,org_changeCycle=0,cur_changeCycle=0,to_view=228
info|2019-12-12 00:14:13.588551|[g:1][CONSENSUS]addRawPrepare,height=7,reqIdx=2,hash=f5f6d2a1...
info|2019-12-12 00:14:13.617609|[g:1][CONSENSUS][PBFT]checkTimeout Succ,view=228,toView=229,nodeIdx=0,changeCycle=0,myNode=15ac4bb3...,timecost=7.785
info|2019-12-12 00:14:13.630884|[g:1][CONSENSUS][PBFT]checkAndChangeView: Reach consensus,org_view=228,org_changeCycle=0,cur_changeCycle=0,to_view=229
info|2019-12-12 00:14:14.724329|[g:1][CONSENSUS]addRawPrepare,height=7,reqIdx=3,hash=ca3df6ff...
info|2019-12-12 00:14:14.725454|[g:1][CONSENSUS][PBFT]checkTimeout Succ,view=229,toView=230,nodeIdx=0,changeCycle=0,myNode=15ac4bb3...,timecost=0.62
info|2019-12-12 00:14:14.753435|[g:1][CONSENSUS][PBFT]checkAndChangeView: Reach consensus,org_view=229,org_changeCycle=0,cur_changeCycle=0,to_view=230
info|2019-12-12 00:14:15.845265|[g:1][CONSENSUS][SEALER]++++++++++++++++ Generating seal on,blkNum=7,tx=0,nodeIdx=0,hash=9dd07711...
info|2019-12-12 00:14:15.938492|[g:1][CONSENSUS][PBFT]checkTimeout Succ,view=230,toView=231,nodeIdx=0,changeCycle=0,myNode=15ac4bb3...,timecost=1.038
info|2019-12-12 00:14:16.123168|[g:1][CONSENSUS][PBFT]checkAndChangeView: Reach consensus,org_view=230,org_changeCycle=0,cur_changeCycle=0,to_view=231
info|2019-12-12 00:14:17.124846|[P2P][Service] heartBeat,connected count=3
info|2019-12-12 00:14:18.630072|[g:1][CONSENSUS]addRawPrepare,height=7,reqIdx=1,hash=7fcb99ae...
info|2019-12-12 00:14:20.925288|[g:1][CONSENSUS][PBFT]checkTimeout Succ,view=231,toView=232,nodeIdx=0,changeCycle=0,myNode=15ac4bb3...,timecost=2668.08
warning|2019-12-12 00:14:22.896851|[g:1][CONSENSUS][PBFT]ViewChangeWarning: not caused by omit empty block ,v=231,toV=233,curNum=6,hash=f5ff27b2...,nodeIdx=0,myNode=15ac4bb3...
info|2019-12-12 00:14:23.322296|[g:1][CONSENSUS][PBFT]checkTimeout Succ,view=231,toView=233,nodeIdx=0,changeCycle=1,myNode=15ac4bb3...,timecost=749.585
info|2019-12-12 00:14:23.761919|[g:1][CONSENSUS][PBFT]checkAndChangeView, update m_changeCycle to 1
info|2019-12-12 00:14:23.790789|[g:1][CONSENSUS][PBFT]checkAndChangeView: Reach consensus,org_view=231,org_changeCycle=1,cur_changeCycle=1,to_view=233
info|2019-12-12 00:14:25.475698|[g:1][CONSENSUS]addRawPrepare,height=7,reqIdx=3,hash=b2eb9626...
info|2019-12-12 00:14:25.932099|[g:1][CONSENSUS][PBFT]checkTimeout Succ,view=233,toView=234,nodeIdx=0,changeCycle=0,myNode=15ac4bb3...,timecost=137.388
info|2019-12-12 00:14:26.385696|[g:1][CONSENSUS][PBFT]checkAndChangeView: Reach consensus,org_view=233,org_changeCycle=0,cur_changeCycle=0,to_view=234
info|2019-12-12 00:14:27.353227|[P2P][Service] heartBeat,connected count=3
info|2019-12-12 00:14:27.848698|[g:1][CONSENSUS][SEALER]++++++++++++++++ Generating seal on,blkNum=7,tx=0,nodeIdx=0,hash=c9e9ba50...
info|2019-12-12 00:14:29.100059|[g:1][CONSENSUS][PBFT]checkTimeout Succ,view=234,toView=235,nodeIdx=0,changeCycle=0,myNode=15ac4bb3...,timecost=205.592
info|2019-12-12 00:14:30.045202|[g:1][CONSENSUS][PBFT]checkAndChangeView: Reach consensus,org_view=234,org_changeCycle=0,cur_changeCycle=0,to_view=235
info|2019-12-12 00:14:32.593630|[g:1][CONSENSUS]addRawPrepare,height=7,reqIdx=1,hash=03157583...
info|2019-12-12 00:14:33.231742|[g:1][CONSENSUS][PBFT]checkTimeout Succ,view=235,toView=236,nodeIdx=0,changeCycle=0,myNode=15ac4bb3...,timecost=416.146
info|2019-12-12 00:14:33.855849|[g:1][CONSENSUS][PBFT]checkAndChangeView: Reach consensus,org_view=235,org_changeCycle=0,cur_changeCycle=0,to_view=236
warning|2019-12-12 00:14:37.122645|[g:1][CONSENSUS][PBFT]ViewChangeWarning: not caused by omit empty block ,v=236,toV=237,curNum=6,hash=f5ff27b2...,nodeIdx=0,myNode=15ac4bb3...
info|2019-12-12 00:14:37.520700|[g:1][CONSENSUS][PBFT]checkTimeout Succ,view=236,toView=237,nodeIdx=0,changeCycle=1,myNode=15ac4bb3...,timecost=564.548
info|2019-12-12 00:14:37.791966|[P2P][Service] heartBeat,connected count=3
info|2019-12-12 00:14:38.388160|[g:1][CONSENSUS][PBFT]checkAndChangeView: Reach consensus,org_view=236,org_changeCycle=1,cur_changeCycle=1,to_view=237
info|2019-12-12 00:14:41.912789|[g:1][CONSENSUS]addRawPrepare,height=7,reqIdx=3,hash=f558bfe8...
info|2019-12-12 00:14:42.297548|[g:1][CONSENSUS][PBFT]checkTimeout Succ,view=237,toView=238,nodeIdx=0,changeCycle=0,myNode=15ac4bb3...,timecost=489.536
info|2019-12-12 00:14:43.173709|[g:1][CONSENSUS][PBFT]checkAndChangeView: Reach consensus,org_view=237,org_changeCycle=0,cur_changeCycle=0,to_view=238
info|2019-12-12 00:14:44.462831|[g:1][CONSENSUS][SEALER]++++++++++++++++ Generating seal on,blkNum=7,tx=0,nodeIdx=0,hash=298c5db8...
info|2019-12-12 00:14:47.852260|[P2P][Service] heartBeat,connected count=3
info|2019-12-12 00:14:47.923719|[g:1][CONSENSUS][PBFT]checkTimeout Succ,view=238,toView=239,nodeIdx=0,changeCycle=0,myNode=15ac4bb3...,timecost=2820.55
warning|2019-12-12 00:14:50.782370|[g:1][CONSENSUS][PBFT]ViewChangeWarning: not caused by omit empty block ,v=238,toV=240,curNum=6,hash=f5ff27b2...,nodeIdx=0,myNode=15ac4bb3...
info|2019-12-12 00:14:51.197099|[g:1][CONSENSUS][PBFT]checkTimeout Succ,view=238,toView=240,nodeIdx=0,changeCycle=1,myNode=15ac4bb3...,timecost=663.294
info|2019-12-12 00:14:53.836026|[g:1][CONSENSUS][PBFT]FutureBlock,EINFO=handlePrepareMsg,reqIdx=1,view=239,reqNum=7,curNum=6,consNum=7,fromIp=127.0.0.1:50896,hash=eaa3bfed...,nodeIdx=0,myNode=15ac4bb3...,curChangeCycle=1
info|2019-12-12 00:14:53.865997|[g:1][CONSENSUS]addFuturePrepareCache,height=7,reqIdx=1,hash=eaa3bfed...
info|2019-12-12 00:14:53.921257|[g:1][CONSENSUS][PBFT]FutureBlock,EINFO=handlePrepareMsg,reqIdx=1,view=239,reqNum=7,curNum=6,consNum=7,fromIp=127.0.0.1:50866,hash=eaa3bfed...,nodeIdx=0,myNode=15ac4bb3...,curChangeCycle=1
info|2019-12-12 00:14:54.006171|[g:1][CONSENSUS][PBFT]FutureBlock,EINFO=handlePrepareMsg,reqIdx=1,view=239,reqNum=7,curNum=6,consNum=7,fromIp=127.0.0.1:30300,hash=eaa3bfed...,nodeIdx=0,myNode=15ac4bb3...,curChangeCycle=1
info|2019-12-12 00:14:54.702945|[g:1][CONSENSUS][PBFT]checkAndChangeView, update m_changeCycle to 1
info|2019-12-12 00:14:54.963662|[g:1][CONSENSUS][PBFT]checkAndChangeView: Reach consensus,org_view=238,org_changeCycle=1,cur_changeCycle=1,to_view=240
info|2019-12-12 00:14:57.937264|[P2P][Service] heartBeat,connected count=3
info|2019-12-12 00:14:58.688503|[g:1][CONSENSUS]addRawPrepare,height=7,reqIdx=2,hash=7e75d100...
info|2019-12-12 00:14:59.385369|[g:1][CONSENSUS][PBFT]checkTimeout Succ,view=240,toView=241,nodeIdx=0,changeCycle=0,myNode=15ac4bb3...,timecost=285.284
info|2019-12-12 00:14:59.434337|[g:1][CONSENSUS][PBFT]checkAndChangeView: Reach consensus,org_view=240,org_changeCycle=0,cur_changeCycle=0,to_view=241
info|2019-12-12 00:15:01.367398|[g:1][CONSENSUS]addRawPrepare,height=7,reqIdx=3,hash=dd084496...
info|2019-12-12 00:15:01.793440|[g:1][CONSENSUS][PBFT]checkTimeout Succ,view=241,toView=242,nodeIdx=0,changeCycle=0,myNode=15ac4bb3...,timecost=180.679
info|2019-12-12 00:15:01.912363|[g:1][CONSENSUS][PBFT]checkAndChangeView: Reach consensus,org_view=241,org_changeCycle=0,cur_changeCycle=0,to_view=242
info|2019-12-12 00:15:02.919261|[g:1][CONSENSUS][SEALER]++++++++++++++++ Generating seal on,blkNum=7,tx=0,nodeIdx=0,hash=59c8d4ec...
info|2019-12-12 00:15:03.016468|[g:1][CONSENSUS][PBFT]checkTimeout Succ,view=242,toView=243,nodeIdx=0,changeCycle=0,myNode=15ac4bb3...,timecost=8.339
info|2019-12-12 00:15:03.095634|[g:1][CONSENSUS][PBFT]checkAndChangeView: Reach consensus,org_view=242,org_changeCycle=0,cur_changeCycle=0,to_view=243
info|2019-12-12 00:15:04.348711|[g:1][CONSENSUS]addRawPrepare,height=7,reqIdx=1,hash=4842dcd0...
info|2019-12-12 00:15:04.349479|[g:1][CONSENSUS][PBFT]checkTimeout Succ,view=243,toView=244,nodeIdx=0,changeCycle=0,myNode=15ac4bb3...,timecost=0.528
info|2019-12-12 00:15:04.374171|[g:1][CONSENSUS][PBFT]checkAndChangeView: Reach consensus,org_view=243,org_changeCycle=0,cur_changeCycle=0,to_view=244
info|2019-12-12 00:15:05.389154|[g:1][CONSENSUS]addRawPrepare,height=7,reqIdx=2,hash=75e6aeb0...
info|2019-12-12 00:15:05.440681|[g:1][CONSENSUS][PBFT]checkTimeout Succ,view=244,toView=245,nodeIdx=0,changeCycle=0,myNode=15ac4bb3...,timecost=28.844
info|2019-12-12 00:15:05.457418|[g:1][CONSENSUS][PBFT]checkAndChangeView: Reach consensus,org_view=244,org_changeCycle=0,cur_changeCycle=0,to_view=245
