warning|2019-12-29 19:42:52.454997|[g:1][CONSENSUS][PBFT]ViewChangeWarning: not caused by omit empty block ,v=367,toV=368,curNum=87,hash=16ea1a12...,nodeIdx=0,myNode=15ac4bb3...
info|2019-12-29 19:42:52.456201|[g:1][CONSENSUS][PBFT]checkTimeout Succ,view=367,toView=368,nodeIdx=0,changeCycle=1,myNode=15ac4bb3...,timecost=1.826
info|2019-12-29 19:42:52.480631|[g:1][CONSENSUS][PBFT]checkAndChangeView: Reach consensus,org_view=367,org_changeCycle=1,cur_changeCycle=1,to_view=368
info|2019-12-29 19:42:53.487272|[g:1][CONSENSUS]addRawPrepare,height=88,reqIdx=3,hash=bcb16f46...
info|2019-12-29 19:42:53.487938|[g:1][CONSENSUS][PBFT]checkTimeout Succ,view=368,toView=369,nodeIdx=0,changeCycle=0,myNode=15ac4bb3...,timecost=0.488
info|2019-12-29 19:42:53.499675|[g:1][CONSENSUS][PBFT]checkAndChangeView: Reach consensus,org_view=368,org_changeCycle=0,cur_changeCycle=0,to_view=369
warning|2019-12-29 19:42:53.299358|[g:1][CONSENSUS][PBFT]ViewChangeWarning: not caused by omit empty block ,v=369,toV=370,curNum=87,hash=16ea1a12...,nodeIdx=0,myNode=15ac4bb3...
info|2019-12-29 19:42:53.299501|[g:1][CONSENSUS][PBFT]checkTimeout Succ,view=369,toView=370,nodeIdx=0,changeCycle=1,myNode=15ac4bb3...,timecost=0.356
info|2019-12-29 19:42:53.303006|[g:1][CONSENSUS][PBFT]checkAndChangeView: Reach consensus,org_view=369,org_changeCycle=1,cur_changeCycle=1,to_view=370
info|2019-12-29 19:42:54.288987|[P2P][Service] heartBeat,connected count=3
info|2019-12-29 19:42:54.318061|[g:1][CONSENSUS]addRawPrepare,height=88,reqIdx=1,hash=54fc9c7c...
info|2019-12-29 19:42:54.318933|[g:1][CONSENSUS][PBFT]checkTimeout Succ,view=370,toView=371,nodeIdx=0,changeCycle=0,myNode=15ac4bb3...,timecost=0.452
info|2019-12-29 19:42:54.319656|[g:1][CONSENSUS][PBFT]checkAndChangeView: Reach consensus,org_view=370,org_changeCycle=0,cur_changeCycle=0,to_view=371
info|2019-12-29 19:42:55.323072|[g:1][CONSENSUS]addRawPrepare,height=88,reqIdx=2,hash=af2cd3dc...
info|2019-12-29 19:42:55.323369|[g:1][CONSENSUS][PBFT]checkTimeout Succ,view=371,toView=372,nodeIdx=0,changeCycle=0,myNode=15ac4bb3...,timecost=0.209
info|2019-12-29 19:42:55.326750|[g:1][CONSENSUS][PBFT]checkAndChangeView: Reach consensus,org_view=371,org_changeCycle=0,cur_changeCycle=0,to_view=372
info|2019-12-29 19:42:56.326277|[g:1][CONSENSUS]addRawPrepare,height=88,reqIdx=3,hash=cb4b796f...
info|2019-12-29 19:42:56.327053|[g:1][CONSENSUS][PBFT]checkTimeout Succ,view=372,toView=373,nodeIdx=0,changeCycle=0,myNode=15ac4bb3...,timecost=0.507
info|2019-12-29 19:42:56.330013|[g:1][CONSENSUS][PBFT]checkAndChangeView: Reach consensus,org_view=372,org_changeCycle=0,cur_changeCycle=0,to_view=373
info|2019-12-29 19:42:57.331652|[g:1][CONSENSUS][SEALER]++++++++++++++++ Generating seal on,blkNum=88,tx=0,nodeIdx=0,hash=5fa1f84f...
info|2019-12-29 19:42:57.332460|[g:1][CONSENSUS][PBFT]checkTimeout Succ,view=373,toView=374,nodeIdx=0,changeCycle=0,myNode=15ac4bb3...,timecost=0.309
info|2019-12-29 19:42:57.334668|[g:1][CONSENSUS][PBFT]checkAndChangeView: Reach consensus,org_view=373,org_changeCycle=0,cur_changeCycle=0,to_view=374
info|2019-12-29 19:42:58.338495|[g:1][CONSENSUS]addRawPrepare,height=88,reqIdx=1,hash=ac084094...
info|2019-12-29 19:42:58.338834|[g:1][CONSENSUS][PBFT]checkTimeout Succ,view=374,toView=375,nodeIdx=0,changeCycle=0,myNode=15ac4bb3...,timecost=0.227
info|2019-12-29 19:42:58.339929|[g:1][CONSENSUS][PBFT]checkAndChangeView: Reach consensus,org_view=374,org_changeCycle=0,cur_changeCycle=0,to_view=375
info|2019-12-29 19:42:59.340476|[g:1][CONSENSUS]addRawPrepare,height=88,reqIdx=2,hash=fdd5bb80...
info|2019-12-29 19:42:59.340849|[g:1][CONSENSUS][PBFT]checkTimeout Succ,view=375,toView=376,nodeIdx=0,changeCycle=0,myNode=15ac4bb3...,timecost=0.225
info|2019-12-29 19:42:59.343194|[g:1][CONSENSUS][PBFT]checkAndChangeView: Reach consensus,org_view=375,org_changeCycle=0,cur_changeCycle=0,to_view=376
info|2019-12-29 19:43:00.346838|[g:1][CONSENSUS]addRawPrepare,height=88,reqIdx=3,hash=fdbbaf36...
info|2019-12-29 19:43:00.347222|[g:1][CONSENSUS][PBFT]checkTimeout Succ,view=376,toView=377,nodeIdx=0,changeCycle=0,myNode=15ac4bb3...,timecost=0.266
info|2019-12-29 19:43:00.349123|[g:1][CONSENSUS][PBFT]checkAndChangeView: Reach consensus,org_view=376,org_changeCycle=0,cur_changeCycle=0,to_view=377
info|2019-12-29 19:43:01.349472|[g:1][CONSENSUS][SEALER]++++++++++++++++ Generating seal on,blkNum=88,tx=0,nodeIdx=0,hash=a989c455...
info|2019-12-29 19:43:01.352872|[g:1][CONSENSUS][PBFT]checkTimeout Succ,view=377,toView=378,nodeIdx=0,changeCycle=0,myNode=15ac4bb3...,timecost=0.548
info|2019-12-29 19:43:01.353378|[g:1][CONSENSUS][PBFT]checkAndChangeView: Reach consensus,org_view=377,org_changeCycle=0,cur_changeCycle=0,to_view=378
info|2019-12-29 19:43:02.354298|[g:1][CONSENSUS]addRawPrepare,height=88,reqIdx=1,hash=d29c3806...
info|2019-12-29 19:43:02.355710|[g:1][CONSENSUS][PBFT]checkTimeout Succ,view=378,toView=379,nodeIdx=0,changeCycle=0,myNode=15ac4bb3...,timecost=0.585
info|2019-12-29 19:43:02.356684|[g:1][CONSENSUS][PBFT]checkAndChangeView: Reach consensus,org_view=378,org_changeCycle=0,cur_changeCycle=0,to_view=379
info|2019-12-29 19:43:03.362254|[g:1][CONSENSUS]addRawPrepare,height=88,reqIdx=2,hash=0c4d40ce...
info|2019-12-29 19:43:03.362784|[g:1][CONSENSUS][PBFT]checkTimeout Succ,view=379,toView=380,nodeIdx=0,changeCycle=0,myNode=15ac4bb3...,timecost=0.398
info|2019-12-29 19:43:03.371411|[g:1][CONSENSUS][PBFT]checkAndChangeView: Reach consensus,org_view=379,org_changeCycle=0,cur_changeCycle=0,to_view=380
