info|2020-01-06 18:00:00.076961|[g:1][CONSENSUS]addRawPrepare,height=139,reqIdx=2,hash=9f2e7289...
info|2020-01-06 18:00:00.077881|[g:1][CONSENSUS][PBFT]checkTimeout Succ,view=752,toView=753,nodeIdx=0,changeCycle=0,myNode=15ac4bb3...,timecost=0.665
info|2020-01-06 18:00:00.081594|[g:1][CONSENSUS][PBFT]checkAndChangeView: Reach consensus,org_view=752,org_changeCycle=0,cur_changeCycle=0,to_view=753
info|2020-01-06 18:00:01.002067|[P2P][Service] heartBeat,connected count=3
info|2020-01-06 18:00:01.089046|[g:1][CONSENSUS]addRawPrepare,height=139,reqIdx=3,hash=a3ad0887...
info|2020-01-06 18:00:01.089873|[g:1][CONSENSUS][PBFT]checkTimeout Succ,view=753,toView=754,nodeIdx=0,changeCycle=0,myNode=15ac4bb3...,timecost=0.611
info|2020-01-06 18:00:01.092479|[g:1][CONSENSUS][PBFT]checkAndChangeView: Reach consensus,org_view=753,org_changeCycle=0,cur_changeCycle=0,to_view=754
info|2020-01-06 18:00:02.093684|[g:1][CONSENSUS][SEALER]++++++++++++++++ Generating seal on,blkNum=139,tx=0,nodeIdx=0,hash=330dd308...
info|2020-01-06 18:00:02.099767|[g:1][CONSENSUS][PBFT]checkTimeout Succ,view=754,toView=755,nodeIdx=0,changeCycle=0,myNode=15ac4bb3...,timecost=1.222
info|2020-01-06 18:00:02.100497|[g:1][CONSENSUS][PBFT]checkAndChangeView: Reach consensus,org_view=754,org_changeCycle=0,cur_changeCycle=0,to_view=755
info|2020-01-06 18:00:03.101928|[g:1][CONSENSUS]addRawPrepare,height=139,reqIdx=1,hash=f7945b2b...
info|2020-01-06 18:00:03.102845|[g:1][CONSENSUS][PBFT]checkTimeout Succ,view=755,toView=756,nodeIdx=0,changeCycle=0,myNode=15ac4bb3...,timecost=0.82
info|2020-01-06 18:00:03.103689|[g:1][CONSENSUS][PBFT]checkAndChangeView: Reach consensus,org_view=755,org_changeCycle=0,cur_changeCycle=0,to_view=756
info|2020-01-06 18:00:04.105315|[g:1][CONSENSUS]addRawPrepare,height=139,reqIdx=2,hash=8ff5d095...
info|2020-01-06 18:00:04.106071|[g:1][CONSENSUS][PBFT]checkTimeout Succ,view=756,toView=757,nodeIdx=0,changeCycle=0,myNode=15ac4bb3...,timecost=0.527
info|2020-01-06 18:00:04.109247|[g:1][CONSENSUS][PBFT]checkAndChangeView: Reach consensus,org_view=756,org_changeCycle=0,cur_changeCycle=0,to_view=757
info|2020-01-06 18:00:05.114027|[g:1][CONSENSUS]addRawPrepare,height=139,reqIdx=3,hash=d4a77dd9...
info|2020-01-06 18:00:05.115513|[g:1][CONSENSUS][PBFT]checkTimeout Succ,view=757,toView=758,nodeIdx=0,changeCycle=0,myNode=15ac4bb3...,timecost=1.166
info|2020-01-06 18:00:05.117806|[g:1][CONSENSUS][PBFT]checkAndChangeView: Reach consensus,org_view=757,org_changeCycle=0,cur_changeCycle=0,to_view=758
info|2020-01-06 18:00:06.118022|[g:1][CONSENSUS][SEALER]++++++++++++++++ Generating seal on,blkNum=139,tx=0,nodeIdx=0,hash=7644b8fb...
info|2020-01-06 18:00:06.120434|[g:1][CONSENSUS][PBFT]checkTimeout Succ,view=758,toView=759,nodeIdx=0,changeCycle=0,myNode=15ac4bb3...,timecost=0.326
info|2020-01-06 18:00:06.121306|[g:1][CONSENSUS][PBFT]checkAndChangeView: Reach consensus,org_view=758,org_changeCycle=0,cur_changeCycle=0,to_view=759
info|2020-01-06 18:00:07.124275|[g:1][CONSENSUS]addRawPrepare,height=139,reqIdx=1,hash=3a6c783e...
info|2020-01-06 18:00:07.125298|[g:1][CONSENSUS][PBFT]checkTimeout Succ,view=759,toView=760,nodeIdx=0,changeCycle=0,myNode=15ac4bb3...,timecost=0.73
info|2020-01-06 18:00:07.127794|[g:1][CONSENSUS][PBFT]checkAndChangeView: Reach consensus,org_view=759,org_changeCycle=0,cur_changeCycle=0,to_view=760
info|2020-01-06 18:00:08.134159|[g:1][CONSENSUS]addRawPrepare,height=139,reqIdx=2,hash=c92e1a28...
info|2020-01-06 18:00:08.135214|[g:1][CONSENSUS][PBFT]checkTimeout Succ,view=760,toView=761,nodeIdx=0,changeCycle=0,myNode=15ac4bb3...,timecost=0.642
info|2020-01-06 18:00:08.136839|[g:1][CONSENSUS][PBFT]checkAndChangeView: Reach consensus,org_view=760,org_changeCycle=0,cur_changeCycle=0,to_view=761
info|2020-01-06 18:00:09.143452|[g:1][CONSENSUS]addRawPrepare,height=139,reqIdx=3,hash=bc5df8c5...
info|2020-01-06 18:00:09.146753|[g:1][CONSENSUS][PBFT]checkTimeout Succ,view=761,toView=762,nodeIdx=0,changeCycle=0,myNode=15ac4bb3...,timecost=3.072
info|2020-01-06 18:00:09.149915|[g:1][CONSENSUS][PBFT]checkAndChangeView: Reach consensus,org_view=761,org_changeCycle=0,cur_changeCycle=0,to_view=762
info|2020-01-06 18:00:10.150913|[g:1][CONSENSUS][SEALER]++++++++++++++++ Generating seal on,blkNum=139,tx=0,nodeIdx=0,hash=5c19e8be...
info|2020-01-06 18:00:10.153837|[g:1][CONSENSUS][PBFT]checkTimeout Succ,view=762,toView=763,nodeIdx=0,changeCycle=0,myNode=15ac4bb3...,timecost=0.723
info|2020-01-06 18:00:10.156625|[g:1][CONSENSUS][PBFT]checkAndChangeView: Reach consensus,org_view=762,org_changeCycle=0,cur_changeCycle=0,to_view=763
info|2020-01-06 18:00:11.002672|[P2P][Service] heartBeat,connected count=3
info|2020-01-06 18:00:11.156990|[g:1][CONSENSUS]addRawPrepare,height=139,reqIdx=1,hash=cdbc90b5...
info|2020-01-06 18:00:11.158064|[g:1][CONSENSUS][PBFT]checkTimeout Succ,view=763,toView=764,nodeIdx=0,changeCycle=0,myNode=15ac4bb3...,timecost=0.634
info|2020-01-06 18:00:11.161043|[g:1][CONSENSUS][PBFT]checkAndChangeView: Reach consensus,org_view=763,org_changeCycle=0,cur_changeCycle=0,to_view=764
info|2020-01-06 18:00:12.167464|[g:1][CONSENSUS]addRawPrepare,height=139,reqIdx=2,hash=ad425173...
info|2020-01-06 18:00:12.168576|[g:1][CONSENSUS][PBFT]checkTimeout Succ,view=764,toView=765,nodeIdx=0,changeCycle=0,myNode=15ac4bb3...,timecost=1.019
info|2020-01-06 18:00:12.171445|[g:1][CONSENSUS][PBFT]checkAndChangeView: Reach consensus,org_view=764,org_changeCycle=0,cur_changeCycle=0,to_view=765
info|2020-01-06 18:00:13.173160|[g:1][CONSENSUS]addRawPrepare,height=139,reqIdx=3,hash=fdd44d1f...
info|2020-01-06 18:00:13.174662|[g:1][CONSENSUS][PBFT]checkTimeout Succ,view=765,toView=766,nodeIdx=0,changeCycle=0,myNode=15ac4bb3...,timecost=1.084
info|2020-01-06 18:00:13.176389|[g:1][CONSENSUS][PBFT]checkAndChangeView: Reach consensus,org_view=765,org_changeCycle=0,cur_changeCycle=0,to_view=766
info|2020-01-06 18:00:14.177850|[g:1][CONSENSUS][SEALER]++++++++++++++++ Generating seal on,blkNum=139,tx=0,nodeIdx=0,hash=4421168f...
info|2020-01-06 18:00:14.179679|[g:1][CONSENSUS][PBFT]checkTimeout Succ,view=766,toView=767,nodeIdx=0,changeCycle=0,myNode=15ac4bb3...,timecost=0.986
info|2020-01-06 18:00:14.183983|[g:1][CONSENSUS][PBFT]checkAndChangeView: Reach consensus,org_view=766,org_changeCycle=0,cur_changeCycle=0,to_view=767
info|2020-01-06 18:00:15.186183|[g:1][CONSENSUS]addRawPrepare,height=139,reqIdx=1,hash=7e10d159...
info|2020-01-06 18:00:15.188979|[g:1][CONSENSUS][PBFT]checkTimeout Succ,view=767,toView=768,nodeIdx=0,changeCycle=0,myNode=15ac4bb3...,timecost=1.699
info|2020-01-06 18:00:15.191675|[g:1][CONSENSUS][PBFT]checkAndChangeView: Reach consensus,org_view=767,org_changeCycle=0,cur_changeCycle=0,to_view=768
info|2020-01-06 18:00:16.193956|[g:1][CONSENSUS]addRawPrepare,height=139,reqIdx=2,hash=89c94137...
info|2020-01-06 18:00:16.194934|[g:1][CONSENSUS][PBFT]checkTimeout Succ,view=768,toView=769,nodeIdx=0,changeCycle=0,myNode=15ac4bb3...,timecost=0.699
info|2020-01-06 18:00:16.198414|[g:1][CONSENSUS][PBFT]checkAndChangeView: Reach consensus,org_view=768,org_changeCycle=0,cur_changeCycle=0,to_view=769
info|2020-01-06 18:00:17.207544|[g:1][CONSENSUS]addRawPrepare,height=139,reqIdx=3,hash=1bd70331...
info|2020-01-06 18:00:17.213248|[g:1][CONSENSUS][PBFT]checkTimeout Succ,view=769,toView=770,nodeIdx=0,changeCycle=0,myNode=15ac4bb3...,timecost=3.201
info|2020-01-06 18:00:17.216621|[g:1][CONSENSUS][PBFT]checkAndChangeView: Reach consensus,org_view=769,org_changeCycle=0,cur_changeCycle=0,to_view=770
info|2020-01-06 18:00:18.216255|[g:1][CONSENSUS][SEALER]++++++++++++++++ Generating seal on,blkNum=139,tx=0,nodeIdx=0,hash=6f91c676...
info|2020-01-06 18:00:18.217101|[g:1][CONSENSUS][PBFT]checkTimeout Succ,view=770,toView=771,nodeIdx=0,changeCycle=0,myNode=15ac4bb3...,timecost=0.502
info|2020-01-06 18:00:18.219579|[g:1][CONSENSUS][PBFT]checkAndChangeView: Reach consensus,org_view=770,org_changeCycle=0,cur_changeCycle=0,to_view=771
info|2020-01-06 18:00:19.224160|[g:1][CONSENSUS]addRawPrepare,height=139,reqIdx=1,hash=e9fcf766...
info|2020-01-06 18:00:19.226857|[g:1][CONSENSUS][PBFT]checkTimeout Succ,view=771,toView=772,nodeIdx=0,changeCycle=0,myNode=15ac4bb3...,timecost=2.17
info|2020-01-06 18:00:19.229742|[g:1][CONSENSUS][PBFT]checkAndChangeView: Reach consensus,org_view=771,org_changeCycle=0,cur_changeCycle=0,to_view=772
info|2020-01-06 18:00:20.234865|[g:1][CONSENSUS]addRawPrepare,height=139,reqIdx=2,hash=60112e37...
info|2020-01-06 18:00:20.235692|[g:1][CONSENSUS][PBFT]checkTimeout Succ,view=772,toView=773,nodeIdx=0,changeCycle=0,myNode=15ac4bb3...,timecost=0.513
info|2020-01-06 18:00:20.238517|[g:1][CONSENSUS][PBFT]checkAndChangeView: Reach consensus,org_view=772,org_changeCycle=0,cur_changeCycle=0,to_view=773
info|2020-01-06 18:00:21.003784|[P2P][Service] heartBeat,connected count=3
info|2020-01-06 18:00:21.238636|[g:1][CONSENSUS]addRawPrepare,height=139,reqIdx=3,hash=d5dc1f8a...
info|2020-01-06 18:00:21.239012|[g:1][CONSENSUS][PBFT]checkTimeout Succ,view=773,toView=774,nodeIdx=0,changeCycle=0,myNode=15ac4bb3...,timecost=0.241
info|2020-01-06 18:00:21.241926|[g:1][CONSENSUS][PBFT]checkAndChangeView: Reach consensus,org_view=773,org_changeCycle=0,cur_changeCycle=0,to_view=774
info|2020-01-06 18:00:22.241332|[g:1][CONSENSUS][SEALER]++++++++++++++++ Generating seal on,blkNum=139,tx=0,nodeIdx=0,hash=0b4082ba...
info|2020-01-06 18:00:22.248439|[g:1][CONSENSUS][PBFT]checkTimeout Succ,view=774,toView=775,nodeIdx=0,changeCycle=0,myNode=15ac4bb3...,timecost=0.828
info|2020-01-06 18:00:22.249272|[g:1][CONSENSUS][PBFT]checkAndChangeView: Reach consensus,org_view=774,org_changeCycle=0,cur_changeCycle=0,to_view=775
info|2020-01-06 18:00:23.253822|[g:1][CONSENSUS]addRawPrepare,height=139,reqIdx=1,hash=a1d93cfa...
info|2020-01-06 18:00:23.254240|[g:1][CONSENSUS][PBFT]checkTimeout Succ,view=775,toView=776,nodeIdx=0,changeCycle=0,myNode=15ac4bb3...,timecost=0.232
info|2020-01-06 18:00:23.256983|[g:1][CONSENSUS][PBFT]checkAndChangeView: Reach consensus,org_view=775,org_changeCycle=0,cur_changeCycle=0,to_view=776
info|2020-01-06 18:00:24.262845|[g:1][CONSENSUS]addRawPrepare,height=139,reqIdx=2,hash=30bdc756...
info|2020-01-06 18:00:24.264554|[g:1][CONSENSUS][PBFT]checkTimeout Succ,view=776,toView=777,nodeIdx=0,changeCycle=0,myNode=15ac4bb3...,timecost=1.283
info|2020-01-06 18:00:24.266634|[g:1][CONSENSUS][PBFT]checkAndChangeView: Reach consensus,org_view=776,org_changeCycle=0,cur_changeCycle=0,to_view=777
info|2020-01-06 18:00:25.272400|[g:1][CONSENSUS]addRawPrepare,height=139,reqIdx=3,hash=184f65e9...
info|2020-01-06 18:00:25.272930|[g:1][CONSENSUS][PBFT]checkTimeout Succ,view=777,toView=778,nodeIdx=0,changeCycle=0,myNode=15ac4bb3...,timecost=0.383
info|2020-01-06 18:00:25.273813|[g:1][CONSENSUS][PBFT]checkAndChangeView: Reach consensus,org_view=777,org_changeCycle=0,cur_changeCycle=0,to_view=778
info|2020-01-06 18:00:26.274715|[g:1][CONSENSUS][SEALER]++++++++++++++++ Generating seal on,blkNum=139,tx=0,nodeIdx=0,hash=70513f9b...
info|2020-01-06 18:00:26.276032|[g:1][CONSENSUS][PBFT]checkTimeout Succ,view=778,toView=779,nodeIdx=0,changeCycle=0,myNode=15ac4bb3...,timecost=0.601
info|2020-01-06 18:00:26.280076|[g:1][CONSENSUS][PBFT]checkAndChangeView: Reach consensus,org_view=778,org_changeCycle=0,cur_changeCycle=0,to_view=779
info|2020-01-06 18:00:27.283322|[g:1][CONSENSUS]addRawPrepare,height=139,reqIdx=1,hash=76a77589...
info|2020-01-06 18:00:27.284268|[g:1][CONSENSUS][PBFT]checkTimeout Succ,view=779,toView=780,nodeIdx=0,changeCycle=0,myNode=15ac4bb3...,timecost=0.686
info|2020-01-06 18:00:27.286163|[g:1][CONSENSUS][PBFT]checkAndChangeView: Reach consensus,org_view=779,org_changeCycle=0,cur_changeCycle=0,to_view=780
info|2020-01-06 18:00:28.287023|[g:1][CONSENSUS]addRawPrepare,height=139,reqIdx=2,hash=660631a0...
info|2020-01-06 18:00:28.287609|[g:1][CONSENSUS][PBFT]checkTimeout Succ,view=780,toView=781,nodeIdx=0,changeCycle=0,myNode=15ac4bb3...,timecost=0.289
info|2020-01-06 18:00:28.289490|[g:1][CONSENSUS][PBFT]checkAndChangeView: Reach consensus,org_view=780,org_changeCycle=0,cur_changeCycle=0,to_view=781
info|2020-01-06 18:00:29.292716|[g:1][CONSENSUS]addRawPrepare,height=139,reqIdx=3,hash=4786da50...
info|2020-01-06 18:00:29.293897|[g:1][CONSENSUS][PBFT]checkTimeout Succ,view=781,toView=782,nodeIdx=0,changeCycle=0,myNode=15ac4bb3...,timecost=0.605
info|2020-01-06 18:00:29.298478|[g:1][CONSENSUS][PBFT]checkAndChangeView: Reach consensus,org_view=781,org_changeCycle=0,cur_changeCycle=0,to_view=782
info|2020-01-06 18:00:30.298493|[g:1][CONSENSUS][SEALER]++++++++++++++++ Generating seal on,blkNum=139,tx=0,nodeIdx=0,hash=ba677f9f...
info|2020-01-06 18:00:30.305287|[g:1][CONSENSUS][PBFT]checkTimeout Succ,view=782,toView=783,nodeIdx=0,changeCycle=0,myNode=15ac4bb3...,timecost=0.847
info|2020-01-06 18:00:30.307291|[g:1][CONSENSUS][PBFT]checkAndChangeView: Reach consensus,org_view=782,org_changeCycle=0,cur_changeCycle=0,to_view=783
info|2020-01-06 18:00:31.004362|[P2P][Service] heartBeat,connected count=3
info|2020-01-06 18:00:31.306354|[g:1][CONSENSUS]addRawPrepare,height=139,reqIdx=1,hash=2b10070e...
info|2020-01-06 18:00:31.307230|[g:1][CONSENSUS][PBFT]checkTimeout Succ,view=783,toView=784,nodeIdx=0,changeCycle=0,myNode=15ac4bb3...,timecost=0.685
info|2020-01-06 18:00:31.309285|[g:1][CONSENSUS][PBFT]checkAndChangeView: Reach consensus,org_view=783,org_changeCycle=0,cur_changeCycle=0,to_view=784
info|2020-01-06 18:00:32.313630|[g:1][CONSENSUS]addRawPrepare,height=139,reqIdx=2,hash=5c28da54...
info|2020-01-06 18:00:32.314594|[g:1][CONSENSUS][PBFT]checkTimeout Succ,view=784,toView=785,nodeIdx=0,changeCycle=0,myNode=15ac4bb3...,timecost=0.817
info|2020-01-06 18:00:32.316771|[g:1][CONSENSUS][PBFT]checkAndChangeView: Reach consensus,org_view=784,org_changeCycle=0,cur_changeCycle=0,to_view=785
info|2020-01-06 18:00:33.318092|[g:1][CONSENSUS]addRawPrepare,height=139,reqIdx=3,hash=848251eb...
info|2020-01-06 18:00:33.319134|[g:1][CONSENSUS][PBFT]checkTimeout Succ,view=785,toView=786,nodeIdx=0,changeCycle=0,myNode=15ac4bb3...,timecost=0.813
info|2020-01-06 18:00:33.322298|[g:1][CONSENSUS][PBFT]checkAndChangeView: Reach consensus,org_view=785,org_changeCycle=0,cur_changeCycle=0,to_view=786
info|2020-01-06 18:00:34.323667|[g:1][CONSENSUS][SEALER]++++++++++++++++ Generating seal on,blkNum=139,tx=0,nodeIdx=0,hash=ff811cde...
info|2020-01-06 18:00:34.326339|[g:1][CONSENSUS][PBFT]checkTimeout Succ,view=786,toView=787,nodeIdx=0,changeCycle=0,myNode=15ac4bb3...,timecost=0.292
info|2020-01-06 18:00:34.327123|[g:1][CONSENSUS][PBFT]checkAndChangeView: Reach consensus,org_view=786,org_changeCycle=0,cur_changeCycle=0,to_view=787
info|2020-01-06 18:00:35.329555|[g:1][CONSENSUS]addRawPrepare,height=139,reqIdx=1,hash=d1784013...
info|2020-01-06 18:00:35.331912|[g:1][CONSENSUS][PBFT]checkTimeout Succ,view=787,toView=788,nodeIdx=0,changeCycle=0,myNode=15ac4bb3...,timecost=0.888
info|2020-01-06 18:00:35.333211|[g:1][CONSENSUS][PBFT]checkAndChangeView: Reach consensus,org_view=787,org_changeCycle=0,cur_changeCycle=0,to_view=788
info|2020-01-06 18:00:36.334422|[g:1][CONSENSUS]addRawPrepare,height=139,reqIdx=2,hash=fe32eb31...
info|2020-01-06 18:00:36.336814|[g:1][CONSENSUS][PBFT]checkTimeout Succ,view=788,toView=789,nodeIdx=0,changeCycle=0,myNode=15ac4bb3...,timecost=1.651
info|2020-01-06 18:00:36.340588|[g:1][CONSENSUS][PBFT]checkAndChangeView: Reach consensus,org_view=788,org_changeCycle=0,cur_changeCycle=0,to_view=789
info|2020-01-06 18:00:37.343225|[g:1][CONSENSUS]addRawPrepare,height=139,reqIdx=3,hash=f5ea905d...
info|2020-01-06 18:00:37.343517|[g:1][CONSENSUS][PBFT]checkTimeout Succ,view=789,toView=790,nodeIdx=0,changeCycle=0,myNode=15ac4bb3...,timecost=0.207
info|2020-01-06 18:00:37.345957|[g:1][CONSENSUS][PBFT]checkAndChangeView: Reach consensus,org_view=789,org_changeCycle=0,cur_changeCycle=0,to_view=790
info|2020-01-06 18:00:38.347140|[g:1][CONSENSUS][SEALER]++++++++++++++++ Generating seal on,blkNum=139,tx=0,nodeIdx=0,hash=fddd79da...
info|2020-01-06 18:00:38.348042|[g:1][CONSENSUS][PBFT]checkTimeout Succ,view=790,toView=791,nodeIdx=0,changeCycle=0,myNode=15ac4bb3...,timecost=0.324
info|2020-01-06 18:00:38.350842|[g:1][CONSENSUS][PBFT]checkAndChangeView: Reach consensus,org_view=790,org_changeCycle=0,cur_changeCycle=0,to_view=791
info|2020-01-06 18:00:39.351603|[g:1][CONSENSUS]addRawPrepare,height=139,reqIdx=1,hash=6fccc0e2...
info|2020-01-06 18:00:39.351945|[g:1][CONSENSUS][PBFT]checkTimeout Succ,view=791,toView=792,nodeIdx=0,changeCycle=0,myNode=15ac4bb3...,timecost=0.233
info|2020-01-06 18:00:39.353016|[g:1][CONSENSUS][PBFT]checkAndChangeView: Reach consensus,org_view=791,org_changeCycle=0,cur_changeCycle=0,to_view=792
info|2020-01-06 18:00:40.355548|[g:1][CONSENSUS]addRawPrepare,height=139,reqIdx=2,hash=f574a7bc...
info|2020-01-06 18:00:40.356011|[g:1][CONSENSUS][PBFT]checkTimeout Succ,view=792,toView=793,nodeIdx=0,changeCycle=0,myNode=15ac4bb3...,timecost=0.35
info|2020-01-06 18:00:40.357525|[g:1][CONSENSUS][PBFT]checkAndChangeView: Reach consensus,org_view=792,org_changeCycle=0,cur_changeCycle=0,to_view=793
info|2020-01-06 18:00:41.005237|[P2P][Service] heartBeat,connected count=3
info|2020-01-06 18:00:41.359157|[g:1][CONSENSUS]addRawPrepare,height=139,reqIdx=3,hash=2b75ea62...
info|2020-01-06 18:00:41.359442|[g:1][CONSENSUS][PBFT]checkTimeout Succ,view=793,toView=794,nodeIdx=0,changeCycle=0,myNode=15ac4bb3...,timecost=0.196
info|2020-01-06 18:00:41.361800|[g:1][CONSENSUS][PBFT]checkAndChangeView: Reach consensus,org_view=793,org_changeCycle=0,cur_changeCycle=0,to_view=794
info|2020-01-06 18:00:42.361668|[g:1][CONSENSUS][SEALER]++++++++++++++++ Generating seal on,blkNum=139,tx=0,nodeIdx=0,hash=7ebf3a35...
info|2020-01-06 18:00:42.362932|[g:1][CONSENSUS][PBFT]checkTimeout Succ,view=794,toView=795,nodeIdx=0,changeCycle=0,myNode=15ac4bb3...,timecost=0.405
info|2020-01-06 18:00:42.366332|[g:1][CONSENSUS][PBFT]checkAndChangeView: Reach consensus,org_view=794,org_changeCycle=0,cur_changeCycle=0,to_view=795
info|2020-01-06 18:00:43.371897|[g:1][CONSENSUS]addRawPrepare,height=139,reqIdx=1,hash=0a16f8c0...
info|2020-01-06 18:00:43.373548|[g:1][CONSENSUS][PBFT]checkTimeout Succ,view=795,toView=796,nodeIdx=0,changeCycle=0,myNode=15ac4bb3...,timecost=0.44
info|2020-01-06 18:00:43.374340|[g:1][CONSENSUS][PBFT]checkAndChangeView: Reach consensus,org_view=795,org_changeCycle=0,cur_changeCycle=0,to_view=796
info|2020-01-06 18:00:44.374690|[g:1][CONSENSUS]addRawPrepare,height=139,reqIdx=2,hash=bc8112ed...
info|2020-01-06 18:00:44.375020|[g:1][CONSENSUS][PBFT]checkTimeout Succ,view=796,toView=797,nodeIdx=0,changeCycle=0,myNode=15ac4bb3...,timecost=0.2
info|2020-01-06 18:00:44.376718|[g:1][CONSENSUS][PBFT]checkAndChangeView: Reach consensus,org_view=796,org_changeCycle=0,cur_changeCycle=0,to_view=797
info|2020-01-06 18:00:45.381162|[g:1][CONSENSUS]addRawPrepare,height=139,reqIdx=3,hash=1c3f73ed...
info|2020-01-06 18:00:45.382206|[g:1][CONSENSUS][PBFT]checkTimeout Succ,view=797,toView=798,nodeIdx=0,changeCycle=0,myNode=15ac4bb3...,timecost=0.77
info|2020-01-06 18:00:45.387338|[g:1][CONSENSUS][PBFT]checkAndChangeView: Reach consensus,org_view=797,org_changeCycle=0,cur_changeCycle=0,to_view=798
info|2020-01-06 18:00:46.387819|[g:1][CONSENSUS][SEALER]++++++++++++++++ Generating seal on,blkNum=139,tx=0,nodeIdx=0,hash=3d111de1...
info|2020-01-06 18:00:46.391616|[g:1][CONSENSUS][PBFT]checkTimeout Succ,view=798,toView=799,nodeIdx=0,changeCycle=0,myNode=15ac4bb3...,timecost=0.688
info|2020-01-06 18:00:46.393060|[g:1][CONSENSUS][PBFT]checkAndChangeView: Reach consensus,org_view=798,org_changeCycle=0,cur_changeCycle=0,to_view=799
info|2020-01-06 18:00:47.394399|[g:1][CONSENSUS]addRawPrepare,height=139,reqIdx=1,hash=44e8a858...
info|2020-01-06 18:00:47.395208|[g:1][CONSENSUS][PBFT]checkTimeout Succ,view=799,toView=800,nodeIdx=0,changeCycle=0,myNode=15ac4bb3...,timecost=0.686
info|2020-01-06 18:00:47.399217|[g:1][CONSENSUS][PBFT]checkAndChangeView: Reach consensus,org_view=799,org_changeCycle=0,cur_changeCycle=0,to_view=800
info|2020-01-06 18:00:48.399883|[g:1][CONSENSUS]addRawPrepare,height=139,reqIdx=2,hash=dce2cb32...
info|2020-01-06 18:00:48.400937|[g:1][CONSENSUS][PBFT]checkTimeout Succ,view=800,toView=801,nodeIdx=0,changeCycle=0,myNode=15ac4bb3...,timecost=0.904
info|2020-01-06 18:00:48.402186|[g:1][CONSENSUS][PBFT]checkAndChangeView: Reach consensus,org_view=800,org_changeCycle=0,cur_changeCycle=0,to_view=801
info|2020-01-06 18:00:49.405166|[g:1][CONSENSUS]addRawPrepare,height=139,reqIdx=3,hash=7aa5b0f2...
info|2020-01-06 18:00:49.406371|[g:1][CONSENSUS][PBFT]checkTimeout Succ,view=801,toView=802,nodeIdx=0,changeCycle=0,myNode=15ac4bb3...,timecost=0.895
info|2020-01-06 18:00:49.412503|[g:1][CONSENSUS][PBFT]checkAndChangeView: Reach consensus,org_view=801,org_changeCycle=0,cur_changeCycle=0,to_view=802
info|2020-01-06 18:00:50.412433|[g:1][CONSENSUS][SEALER]++++++++++++++++ Generating seal on,blkNum=139,tx=0,nodeIdx=0,hash=ace3c310...
info|2020-01-06 18:00:50.416198|[g:1][CONSENSUS][PBFT]checkTimeout Succ,view=802,toView=803,nodeIdx=0,changeCycle=0,myNode=15ac4bb3...,timecost=0.947
info|2020-01-06 18:00:50.416937|[g:1][CONSENSUS][PBFT]checkAndChangeView: Reach consensus,org_view=802,org_changeCycle=0,cur_changeCycle=0,to_view=803
info|2020-01-06 18:00:51.005986|[P2P][Service] heartBeat,connected count=3
info|2020-01-06 18:00:51.419920|[g:1][CONSENSUS]addRawPrepare,height=139,reqIdx=1,hash=ea8073ad...
info|2020-01-06 18:00:51.421156|[g:1][CONSENSUS][PBFT]checkTimeout Succ,view=803,toView=804,nodeIdx=0,changeCycle=0,myNode=15ac4bb3...,timecost=0.624
info|2020-01-06 18:00:51.422518|[g:1][CONSENSUS][PBFT]checkAndChangeView: Reach consensus,org_view=803,org_changeCycle=0,cur_changeCycle=0,to_view=804
info|2020-01-06 18:00:52.426408|[g:1][CONSENSUS]addRawPrepare,height=139,reqIdx=2,hash=36ac4d65...
info|2020-01-06 18:00:52.427326|[g:1][CONSENSUS][PBFT]checkTimeout Succ,view=804,toView=805,nodeIdx=0,changeCycle=0,myNode=15ac4bb3...,timecost=0.814
info|2020-01-06 18:00:52.427921|[g:1][CONSENSUS][PBFT]checkAndChangeView: Reach consensus,org_view=804,org_changeCycle=0,cur_changeCycle=0,to_view=805
info|2020-01-06 18:00:53.433598|[g:1][CONSENSUS]addRawPrepare,height=139,reqIdx=3,hash=dcb7de04...
info|2020-01-06 18:00:53.434674|[g:1][CONSENSUS][PBFT]checkTimeout Succ,view=805,toView=806,nodeIdx=0,changeCycle=0,myNode=15ac4bb3...,timecost=0.928
info|2020-01-06 18:00:53.440051|[g:1][CONSENSUS][PBFT]checkAndChangeView: Reach consensus,org_view=805,org_changeCycle=0,cur_changeCycle=0,to_view=806
info|2020-01-06 18:00:54.441731|[g:1][CONSENSUS][SEALER]++++++++++++++++ Generating seal on,blkNum=139,tx=0,nodeIdx=0,hash=a82226e6...
info|2020-01-06 18:00:54.444400|[g:1][CONSENSUS][PBFT]checkTimeout Succ,view=806,toView=807,nodeIdx=0,changeCycle=0,myNode=15ac4bb3...,timecost=0.778
info|2020-01-06 18:00:54.448272|[g:1][CONSENSUS][PBFT]checkAndChangeView: Reach consensus,org_view=806,org_changeCycle=0,cur_changeCycle=0,to_view=807
info|2020-01-06 18:00:55.451363|[g:1][CONSENSUS]addRawPrepare,height=139,reqIdx=1,hash=dfd9c0dd...
info|2020-01-06 18:00:55.451937|[g:1][CONSENSUS][PBFT]checkTimeout Succ,view=807,toView=808,nodeIdx=0,changeCycle=0,myNode=15ac4bb3...,timecost=0.38
info|2020-01-06 18:00:55.454881|[g:1][CONSENSUS][PBFT]checkAndChangeView: Reach consensus,org_view=807,org_changeCycle=0,cur_changeCycle=0,to_view=808
info|2020-01-06 18:00:56.461876|[g:1][CONSENSUS]addRawPrepare,height=139,reqIdx=2,hash=172fa8cc...
info|2020-01-06 18:00:56.463953|[g:1][CONSENSUS][PBFT]checkTimeout Succ,view=808,toView=809,nodeIdx=0,changeCycle=0,myNode=15ac4bb3...,timecost=1.786
info|2020-01-06 18:00:56.466569|[g:1][CONSENSUS][PBFT]checkAndChangeView: Reach consensus,org_view=808,org_changeCycle=0,cur_changeCycle=0,to_view=809
info|2020-01-06 18:00:57.469554|[g:1][CONSENSUS]addRawPrepare,height=139,reqIdx=3,hash=0d874d65...
info|2020-01-06 18:00:57.471099|[g:1][CONSENSUS][PBFT]checkTimeout Succ,view=809,toView=810,nodeIdx=0,changeCycle=0,myNode=15ac4bb3...,timecost=0.65
info|2020-01-06 18:00:57.472630|[g:1][CONSENSUS][PBFT]checkAndChangeView: Reach consensus,org_view=809,org_changeCycle=0,cur_changeCycle=0,to_view=810
info|2020-01-06 18:00:58.473074|[g:1][CONSENSUS][SEALER]++++++++++++++++ Generating seal on,blkNum=139,tx=0,nodeIdx=0,hash=5b072d19...
info|2020-01-06 18:00:58.475260|[g:1][CONSENSUS][PBFT]checkTimeout Succ,view=810,toView=811,nodeIdx=0,changeCycle=0,myNode=15ac4bb3...,timecost=0.266
info|2020-01-06 18:00:58.475908|[g:1][CONSENSUS][PBFT]checkAndChangeView: Reach consensus,org_view=810,org_changeCycle=0,cur_changeCycle=0,to_view=811
info|2020-01-06 18:00:59.481529|[g:1][CONSENSUS]addRawPrepare,height=139,reqIdx=1,hash=11f3b467...
info|2020-01-06 18:00:59.482256|[g:1][CONSENSUS][PBFT]checkTimeout Succ,view=811,toView=812,nodeIdx=0,changeCycle=0,myNode=15ac4bb3...,timecost=0.477
info|2020-01-06 18:00:59.483750|[g:1][CONSENSUS][PBFT]checkAndChangeView: Reach consensus,org_view=811,org_changeCycle=0,cur_changeCycle=0,to_view=812
info|2020-01-06 18:01:00.486848|[g:1][CONSENSUS]addRawPrepare,height=139,reqIdx=2,hash=29093cae...
info|2020-01-06 18:01:00.487154|[g:1][CONSENSUS][PBFT]checkTimeout Succ,view=812,toView=813,nodeIdx=0,changeCycle=0,myNode=15ac4bb3...,timecost=0.194
info|2020-01-06 18:01:00.489964|[g:1][CONSENSUS][PBFT]checkAndChangeView: Reach consensus,org_view=812,org_changeCycle=0,cur_changeCycle=0,to_view=813
info|2020-01-06 18:01:01.007148|[P2P][Service] heartBeat,connected count=3
info|2020-01-06 18:01:01.490300|[g:1][CONSENSUS]addRawPrepare,height=139,reqIdx=3,hash=14d9fac3...
info|2020-01-06 18:01:01.491847|[g:1][CONSENSUS][PBFT]checkTimeout Succ,view=813,toView=814,nodeIdx=0,changeCycle=0,myNode=15ac4bb3...,timecost=1.416
info|2020-01-06 18:01:01.493000|[g:1][CONSENSUS][PBFT]checkAndChangeView: Reach consensus,org_view=813,org_changeCycle=0,cur_changeCycle=0,to_view=814
info|2020-01-06 18:01:02.494005|[g:1][CONSENSUS][SEALER]++++++++++++++++ Generating seal on,blkNum=139,tx=0,nodeIdx=0,hash=8aa30acd...
info|2020-01-06 18:01:02.496749|[g:1][CONSENSUS][PBFT]checkTimeout Succ,view=814,toView=815,nodeIdx=0,changeCycle=0,myNode=15ac4bb3...,timecost=0.326
info|2020-01-06 18:01:02.497166|[g:1][CONSENSUS][PBFT]checkAndChangeView: Reach consensus,org_view=814,org_changeCycle=0,cur_changeCycle=0,to_view=815
info|2020-01-06 18:01:03.498555|[g:1][CONSENSUS]addRawPrepare,height=139,reqIdx=1,hash=2f288327...
info|2020-01-06 18:01:03.499640|[g:1][CONSENSUS][PBFT]checkTimeout Succ,view=815,toView=816,nodeIdx=0,changeCycle=0,myNode=15ac4bb3...,timecost=0.744
info|2020-01-06 18:01:03.500966|[g:1][CONSENSUS][PBFT]checkAndChangeView: Reach consensus,org_view=815,org_changeCycle=0,cur_changeCycle=0,to_view=816
info|2020-01-06 18:01:04.505929|[g:1][CONSENSUS]addRawPrepare,height=139,reqIdx=2,hash=e58a8547...
info|2020-01-06 18:01:04.506549|[g:1][CONSENSUS][PBFT]checkTimeout Succ,view=816,toView=817,nodeIdx=0,changeCycle=0,myNode=15ac4bb3...,timecost=0.554
info|2020-01-06 18:01:04.507785|[g:1][CONSENSUS][PBFT]checkAndChangeView: Reach consensus,org_view=816,org_changeCycle=0,cur_changeCycle=0,to_view=817
info|2020-01-06 18:01:05.509696|[g:1][CONSENSUS]addRawPrepare,height=139,reqIdx=3,hash=04a7d685...
info|2020-01-06 18:01:05.510002|[g:1][CONSENSUS][PBFT]checkTimeout Succ,view=817,toView=818,nodeIdx=0,changeCycle=0,myNode=15ac4bb3...,timecost=0.222
info|2020-01-06 18:01:05.512050|[g:1][CONSENSUS][PBFT]checkAndChangeView: Reach consensus,org_view=817,org_changeCycle=0,cur_changeCycle=0,to_view=818
info|2020-01-06 18:01:06.513703|[g:1][CONSENSUS][SEALER]++++++++++++++++ Generating seal on,blkNum=139,tx=0,nodeIdx=0,hash=fe055e05...
info|2020-01-06 18:01:06.514290|[g:1][CONSENSUS][PBFT]checkTimeout Succ,view=818,toView=819,nodeIdx=0,changeCycle=0,myNode=15ac4bb3...,timecost=0.273
info|2020-01-06 18:01:06.516700|[g:1][CONSENSUS][PBFT]checkAndChangeView: Reach consensus,org_view=818,org_changeCycle=0,cur_changeCycle=0,to_view=819
info|2020-01-06 18:01:07.517702|[g:1][CONSENSUS]addRawPrepare,height=139,reqIdx=1,hash=f0ed95a0...
info|2020-01-06 18:01:07.518063|[g:1][CONSENSUS][PBFT]checkTimeout Succ,view=819,toView=820,nodeIdx=0,changeCycle=0,myNode=15ac4bb3...,timecost=0.254
info|2020-01-06 18:01:07.522236|[g:1][CONSENSUS][PBFT]checkAndChangeView: Reach consensus,org_view=819,org_changeCycle=0,cur_changeCycle=0,to_view=820
info|2020-01-06 18:01:08.522033|[g:1][CONSENSUS]addRawPrepare,height=139,reqIdx=2,hash=18fc5546...
info|2020-01-06 18:01:08.522553|[g:1][CONSENSUS][PBFT]checkTimeout Succ,view=820,toView=821,nodeIdx=0,changeCycle=0,myNode=15ac4bb3...,timecost=0.351
info|2020-01-06 18:01:08.526062|[g:1][CONSENSUS][PBFT]checkAndChangeView: Reach consensus,org_view=820,org_changeCycle=0,cur_changeCycle=0,to_view=821
info|2020-01-06 18:01:09.529815|[g:1][CONSENSUS]addRawPrepare,height=139,reqIdx=3,hash=30f58009...
info|2020-01-06 18:01:09.530454|[g:1][CONSENSUS][PBFT]checkTimeout Succ,view=821,toView=822,nodeIdx=0,changeCycle=0,myNode=15ac4bb3...,timecost=0.42
info|2020-01-06 18:01:09.535809|[g:1][CONSENSUS][PBFT]checkAndChangeView: Reach consensus,org_view=821,org_changeCycle=0,cur_changeCycle=0,to_view=822
info|2020-01-06 18:01:10.535188|[g:1][CONSENSUS][SEALER]++++++++++++++++ Generating seal on,blkNum=139,tx=0,nodeIdx=0,hash=6a28e620...
info|2020-01-06 18:01:10.536159|[g:1][CONSENSUS][PBFT]checkTimeout Succ,view=822,toView=823,nodeIdx=0,changeCycle=0,myNode=15ac4bb3...,timecost=0.407
info|2020-01-06 18:01:10.544915|[g:1][CONSENSUS][PBFT]checkAndChangeView: Reach consensus,org_view=822,org_changeCycle=0,cur_changeCycle=0,to_view=823
info|2020-01-06 18:01:11.009281|[P2P][Service] heartBeat,connected count=3
info|2020-01-06 18:01:11.539565|[g:1][CONSENSUS]addRawPrepare,height=139,reqIdx=1,hash=66cdb6e8...
info|2020-01-06 18:01:11.539851|[g:1][CONSENSUS][PBFT]checkTimeout Succ,view=823,toView=824,nodeIdx=0,changeCycle=0,myNode=15ac4bb3...,timecost=0.192
info|2020-01-06 18:01:11.541359|[g:1][CONSENSUS][PBFT]checkAndChangeView: Reach consensus,org_view=823,org_changeCycle=0,cur_changeCycle=0,to_view=824
info|2020-01-06 18:01:12.545167|[g:1][CONSENSUS]addRawPrepare,height=139,reqIdx=2,hash=a65433e2...
info|2020-01-06 18:01:12.546584|[g:1][CONSENSUS][PBFT]checkTimeout Succ,view=824,toView=825,nodeIdx=0,changeCycle=0,myNode=15ac4bb3...,timecost=1.022
info|2020-01-06 18:01:12.549416|[g:1][CONSENSUS][PBFT]checkAndChangeView: Reach consensus,org_view=824,org_changeCycle=0,cur_changeCycle=0,to_view=825
info|2020-01-06 18:01:13.553759|[g:1][CONSENSUS]addRawPrepare,height=139,reqIdx=3,hash=6ef1d7d4...
info|2020-01-06 18:01:13.554395|[g:1][CONSENSUS][PBFT]checkTimeout Succ,view=825,toView=826,nodeIdx=0,changeCycle=0,myNode=15ac4bb3...,timecost=0.387
info|2020-01-06 18:01:13.557075|[g:1][CONSENSUS][PBFT]checkAndChangeView: Reach consensus,org_view=825,org_changeCycle=0,cur_changeCycle=0,to_view=826
info|2020-01-06 18:01:14.557568|[g:1][CONSENSUS][SEALER]++++++++++++++++ Generating seal on,blkNum=139,tx=0,nodeIdx=0,hash=1a0343cb...
info|2020-01-06 18:01:14.558211|[g:1][CONSENSUS][PBFT]checkTimeout Succ,view=826,toView=827,nodeIdx=0,changeCycle=0,myNode=15ac4bb3...,timecost=0.242
info|2020-01-06 18:01:14.560018|[g:1][CONSENSUS][PBFT]checkAndChangeView: Reach consensus,org_view=826,org_changeCycle=0,cur_changeCycle=0,to_view=827
info|2020-01-06 18:01:15.563360|[g:1][CONSENSUS]addRawPrepare,height=139,reqIdx=1,hash=49fba58a...
info|2020-01-06 18:01:15.563688|[g:1][CONSENSUS][PBFT]checkTimeout Succ,view=827,toView=828,nodeIdx=0,changeCycle=0,myNode=15ac4bb3...,timecost=0.227
info|2020-01-06 18:01:15.564963|[g:1][CONSENSUS][PBFT]checkAndChangeView: Reach consensus,org_view=827,org_changeCycle=0,cur_changeCycle=0,to_view=828
info|2020-01-06 18:01:16.571623|[g:1][CONSENSUS]addRawPrepare,height=139,reqIdx=2,hash=619d326c...
info|2020-01-06 18:01:16.573427|[g:1][CONSENSUS][PBFT]checkTimeout Succ,view=828,toView=829,nodeIdx=0,changeCycle=0,myNode=15ac4bb3...,timecost=1.3
info|2020-01-06 18:01:16.584643|[g:1][CONSENSUS][PBFT]checkAndChangeView: Reach consensus,org_view=828,org_changeCycle=0,cur_changeCycle=0,to_view=829
info|2020-01-06 18:01:17.587096|[g:1][CONSENSUS]addRawPrepare,height=139,reqIdx=3,hash=6579271c...
info|2020-01-06 18:01:17.587390|[g:1][CONSENSUS][PBFT]checkTimeout Succ,view=829,toView=830,nodeIdx=0,changeCycle=0,myNode=15ac4bb3...,timecost=0.189
info|2020-01-06 18:01:17.588724|[g:1][CONSENSUS][PBFT]checkAndChangeView: Reach consensus,org_view=829,org_changeCycle=0,cur_changeCycle=0,to_view=830
info|2020-01-06 18:01:18.589903|[g:1][CONSENSUS][SEALER]++++++++++++++++ Generating seal on,blkNum=139,tx=0,nodeIdx=0,hash=cb1cc2df...
info|2020-01-06 18:01:18.590750|[g:1][CONSENSUS][PBFT]checkTimeout Succ,view=830,toView=831,nodeIdx=0,changeCycle=0,myNode=15ac4bb3...,timecost=0.25
info|2020-01-06 18:01:18.593909|[g:1][CONSENSUS][PBFT]checkAndChangeView: Reach consensus,org_view=830,org_changeCycle=0,cur_changeCycle=0,to_view=831
info|2020-01-06 18:01:19.598129|[g:1][CONSENSUS]addRawPrepare,height=139,reqIdx=1,hash=7624cc29...
info|2020-01-06 18:01:19.599467|[g:1][CONSENSUS][PBFT]checkTimeout Succ,view=831,toView=832,nodeIdx=0,changeCycle=0,myNode=15ac4bb3...,timecost=1.284
info|2020-01-06 18:01:19.600571|[g:1][CONSENSUS][PBFT]checkAndChangeView: Reach consensus,org_view=831,org_changeCycle=0,cur_changeCycle=0,to_view=832
info|2020-01-06 18:01:20.603139|[g:1][CONSENSUS]addRawPrepare,height=139,reqIdx=2,hash=5be75980...
info|2020-01-06 18:01:20.603653|[g:1][CONSENSUS][PBFT]checkTimeout Succ,view=832,toView=833,nodeIdx=0,changeCycle=0,myNode=15ac4bb3...,timecost=0.376
info|2020-01-06 18:01:20.605797|[g:1][CONSENSUS][PBFT]checkAndChangeView: Reach consensus,org_view=832,org_changeCycle=0,cur_changeCycle=0,to_view=833
info|2020-01-06 18:01:21.010451|[P2P][Service] heartBeat,connected count=3
info|2020-01-06 18:01:21.607870|[g:1][CONSENSUS]addRawPrepare,height=139,reqIdx=3,hash=d27fda3c...
info|2020-01-06 18:01:21.609055|[g:1][CONSENSUS][PBFT]checkTimeout Succ,view=833,toView=834,nodeIdx=0,changeCycle=0,myNode=15ac4bb3...,timecost=0.233
info|2020-01-06 18:01:21.611847|[g:1][CONSENSUS][PBFT]checkAndChangeView: Reach consensus,org_view=833,org_changeCycle=0,cur_changeCycle=0,to_view=834
info|2020-01-06 18:01:22.611332|[g:1][CONSENSUS][SEALER]++++++++++++++++ Generating seal on,blkNum=139,tx=0,nodeIdx=0,hash=11574846...
info|2020-01-06 18:01:22.615045|[g:1][CONSENSUS][PBFT]checkTimeout Succ,view=834,toView=835,nodeIdx=0,changeCycle=0,myNode=15ac4bb3...,timecost=2.239
info|2020-01-06 18:01:22.620525|[g:1][CONSENSUS][PBFT]checkAndChangeView: Reach consensus,org_view=834,org_changeCycle=0,cur_changeCycle=0,to_view=835
info|2020-01-06 18:01:23.623941|[g:1][CONSENSUS]addRawPrepare,height=139,reqIdx=1,hash=353f095f...
info|2020-01-06 18:01:23.624292|[g:1][CONSENSUS][PBFT]checkTimeout Succ,view=835,toView=836,nodeIdx=0,changeCycle=0,myNode=15ac4bb3...,timecost=0.244
info|2020-01-06 18:01:23.625825|[g:1][CONSENSUS][PBFT]checkAndChangeView: Reach consensus,org_view=835,org_changeCycle=0,cur_changeCycle=0,to_view=836
info|2020-01-06 18:01:24.626543|[g:1][CONSENSUS]addRawPrepare,height=139,reqIdx=2,hash=91d383a9...
info|2020-01-06 18:01:24.627263|[g:1][CONSENSUS][PBFT]checkTimeout Succ,view=836,toView=837,nodeIdx=0,changeCycle=0,myNode=15ac4bb3...,timecost=0.459
info|2020-01-06 18:01:24.630094|[g:1][CONSENSUS][PBFT]checkAndChangeView: Reach consensus,org_view=836,org_changeCycle=0,cur_changeCycle=0,to_view=837
info|2020-01-06 18:01:25.634431|[g:1][CONSENSUS]addRawPrepare,height=139,reqIdx=3,hash=25ad4958...
info|2020-01-06 18:01:25.638648|[g:1][CONSENSUS][PBFT]checkTimeout Succ,view=837,toView=838,nodeIdx=0,changeCycle=0,myNode=15ac4bb3...,timecost=2.835
info|2020-01-06 18:01:25.645040|[g:1][CONSENSUS][PBFT]checkAndChangeView: Reach consensus,org_view=837,org_changeCycle=0,cur_changeCycle=0,to_view=838
info|2020-01-06 18:01:26.645267|[g:1][CONSENSUS][SEALER]++++++++++++++++ Generating seal on,blkNum=139,tx=0,nodeIdx=0,hash=2eb17d3c...
info|2020-01-06 18:01:26.651617|[g:1][CONSENSUS][PBFT]checkTimeout Succ,view=838,toView=839,nodeIdx=0,changeCycle=0,myNode=15ac4bb3...,timecost=1.421
info|2020-01-06 18:01:26.655909|[g:1][CONSENSUS][PBFT]checkAndChangeView: Reach consensus,org_view=838,org_changeCycle=0,cur_changeCycle=0,to_view=839
info|2020-01-06 18:01:27.663938|[g:1][CONSENSUS]addRawPrepare,height=139,reqIdx=1,hash=56cc783d...
info|2020-01-06 18:01:27.666671|[g:1][CONSENSUS][PBFT]checkTimeout Succ,view=839,toView=840,nodeIdx=0,changeCycle=0,myNode=15ac4bb3...,timecost=2.431
info|2020-01-06 18:01:27.670959|[g:1][CONSENSUS][PBFT]checkAndChangeView: Reach consensus,org_view=839,org_changeCycle=0,cur_changeCycle=0,to_view=840
info|2020-01-06 18:01:28.677047|[g:1][CONSENSUS]addRawPrepare,height=139,reqIdx=2,hash=696c3a06...
info|2020-01-06 18:01:28.677815|[g:1][CONSENSUS][PBFT]checkTimeout Succ,view=840,toView=841,nodeIdx=0,changeCycle=0,myNode=15ac4bb3...,timecost=0.624
info|2020-01-06 18:01:28.679650|[g:1][CONSENSUS][PBFT]checkAndChangeView: Reach consensus,org_view=840,org_changeCycle=0,cur_changeCycle=0,to_view=841
info|2020-01-06 18:01:29.683371|[g:1][CONSENSUS]addRawPrepare,height=139,reqIdx=3,hash=22b621e3...
info|2020-01-06 18:01:29.688142|[g:1][CONSENSUS][PBFT]checkTimeout Succ,view=841,toView=842,nodeIdx=0,changeCycle=0,myNode=15ac4bb3...,timecost=4.843
info|2020-01-06 18:01:29.689829|[g:1][CONSENSUS][PBFT]checkAndChangeView: Reach consensus,org_view=841,org_changeCycle=0,cur_changeCycle=0,to_view=842
info|2020-01-06 18:01:30.689993|[g:1][CONSENSUS][SEALER]++++++++++++++++ Generating seal on,blkNum=139,tx=0,nodeIdx=0,hash=1078b045...
info|2020-01-06 18:01:30.693201|[g:1][CONSENSUS][PBFT]checkTimeout Succ,view=842,toView=843,nodeIdx=0,changeCycle=0,myNode=15ac4bb3...,timecost=0.522
info|2020-01-06 18:01:30.694689|[g:1][CONSENSUS][PBFT]checkAndChangeView: Reach consensus,org_view=842,org_changeCycle=0,cur_changeCycle=0,to_view=843
info|2020-01-06 18:01:31.010958|[P2P][Service] heartBeat,connected count=3
info|2020-01-06 18:01:31.696137|[g:1][CONSENSUS]addRawPrepare,height=139,reqIdx=1,hash=3426b6b1...
info|2020-01-06 18:01:31.696598|[g:1][CONSENSUS][PBFT]checkTimeout Succ,view=843,toView=844,nodeIdx=0,changeCycle=0,myNode=15ac4bb3...,timecost=0.244
info|2020-01-06 18:01:31.698421|[g:1][CONSENSUS][PBFT]checkAndChangeView: Reach consensus,org_view=843,org_changeCycle=0,cur_changeCycle=0,to_view=844
info|2020-01-06 18:01:32.699238|[g:1][CONSENSUS]addRawPrepare,height=139,reqIdx=2,hash=19cf10a5...
info|2020-01-06 18:01:32.699634|[g:1][CONSENSUS][PBFT]checkTimeout Succ,view=844,toView=845,nodeIdx=0,changeCycle=0,myNode=15ac4bb3...,timecost=0.263
info|2020-01-06 18:01:32.701203|[g:1][CONSENSUS][PBFT]checkAndChangeView: Reach consensus,org_view=844,org_changeCycle=0,cur_changeCycle=0,to_view=845
info|2020-01-06 18:01:33.704561|[g:1][CONSENSUS]addRawPrepare,height=139,reqIdx=3,hash=e1de81b8...
info|2020-01-06 18:01:33.705108|[g:1][CONSENSUS][PBFT]checkTimeout Succ,view=845,toView=846,nodeIdx=0,changeCycle=0,myNode=15ac4bb3...,timecost=0.348
info|2020-01-06 18:01:33.708712|[g:1][CONSENSUS][PBFT]checkAndChangeView: Reach consensus,org_view=845,org_changeCycle=0,cur_changeCycle=0,to_view=846
info|2020-01-06 18:01:34.708648|[g:1][CONSENSUS][SEALER]++++++++++++++++ Generating seal on,blkNum=139,tx=0,nodeIdx=0,hash=f7428e56...
info|2020-01-06 18:01:34.709585|[g:1][CONSENSUS][PBFT]checkTimeout Succ,view=846,toView=847,nodeIdx=0,changeCycle=0,myNode=15ac4bb3...,timecost=0.419
info|2020-01-06 18:01:34.715349|[g:1][CONSENSUS][PBFT]checkAndChangeView: Reach consensus,org_view=846,org_changeCycle=0,cur_changeCycle=0,to_view=847
info|2020-01-06 18:01:35.714677|[g:1][CONSENSUS]addRawPrepare,height=139,reqIdx=1,hash=a98735ff...
info|2020-01-06 18:01:35.714994|[g:1][CONSENSUS][PBFT]checkTimeout Succ,view=847,toView=848,nodeIdx=0,changeCycle=0,myNode=15ac4bb3...,timecost=0.232
info|2020-01-06 18:01:35.718538|[g:1][CONSENSUS][PBFT]checkAndChangeView: Reach consensus,org_view=847,org_changeCycle=0,cur_changeCycle=0,to_view=848
info|2020-01-06 18:01:36.722542|[g:1][CONSENSUS]addRawPrepare,height=139,reqIdx=2,hash=03fc8c61...
info|2020-01-06 18:01:36.723706|[g:1][CONSENSUS][PBFT]checkTimeout Succ,view=848,toView=849,nodeIdx=0,changeCycle=0,myNode=15ac4bb3...,timecost=0.853
info|2020-01-06 18:01:36.731069|[g:1][CONSENSUS][PBFT]checkAndChangeView: Reach consensus,org_view=848,org_changeCycle=0,cur_changeCycle=0,to_view=849
info|2020-01-06 18:01:37.734440|[g:1][CONSENSUS]addRawPrepare,height=139,reqIdx=3,hash=3132f9bc...
info|2020-01-06 18:01:37.737790|[g:1][CONSENSUS][PBFT]checkTimeout Succ,view=849,toView=850,nodeIdx=0,changeCycle=0,myNode=15ac4bb3...,timecost=2.652
info|2020-01-06 18:01:37.739983|[g:1][CONSENSUS][PBFT]checkAndChangeView: Reach consensus,org_view=849,org_changeCycle=0,cur_changeCycle=0,to_view=850
info|2020-01-06 18:01:38.770911|[g:1][CONSENSUS][SEALER]++++++++++++++++ Generating seal on,blkNum=139,tx=0,nodeIdx=0,hash=26415300...
info|2020-01-06 18:01:39.151580|[g:1][CONSENSUS][PBFT]checkTimeout Succ,view=850,toView=851,nodeIdx=0,changeCycle=0,myNode=15ac4bb3...,timecost=4.033
info|2020-01-06 18:01:39.162288|[g:1][CONSENSUS][PBFT]checkAndChangeView: Reach consensus,org_view=850,org_changeCycle=0,cur_changeCycle=0,to_view=851
