info|2019-12-13 23:00:00.619602|[g:1][CONSENSUS][SEALER]++++++++++++++++ Generating seal on,blkNum=80,tx=0,nodeIdx=2,hash=3a516e2e...
info|2019-12-13 23:00:00.622682|[g:1][CONSENSUS][PBFT]checkTimeout Succ,view=243,toView=244,nodeIdx=2,changeCycle=0,myNode=b2143d17...,timecost=0.295
info|2019-12-13 23:00:00.623366|[g:1][CONSENSUS][PBFT]checkAndChangeView: Reach consensus,org_view=243,org_changeCycle=0,cur_changeCycle=0,to_view=244
info|2019-12-13 23:00:01.626319|[g:1][CONSENSUS]addRawPrepare,height=80,reqIdx=3,hash=c51c4d7c...
info|2019-12-13 23:00:01.626889|[g:1][CONSENSUS][PBFT]checkTimeout Succ,view=244,toView=245,nodeIdx=2,changeCycle=0,myNode=b2143d17...,timecost=0.473
info|2019-12-13 23:00:01.628646|[g:1][CONSENSUS][PBFT]checkAndChangeView: Reach consensus,org_view=244,org_changeCycle=0,cur_changeCycle=0,to_view=245
info|2019-12-13 23:00:02.631460|[g:1][CONSENSUS]addRawPrepare,height=80,reqIdx=0,hash=725e7bd1...
info|2019-12-13 23:00:02.631764|[g:1][CONSENSUS][PBFT]checkTimeout Succ,view=245,toView=246,nodeIdx=2,changeCycle=0,myNode=b2143d17...,timecost=0.189
info|2019-12-13 23:00:02.632141|[g:1][CONSENSUS][PBFT]checkAndChangeView: Reach consensus,org_view=245,org_changeCycle=0,cur_changeCycle=0,to_view=246
info|2019-12-13 23:00:03.633409|[g:1][CONSENSUS]addRawPrepare,height=80,reqIdx=1,hash=bd726502...
info|2019-12-13 23:00:03.634102|[g:1][CONSENSUS][PBFT]checkTimeout Succ,view=246,toView=247,nodeIdx=2,changeCycle=0,myNode=b2143d17...,timecost=0.6
info|2019-12-13 23:00:03.635871|[g:1][CONSENSUS][PBFT]checkAndChangeView: Reach consensus,org_view=246,org_changeCycle=0,cur_changeCycle=0,to_view=247
info|2019-12-13 23:00:04.635341|[g:1][CONSENSUS][SEALER]++++++++++++++++ Generating seal on,blkNum=80,tx=0,nodeIdx=2,hash=d25e8b80...
info|2019-12-13 23:00:04.637980|[g:1][CONSENSUS][PBFT]checkTimeout Succ,view=247,toView=248,nodeIdx=2,changeCycle=0,myNode=b2143d17...,timecost=0.512
info|2019-12-13 23:00:04.639467|[g:1][CONSENSUS][PBFT]checkAndChangeView: Reach consensus,org_view=247,org_changeCycle=0,cur_changeCycle=0,to_view=248
info|2019-12-13 23:00:05.641922|[g:1][CONSENSUS]addRawPrepare,height=80,reqIdx=3,hash=c3329f33...
info|2019-12-13 23:00:05.643437|[g:1][CONSENSUS][PBFT]checkTimeout Succ,view=248,toView=249,nodeIdx=2,changeCycle=0,myNode=b2143d17...,timecost=1.111
info|2019-12-13 23:00:05.644898|[g:1][CONSENSUS][PBFT]checkAndChangeView: Reach consensus,org_view=248,org_changeCycle=0,cur_changeCycle=0,to_view=249
info|2019-12-13 23:00:06.645087|[g:1][CONSENSUS]addRawPrepare,height=80,reqIdx=0,hash=d7ca1dd4...
info|2019-12-13 23:00:06.646108|[g:1][CONSENSUS][PBFT]checkTimeout Succ,view=249,toView=250,nodeIdx=2,changeCycle=0,myNode=b2143d17...,timecost=0.919
info|2019-12-13 23:00:06.647579|[g:1][CONSENSUS][PBFT]checkAndChangeView: Reach consensus,org_view=249,org_changeCycle=0,cur_changeCycle=0,to_view=250
info|2019-12-13 23:00:07.652303|[g:1][CONSENSUS]addRawPrepare,height=80,reqIdx=1,hash=20ab8a85...
info|2019-12-13 23:00:07.654025|[g:1][CONSENSUS][PBFT]checkTimeout Succ,view=250,toView=251,nodeIdx=2,changeCycle=0,myNode=b2143d17...,timecost=1.553
info|2019-12-13 23:00:07.655785|[g:1][CONSENSUS][PBFT]checkAndChangeView: Reach consensus,org_view=250,org_changeCycle=0,cur_changeCycle=0,to_view=251
info|2019-12-13 23:00:08.234089|[P2P][Service] heartBeat,connected count=3
info|2019-12-13 23:00:08.656093|[g:1][CONSENSUS][SEALER]++++++++++++++++ Generating seal on,blkNum=80,tx=0,nodeIdx=2,hash=3122629e...
info|2019-12-13 23:00:08.659498|[g:1][CONSENSUS][PBFT]checkTimeout Succ,view=251,toView=252,nodeIdx=2,changeCycle=0,myNode=b2143d17...,timecost=0.614
info|2019-12-13 23:00:08.660542|[g:1][CONSENSUS][PBFT]checkAndChangeView: Reach consensus,org_view=251,org_changeCycle=0,cur_changeCycle=0,to_view=252
info|2019-12-13 23:00:09.662883|[g:1][CONSENSUS]addRawPrepare,height=80,reqIdx=3,hash=68e8e930...
info|2019-12-13 23:00:09.664516|[g:1][CONSENSUS][PBFT]checkTimeout Succ,view=252,toView=253,nodeIdx=2,changeCycle=0,myNode=b2143d17...,timecost=0.883
info|2019-12-13 23:00:09.665764|[g:1][CONSENSUS][PBFT]checkAndChangeView: Reach consensus,org_view=252,org_changeCycle=0,cur_changeCycle=0,to_view=253
info|2019-12-13 23:00:10.666760|[g:1][CONSENSUS]addRawPrepare,height=80,reqIdx=0,hash=eb826461...
info|2019-12-13 23:00:10.667547|[g:1][CONSENSUS][PBFT]checkTimeout Succ,view=253,toView=254,nodeIdx=2,changeCycle=0,myNode=b2143d17...,timecost=0.556
info|2019-12-13 23:00:10.669158|[g:1][CONSENSUS][PBFT]checkAndChangeView: Reach consensus,org_view=253,org_changeCycle=0,cur_changeCycle=0,to_view=254
info|2019-12-13 23:00:11.670877|[g:1][CONSENSUS]addRawPrepare,height=80,reqIdx=1,hash=caafb708...
info|2019-12-13 23:00:11.671458|[g:1][CONSENSUS][PBFT]checkTimeout Succ,view=254,toView=255,nodeIdx=2,changeCycle=0,myNode=b2143d17...,timecost=0.441
info|2019-12-13 23:00:11.673818|[g:1][CONSENSUS][PBFT]checkAndChangeView: Reach consensus,org_view=254,org_changeCycle=0,cur_changeCycle=0,to_view=255
info|2019-12-13 23:00:12.674267|[g:1][CONSENSUS][SEALER]++++++++++++++++ Generating seal on,blkNum=80,tx=0,nodeIdx=2,hash=9d0379de...
info|2019-12-13 23:00:12.676416|[g:1][CONSENSUS][PBFT]checkTimeout Succ,view=255,toView=256,nodeIdx=2,changeCycle=0,myNode=b2143d17...,timecost=0.331
info|2019-12-13 23:00:12.678714|[g:1][CONSENSUS][PBFT]checkAndChangeView: Reach consensus,org_view=255,org_changeCycle=0,cur_changeCycle=0,to_view=256
info|2019-12-13 23:00:13.683001|[g:1][CONSENSUS]addRawPrepare,height=80,reqIdx=3,hash=6b775779...
info|2019-12-13 23:00:13.685836|[g:1][CONSENSUS][PBFT]checkTimeout Succ,view=256,toView=257,nodeIdx=2,changeCycle=0,myNode=b2143d17...,timecost=2.692
info|2019-12-13 23:00:13.687031|[g:1][CONSENSUS][PBFT]checkAndChangeView: Reach consensus,org_view=256,org_changeCycle=0,cur_changeCycle=0,to_view=257
info|2019-12-13 23:00:14.690732|[g:1][CONSENSUS]addRawPrepare,height=80,reqIdx=0,hash=7e6429e7...
info|2019-12-13 23:00:14.692381|[g:1][CONSENSUS][PBFT]checkTimeout Succ,view=257,toView=258,nodeIdx=2,changeCycle=0,myNode=b2143d17...,timecost=0.567
info|2019-12-13 23:00:14.693321|[g:1][CONSENSUS][PBFT]checkAndChangeView: Reach consensus,org_view=257,org_changeCycle=0,cur_changeCycle=0,to_view=258
info|2019-12-13 23:00:15.693907|[g:1][CONSENSUS]addRawPrepare,height=80,reqIdx=1,hash=5a48a3aa...
info|2019-12-13 23:00:15.694930|[g:1][CONSENSUS][PBFT]checkTimeout Succ,view=258,toView=259,nodeIdx=2,changeCycle=0,myNode=b2143d17...,timecost=0.831
info|2019-12-13 23:00:15.696594|[g:1][CONSENSUS][PBFT]checkAndChangeView: Reach consensus,org_view=258,org_changeCycle=0,cur_changeCycle=0,to_view=259
info|2019-12-13 23:00:16.697087|[g:1][CONSENSUS][SEALER]++++++++++++++++ Generating seal on,blkNum=80,tx=0,nodeIdx=2,hash=41d55585...
info|2019-12-13 23:00:16.698273|[g:1][CONSENSUS][PBFT]checkTimeout Succ,view=259,toView=260,nodeIdx=2,changeCycle=0,myNode=b2143d17...,timecost=0.319
info|2019-12-13 23:00:16.700361|[g:1][CONSENSUS][PBFT]checkAndChangeView: Reach consensus,org_view=259,org_changeCycle=0,cur_changeCycle=0,to_view=260
info|2019-12-13 23:00:17.702770|[g:1][CONSENSUS]addRawPrepare,height=80,reqIdx=3,hash=de1df89d...
info|2019-12-13 23:00:17.703154|[g:1][CONSENSUS][PBFT]checkTimeout Succ,view=260,toView=261,nodeIdx=2,changeCycle=0,myNode=b2143d17...,timecost=0.265
info|2019-12-13 23:00:17.704876|[g:1][CONSENSUS][PBFT]checkAndChangeView: Reach consensus,org_view=260,org_changeCycle=0,cur_changeCycle=0,to_view=261
info|2019-12-13 23:00:18.241530|[P2P][Service] heartBeat,connected count=3
info|2019-12-13 23:00:18.706521|[g:1][CONSENSUS]addRawPrepare,height=80,reqIdx=0,hash=5262b311...
info|2019-12-13 23:00:18.707073|[g:1][CONSENSUS][PBFT]checkTimeout Succ,view=261,toView=262,nodeIdx=2,changeCycle=0,myNode=b2143d17...,timecost=0.306
info|2019-12-13 23:00:18.709136|[g:1][CONSENSUS][PBFT]checkAndChangeView: Reach consensus,org_view=261,org_changeCycle=0,cur_changeCycle=0,to_view=262
info|2019-12-13 23:00:19.711594|[g:1][CONSENSUS]addRawPrepare,height=80,reqIdx=1,hash=a0f99ca3...
info|2019-12-13 23:00:19.711964|[g:1][CONSENSUS][PBFT]checkTimeout Succ,view=262,toView=263,nodeIdx=2,changeCycle=0,myNode=b2143d17...,timecost=0.284
info|2019-12-13 23:00:19.712924|[g:1][CONSENSUS][PBFT]checkAndChangeView: Reach consensus,org_view=262,org_changeCycle=0,cur_changeCycle=0,to_view=263
info|2019-12-13 23:00:20.712213|[g:1][CONSENSUS][SEALER]++++++++++++++++ Generating seal on,blkNum=80,tx=0,nodeIdx=2,hash=39fc05fa...
info|2019-12-13 23:00:20.712861|[g:1][CONSENSUS][PBFT]checkTimeout Succ,view=263,toView=264,nodeIdx=2,changeCycle=0,myNode=b2143d17...,timecost=0.302
info|2019-12-13 23:00:20.714878|[g:1][CONSENSUS][PBFT]checkAndChangeView: Reach consensus,org_view=263,org_changeCycle=0,cur_changeCycle=0,to_view=264
info|2019-12-13 23:00:21.718917|[g:1][CONSENSUS]addRawPrepare,height=80,reqIdx=3,hash=564d45e7...
info|2019-12-13 23:00:21.720005|[g:1][CONSENSUS][PBFT]checkTimeout Succ,view=264,toView=265,nodeIdx=2,changeCycle=0,myNode=b2143d17...,timecost=0.991
info|2019-12-13 23:00:21.721023|[g:1][CONSENSUS][PBFT]checkAndChangeView: Reach consensus,org_view=264,org_changeCycle=0,cur_changeCycle=0,to_view=265
info|2019-12-13 23:00:22.724216|[g:1][CONSENSUS]addRawPrepare,height=80,reqIdx=0,hash=469158dc...
info|2019-12-13 23:00:22.726189|[g:1][CONSENSUS][PBFT]checkTimeout Succ,view=265,toView=266,nodeIdx=2,changeCycle=0,myNode=b2143d17...,timecost=1.489
info|2019-12-13 23:00:22.727079|[g:1][CONSENSUS][PBFT]checkAndChangeView: Reach consensus,org_view=265,org_changeCycle=0,cur_changeCycle=0,to_view=266
info|2019-12-13 23:00:23.744255|[g:1][CONSENSUS]addRawPrepare,height=80,reqIdx=1,hash=f5bbd79c...
info|2019-12-13 23:00:23.745663|[g:1][CONSENSUS][PBFT]checkTimeout Succ,view=266,toView=267,nodeIdx=2,changeCycle=0,myNode=b2143d17...,timecost=0.915
info|2019-12-13 23:00:23.747010|[g:1][CONSENSUS][PBFT]checkAndChangeView: Reach consensus,org_view=266,org_changeCycle=0,cur_changeCycle=0,to_view=267
info|2019-12-13 23:00:24.747806|[g:1][CONSENSUS][SEALER]++++++++++++++++ Generating seal on,blkNum=80,tx=0,nodeIdx=2,hash=24e8f9e9...
info|2019-12-13 23:00:24.752146|[g:1][CONSENSUS][PBFT]checkTimeout Succ,view=267,toView=268,nodeIdx=2,changeCycle=0,myNode=b2143d17...,timecost=1.718
info|2019-12-13 23:00:24.752877|[g:1][CONSENSUS][PBFT]checkAndChangeView: Reach consensus,org_view=267,org_changeCycle=0,cur_changeCycle=0,to_view=268
info|2019-12-13 23:00:25.754714|[g:1][CONSENSUS]addRawPrepare,height=80,reqIdx=3,hash=6330553f...
info|2019-12-13 23:00:25.756065|[g:1][CONSENSUS][PBFT]checkTimeout Succ,view=268,toView=269,nodeIdx=2,changeCycle=0,myNode=b2143d17...,timecost=0.465
info|2019-12-13 23:00:25.757698|[g:1][CONSENSUS][PBFT]checkAndChangeView: Reach consensus,org_view=268,org_changeCycle=0,cur_changeCycle=0,to_view=269
info|2019-12-13 23:00:26.759168|[g:1][CONSENSUS]addRawPrepare,height=80,reqIdx=0,hash=941ba785...
info|2019-12-13 23:00:26.759549|[g:1][CONSENSUS][PBFT]checkTimeout Succ,view=269,toView=270,nodeIdx=2,changeCycle=0,myNode=b2143d17...,timecost=0.295
info|2019-12-13 23:00:26.761401|[g:1][CONSENSUS][PBFT]checkAndChangeView: Reach consensus,org_view=269,org_changeCycle=0,cur_changeCycle=0,to_view=270
info|2019-12-13 23:00:27.765378|[g:1][CONSENSUS]addRawPrepare,height=80,reqIdx=1,hash=16d4e84c...
info|2019-12-13 23:00:27.766233|[g:1][CONSENSUS][PBFT]checkTimeout Succ,view=270,toView=271,nodeIdx=2,changeCycle=0,myNode=b2143d17...,timecost=0.961
info|2019-12-13 23:00:27.767827|[g:1][CONSENSUS][PBFT]checkAndChangeView: Reach consensus,org_view=270,org_changeCycle=0,cur_changeCycle=0,to_view=271
info|2019-12-13 23:00:28.242117|[P2P][Service] heartBeat,connected count=3
info|2019-12-13 23:00:28.768207|[g:1][CONSENSUS][SEALER]++++++++++++++++ Generating seal on,blkNum=80,tx=0,nodeIdx=2,hash=d808e5e9...
info|2019-12-13 23:00:28.768835|[g:1][CONSENSUS][PBFT]checkTimeout Succ,view=271,toView=272,nodeIdx=2,changeCycle=0,myNode=b2143d17...,timecost=0.283
info|2019-12-13 23:00:28.771726|[g:1][CONSENSUS][PBFT]checkAndChangeView: Reach consensus,org_view=271,org_changeCycle=0,cur_changeCycle=0,to_view=272
info|2019-12-13 23:00:29.774452|[g:1][CONSENSUS]addRawPrepare,height=80,reqIdx=3,hash=dc67d3ed...
info|2019-12-13 23:00:29.774722|[g:1][CONSENSUS][PBFT]checkTimeout Succ,view=272,toView=273,nodeIdx=2,changeCycle=0,myNode=b2143d17...,timecost=0.19
info|2019-12-13 23:00:29.775717|[g:1][CONSENSUS][PBFT]checkAndChangeView: Reach consensus,org_view=272,org_changeCycle=0,cur_changeCycle=0,to_view=273
info|2019-12-13 23:00:30.778943|[g:1][CONSENSUS]addRawPrepare,height=80,reqIdx=0,hash=b17ff6d7...
info|2019-12-13 23:00:30.779303|[g:1][CONSENSUS][PBFT]checkTimeout Succ,view=273,toView=274,nodeIdx=2,changeCycle=0,myNode=b2143d17...,timecost=0.272
info|2019-12-13 23:00:30.780710|[g:1][CONSENSUS][PBFT]checkAndChangeView: Reach consensus,org_view=273,org_changeCycle=0,cur_changeCycle=0,to_view=274
info|2019-12-13 23:00:31.783072|[g:1][CONSENSUS]addRawPrepare,height=80,reqIdx=1,hash=dcf88681...
info|2019-12-13 23:00:31.783648|[g:1][CONSENSUS][PBFT]checkTimeout Succ,view=274,toView=275,nodeIdx=2,changeCycle=0,myNode=b2143d17...,timecost=0.493
info|2019-12-13 23:00:31.785164|[g:1][CONSENSUS][PBFT]checkAndChangeView: Reach consensus,org_view=274,org_changeCycle=0,cur_changeCycle=0,to_view=275
info|2019-12-13 23:00:32.785493|[g:1][CONSENSUS][SEALER]++++++++++++++++ Generating seal on,blkNum=80,tx=0,nodeIdx=2,hash=516ce433...
info|2019-12-13 23:00:32.787761|[g:1][CONSENSUS][PBFT]checkTimeout Succ,view=275,toView=276,nodeIdx=2,changeCycle=0,myNode=b2143d17...,timecost=0.234
info|2019-12-13 23:00:32.788525|[g:1][CONSENSUS][PBFT]checkAndChangeView: Reach consensus,org_view=275,org_changeCycle=0,cur_changeCycle=0,to_view=276
info|2019-12-13 23:00:33.790741|[g:1][CONSENSUS]addRawPrepare,height=80,reqIdx=3,hash=160efbfb...
info|2019-12-13 23:00:33.791229|[g:1][CONSENSUS][PBFT]checkTimeout Succ,view=276,toView=277,nodeIdx=2,changeCycle=0,myNode=b2143d17...,timecost=0.311
info|2019-12-13 23:00:33.792891|[g:1][CONSENSUS][PBFT]checkAndChangeView: Reach consensus,org_view=276,org_changeCycle=0,cur_changeCycle=0,to_view=277
info|2019-12-13 23:00:34.796177|[g:1][CONSENSUS]addRawPrepare,height=80,reqIdx=0,hash=cdc8d8c7...
info|2019-12-13 23:00:34.796806|[g:1][CONSENSUS][PBFT]checkTimeout Succ,view=277,toView=278,nodeIdx=2,changeCycle=0,myNode=b2143d17...,timecost=0.41
info|2019-12-13 23:00:34.797768|[g:1][CONSENSUS][PBFT]checkAndChangeView: Reach consensus,org_view=277,org_changeCycle=0,cur_changeCycle=0,to_view=278
info|2019-12-13 23:00:35.801045|[g:1][CONSENSUS]addRawPrepare,height=80,reqIdx=1,hash=8bd4d10a...
info|2019-12-13 23:00:35.801789|[g:1][CONSENSUS][PBFT]checkTimeout Succ,view=278,toView=279,nodeIdx=2,changeCycle=0,myNode=b2143d17...,timecost=0.589
info|2019-12-13 23:00:35.803294|[g:1][CONSENSUS][PBFT]checkAndChangeView: Reach consensus,org_view=278,org_changeCycle=0,cur_changeCycle=0,to_view=279
info|2019-12-13 23:00:36.804963|[g:1][CONSENSUS][SEALER]++++++++++++++++ Generating seal on,blkNum=80,tx=0,nodeIdx=2,hash=8dd40bbd...
info|2019-12-13 23:00:36.806562|[g:1][CONSENSUS][PBFT]checkTimeout Succ,view=279,toView=280,nodeIdx=2,changeCycle=0,myNode=b2143d17...,timecost=0.491
info|2019-12-13 23:00:36.808834|[g:1][CONSENSUS][PBFT]checkAndChangeView: Reach consensus,org_view=279,org_changeCycle=0,cur_changeCycle=0,to_view=280
info|2019-12-13 23:00:37.811934|[g:1][CONSENSUS]addRawPrepare,height=80,reqIdx=3,hash=5c36e05e...
info|2019-12-13 23:00:37.812413|[g:1][CONSENSUS][PBFT]checkTimeout Succ,view=280,toView=281,nodeIdx=2,changeCycle=0,myNode=b2143d17...,timecost=0.321
info|2019-12-13 23:00:37.814816|[g:1][CONSENSUS][PBFT]checkAndChangeView: Reach consensus,org_view=280,org_changeCycle=0,cur_changeCycle=0,to_view=281
info|2019-12-13 23:00:38.243144|[P2P][Service] heartBeat,connected count=3
info|2019-12-13 23:00:38.819145|[g:1][CONSENSUS]addRawPrepare,height=80,reqIdx=0,hash=ebecabfc...
info|2019-12-13 23:00:38.819879|[g:1][CONSENSUS][PBFT]checkTimeout Succ,view=281,toView=282,nodeIdx=2,changeCycle=0,myNode=b2143d17...,timecost=0.384
info|2019-12-13 23:00:38.820691|[g:1][CONSENSUS][PBFT]checkAndChangeView: Reach consensus,org_view=281,org_changeCycle=0,cur_changeCycle=0,to_view=282
info|2019-12-13 23:00:39.821449|[g:1][CONSENSUS]addRawPrepare,height=80,reqIdx=1,hash=17f4e01a...
info|2019-12-13 23:00:39.822079|[g:1][CONSENSUS][PBFT]checkTimeout Succ,view=282,toView=283,nodeIdx=2,changeCycle=0,myNode=b2143d17...,timecost=0.524
info|2019-12-13 23:00:39.823669|[g:1][CONSENSUS][PBFT]checkAndChangeView: Reach consensus,org_view=282,org_changeCycle=0,cur_changeCycle=0,to_view=283
info|2019-12-13 23:00:40.824433|[g:1][CONSENSUS][SEALER]++++++++++++++++ Generating seal on,blkNum=80,tx=0,nodeIdx=2,hash=c639a4d4...
info|2019-12-13 23:00:40.825447|[g:1][CONSENSUS][PBFT]checkTimeout Succ,view=283,toView=284,nodeIdx=2,changeCycle=0,myNode=b2143d17...,timecost=0.643
info|2019-12-13 23:00:40.828863|[g:1][CONSENSUS][PBFT]checkAndChangeView: Reach consensus,org_view=283,org_changeCycle=0,cur_changeCycle=0,to_view=284
info|2019-12-13 23:00:41.833468|[g:1][CONSENSUS]addRawPrepare,height=80,reqIdx=3,hash=d75627a8...
info|2019-12-13 23:00:41.835499|[g:1][CONSENSUS][PBFT]checkTimeout Succ,view=284,toView=285,nodeIdx=2,changeCycle=0,myNode=b2143d17...,timecost=1.568
info|2019-12-13 23:00:41.836797|[g:1][CONSENSUS][PBFT]checkAndChangeView: Reach consensus,org_view=284,org_changeCycle=0,cur_changeCycle=0,to_view=285
info|2019-12-13 23:00:42.879335|[g:1][CONSENSUS]addRawPrepare,height=80,reqIdx=0,hash=21919e5c...
info|2019-12-13 23:00:42.879801|[g:1][CONSENSUS][PBFT]checkTimeout Succ,view=285,toView=286,nodeIdx=2,changeCycle=0,myNode=b2143d17...,timecost=0.282
info|2019-12-13 23:00:42.882930|[g:1][CONSENSUS][PBFT]checkAndChangeView: Reach consensus,org_view=285,org_changeCycle=0,cur_changeCycle=0,to_view=286
info|2019-12-13 23:00:43.885607|[g:1][CONSENSUS]addRawPrepare,height=80,reqIdx=1,hash=3fd1a6b4...
info|2019-12-13 23:00:43.886235|[g:1][CONSENSUS][PBFT]checkTimeout Succ,view=286,toView=287,nodeIdx=2,changeCycle=0,myNode=b2143d17...,timecost=0.525
info|2019-12-13 23:00:43.887480|[g:1][CONSENSUS][PBFT]checkAndChangeView: Reach consensus,org_view=286,org_changeCycle=0,cur_changeCycle=0,to_view=287
info|2019-12-13 23:00:44.887794|[g:1][CONSENSUS][SEALER]++++++++++++++++ Generating seal on,blkNum=80,tx=0,nodeIdx=2,hash=afd354cc...
info|2019-12-13 23:00:44.888465|[g:1][CONSENSUS][PBFT]checkTimeout Succ,view=287,toView=288,nodeIdx=2,changeCycle=0,myNode=b2143d17...,timecost=0.299
info|2019-12-13 23:00:44.893362|[g:1][CONSENSUS][PBFT]checkAndChangeView: Reach consensus,org_view=287,org_changeCycle=0,cur_changeCycle=0,to_view=288
info|2019-12-13 23:00:45.895698|[g:1][CONSENSUS]addRawPrepare,height=80,reqIdx=3,hash=6c0ea34c...
info|2019-12-13 23:00:45.896050|[g:1][CONSENSUS][PBFT]checkTimeout Succ,view=288,toView=289,nodeIdx=2,changeCycle=0,myNode=b2143d17...,timecost=0.257
info|2019-12-13 23:00:45.899044|[g:1][CONSENSUS][PBFT]checkAndChangeView: Reach consensus,org_view=288,org_changeCycle=0,cur_changeCycle=0,to_view=289
info|2019-12-13 23:00:46.903925|[g:1][CONSENSUS]addRawPrepare,height=80,reqIdx=0,hash=194288d4...
info|2019-12-13 23:00:46.905459|[g:1][CONSENSUS][PBFT]checkTimeout Succ,view=289,toView=290,nodeIdx=2,changeCycle=0,myNode=b2143d17...,timecost=1.183
info|2019-12-13 23:00:46.909350|[g:1][CONSENSUS][PBFT]checkAndChangeView: Reach consensus,org_view=289,org_changeCycle=0,cur_changeCycle=0,to_view=290
info|2019-12-13 23:00:47.912219|[g:1][CONSENSUS]addRawPrepare,height=80,reqIdx=1,hash=5c25d20d...
info|2019-12-13 23:00:47.913046|[g:1][CONSENSUS][PBFT]checkTimeout Succ,view=290,toView=291,nodeIdx=2,changeCycle=0,myNode=b2143d17...,timecost=0.668
info|2019-12-13 23:00:47.915190|[g:1][CONSENSUS][PBFT]checkAndChangeView: Reach consensus,org_view=290,org_changeCycle=0,cur_changeCycle=0,to_view=291
info|2019-12-13 23:00:48.243974|[P2P][Service] heartBeat,connected count=3
info|2019-12-13 23:00:48.915416|[g:1][CONSENSUS][SEALER]++++++++++++++++ Generating seal on,blkNum=80,tx=0,nodeIdx=2,hash=99b8df55...
info|2019-12-13 23:00:48.921767|[g:1][CONSENSUS][PBFT]checkTimeout Succ,view=291,toView=292,nodeIdx=2,changeCycle=0,myNode=b2143d17...,timecost=0.752
info|2019-12-13 23:00:48.922618|[g:1][CONSENSUS][PBFT]checkAndChangeView: Reach consensus,org_view=291,org_changeCycle=0,cur_changeCycle=0,to_view=292
info|2019-12-13 23:00:49.923904|[g:1][CONSENSUS]addRawPrepare,height=80,reqIdx=3,hash=2cc65df4...
info|2019-12-13 23:00:49.925281|[g:1][CONSENSUS][PBFT]checkTimeout Succ,view=292,toView=293,nodeIdx=2,changeCycle=0,myNode=b2143d17...,timecost=0.79
info|2019-12-13 23:00:49.926202|[g:1][CONSENSUS][PBFT]checkAndChangeView: Reach consensus,org_view=292,org_changeCycle=0,cur_changeCycle=0,to_view=293
info|2019-12-13 23:00:50.925819|[g:1][CONSENSUS]addRawPrepare,height=80,reqIdx=0,hash=445f65ee...
info|2019-12-13 23:00:50.929036|[g:1][CONSENSUS][PBFT]checkTimeout Succ,view=293,toView=294,nodeIdx=2,changeCycle=0,myNode=b2143d17...,timecost=1.557
info|2019-12-13 23:00:50.930362|[g:1][CONSENSUS][PBFT]checkAndChangeView: Reach consensus,org_view=293,org_changeCycle=0,cur_changeCycle=0,to_view=294
info|2019-12-13 23:00:51.932288|[g:1][CONSENSUS]addRawPrepare,height=80,reqIdx=1,hash=63915ee9...
info|2019-12-13 23:00:51.933796|[g:1][CONSENSUS][PBFT]checkTimeout Succ,view=294,toView=295,nodeIdx=2,changeCycle=0,myNode=b2143d17...,timecost=1.4
info|2019-12-13 23:00:51.936179|[g:1][CONSENSUS][PBFT]checkAndChangeView: Reach consensus,org_view=294,org_changeCycle=0,cur_changeCycle=0,to_view=295
info|2019-12-13 23:00:52.936914|[g:1][CONSENSUS][SEALER]++++++++++++++++ Generating seal on,blkNum=80,tx=0,nodeIdx=2,hash=7f22425d...
info|2019-12-13 23:00:52.943055|[g:1][CONSENSUS][PBFT]checkTimeout Succ,view=295,toView=296,nodeIdx=2,changeCycle=0,myNode=b2143d17...,timecost=0.318
info|2019-12-13 23:00:52.943947|[g:1][CONSENSUS][PBFT]checkAndChangeView: Reach consensus,org_view=295,org_changeCycle=0,cur_changeCycle=0,to_view=296
info|2019-12-13 23:00:53.942795|[g:1][CONSENSUS]addRawPrepare,height=80,reqIdx=3,hash=bd3519de...
info|2019-12-13 23:00:53.943081|[g:1][CONSENSUS][PBFT]checkTimeout Succ,view=296,toView=297,nodeIdx=2,changeCycle=0,myNode=b2143d17...,timecost=0.198
info|2019-12-13 23:00:53.945990|[g:1][CONSENSUS][PBFT]checkAndChangeView: Reach consensus,org_view=296,org_changeCycle=0,cur_changeCycle=0,to_view=297
info|2019-12-13 23:00:54.950888|[g:1][CONSENSUS]addRawPrepare,height=80,reqIdx=0,hash=3be3517b...
info|2019-12-13 23:00:54.951418|[g:1][CONSENSUS][PBFT]checkTimeout Succ,view=297,toView=298,nodeIdx=2,changeCycle=0,myNode=b2143d17...,timecost=0.372
info|2019-12-13 23:00:54.954828|[g:1][CONSENSUS][PBFT]checkAndChangeView: Reach consensus,org_view=297,org_changeCycle=0,cur_changeCycle=0,to_view=298
info|2019-12-13 23:00:55.956612|[g:1][CONSENSUS]addRawPrepare,height=80,reqIdx=1,hash=ff54091a...
info|2019-12-13 23:00:55.960325|[g:1][CONSENSUS][PBFT]checkTimeout Succ,view=298,toView=299,nodeIdx=2,changeCycle=0,myNode=b2143d17...,timecost=3.537
info|2019-12-13 23:00:55.963779|[g:1][CONSENSUS][PBFT]checkAndChangeView: Reach consensus,org_view=298,org_changeCycle=0,cur_changeCycle=0,to_view=299
info|2019-12-13 23:00:56.963800|[g:1][CONSENSUS][SEALER]++++++++++++++++ Generating seal on,blkNum=80,tx=0,nodeIdx=2,hash=2693a28c...
info|2019-12-13 23:00:56.964639|[g:1][CONSENSUS][PBFT]checkTimeout Succ,view=299,toView=300,nodeIdx=2,changeCycle=0,myNode=b2143d17...,timecost=0.352
info|2019-12-13 23:00:56.966496|[g:1][CONSENSUS][PBFT]checkAndChangeView: Reach consensus,org_view=299,org_changeCycle=0,cur_changeCycle=0,to_view=300
info|2019-12-13 23:00:57.970227|[g:1][CONSENSUS]addRawPrepare,height=80,reqIdx=3,hash=1f5704b4...
info|2019-12-13 23:00:57.970578|[g:1][CONSENSUS][PBFT]checkTimeout Succ,view=300,toView=301,nodeIdx=2,changeCycle=0,myNode=b2143d17...,timecost=0.241
info|2019-12-13 23:00:57.973355|[g:1][CONSENSUS][PBFT]checkAndChangeView: Reach consensus,org_view=300,org_changeCycle=0,cur_changeCycle=0,to_view=301
info|2019-12-13 23:00:58.244360|[P2P][Service] heartBeat,connected count=3
info|2019-12-13 23:00:58.976063|[g:1][CONSENSUS]addRawPrepare,height=80,reqIdx=0,hash=20694cd0...
info|2019-12-13 23:00:58.976456|[g:1][CONSENSUS][PBFT]checkTimeout Succ,view=301,toView=302,nodeIdx=2,changeCycle=0,myNode=b2143d17...,timecost=0.239
info|2019-12-13 23:00:58.978106|[g:1][CONSENSUS][PBFT]checkAndChangeView: Reach consensus,org_view=301,org_changeCycle=0,cur_changeCycle=0,to_view=302
info|2019-12-13 23:00:59.979886|[g:1][CONSENSUS]addRawPrepare,height=80,reqIdx=1,hash=2e289a95...
info|2019-12-13 23:00:59.980291|[g:1][CONSENSUS][PBFT]checkTimeout Succ,view=302,toView=303,nodeIdx=2,changeCycle=0,myNode=b2143d17...,timecost=0.271
info|2019-12-13 23:00:59.982704|[g:1][CONSENSUS][PBFT]checkAndChangeView: Reach consensus,org_view=302,org_changeCycle=0,cur_changeCycle=0,to_view=303
info|2019-12-13 23:01:00.982234|[g:1][CONSENSUS][SEALER]++++++++++++++++ Generating seal on,blkNum=80,tx=0,nodeIdx=2,hash=c331aa4f...
info|2019-12-13 23:01:00.983226|[g:1][CONSENSUS][PBFT]checkTimeout Succ,view=303,toView=304,nodeIdx=2,changeCycle=0,myNode=b2143d17...,timecost=0.271
info|2019-12-13 23:01:00.986561|[g:1][CONSENSUS][PBFT]checkAndChangeView: Reach consensus,org_view=303,org_changeCycle=0,cur_changeCycle=0,to_view=304
info|2019-12-13 23:01:01.986447|[g:1][CONSENSUS]addRawPrepare,height=80,reqIdx=3,hash=c9506f10...
info|2019-12-13 23:01:01.988074|[g:1][CONSENSUS][PBFT]checkTimeout Succ,view=304,toView=305,nodeIdx=2,changeCycle=0,myNode=b2143d17...,timecost=1.542
info|2019-12-13 23:01:01.989688|[g:1][CONSENSUS][PBFT]checkAndChangeView: Reach consensus,org_view=304,org_changeCycle=0,cur_changeCycle=0,to_view=305
info|2019-12-13 23:01:02.992922|[g:1][CONSENSUS]addRawPrepare,height=80,reqIdx=0,hash=1f06ad49...
info|2019-12-13 23:01:02.993230|[g:1][CONSENSUS][PBFT]checkTimeout Succ,view=305,toView=306,nodeIdx=2,changeCycle=0,myNode=b2143d17...,timecost=0.228
info|2019-12-13 23:01:02.995229|[g:1][CONSENSUS][PBFT]checkAndChangeView: Reach consensus,org_view=305,org_changeCycle=0,cur_changeCycle=0,to_view=306
info|2019-12-13 23:01:03.999022|[g:1][CONSENSUS]addRawPrepare,height=80,reqIdx=1,hash=a617a219...
info|2019-12-13 23:01:04.001496|[g:1][CONSENSUS][PBFT]checkTimeout Succ,view=306,toView=307,nodeIdx=2,changeCycle=0,myNode=b2143d17...,timecost=1.99
info|2019-12-13 23:01:04.003268|[g:1][CONSENSUS][PBFT]checkAndChangeView: Reach consensus,org_view=306,org_changeCycle=0,cur_changeCycle=0,to_view=307
info|2019-12-13 23:01:05.003347|[g:1][CONSENSUS][SEALER]++++++++++++++++ Generating seal on,blkNum=80,tx=0,nodeIdx=2,hash=d4d31406...
info|2019-12-13 23:01:05.005577|[g:1][CONSENSUS][PBFT]checkTimeout Succ,view=307,toView=308,nodeIdx=2,changeCycle=0,myNode=b2143d17...,timecost=0.226
info|2019-12-13 23:01:05.006064|[g:1][CONSENSUS][PBFT]checkAndChangeView: Reach consensus,org_view=307,org_changeCycle=0,cur_changeCycle=0,to_view=308
info|2019-12-13 23:01:06.009018|[g:1][CONSENSUS]addRawPrepare,height=80,reqIdx=3,hash=9d899d40...
info|2019-12-13 23:01:06.009352|[g:1][CONSENSUS][PBFT]checkTimeout Succ,view=308,toView=309,nodeIdx=2,changeCycle=0,myNode=b2143d17...,timecost=0.242
info|2019-12-13 23:01:06.012652|[g:1][CONSENSUS][PBFT]checkAndChangeView: Reach consensus,org_view=308,org_changeCycle=0,cur_changeCycle=0,to_view=309
info|2019-12-13 23:01:07.012399|[g:1][CONSENSUS]addRawPrepare,height=80,reqIdx=0,hash=676819ac...
info|2019-12-13 23:01:07.012696|[g:1][CONSENSUS][PBFT]checkTimeout Succ,view=309,toView=310,nodeIdx=2,changeCycle=0,myNode=b2143d17...,timecost=0.195
info|2019-12-13 23:01:07.015111|[g:1][CONSENSUS][PBFT]checkAndChangeView: Reach consensus,org_view=309,org_changeCycle=0,cur_changeCycle=0,to_view=310
info|2019-12-13 23:01:08.016040|[g:1][CONSENSUS]addRawPrepare,height=80,reqIdx=1,hash=684b186f...
info|2019-12-13 23:01:08.016302|[g:1][CONSENSUS][PBFT]checkTimeout Succ,view=310,toView=311,nodeIdx=2,changeCycle=0,myNode=b2143d17...,timecost=0.175
info|2019-12-13 23:01:08.019715|[g:1][CONSENSUS][PBFT]checkAndChangeView: Reach consensus,org_view=310,org_changeCycle=0,cur_changeCycle=0,to_view=311
info|2019-12-13 23:01:08.244767|[P2P][Service] heartBeat,connected count=3
info|2019-12-13 23:01:09.020871|[g:1][CONSENSUS][SEALER]++++++++++++++++ Generating seal on,blkNum=80,tx=0,nodeIdx=2,hash=7ea53d96...
info|2019-12-13 23:01:09.024222|[g:1][CONSENSUS][PBFT]checkTimeout Succ,view=311,toView=312,nodeIdx=2,changeCycle=0,myNode=b2143d17...,timecost=0.216
info|2019-12-13 23:01:09.026255|[g:1][CONSENSUS][PBFT]checkAndChangeView: Reach consensus,org_view=311,org_changeCycle=0,cur_changeCycle=0,to_view=312
info|2019-12-13 23:01:10.026541|[g:1][CONSENSUS]addRawPrepare,height=80,reqIdx=3,hash=6adc56b1...
info|2019-12-13 23:01:10.026896|[g:1][CONSENSUS][PBFT]checkTimeout Succ,view=312,toView=313,nodeIdx=2,changeCycle=0,myNode=b2143d17...,timecost=0.24
info|2019-12-13 23:01:10.030094|[g:1][CONSENSUS][PBFT]checkAndChangeView: Reach consensus,org_view=312,org_changeCycle=0,cur_changeCycle=0,to_view=313
info|2019-12-13 23:01:11.035507|[g:1][CONSENSUS]addRawPrepare,height=80,reqIdx=0,hash=7c99c151...
info|2019-12-13 23:01:11.036101|[g:1][CONSENSUS][PBFT]checkTimeout Succ,view=313,toView=314,nodeIdx=2,changeCycle=0,myNode=b2143d17...,timecost=0.361
info|2019-12-13 23:01:11.036756|[g:1][CONSENSUS][PBFT]checkAndChangeView: Reach consensus,org_view=313,org_changeCycle=0,cur_changeCycle=0,to_view=314
info|2019-12-13 23:01:12.035659|[g:1][CONSENSUS]addRawPrepare,height=80,reqIdx=1,hash=4bcd5de0...
info|2019-12-13 23:01:12.036105|[g:1][CONSENSUS][PBFT]checkTimeout Succ,view=314,toView=315,nodeIdx=2,changeCycle=0,myNode=b2143d17...,timecost=0.221
info|2019-12-13 23:01:12.041366|[g:1][CONSENSUS][PBFT]checkAndChangeView: Reach consensus,org_view=314,org_changeCycle=0,cur_changeCycle=0,to_view=315
info|2019-12-13 23:01:13.041573|[g:1][CONSENSUS][SEALER]++++++++++++++++ Generating seal on,blkNum=80,tx=0,nodeIdx=2,hash=f837bd21...
info|2019-12-13 23:01:13.045325|[g:1][CONSENSUS][PBFT]checkTimeout Succ,view=315,toView=316,nodeIdx=2,changeCycle=0,myNode=b2143d17...,timecost=0.232
info|2019-12-13 23:01:13.045854|[g:1][CONSENSUS][PBFT]checkAndChangeView: Reach consensus,org_view=315,org_changeCycle=0,cur_changeCycle=0,to_view=316
info|2019-12-13 23:01:14.046350|[g:1][CONSENSUS]addRawPrepare,height=80,reqIdx=3,hash=49bc8431...
info|2019-12-13 23:01:14.047301|[g:1][CONSENSUS][PBFT]checkTimeout Succ,view=316,toView=317,nodeIdx=2,changeCycle=0,myNode=b2143d17...,timecost=0.793
info|2019-12-13 23:01:14.048641|[g:1][CONSENSUS][PBFT]checkAndChangeView: Reach consensus,org_view=316,org_changeCycle=0,cur_changeCycle=0,to_view=317
info|2019-12-13 23:01:15.052689|[g:1][CONSENSUS]addRawPrepare,height=80,reqIdx=0,hash=59324b51...
info|2019-12-13 23:01:15.053187|[g:1][CONSENSUS][PBFT]checkTimeout Succ,view=317,toView=318,nodeIdx=2,changeCycle=0,myNode=b2143d17...,timecost=0.307
info|2019-12-13 23:01:15.056692|[g:1][CONSENSUS][PBFT]checkAndChangeView: Reach consensus,org_view=317,org_changeCycle=0,cur_changeCycle=0,to_view=318
info|2019-12-13 23:01:16.056772|[g:1][CONSENSUS]addRawPrepare,height=80,reqIdx=1,hash=169713c4...
info|2019-12-13 23:01:16.057072|[g:1][CONSENSUS][PBFT]checkTimeout Succ,view=318,toView=319,nodeIdx=2,changeCycle=0,myNode=b2143d17...,timecost=0.213
info|2019-12-13 23:01:16.060400|[g:1][CONSENSUS][PBFT]checkAndChangeView: Reach consensus,org_view=318,org_changeCycle=0,cur_changeCycle=0,to_view=319
info|2019-12-13 23:01:17.061154|[g:1][CONSENSUS][SEALER]++++++++++++++++ Generating seal on,blkNum=80,tx=0,nodeIdx=2,hash=5ba59dfa...
info|2019-12-13 23:01:17.064144|[g:1][CONSENSUS][PBFT]checkTimeout Succ,view=319,toView=320,nodeIdx=2,changeCycle=0,myNode=b2143d17...,timecost=0.192
info|2019-12-13 23:01:17.067115|[g:1][CONSENSUS][PBFT]checkAndChangeView: Reach consensus,org_view=319,org_changeCycle=0,cur_changeCycle=0,to_view=320
info|2019-12-13 23:01:18.070357|[g:1][CONSENSUS]addRawPrepare,height=80,reqIdx=3,hash=04b61214...
info|2019-12-13 23:01:18.070764|[g:1][CONSENSUS][PBFT]checkTimeout Succ,view=320,toView=321,nodeIdx=2,changeCycle=0,myNode=b2143d17...,timecost=0.295
info|2019-12-13 23:01:18.074441|[g:1][CONSENSUS][PBFT]checkAndChangeView: Reach consensus,org_view=320,org_changeCycle=0,cur_changeCycle=0,to_view=321
info|2019-12-13 23:01:18.245033|[P2P][Service] heartBeat,connected count=3
info|2019-12-13 23:01:19.076595|[g:1][CONSENSUS]addRawPrepare,height=80,reqIdx=0,hash=f2031415...
info|2019-12-13 23:01:19.076831|[g:1][CONSENSUS][PBFT]checkTimeout Succ,view=321,toView=322,nodeIdx=2,changeCycle=0,myNode=b2143d17...,timecost=0.172
info|2019-12-13 23:01:19.078220|[g:1][CONSENSUS][PBFT]checkAndChangeView: Reach consensus,org_view=321,org_changeCycle=0,cur_changeCycle=0,to_view=322
info|2019-12-13 23:01:20.081430|[g:1][CONSENSUS]addRawPrepare,height=80,reqIdx=1,hash=a58d2239...
info|2019-12-13 23:01:20.081917|[g:1][CONSENSUS][PBFT]checkTimeout Succ,view=322,toView=323,nodeIdx=2,changeCycle=0,myNode=b2143d17...,timecost=0.281
info|2019-12-13 23:01:20.084314|[g:1][CONSENSUS][PBFT]checkAndChangeView: Reach consensus,org_view=322,org_changeCycle=0,cur_changeCycle=0,to_view=323
info|2019-12-13 23:01:21.085140|[g:1][CONSENSUS][SEALER]++++++++++++++++ Generating seal on,blkNum=80,tx=0,nodeIdx=2,hash=289a570c...
info|2019-12-13 23:01:21.091751|[g:1][CONSENSUS][PBFT]checkTimeout Succ,view=323,toView=324,nodeIdx=2,changeCycle=0,myNode=b2143d17...,timecost=5.999
info|2019-12-13 23:01:21.092620|[g:1][CONSENSUS][PBFT]checkAndChangeView: Reach consensus,org_view=323,org_changeCycle=0,cur_changeCycle=0,to_view=324
info|2019-12-13 23:01:22.094737|[g:1][CONSENSUS]addRawPrepare,height=80,reqIdx=3,hash=2ff3849c...
info|2019-12-13 23:01:22.095384|[g:1][CONSENSUS][PBFT]checkTimeout Succ,view=324,toView=325,nodeIdx=2,changeCycle=0,myNode=b2143d17...,timecost=0.536
info|2019-12-13 23:01:22.096616|[g:1][CONSENSUS][PBFT]checkAndChangeView: Reach consensus,org_view=324,org_changeCycle=0,cur_changeCycle=0,to_view=325
info|2019-12-13 23:01:23.098133|[g:1][CONSENSUS]addRawPrepare,height=80,reqIdx=0,hash=70431ef3...
info|2019-12-13 23:01:23.098618|[g:1][CONSENSUS][PBFT]checkTimeout Succ,view=325,toView=326,nodeIdx=2,changeCycle=0,myNode=b2143d17...,timecost=0.324
info|2019-12-13 23:01:23.100508|[g:1][CONSENSUS][PBFT]checkAndChangeView: Reach consensus,org_view=325,org_changeCycle=0,cur_changeCycle=0,to_view=326
info|2019-12-13 23:01:24.105672|[g:1][CONSENSUS]addRawPrepare,height=80,reqIdx=1,hash=d4ea9053...
info|2019-12-13 23:01:24.106339|[g:1][CONSENSUS][PBFT]checkTimeout Succ,view=326,toView=327,nodeIdx=2,changeCycle=0,myNode=b2143d17...,timecost=0.561
info|2019-12-13 23:01:24.107054|[g:1][CONSENSUS][PBFT]checkAndChangeView: Reach consensus,org_view=326,org_changeCycle=0,cur_changeCycle=0,to_view=327
info|2019-12-13 23:01:25.107398|[g:1][CONSENSUS][SEALER]++++++++++++++++ Generating seal on,blkNum=80,tx=0,nodeIdx=2,hash=e46a3c4f...
info|2019-12-13 23:01:25.110853|[g:1][CONSENSUS][PBFT]checkTimeout Succ,view=327,toView=328,nodeIdx=2,changeCycle=0,myNode=b2143d17...,timecost=0.521
info|2019-12-13 23:01:25.111684|[g:1][CONSENSUS][PBFT]checkAndChangeView: Reach consensus,org_view=327,org_changeCycle=0,cur_changeCycle=0,to_view=328
info|2019-12-13 23:01:26.116798|[g:1][CONSENSUS]addRawPrepare,height=80,reqIdx=3,hash=64c94b85...
info|2019-12-13 23:01:26.117646|[g:1][CONSENSUS][PBFT]checkTimeout Succ,view=328,toView=329,nodeIdx=2,changeCycle=0,myNode=b2143d17...,timecost=0.489
info|2019-12-13 23:01:26.118198|[g:1][CONSENSUS][PBFT]checkAndChangeView: Reach consensus,org_view=328,org_changeCycle=0,cur_changeCycle=0,to_view=329
info|2019-12-13 23:01:27.120685|[g:1][CONSENSUS]addRawPrepare,height=80,reqIdx=0,hash=af48c7b8...
info|2019-12-13 23:01:27.122737|[g:1][CONSENSUS][PBFT]checkTimeout Succ,view=329,toView=330,nodeIdx=2,changeCycle=0,myNode=b2143d17...,timecost=1.052
info|2019-12-13 23:01:27.123351|[g:1][CONSENSUS][PBFT]checkAndChangeView: Reach consensus,org_view=329,org_changeCycle=0,cur_changeCycle=0,to_view=330
info|2019-12-13 23:01:28.123130|[g:1][CONSENSUS]addRawPrepare,height=80,reqIdx=1,hash=27c10835...
info|2019-12-13 23:01:28.124787|[g:1][CONSENSUS][PBFT]checkTimeout Succ,view=330,toView=331,nodeIdx=2,changeCycle=0,myNode=b2143d17...,timecost=1.055
info|2019-12-13 23:01:28.126798|[g:1][CONSENSUS][PBFT]checkAndChangeView: Reach consensus,org_view=330,org_changeCycle=0,cur_changeCycle=0,to_view=331
info|2019-12-13 23:01:28.245279|[P2P][Service] heartBeat,connected count=3
info|2019-12-13 23:01:29.127578|[g:1][CONSENSUS][SEALER]++++++++++++++++ Generating seal on,blkNum=80,tx=0,nodeIdx=2,hash=530a4089...
info|2019-12-13 23:01:29.131111|[g:1][CONSENSUS][PBFT]checkTimeout Succ,view=331,toView=332,nodeIdx=2,changeCycle=0,myNode=b2143d17...,timecost=0.189
info|2019-12-13 23:01:29.131472|[g:1][CONSENSUS][PBFT]checkAndChangeView: Reach consensus,org_view=331,org_changeCycle=0,cur_changeCycle=0,to_view=332
info|2019-12-13 23:01:30.135217|[g:1][CONSENSUS]addRawPrepare,height=80,reqIdx=3,hash=4199d23d...
info|2019-12-13 23:01:30.135749|[g:1][CONSENSUS][PBFT]checkTimeout Succ,view=332,toView=333,nodeIdx=2,changeCycle=0,myNode=b2143d17...,timecost=0.351
info|2019-12-13 23:01:30.137829|[g:1][CONSENSUS][PBFT]checkAndChangeView: Reach consensus,org_view=332,org_changeCycle=0,cur_changeCycle=0,to_view=333
info|2019-12-13 23:01:31.139496|[g:1][CONSENSUS]addRawPrepare,height=80,reqIdx=0,hash=844dd4ca...
info|2019-12-13 23:01:31.139889|[g:1][CONSENSUS][PBFT]checkTimeout Succ,view=333,toView=334,nodeIdx=2,changeCycle=0,myNode=b2143d17...,timecost=0.281
info|2019-12-13 23:01:31.141628|[g:1][CONSENSUS][PBFT]checkAndChangeView: Reach consensus,org_view=333,org_changeCycle=0,cur_changeCycle=0,to_view=334
info|2019-12-13 23:01:32.142182|[g:1][CONSENSUS]addRawPrepare,height=80,reqIdx=1,hash=cfa1936b...
info|2019-12-13 23:01:32.142564|[g:1][CONSENSUS][PBFT]checkTimeout Succ,view=334,toView=335,nodeIdx=2,changeCycle=0,myNode=b2143d17...,timecost=0.274
info|2019-12-13 23:01:32.145046|[g:1][CONSENSUS][PBFT]checkAndChangeView: Reach consensus,org_view=334,org_changeCycle=0,cur_changeCycle=0,to_view=335
info|2019-12-13 23:01:33.145418|[g:1][CONSENSUS][SEALER]++++++++++++++++ Generating seal on,blkNum=80,tx=0,nodeIdx=2,hash=a606c5b3...
info|2019-12-13 23:01:33.146062|[g:1][CONSENSUS][PBFT]checkTimeout Succ,view=335,toView=336,nodeIdx=2,changeCycle=0,myNode=b2143d17...,timecost=0.297
info|2019-12-13 23:01:33.147931|[g:1][CONSENSUS][PBFT]checkAndChangeView: Reach consensus,org_view=335,org_changeCycle=0,cur_changeCycle=0,to_view=336
info|2019-12-13 23:01:34.152168|[g:1][CONSENSUS]addRawPrepare,height=80,reqIdx=3,hash=e703cd07...
info|2019-12-13 23:01:34.154534|[g:1][CONSENSUS][PBFT]checkTimeout Succ,view=336,toView=337,nodeIdx=2,changeCycle=0,myNode=b2143d17...,timecost=2.244
info|2019-12-13 23:01:34.156192|[g:1][CONSENSUS][PBFT]checkAndChangeView: Reach consensus,org_view=336,org_changeCycle=0,cur_changeCycle=0,to_view=337
info|2019-12-13 23:01:35.155466|[g:1][CONSENSUS]addRawPrepare,height=80,reqIdx=0,hash=a175d2cc...
info|2019-12-13 23:01:35.158776|[g:1][CONSENSUS][PBFT]checkTimeout Succ,view=337,toView=338,nodeIdx=2,changeCycle=0,myNode=b2143d17...,timecost=3.085
info|2019-12-13 23:01:35.160236|[g:1][CONSENSUS][PBFT]checkAndChangeView: Reach consensus,org_view=337,org_changeCycle=0,cur_changeCycle=0,to_view=338
info|2019-12-13 23:01:36.159298|[g:1][CONSENSUS]addRawPrepare,height=80,reqIdx=1,hash=d95a0ed0...
info|2019-12-13 23:01:36.160320|[g:1][CONSENSUS][PBFT]checkTimeout Succ,view=338,toView=339,nodeIdx=2,changeCycle=0,myNode=b2143d17...,timecost=0.739
info|2019-12-13 23:01:36.161801|[g:1][CONSENSUS][PBFT]checkAndChangeView: Reach consensus,org_view=338,org_changeCycle=0,cur_changeCycle=0,to_view=339
info|2019-12-13 23:01:37.161764|[g:1][CONSENSUS][SEALER]++++++++++++++++ Generating seal on,blkNum=80,tx=0,nodeIdx=2,hash=d0749cca...
info|2019-12-13 23:01:37.165531|[g:1][CONSENSUS][PBFT]checkTimeout Succ,view=339,toView=340,nodeIdx=2,changeCycle=0,myNode=b2143d17...,timecost=0.458
info|2019-12-13 23:01:37.171886|[g:1][CONSENSUS][PBFT]checkAndChangeView: Reach consensus,org_view=339,org_changeCycle=0,cur_changeCycle=0,to_view=340
info|2019-12-13 23:01:38.172034|[g:1][CONSENSUS]addRawPrepare,height=80,reqIdx=3,hash=0feb0221...
info|2019-12-13 23:01:38.172582|[g:1][CONSENSUS][PBFT]checkTimeout Succ,view=340,toView=341,nodeIdx=2,changeCycle=0,myNode=b2143d17...,timecost=0.388
info|2019-12-13 23:01:38.175899|[g:1][CONSENSUS][PBFT]checkAndChangeView: Reach consensus,org_view=340,org_changeCycle=0,cur_changeCycle=0,to_view=341
info|2019-12-13 23:01:38.246086|[P2P][Service] heartBeat,connected count=3
info|2019-12-13 23:01:39.175386|[g:1][CONSENSUS]addRawPrepare,height=80,reqIdx=0,hash=8ad36a02...
info|2019-12-13 23:01:39.176073|[g:1][CONSENSUS][PBFT]checkTimeout Succ,view=341,toView=342,nodeIdx=2,changeCycle=0,myNode=b2143d17...,timecost=0.519
info|2019-12-13 23:01:39.177033|[g:1][CONSENSUS][PBFT]checkAndChangeView: Reach consensus,org_view=341,org_changeCycle=0,cur_changeCycle=0,to_view=342
info|2019-12-13 23:01:40.179264|[g:1][CONSENSUS]addRawPrepare,height=80,reqIdx=1,hash=c40674e2...
info|2019-12-13 23:01:40.180292|[g:1][CONSENSUS][PBFT]checkTimeout Succ,view=342,toView=343,nodeIdx=2,changeCycle=0,myNode=b2143d17...,timecost=0.851
info|2019-12-13 23:01:40.182311|[g:1][CONSENSUS][PBFT]checkAndChangeView: Reach consensus,org_view=342,org_changeCycle=0,cur_changeCycle=0,to_view=343
info|2019-12-13 23:01:41.182974|[g:1][CONSENSUS][SEALER]++++++++++++++++ Generating seal on,blkNum=80,tx=0,nodeIdx=2,hash=1f34504f...
info|2019-12-13 23:01:41.186723|[g:1][CONSENSUS][PBFT]checkTimeout Succ,view=343,toView=344,nodeIdx=2,changeCycle=0,myNode=b2143d17...,timecost=2.876
info|2019-12-13 23:01:41.190018|[g:1][CONSENSUS][PBFT]checkAndChangeView: Reach consensus,org_view=343,org_changeCycle=0,cur_changeCycle=0,to_view=344
info|2019-12-13 23:01:42.189706|[g:1][CONSENSUS]addRawPrepare,height=80,reqIdx=3,hash=cc861a42...
info|2019-12-13 23:01:42.190054|[g:1][CONSENSUS][PBFT]checkTimeout Succ,view=344,toView=345,nodeIdx=2,changeCycle=0,myNode=b2143d17...,timecost=0.227
info|2019-12-13 23:01:42.191974|[g:1][CONSENSUS][PBFT]checkAndChangeView: Reach consensus,org_view=344,org_changeCycle=0,cur_changeCycle=0,to_view=345
info|2019-12-13 23:01:43.193646|[g:1][CONSENSUS]addRawPrepare,height=80,reqIdx=0,hash=77d94939...
info|2019-12-13 23:01:43.194049|[g:1][CONSENSUS][PBFT]checkTimeout Succ,view=345,toView=346,nodeIdx=2,changeCycle=0,myNode=b2143d17...,timecost=0.272
info|2019-12-13 23:01:43.197951|[g:1][CONSENSUS][PBFT]checkAndChangeView: Reach consensus,org_view=345,org_changeCycle=0,cur_changeCycle=0,to_view=346
info|2019-12-13 23:01:44.198607|[g:1][CONSENSUS]addRawPrepare,height=80,reqIdx=1,hash=8abe9fdd...
info|2019-12-13 23:01:44.198981|[g:1][CONSENSUS][PBFT]checkTimeout Succ,view=346,toView=347,nodeIdx=2,changeCycle=0,myNode=b2143d17...,timecost=0.269
info|2019-12-13 23:01:44.201466|[g:1][CONSENSUS][PBFT]checkAndChangeView: Reach consensus,org_view=346,org_changeCycle=0,cur_changeCycle=0,to_view=347
info|2019-12-13 23:01:45.202234|[g:1][CONSENSUS][SEALER]++++++++++++++++ Generating seal on,blkNum=80,tx=0,nodeIdx=2,hash=38de01b7...
info|2019-12-13 23:01:45.202940|[g:1][CONSENSUS][PBFT]checkTimeout Succ,view=347,toView=348,nodeIdx=2,changeCycle=0,myNode=b2143d17...,timecost=0.336
info|2019-12-13 23:01:45.208186|[g:1][CONSENSUS][PBFT]checkAndChangeView: Reach consensus,org_view=347,org_changeCycle=0,cur_changeCycle=0,to_view=348
info|2019-12-13 23:01:46.210422|[g:1][CONSENSUS]addRawPrepare,height=80,reqIdx=3,hash=b324f10f...
info|2019-12-13 23:01:46.211090|[g:1][CONSENSUS][PBFT]checkTimeout Succ,view=348,toView=349,nodeIdx=2,changeCycle=0,myNode=b2143d17...,timecost=0.347
info|2019-12-13 23:01:46.214289|[g:1][CONSENSUS][PBFT]checkAndChangeView: Reach consensus,org_view=348,org_changeCycle=0,cur_changeCycle=0,to_view=349
info|2019-12-13 23:01:47.214979|[g:1][CONSENSUS]addRawPrepare,height=80,reqIdx=0,hash=31d87c19...
info|2019-12-13 23:01:47.215535|[g:1][CONSENSUS][PBFT]checkTimeout Succ,view=349,toView=350,nodeIdx=2,changeCycle=0,myNode=b2143d17...,timecost=0.395
info|2019-12-13 23:01:47.218666|[g:1][CONSENSUS][PBFT]checkAndChangeView: Reach consensus,org_view=349,org_changeCycle=0,cur_changeCycle=0,to_view=350
info|2019-12-13 23:01:48.223329|[g:1][CONSENSUS]addRawPrepare,height=80,reqIdx=1,hash=a4207766...
info|2019-12-13 23:01:48.224016|[g:1][CONSENSUS][PBFT]checkTimeout Succ,view=350,toView=351,nodeIdx=2,changeCycle=0,myNode=b2143d17...,timecost=0.436
info|2019-12-13 23:01:48.226312|[g:1][CONSENSUS][PBFT]checkAndChangeView: Reach consensus,org_view=350,org_changeCycle=0,cur_changeCycle=0,to_view=351
info|2019-12-13 23:01:48.246323|[P2P][Service] heartBeat,connected count=3
info|2019-12-13 23:01:49.226618|[g:1][CONSENSUS][SEALER]++++++++++++++++ Generating seal on,blkNum=80,tx=0,nodeIdx=2,hash=ec10055e...
info|2019-12-13 23:01:49.228905|[g:1][CONSENSUS][PBFT]checkTimeout Succ,view=351,toView=352,nodeIdx=2,changeCycle=0,myNode=b2143d17...,timecost=0.31
info|2019-12-13 23:01:49.231810|[g:1][CONSENSUS][PBFT]checkAndChangeView: Reach consensus,org_view=351,org_changeCycle=0,cur_changeCycle=0,to_view=352
info|2019-12-13 23:01:50.232587|[g:1][CONSENSUS]addRawPrepare,height=80,reqIdx=3,hash=757d5a2e...
info|2019-12-13 23:01:50.234062|[g:1][CONSENSUS][PBFT]checkTimeout Succ,view=352,toView=353,nodeIdx=2,changeCycle=0,myNode=b2143d17...,timecost=1.347
info|2019-12-13 23:01:50.235598|[g:1][CONSENSUS][PBFT]checkAndChangeView: Reach consensus,org_view=352,org_changeCycle=0,cur_changeCycle=0,to_view=353
info|2019-12-13 23:01:51.236325|[g:1][CONSENSUS]addRawPrepare,height=80,reqIdx=0,hash=0b9c5a36...
info|2019-12-13 23:01:51.236754|[g:1][CONSENSUS][PBFT]checkTimeout Succ,view=353,toView=354,nodeIdx=2,changeCycle=0,myNode=b2143d17...,timecost=0.314
info|2019-12-13 23:01:51.239129|[g:1][CONSENSUS][PBFT]checkAndChangeView: Reach consensus,org_view=353,org_changeCycle=0,cur_changeCycle=0,to_view=354
info|2019-12-13 23:01:52.240131|[g:1][CONSENSUS]addRawPrepare,height=80,reqIdx=1,hash=7dc441fa...
info|2019-12-13 23:01:52.240709|[g:1][CONSENSUS][PBFT]checkTimeout Succ,view=354,toView=355,nodeIdx=2,changeCycle=0,myNode=b2143d17...,timecost=0.44
info|2019-12-13 23:01:52.242645|[g:1][CONSENSUS][PBFT]checkAndChangeView: Reach consensus,org_view=354,org_changeCycle=0,cur_changeCycle=0,to_view=355
info|2019-12-13 23:01:53.242211|[g:1][CONSENSUS][SEALER]++++++++++++++++ Generating seal on,blkNum=80,tx=0,nodeIdx=2,hash=dd6d6da3...
info|2019-12-13 23:01:53.243942|[g:1][CONSENSUS][PBFT]checkTimeout Succ,view=355,toView=356,nodeIdx=2,changeCycle=0,myNode=b2143d17...,timecost=1.317
info|2019-12-13 23:01:53.245921|[g:1][CONSENSUS][PBFT]checkAndChangeView: Reach consensus,org_view=355,org_changeCycle=0,cur_changeCycle=0,to_view=356
info|2019-12-13 23:01:54.251126|[g:1][CONSENSUS]addRawPrepare,height=80,reqIdx=3,hash=29a334c6...
info|2019-12-13 23:01:54.253344|[g:1][CONSENSUS][PBFT]checkTimeout Succ,view=356,toView=357,nodeIdx=2,changeCycle=0,myNode=b2143d17...,timecost=2.07
info|2019-12-13 23:01:54.257178|[g:1][CONSENSUS][PBFT]checkAndChangeView: Reach consensus,org_view=356,org_changeCycle=0,cur_changeCycle=0,to_view=357
info|2019-12-13 23:01:55.258826|[g:1][CONSENSUS]addRawPrepare,height=80,reqIdx=0,hash=b461d775...
info|2019-12-13 23:01:55.261019|[g:1][CONSENSUS][PBFT]checkTimeout Succ,view=357,toView=358,nodeIdx=2,changeCycle=0,myNode=b2143d17...,timecost=2.073
info|2019-12-13 23:01:55.264942|[g:1][CONSENSUS][PBFT]checkAndChangeView: Reach consensus,org_view=357,org_changeCycle=0,cur_changeCycle=0,to_view=358
info|2019-12-13 23:01:56.266182|[g:1][CONSENSUS]addRawPrepare,height=80,reqIdx=1,hash=a971d899...
info|2019-12-13 23:01:56.267944|[g:1][CONSENSUS][PBFT]checkTimeout Succ,view=358,toView=359,nodeIdx=2,changeCycle=0,myNode=b2143d17...,timecost=0.782
info|2019-12-13 23:01:56.269786|[g:1][CONSENSUS][PBFT]checkAndChangeView: Reach consensus,org_view=358,org_changeCycle=0,cur_changeCycle=0,to_view=359
info|2019-12-13 23:01:57.270630|[g:1][CONSENSUS][SEALER]++++++++++++++++ Generating seal on,blkNum=80,tx=0,nodeIdx=2,hash=674d1f17...
info|2019-12-13 23:01:57.272806|[g:1][CONSENSUS][PBFT]checkTimeout Succ,view=359,toView=360,nodeIdx=2,changeCycle=0,myNode=b2143d17...,timecost=0.19
info|2019-12-13 23:01:57.276113|[g:1][CONSENSUS][PBFT]checkAndChangeView: Reach consensus,org_view=359,org_changeCycle=0,cur_changeCycle=0,to_view=360
info|2019-12-13 23:01:58.246949|[P2P][Service] heartBeat,connected count=3
info|2019-12-13 23:01:58.281335|[g:1][CONSENSUS]addRawPrepare,height=80,reqIdx=3,hash=1b9c9d1d...
info|2019-12-13 23:01:58.281746|[g:1][CONSENSUS][PBFT]checkTimeout Succ,view=360,toView=361,nodeIdx=2,changeCycle=0,myNode=b2143d17...,timecost=0.204
info|2019-12-13 23:01:58.284461|[g:1][CONSENSUS][PBFT]checkAndChangeView: Reach consensus,org_view=360,org_changeCycle=0,cur_changeCycle=0,to_view=361
info|2019-12-13 23:01:59.285977|[g:1][CONSENSUS]addRawPrepare,height=80,reqIdx=0,hash=b6d013a4...
info|2019-12-13 23:01:59.286378|[g:1][CONSENSUS][PBFT]checkTimeout Succ,view=361,toView=362,nodeIdx=2,changeCycle=0,myNode=b2143d17...,timecost=0.262
info|2019-12-13 23:01:59.287033|[g:1][CONSENSUS][PBFT]checkAndChangeView: Reach consensus,org_view=361,org_changeCycle=0,cur_changeCycle=0,to_view=362
info|2019-12-13 23:02:00.290406|[g:1][CONSENSUS]addRawPrepare,height=80,reqIdx=1,hash=49708b44...
info|2019-12-13 23:02:00.290910|[g:1][CONSENSUS][PBFT]checkTimeout Succ,view=362,toView=363,nodeIdx=2,changeCycle=0,myNode=b2143d17...,timecost=0.325
info|2019-12-13 23:02:00.293894|[g:1][CONSENSUS][PBFT]checkAndChangeView: Reach consensus,org_view=362,org_changeCycle=0,cur_changeCycle=0,to_view=363
info|2019-12-13 23:02:01.293966|[g:1][CONSENSUS][SEALER]++++++++++++++++ Generating seal on,blkNum=80,tx=0,nodeIdx=2,hash=f65dcc06...
info|2019-12-13 23:02:01.297007|[g:1][CONSENSUS][PBFT]checkTimeout Succ,view=363,toView=364,nodeIdx=2,changeCycle=0,myNode=b2143d17...,timecost=0.261
info|2019-12-13 23:02:01.297650|[g:1][CONSENSUS][PBFT]checkAndChangeView: Reach consensus,org_view=363,org_changeCycle=0,cur_changeCycle=0,to_view=364
info|2019-12-13 23:02:02.299081|[g:1][CONSENSUS]addRawPrepare,height=80,reqIdx=3,hash=435ae3d2...
info|2019-12-13 23:02:02.299468|[g:1][CONSENSUS][PBFT]checkTimeout Succ,view=364,toView=365,nodeIdx=2,changeCycle=0,myNode=b2143d17...,timecost=0.254
info|2019-12-13 23:02:02.302170|[g:1][CONSENSUS][PBFT]checkAndChangeView: Reach consensus,org_view=364,org_changeCycle=0,cur_changeCycle=0,to_view=365
info|2019-12-13 23:02:03.304978|[g:1][CONSENSUS]addRawPrepare,height=80,reqIdx=0,hash=3da80ad6...
info|2019-12-13 23:02:03.305367|[g:1][CONSENSUS][PBFT]checkTimeout Succ,view=365,toView=366,nodeIdx=2,changeCycle=0,myNode=b2143d17...,timecost=0.278
info|2019-12-13 23:02:03.307488|[g:1][CONSENSUS][PBFT]checkAndChangeView: Reach consensus,org_view=365,org_changeCycle=0,cur_changeCycle=0,to_view=366
info|2019-12-13 23:02:04.311008|[g:1][CONSENSUS]addRawPrepare,height=80,reqIdx=1,hash=cd8444e1...
info|2019-12-13 23:02:04.312755|[g:1][CONSENSUS][PBFT]checkTimeout Succ,view=366,toView=367,nodeIdx=2,changeCycle=0,myNode=b2143d17...,timecost=0.737
info|2019-12-13 23:02:04.313980|[g:1][CONSENSUS][PBFT]checkAndChangeView: Reach consensus,org_view=366,org_changeCycle=0,cur_changeCycle=0,to_view=367
info|2019-12-13 23:02:05.315189|[g:1][CONSENSUS][SEALER]++++++++++++++++ Generating seal on,blkNum=80,tx=0,nodeIdx=2,hash=ff88a964...
info|2019-12-13 23:02:05.317511|[g:1][CONSENSUS][PBFT]checkTimeout Succ,view=367,toView=368,nodeIdx=2,changeCycle=0,myNode=b2143d17...,timecost=0.234
info|2019-12-13 23:02:05.317829|[g:1][CONSENSUS][PBFT]checkAndChangeView: Reach consensus,org_view=367,org_changeCycle=0,cur_changeCycle=0,to_view=368
info|2019-12-13 23:02:06.320140|[g:1][CONSENSUS]addRawPrepare,height=80,reqIdx=3,hash=f02bfdc5...
info|2019-12-13 23:02:06.321513|[g:1][CONSENSUS][PBFT]checkTimeout Succ,view=368,toView=369,nodeIdx=2,changeCycle=0,myNode=b2143d17...,timecost=0.814
info|2019-12-13 23:02:06.323000|[g:1][CONSENSUS][PBFT]checkAndChangeView: Reach consensus,org_view=368,org_changeCycle=0,cur_changeCycle=0,to_view=369
info|2019-12-13 23:02:07.324666|[g:1][CONSENSUS]addRawPrepare,height=80,reqIdx=0,hash=971d9728...
info|2019-12-13 23:02:07.326161|[g:1][CONSENSUS][PBFT]checkTimeout Succ,view=369,toView=370,nodeIdx=2,changeCycle=0,myNode=b2143d17...,timecost=0.738
info|2019-12-13 23:02:07.328347|[g:1][CONSENSUS][PBFT]checkAndChangeView: Reach consensus,org_view=369,org_changeCycle=0,cur_changeCycle=0,to_view=370
info|2019-12-13 23:02:08.247366|[P2P][Service] heartBeat,connected count=3
info|2019-12-13 23:02:08.332669|[g:1][CONSENSUS]addRawPrepare,height=80,reqIdx=1,hash=45e385e7...
info|2019-12-13 23:02:08.333464|[g:1][CONSENSUS][PBFT]checkTimeout Succ,view=370,toView=371,nodeIdx=2,changeCycle=0,myNode=b2143d17...,timecost=0.468
info|2019-12-13 23:02:08.335345|[g:1][CONSENSUS][PBFT]checkAndChangeView: Reach consensus,org_view=370,org_changeCycle=0,cur_changeCycle=0,to_view=371
info|2019-12-13 23:02:09.336836|[g:1][CONSENSUS][SEALER]++++++++++++++++ Generating seal on,blkNum=80,tx=0,nodeIdx=2,hash=a2a7c025...
info|2019-12-13 23:02:09.339891|[g:1][CONSENSUS][PBFT]checkTimeout Succ,view=371,toView=372,nodeIdx=2,changeCycle=0,myNode=b2143d17...,timecost=2.454
info|2019-12-13 23:02:09.340789|[g:1][CONSENSUS][PBFT]checkAndChangeView: Reach consensus,org_view=371,org_changeCycle=0,cur_changeCycle=0,to_view=372
info|2019-12-13 23:02:10.341012|[g:1][CONSENSUS]addRawPrepare,height=80,reqIdx=3,hash=551c7fba...
info|2019-12-13 23:02:10.341752|[g:1][CONSENSUS][PBFT]checkTimeout Succ,view=372,toView=373,nodeIdx=2,changeCycle=0,myNode=b2143d17...,timecost=0.284
info|2019-12-13 23:02:10.343594|[g:1][CONSENSUS][PBFT]checkAndChangeView: Reach consensus,org_view=372,org_changeCycle=0,cur_changeCycle=0,to_view=373
info|2019-12-13 23:02:11.345400|[g:1][CONSENSUS]addRawPrepare,height=80,reqIdx=0,hash=03053ca6...
info|2019-12-13 23:02:11.345823|[g:1][CONSENSUS][PBFT]checkTimeout Succ,view=373,toView=374,nodeIdx=2,changeCycle=0,myNode=b2143d17...,timecost=0.301
info|2019-12-13 23:02:11.348244|[g:1][CONSENSUS][PBFT]checkAndChangeView: Reach consensus,org_view=373,org_changeCycle=0,cur_changeCycle=0,to_view=374
info|2019-12-13 23:02:12.349271|[g:1][CONSENSUS]addRawPrepare,height=80,reqIdx=1,hash=2e1a72b6...
info|2019-12-13 23:02:12.349919|[g:1][CONSENSUS][PBFT]checkTimeout Succ,view=374,toView=375,nodeIdx=2,changeCycle=0,myNode=b2143d17...,timecost=0.547
info|2019-12-13 23:02:12.354846|[g:1][CONSENSUS][PBFT]checkAndChangeView: Reach consensus,org_view=374,org_changeCycle=0,cur_changeCycle=0,to_view=375
info|2019-12-13 23:02:13.354975|[g:1][CONSENSUS][SEALER]++++++++++++++++ Generating seal on,blkNum=80,tx=0,nodeIdx=2,hash=3fc55cc3...
info|2019-12-13 23:02:13.357194|[g:1][CONSENSUS][PBFT]checkTimeout Succ,view=375,toView=376,nodeIdx=2,changeCycle=0,myNode=b2143d17...,timecost=0.216
info|2019-12-13 23:02:13.357808|[g:1][CONSENSUS][PBFT]checkAndChangeView: Reach consensus,org_view=375,org_changeCycle=0,cur_changeCycle=0,to_view=376
info|2019-12-13 23:02:14.361210|[g:1][CONSENSUS]addRawPrepare,height=80,reqIdx=3,hash=c8e200ab...
info|2019-12-13 23:02:14.361523|[g:1][CONSENSUS][PBFT]checkTimeout Succ,view=376,toView=377,nodeIdx=2,changeCycle=0,myNode=b2143d17...,timecost=0.222
info|2019-12-13 23:02:14.362820|[g:1][CONSENSUS][PBFT]checkAndChangeView: Reach consensus,org_view=376,org_changeCycle=0,cur_changeCycle=0,to_view=377
info|2019-12-13 23:02:15.364720|[g:1][CONSENSUS]addRawPrepare,height=80,reqIdx=0,hash=593585ff...
info|2019-12-13 23:02:15.365791|[g:1][CONSENSUS][PBFT]checkTimeout Succ,view=377,toView=378,nodeIdx=2,changeCycle=0,myNode=b2143d17...,timecost=0.968
info|2019-12-13 23:02:15.368144|[g:1][CONSENSUS][PBFT]checkAndChangeView: Reach consensus,org_view=377,org_changeCycle=0,cur_changeCycle=0,to_view=378
info|2019-12-13 23:02:16.371338|[g:1][CONSENSUS]addRawPrepare,height=80,reqIdx=1,hash=29e48def...
info|2019-12-13 23:02:16.372671|[g:1][CONSENSUS][PBFT]checkTimeout Succ,view=378,toView=379,nodeIdx=2,changeCycle=0,myNode=b2143d17...,timecost=1.162
info|2019-12-13 23:02:16.373544|[g:1][CONSENSUS][PBFT]checkAndChangeView: Reach consensus,org_view=378,org_changeCycle=0,cur_changeCycle=0,to_view=379
info|2019-12-13 23:02:17.373323|[g:1][CONSENSUS][SEALER]++++++++++++++++ Generating seal on,blkNum=80,tx=0,nodeIdx=2,hash=dcf58f58...
info|2019-12-13 23:02:17.376798|[g:1][CONSENSUS][PBFT]checkTimeout Succ,view=379,toView=380,nodeIdx=2,changeCycle=0,myNode=b2143d17...,timecost=1.186
info|2019-12-13 23:02:17.377946|[g:1][CONSENSUS][PBFT]checkAndChangeView: Reach consensus,org_view=379,org_changeCycle=0,cur_changeCycle=0,to_view=380
info|2019-12-13 23:02:18.248140|[P2P][Service] heartBeat,connected count=3
info|2019-12-13 23:02:18.377971|[g:1][CONSENSUS]addRawPrepare,height=80,reqIdx=3,hash=b0ab2365...
info|2019-12-13 23:02:18.378239|[g:1][CONSENSUS][PBFT]checkTimeout Succ,view=380,toView=381,nodeIdx=2,changeCycle=0,myNode=b2143d17...,timecost=0.181
info|2019-12-13 23:02:18.381097|[g:1][CONSENSUS][PBFT]checkAndChangeView: Reach consensus,org_view=380,org_changeCycle=0,cur_changeCycle=0,to_view=381
info|2019-12-13 23:02:19.382721|[g:1][CONSENSUS]addRawPrepare,height=80,reqIdx=0,hash=a9c3c39f...
info|2019-12-13 23:02:19.383077|[g:1][CONSENSUS][PBFT]checkTimeout Succ,view=381,toView=382,nodeIdx=2,changeCycle=0,myNode=b2143d17...,timecost=0.234
info|2019-12-13 23:02:19.386137|[g:1][CONSENSUS][PBFT]checkAndChangeView: Reach consensus,org_view=381,org_changeCycle=0,cur_changeCycle=0,to_view=382
info|2019-12-13 23:02:20.387951|[g:1][CONSENSUS]addRawPrepare,height=80,reqIdx=1,hash=16f43f50...
info|2019-12-13 23:02:20.388438|[g:1][CONSENSUS][PBFT]checkTimeout Succ,view=382,toView=383,nodeIdx=2,changeCycle=0,myNode=b2143d17...,timecost=0.328
info|2019-12-13 23:02:20.392408|[g:1][CONSENSUS][PBFT]checkAndChangeView: Reach consensus,org_view=382,org_changeCycle=0,cur_changeCycle=0,to_view=383
info|2019-12-13 23:02:21.392992|[g:1][CONSENSUS][SEALER]++++++++++++++++ Generating seal on,blkNum=80,tx=0,nodeIdx=2,hash=5584e652...
info|2019-12-13 23:02:21.395803|[g:1][CONSENSUS][PBFT]checkTimeout Succ,view=383,toView=384,nodeIdx=2,changeCycle=0,myNode=b2143d17...,timecost=0.269
info|2019-12-13 23:02:21.396167|[g:1][CONSENSUS][PBFT]checkAndChangeView: Reach consensus,org_view=383,org_changeCycle=0,cur_changeCycle=0,to_view=384
info|2019-12-13 23:02:22.401652|[g:1][CONSENSUS]addRawPrepare,height=80,reqIdx=3,hash=4fcdd968...
info|2019-12-13 23:02:22.402863|[g:1][CONSENSUS][PBFT]checkTimeout Succ,view=384,toView=385,nodeIdx=2,changeCycle=0,myNode=b2143d17...,timecost=0.919
info|2019-12-13 23:02:22.404278|[g:1][CONSENSUS][PBFT]checkAndChangeView: Reach consensus,org_view=384,org_changeCycle=0,cur_changeCycle=0,to_view=385
info|2019-12-13 23:02:23.405278|[g:1][CONSENSUS]addRawPrepare,height=80,reqIdx=0,hash=1f913636...
info|2019-12-13 23:02:23.406374|[g:1][CONSENSUS][PBFT]checkTimeout Succ,view=385,toView=386,nodeIdx=2,changeCycle=0,myNode=b2143d17...,timecost=0.651
info|2019-12-13 23:02:23.407545|[g:1][CONSENSUS][PBFT]checkAndChangeView: Reach consensus,org_view=385,org_changeCycle=0,cur_changeCycle=0,to_view=386
info|2019-12-13 23:02:24.412193|[g:1][CONSENSUS]addRawPrepare,height=80,reqIdx=1,hash=fdc0258a...
info|2019-12-13 23:02:24.413638|[g:1][CONSENSUS][PBFT]checkTimeout Succ,view=386,toView=387,nodeIdx=2,changeCycle=0,myNode=b2143d17...,timecost=1.356
info|2019-12-13 23:02:24.414932|[g:1][CONSENSUS][PBFT]checkAndChangeView: Reach consensus,org_view=386,org_changeCycle=0,cur_changeCycle=0,to_view=387
info|2019-12-13 23:02:25.415552|[g:1][CONSENSUS][SEALER]++++++++++++++++ Generating seal on,blkNum=80,tx=0,nodeIdx=2,hash=f5d323f8...
info|2019-12-13 23:02:25.417602|[g:1][CONSENSUS][PBFT]checkTimeout Succ,view=387,toView=388,nodeIdx=2,changeCycle=0,myNode=b2143d17...,timecost=0.452
info|2019-12-13 23:02:25.419775|[g:1][CONSENSUS][PBFT]checkAndChangeView: Reach consensus,org_view=387,org_changeCycle=0,cur_changeCycle=0,to_view=388
info|2019-12-13 23:02:26.421579|[g:1][CONSENSUS]addRawPrepare,height=80,reqIdx=3,hash=a3b936d9...
info|2019-12-13 23:02:26.421969|[g:1][CONSENSUS][PBFT]checkTimeout Succ,view=388,toView=389,nodeIdx=2,changeCycle=0,myNode=b2143d17...,timecost=0.288
info|2019-12-13 23:02:26.424283|[g:1][CONSENSUS][PBFT]checkAndChangeView: Reach consensus,org_view=388,org_changeCycle=0,cur_changeCycle=0,to_view=389
info|2019-12-13 23:02:27.429280|[g:1][CONSENSUS]addRawPrepare,height=80,reqIdx=0,hash=828a8c0c...
info|2019-12-13 23:02:27.429635|[g:1][CONSENSUS][PBFT]checkTimeout Succ,view=389,toView=390,nodeIdx=2,changeCycle=0,myNode=b2143d17...,timecost=0.246
info|2019-12-13 23:02:27.431112|[g:1][CONSENSUS][PBFT]checkAndChangeView: Reach consensus,org_view=389,org_changeCycle=0,cur_changeCycle=0,to_view=390
info|2019-12-13 23:02:28.248341|[P2P][Service] heartBeat,connected count=3
info|2019-12-13 23:02:28.432948|[g:1][CONSENSUS]addRawPrepare,height=80,reqIdx=1,hash=097c0714...
info|2019-12-13 23:02:28.433407|[g:1][CONSENSUS][PBFT]checkTimeout Succ,view=390,toView=391,nodeIdx=2,changeCycle=0,myNode=b2143d17...,timecost=0.37
info|2019-12-13 23:02:28.435142|[g:1][CONSENSUS][PBFT]checkAndChangeView: Reach consensus,org_view=390,org_changeCycle=0,cur_changeCycle=0,to_view=391
info|2019-12-13 23:02:29.436761|[g:1][CONSENSUS][SEALER]++++++++++++++++ Generating seal on,blkNum=80,tx=0,nodeIdx=2,hash=4c66d97d...
info|2019-12-13 23:02:29.439659|[g:1][CONSENSUS][PBFT]checkTimeout Succ,view=391,toView=392,nodeIdx=2,changeCycle=0,myNode=b2143d17...,timecost=0.268
info|2019-12-13 23:02:29.442518|[g:1][CONSENSUS][PBFT]checkAndChangeView: Reach consensus,org_view=391,org_changeCycle=0,cur_changeCycle=0,to_view=392
info|2019-12-13 23:02:30.443340|[g:1][CONSENSUS]addRawPrepare,height=80,reqIdx=3,hash=14d98a04...
info|2019-12-13 23:02:30.443758|[g:1][CONSENSUS][PBFT]checkTimeout Succ,view=392,toView=393,nodeIdx=2,changeCycle=0,myNode=b2143d17...,timecost=0.296
info|2019-12-13 23:02:30.445353|[g:1][CONSENSUS][PBFT]checkAndChangeView: Reach consensus,org_view=392,org_changeCycle=0,cur_changeCycle=0,to_view=393
info|2019-12-13 23:02:31.447374|[g:1][CONSENSUS]addRawPrepare,height=80,reqIdx=0,hash=bd1e98da...
info|2019-12-13 23:02:31.449967|[g:1][CONSENSUS][PBFT]checkTimeout Succ,view=393,toView=394,nodeIdx=2,changeCycle=0,myNode=b2143d17...,timecost=0.249
info|2019-12-13 23:02:31.451836|[g:1][CONSENSUS][PBFT]checkAndChangeView: Reach consensus,org_view=393,org_changeCycle=0,cur_changeCycle=0,to_view=394
info|2019-12-13 23:02:32.451367|[g:1][CONSENSUS]addRawPrepare,height=80,reqIdx=1,hash=0ce0185f...
info|2019-12-13 23:02:32.451929|[g:1][CONSENSUS][PBFT]checkTimeout Succ,view=394,toView=395,nodeIdx=2,changeCycle=0,myNode=b2143d17...,timecost=0.346
info|2019-12-13 23:02:32.458961|[g:1][CONSENSUS][PBFT]checkAndChangeView: Reach consensus,org_view=394,org_changeCycle=0,cur_changeCycle=0,to_view=395
info|2019-12-13 23:02:33.459903|[g:1][CONSENSUS][SEALER]++++++++++++++++ Generating seal on,blkNum=80,tx=0,nodeIdx=2,hash=58f1b2ba...
info|2019-12-13 23:02:33.466218|[g:1][CONSENSUS][PBFT]checkTimeout Succ,view=395,toView=396,nodeIdx=2,changeCycle=0,myNode=b2143d17...,timecost=0.304
info|2019-12-13 23:02:33.467262|[g:1][CONSENSUS][PBFT]checkAndChangeView: Reach consensus,org_view=395,org_changeCycle=0,cur_changeCycle=0,to_view=396
