warning|2019-12-12 00:11:16.598018|[g:1][CONSENSUS][PBFT]ViewChangeWarning: not caused by omit empty block ,v=61,toV=62,curNum=6,hash=f5ff27b2...,nodeIdx=2,myNode=b2143d17...
info|2019-12-12 00:11:16.601547|[g:1][CONSENSUS][PBFT]checkTimeout Succ,view=61,toView=62,nodeIdx=2,changeCycle=1,myNode=b2143d17...,timecost=4.137
info|2019-12-12 00:11:16.666012|[g:1][CONSENSUS][PBFT]checkAndChangeView: Reach consensus,org_view=61,org_changeCycle=1,cur_changeCycle=1,to_view=62
info|2019-12-12 00:11:16.922944|[P2P][Service] heartBeat,connected count=3
info|2019-12-12 00:11:17.671067|[g:1][CONSENSUS]addRawPrepare,height=7,reqIdx=0,hash=22d2b63d...
info|2019-12-12 00:11:17.671939|[g:1][CONSENSUS][PBFT]checkTimeout Succ,view=62,toView=63,nodeIdx=2,changeCycle=0,myNode=b2143d17...,timecost=0.562
info|2019-12-12 00:11:17.674191|[g:1][CONSENSUS][PBFT]checkAndChangeView: Reach consensus,org_view=62,org_changeCycle=0,cur_changeCycle=0,to_view=63
info|2019-12-12 00:11:18.676677|[g:1][CONSENSUS]addRawPrepare,height=7,reqIdx=1,hash=a0570b84...
info|2019-12-12 00:11:18.677855|[g:1][CONSENSUS][PBFT]checkTimeout Succ,view=63,toView=64,nodeIdx=2,changeCycle=0,myNode=b2143d17...,timecost=0.997
info|2019-12-12 00:11:18.679389|[g:1][CONSENSUS][PBFT]checkAndChangeView: Reach consensus,org_view=63,org_changeCycle=0,cur_changeCycle=0,to_view=64
info|2019-12-12 00:11:19.680587|[g:1][CONSENSUS][SEALER]++++++++++++++++ Generating seal on,blkNum=7,tx=0,nodeIdx=2,hash=61510be0...
info|2019-12-12 00:11:19.683690|[g:1][CONSENSUS][PBFT]checkTimeout Succ,view=64,toView=65,nodeIdx=2,changeCycle=0,myNode=b2143d17...,timecost=0.291
info|2019-12-12 00:11:19.684863|[g:1][CONSENSUS][PBFT]checkAndChangeView: Reach consensus,org_view=64,org_changeCycle=0,cur_changeCycle=0,to_view=65
info|2019-12-12 00:11:20.686639|[g:1][CONSENSUS]addRawPrepare,height=7,reqIdx=3,hash=d72e968c...
info|2019-12-12 00:11:20.687573|[g:1][CONSENSUS][PBFT]checkTimeout Succ,view=65,toView=66,nodeIdx=2,changeCycle=0,myNode=b2143d17...,timecost=0.754
info|2019-12-12 00:11:20.690471|[g:1][CONSENSUS][PBFT]checkAndChangeView: Reach consensus,org_view=65,org_changeCycle=0,cur_changeCycle=0,to_view=66
info|2019-12-12 00:11:21.695126|[g:1][CONSENSUS]addRawPrepare,height=7,reqIdx=0,hash=15c13db3...
info|2019-12-12 00:11:21.696191|[g:1][CONSENSUS][PBFT]checkTimeout Succ,view=66,toView=67,nodeIdx=2,changeCycle=0,myNode=b2143d17...,timecost=0.431
info|2019-12-12 00:11:21.697323|[g:1][CONSENSUS][PBFT]checkAndChangeView: Reach consensus,org_view=66,org_changeCycle=0,cur_changeCycle=0,to_view=67
info|2019-12-12 00:11:22.696878|[g:1][CONSENSUS]addRawPrepare,height=7,reqIdx=1,hash=ca111ed0...
info|2019-12-12 00:11:22.697564|[g:1][CONSENSUS][PBFT]checkTimeout Succ,view=67,toView=68,nodeIdx=2,changeCycle=0,myNode=b2143d17...,timecost=0.454
info|2019-12-12 00:11:22.698476|[g:1][CONSENSUS][PBFT]checkAndChangeView: Reach consensus,org_view=67,org_changeCycle=0,cur_changeCycle=0,to_view=68
info|2019-12-12 00:11:23.698093|[g:1][CONSENSUS][SEALER]++++++++++++++++ Generating seal on,blkNum=7,tx=0,nodeIdx=2,hash=f4854db6...
info|2019-12-12 00:11:23.700071|[g:1][CONSENSUS][PBFT]checkTimeout Succ,view=68,toView=69,nodeIdx=2,changeCycle=0,myNode=b2143d17...,timecost=0.215
info|2019-12-12 00:11:23.700515|[g:1][CONSENSUS][PBFT]checkAndChangeView: Reach consensus,org_view=68,org_changeCycle=0,cur_changeCycle=0,to_view=69
info|2019-12-12 00:11:24.704880|[g:1][CONSENSUS]addRawPrepare,height=7,reqIdx=3,hash=80e49f53...
info|2019-12-12 00:11:24.705203|[g:1][CONSENSUS][PBFT]checkTimeout Succ,view=69,toView=70,nodeIdx=2,changeCycle=0,myNode=b2143d17...,timecost=0.196
info|2019-12-12 00:11:24.705771|[g:1][CONSENSUS][PBFT]checkAndChangeView: Reach consensus,org_view=69,org_changeCycle=0,cur_changeCycle=0,to_view=70
info|2019-12-12 00:11:25.708613|[g:1][CONSENSUS]addRawPrepare,height=7,reqIdx=0,hash=5c8b883e...
info|2019-12-12 00:11:25.710074|[g:1][CONSENSUS][PBFT]checkTimeout Succ,view=70,toView=71,nodeIdx=2,changeCycle=0,myNode=b2143d17...,timecost=1.368
info|2019-12-12 00:11:25.711530|[g:1][CONSENSUS][PBFT]checkAndChangeView: Reach consensus,org_view=70,org_changeCycle=0,cur_changeCycle=0,to_view=71
info|2019-12-12 00:11:26.713211|[g:1][CONSENSUS]addRawPrepare,height=7,reqIdx=1,hash=c089dca1...
info|2019-12-12 00:11:26.716157|[g:1][CONSENSUS][PBFT]checkTimeout Succ,view=71,toView=72,nodeIdx=2,changeCycle=0,myNode=b2143d17...,timecost=2.814
info|2019-12-12 00:11:26.719021|[g:1][CONSENSUS][PBFT]checkAndChangeView: Reach consensus,org_view=71,org_changeCycle=0,cur_changeCycle=0,to_view=72
info|2019-12-12 00:11:26.923573|[P2P][Service] heartBeat,connected count=3
info|2019-12-12 00:11:27.719446|[g:1][CONSENSUS][SEALER]++++++++++++++++ Generating seal on,blkNum=7,tx=0,nodeIdx=2,hash=0190ba60...
info|2019-12-12 00:11:27.720573|[g:1][CONSENSUS][PBFT]checkTimeout Succ,view=72,toView=73,nodeIdx=2,changeCycle=0,myNode=b2143d17...,timecost=0.75
info|2019-12-12 00:11:27.723349|[g:1][CONSENSUS][PBFT]checkAndChangeView: Reach consensus,org_view=72,org_changeCycle=0,cur_changeCycle=0,to_view=73
info|2019-12-12 00:11:28.726610|[g:1][CONSENSUS]addRawPrepare,height=7,reqIdx=3,hash=28138315...
info|2019-12-12 00:11:28.729275|[g:1][CONSENSUS][PBFT]checkTimeout Succ,view=73,toView=74,nodeIdx=2,changeCycle=0,myNode=b2143d17...,timecost=1.703
info|2019-12-12 00:11:28.730242|[g:1][CONSENSUS][PBFT]checkAndChangeView: Reach consensus,org_view=73,org_changeCycle=0,cur_changeCycle=0,to_view=74
info|2019-12-12 00:11:29.730779|[g:1][CONSENSUS]addRawPrepare,height=7,reqIdx=0,hash=a0589dd8...
info|2019-12-12 00:11:29.731153|[g:1][CONSENSUS][PBFT]checkTimeout Succ,view=74,toView=75,nodeIdx=2,changeCycle=0,myNode=b2143d17...,timecost=0.262
info|2019-12-12 00:11:29.733864|[g:1][CONSENSUS][PBFT]checkAndChangeView: Reach consensus,org_view=74,org_changeCycle=0,cur_changeCycle=0,to_view=75
info|2019-12-12 00:11:30.735761|[g:1][CONSENSUS]addRawPrepare,height=7,reqIdx=1,hash=97a24c84...
info|2019-12-12 00:11:30.736294|[g:1][CONSENSUS][PBFT]checkTimeout Succ,view=75,toView=76,nodeIdx=2,changeCycle=0,myNode=b2143d17...,timecost=0.434
info|2019-12-12 00:11:30.739004|[g:1][CONSENSUS][PBFT]checkAndChangeView: Reach consensus,org_view=75,org_changeCycle=0,cur_changeCycle=0,to_view=76
info|2019-12-12 00:11:31.739435|[g:1][CONSENSUS][SEALER]++++++++++++++++ Generating seal on,blkNum=7,tx=0,nodeIdx=2,hash=0cecbc5e...
info|2019-12-12 00:11:31.743463|[g:1][CONSENSUS][PBFT]checkTimeout Succ,view=76,toView=77,nodeIdx=2,changeCycle=0,myNode=b2143d17...,timecost=0.479
info|2019-12-12 00:11:31.744149|[g:1][CONSENSUS][PBFT]checkAndChangeView: Reach consensus,org_view=76,org_changeCycle=0,cur_changeCycle=0,to_view=77
info|2019-12-12 00:11:32.744350|[g:1][CONSENSUS]addRawPrepare,height=7,reqIdx=3,hash=f97efb83...
info|2019-12-12 00:11:32.745213|[g:1][CONSENSUS][PBFT]checkTimeout Succ,view=77,toView=78,nodeIdx=2,changeCycle=0,myNode=b2143d17...,timecost=0.519
info|2019-12-12 00:11:32.747855|[g:1][CONSENSUS][PBFT]checkAndChangeView: Reach consensus,org_view=77,org_changeCycle=0,cur_changeCycle=0,to_view=78
info|2019-12-12 00:11:34.062596|[g:1][CONSENSUS]addRawPrepare,height=7,reqIdx=0,hash=994d5c4a...
info|2019-12-12 00:11:34.066687|[g:1][CONSENSUS][PBFT]checkTimeout Succ,view=78,toView=79,nodeIdx=2,changeCycle=0,myNode=b2143d17...,timecost=1.079
info|2019-12-12 00:11:34.069023|[g:1][CONSENSUS][PBFT]checkAndChangeView: Reach consensus,org_view=78,org_changeCycle=0,cur_changeCycle=0,to_view=79
info|2019-12-12 00:11:35.071929|[g:1][CONSENSUS]addRawPrepare,height=7,reqIdx=1,hash=91053cd7...
info|2019-12-12 00:11:35.073671|[g:1][CONSENSUS][PBFT]checkTimeout Succ,view=79,toView=80,nodeIdx=2,changeCycle=0,myNode=b2143d17...,timecost=1.653
info|2019-12-12 00:11:35.075850|[g:1][CONSENSUS][PBFT]checkAndChangeView: Reach consensus,org_view=79,org_changeCycle=0,cur_changeCycle=0,to_view=80
info|2019-12-12 00:11:36.076986|[g:1][CONSENSUS][SEALER]++++++++++++++++ Generating seal on,blkNum=7,tx=0,nodeIdx=2,hash=1da0deb5...
info|2019-12-12 00:11:36.077844|[g:1][CONSENSUS][PBFT]checkTimeout Succ,view=80,toView=81,nodeIdx=2,changeCycle=0,myNode=b2143d17...,timecost=0.397
info|2019-12-12 00:11:36.080024|[g:1][CONSENSUS][PBFT]checkAndChangeView: Reach consensus,org_view=80,org_changeCycle=0,cur_changeCycle=0,to_view=81
info|2019-12-12 00:11:36.924639|[P2P][Service] heartBeat,connected count=3
info|2019-12-12 00:11:37.084613|[g:1][CONSENSUS]addRawPrepare,height=7,reqIdx=3,hash=cb0f6c31...
info|2019-12-12 00:11:37.085027|[g:1][CONSENSUS][PBFT]checkTimeout Succ,view=81,toView=82,nodeIdx=2,changeCycle=0,myNode=b2143d17...,timecost=0.295
info|2019-12-12 00:11:37.085802|[g:1][CONSENSUS][PBFT]checkAndChangeView: Reach consensus,org_view=81,org_changeCycle=0,cur_changeCycle=0,to_view=82
info|2019-12-12 00:11:38.088218|[g:1][CONSENSUS]addRawPrepare,height=7,reqIdx=0,hash=5ed0aed9...
info|2019-12-12 00:11:38.088569|[g:1][CONSENSUS][PBFT]checkTimeout Succ,view=82,toView=83,nodeIdx=2,changeCycle=0,myNode=b2143d17...,timecost=0.247
info|2019-12-12 00:11:38.089660|[g:1][CONSENSUS][PBFT]checkAndChangeView: Reach consensus,org_view=82,org_changeCycle=0,cur_changeCycle=0,to_view=83
info|2019-12-12 00:11:39.092820|[g:1][CONSENSUS]addRawPrepare,height=7,reqIdx=1,hash=f970f61e...
info|2019-12-12 00:11:39.093151|[g:1][CONSENSUS][PBFT]checkTimeout Succ,view=83,toView=84,nodeIdx=2,changeCycle=0,myNode=b2143d17...,timecost=0.226
info|2019-12-12 00:11:39.094749|[g:1][CONSENSUS][PBFT]checkAndChangeView: Reach consensus,org_view=83,org_changeCycle=0,cur_changeCycle=0,to_view=84
info|2019-12-12 00:11:40.095405|[g:1][CONSENSUS][SEALER]++++++++++++++++ Generating seal on,blkNum=7,tx=0,nodeIdx=2,hash=43fed8f5...
info|2019-12-12 00:11:40.101700|[g:1][CONSENSUS][PBFT]checkTimeout Succ,view=84,toView=85,nodeIdx=2,changeCycle=0,myNode=b2143d17...,timecost=0.234
info|2019-12-12 00:11:40.104707|[g:1][CONSENSUS][PBFT]checkAndChangeView: Reach consensus,org_view=84,org_changeCycle=0,cur_changeCycle=0,to_view=85
info|2019-12-12 00:11:41.099342|[g:1][CONSENSUS]addRawPrepare,height=7,reqIdx=3,hash=90e0eeb2...
info|2019-12-12 00:11:41.099656|[g:1][CONSENSUS][PBFT]checkTimeout Succ,view=85,toView=86,nodeIdx=2,changeCycle=0,myNode=b2143d17...,timecost=0.235
info|2019-12-12 00:11:41.101712|[g:1][CONSENSUS][PBFT]checkAndChangeView: Reach consensus,org_view=85,org_changeCycle=0,cur_changeCycle=0,to_view=86
info|2019-12-12 00:11:42.108063|[g:1][CONSENSUS]addRawPrepare,height=7,reqIdx=0,hash=fa6476e1...
info|2019-12-12 00:11:42.108359|[g:1][CONSENSUS][PBFT]checkTimeout Succ,view=86,toView=87,nodeIdx=2,changeCycle=0,myNode=b2143d17...,timecost=0.208
info|2019-12-12 00:11:42.109606|[g:1][CONSENSUS][PBFT]checkAndChangeView: Reach consensus,org_view=86,org_changeCycle=0,cur_changeCycle=0,to_view=87
info|2019-12-12 00:11:43.112026|[g:1][CONSENSUS]addRawPrepare,height=7,reqIdx=1,hash=649ad7dc...
info|2019-12-12 00:11:43.112379|[g:1][CONSENSUS][PBFT]checkTimeout Succ,view=87,toView=88,nodeIdx=2,changeCycle=0,myNode=b2143d17...,timecost=0.261
info|2019-12-12 00:11:43.115524|[g:1][CONSENSUS][PBFT]checkAndChangeView: Reach consensus,org_view=87,org_changeCycle=0,cur_changeCycle=0,to_view=88
info|2019-12-12 00:11:44.115654|[g:1][CONSENSUS][SEALER]++++++++++++++++ Generating seal on,blkNum=7,tx=0,nodeIdx=2,hash=2826736d...
info|2019-12-12 00:11:44.117797|[g:1][CONSENSUS][PBFT]checkTimeout Succ,view=88,toView=89,nodeIdx=2,changeCycle=0,myNode=b2143d17...,timecost=0.211
info|2019-12-12 00:11:44.119575|[g:1][CONSENSUS][PBFT]checkAndChangeView: Reach consensus,org_view=88,org_changeCycle=0,cur_changeCycle=0,to_view=89
info|2019-12-12 00:11:45.121743|[g:1][CONSENSUS]addRawPrepare,height=7,reqIdx=3,hash=d7b79c7f...
info|2019-12-12 00:11:45.122119|[g:1][CONSENSUS][PBFT]checkTimeout Succ,view=89,toView=90,nodeIdx=2,changeCycle=0,myNode=b2143d17...,timecost=0.28
info|2019-12-12 00:11:45.124456|[g:1][CONSENSUS][PBFT]checkAndChangeView: Reach consensus,org_view=89,org_changeCycle=0,cur_changeCycle=0,to_view=90
info|2019-12-12 00:11:46.125120|[g:1][CONSENSUS]addRawPrepare,height=7,reqIdx=0,hash=dace2eb1...
info|2019-12-12 00:11:46.125479|[g:1][CONSENSUS][PBFT]checkTimeout Succ,view=90,toView=91,nodeIdx=2,changeCycle=0,myNode=b2143d17...,timecost=0.246
info|2019-12-12 00:11:46.134395|[g:1][CONSENSUS][PBFT]checkAndChangeView: Reach consensus,org_view=90,org_changeCycle=0,cur_changeCycle=0,to_view=91
info|2019-12-12 00:11:46.925234|[P2P][Service] heartBeat,connected count=3
info|2019-12-12 00:11:47.136533|[g:1][CONSENSUS]addRawPrepare,height=7,reqIdx=1,hash=eb8b8ca9...
info|2019-12-12 00:11:47.137167|[g:1][CONSENSUS][PBFT]checkTimeout Succ,view=91,toView=92,nodeIdx=2,changeCycle=0,myNode=b2143d17...,timecost=0.476
info|2019-12-12 00:11:47.139425|[g:1][CONSENSUS][PBFT]checkAndChangeView: Reach consensus,org_view=91,org_changeCycle=0,cur_changeCycle=0,to_view=92
info|2019-12-12 00:11:48.140200|[g:1][CONSENSUS][SEALER]++++++++++++++++ Generating seal on,blkNum=7,tx=0,nodeIdx=2,hash=fad3cd71...
info|2019-12-12 00:11:48.144397|[g:1][CONSENSUS][PBFT]checkTimeout Succ,view=92,toView=93,nodeIdx=2,changeCycle=0,myNode=b2143d17...,timecost=2.052
info|2019-12-12 00:11:48.149701|[g:1][CONSENSUS][PBFT]checkAndChangeView: Reach consensus,org_view=92,org_changeCycle=0,cur_changeCycle=0,to_view=93
info|2019-12-12 00:11:49.155034|[g:1][CONSENSUS]addRawPrepare,height=7,reqIdx=3,hash=128f9a53...
info|2019-12-12 00:11:49.156666|[g:1][CONSENSUS][PBFT]checkTimeout Succ,view=93,toView=94,nodeIdx=2,changeCycle=0,myNode=b2143d17...,timecost=1.017
info|2019-12-12 00:11:49.159532|[g:1][CONSENSUS][PBFT]checkAndChangeView: Reach consensus,org_view=93,org_changeCycle=0,cur_changeCycle=0,to_view=94
info|2019-12-12 00:11:50.162513|[g:1][CONSENSUS]addRawPrepare,height=7,reqIdx=0,hash=631bbfc1...
info|2019-12-12 00:11:50.163155|[g:1][CONSENSUS][PBFT]checkTimeout Succ,view=94,toView=95,nodeIdx=2,changeCycle=0,myNode=b2143d17...,timecost=0.489
info|2019-12-12 00:11:50.168398|[g:1][CONSENSUS][PBFT]checkAndChangeView: Reach consensus,org_view=94,org_changeCycle=0,cur_changeCycle=0,to_view=95
info|2019-12-12 00:11:51.170518|[g:1][CONSENSUS]addRawPrepare,height=7,reqIdx=1,hash=e5c0c2cc...
info|2019-12-12 00:11:51.170821|[g:1][CONSENSUS][PBFT]checkTimeout Succ,view=95,toView=96,nodeIdx=2,changeCycle=0,myNode=b2143d17...,timecost=0.221
info|2019-12-12 00:11:51.173497|[g:1][CONSENSUS][PBFT]checkAndChangeView: Reach consensus,org_view=95,org_changeCycle=0,cur_changeCycle=0,to_view=96
info|2019-12-12 00:11:52.174245|[g:1][CONSENSUS][SEALER]++++++++++++++++ Generating seal on,blkNum=7,tx=0,nodeIdx=2,hash=98715420...
info|2019-12-12 00:11:52.175511|[g:1][CONSENSUS][PBFT]checkTimeout Succ,view=96,toView=97,nodeIdx=2,changeCycle=0,myNode=b2143d17...,timecost=0.311
info|2019-12-12 00:11:52.178597|[g:1][CONSENSUS][PBFT]checkAndChangeView: Reach consensus,org_view=96,org_changeCycle=0,cur_changeCycle=0,to_view=97
info|2019-12-12 00:11:53.182409|[g:1][CONSENSUS]addRawPrepare,height=7,reqIdx=3,hash=07cb2e9f...
info|2019-12-12 00:11:53.184007|[g:1][CONSENSUS][PBFT]checkTimeout Succ,view=97,toView=98,nodeIdx=2,changeCycle=0,myNode=b2143d17...,timecost=1.052
info|2019-12-12 00:11:53.186271|[g:1][CONSENSUS][PBFT]checkAndChangeView: Reach consensus,org_view=97,org_changeCycle=0,cur_changeCycle=0,to_view=98
info|2019-12-12 00:11:54.188668|[g:1][CONSENSUS]addRawPrepare,height=7,reqIdx=0,hash=320edf36...
info|2019-12-12 00:11:54.189501|[g:1][CONSENSUS][PBFT]checkTimeout Succ,view=98,toView=99,nodeIdx=2,changeCycle=0,myNode=b2143d17...,timecost=0.238
info|2019-12-12 00:11:54.192876|[g:1][CONSENSUS][PBFT]checkAndChangeView: Reach consensus,org_view=98,org_changeCycle=0,cur_changeCycle=0,to_view=99
info|2019-12-12 00:11:55.193199|[g:1][CONSENSUS]addRawPrepare,height=7,reqIdx=1,hash=d2673792...
info|2019-12-12 00:11:55.193711|[g:1][CONSENSUS][PBFT]checkTimeout Succ,view=99,toView=100,nodeIdx=2,changeCycle=0,myNode=b2143d17...,timecost=0.407
info|2019-12-12 00:11:55.196129|[g:1][CONSENSUS][PBFT]checkAndChangeView: Reach consensus,org_view=99,org_changeCycle=0,cur_changeCycle=0,to_view=100
info|2019-12-12 00:11:56.197038|[g:1][CONSENSUS][SEALER]++++++++++++++++ Generating seal on,blkNum=7,tx=0,nodeIdx=2,hash=0f625bb3...
info|2019-12-12 00:11:56.199121|[g:1][CONSENSUS][PBFT]checkTimeout Succ,view=100,toView=101,nodeIdx=2,changeCycle=0,myNode=b2143d17...,timecost=0.986
info|2019-12-12 00:11:56.201830|[g:1][CONSENSUS][PBFT]checkAndChangeView: Reach consensus,org_view=100,org_changeCycle=0,cur_changeCycle=0,to_view=101
info|2019-12-12 00:11:56.925574|[P2P][Service] heartBeat,connected count=3
info|2019-12-12 00:11:57.204994|[g:1][CONSENSUS]addRawPrepare,height=7,reqIdx=3,hash=c9d37402...
info|2019-12-12 00:11:57.206197|[g:1][CONSENSUS][PBFT]checkTimeout Succ,view=101,toView=102,nodeIdx=2,changeCycle=0,myNode=b2143d17...,timecost=0.841
info|2019-12-12 00:11:57.207096|[g:1][CONSENSUS][PBFT]checkAndChangeView: Reach consensus,org_view=101,org_changeCycle=0,cur_changeCycle=0,to_view=102
info|2019-12-12 00:11:58.211900|[g:1][CONSENSUS]addRawPrepare,height=7,reqIdx=0,hash=68deaf4a...
info|2019-12-12 00:11:58.212576|[g:1][CONSENSUS][PBFT]checkTimeout Succ,view=102,toView=103,nodeIdx=2,changeCycle=0,myNode=b2143d17...,timecost=0.496
info|2019-12-12 00:11:58.214862|[g:1][CONSENSUS][PBFT]checkAndChangeView: Reach consensus,org_view=102,org_changeCycle=0,cur_changeCycle=0,to_view=103
info|2019-12-12 00:11:59.215389|[g:1][CONSENSUS]addRawPrepare,height=7,reqIdx=1,hash=df543889...
info|2019-12-12 00:11:59.215740|[g:1][CONSENSUS][PBFT]checkTimeout Succ,view=103,toView=104,nodeIdx=2,changeCycle=0,myNode=b2143d17...,timecost=0.25
info|2019-12-12 00:11:59.217484|[g:1][CONSENSUS][PBFT]checkAndChangeView: Reach consensus,org_view=103,org_changeCycle=0,cur_changeCycle=0,to_view=104
info|2019-12-12 00:12:00.218428|[g:1][CONSENSUS][SEALER]++++++++++++++++ Generating seal on,blkNum=7,tx=0,nodeIdx=2,hash=2a8b97f7...
info|2019-12-12 00:12:00.219399|[g:1][CONSENSUS][PBFT]checkTimeout Succ,view=104,toView=105,nodeIdx=2,changeCycle=0,myNode=b2143d17...,timecost=0.309
info|2019-12-12 00:12:00.221776|[g:1][CONSENSUS][PBFT]checkAndChangeView: Reach consensus,org_view=104,org_changeCycle=0,cur_changeCycle=0,to_view=105
info|2019-12-12 00:12:01.227691|[g:1][CONSENSUS]addRawPrepare,height=7,reqIdx=3,hash=4864b0c2...
info|2019-12-12 00:12:01.228012|[g:1][CONSENSUS][PBFT]checkTimeout Succ,view=105,toView=106,nodeIdx=2,changeCycle=0,myNode=b2143d17...,timecost=0.229
info|2019-12-12 00:12:01.228975|[g:1][CONSENSUS][PBFT]checkAndChangeView: Reach consensus,org_view=105,org_changeCycle=0,cur_changeCycle=0,to_view=106
info|2019-12-12 00:12:02.230771|[g:1][CONSENSUS]addRawPrepare,height=7,reqIdx=0,hash=00650101...
info|2019-12-12 00:12:02.231155|[g:1][CONSENSUS][PBFT]checkTimeout Succ,view=106,toView=107,nodeIdx=2,changeCycle=0,myNode=b2143d17...,timecost=0.257
info|2019-12-12 00:12:02.236007|[g:1][CONSENSUS][PBFT]checkAndChangeView: Reach consensus,org_view=106,org_changeCycle=0,cur_changeCycle=0,to_view=107
info|2019-12-12 00:12:03.237556|[g:1][CONSENSUS]addRawPrepare,height=7,reqIdx=1,hash=259ac82e...
info|2019-12-12 00:12:03.238071|[g:1][CONSENSUS][PBFT]checkTimeout Succ,view=107,toView=108,nodeIdx=2,changeCycle=0,myNode=b2143d17...,timecost=0.413
info|2019-12-12 00:12:03.241970|[g:1][CONSENSUS][PBFT]checkAndChangeView: Reach consensus,org_view=107,org_changeCycle=0,cur_changeCycle=0,to_view=108
info|2019-12-12 00:12:04.243155|[g:1][CONSENSUS][SEALER]++++++++++++++++ Generating seal on,blkNum=7,tx=0,nodeIdx=2,hash=1270033b...
info|2019-12-12 00:12:04.247203|[g:1][CONSENSUS][PBFT]checkTimeout Succ,view=108,toView=109,nodeIdx=2,changeCycle=0,myNode=b2143d17...,timecost=0.329
info|2019-12-12 00:12:04.247630|[g:1][CONSENSUS][PBFT]checkAndChangeView: Reach consensus,org_view=108,org_changeCycle=0,cur_changeCycle=0,to_view=109
info|2019-12-12 00:12:05.251403|[g:1][CONSENSUS]addRawPrepare,height=7,reqIdx=3,hash=215f7bd8...
info|2019-12-12 00:12:05.254856|[g:1][CONSENSUS][PBFT]checkTimeout Succ,view=109,toView=110,nodeIdx=2,changeCycle=0,myNode=b2143d17...,timecost=3.323
info|2019-12-12 00:12:05.256949|[g:1][CONSENSUS][PBFT]checkAndChangeView: Reach consensus,org_view=109,org_changeCycle=0,cur_changeCycle=0,to_view=110
info|2019-12-12 00:12:06.255594|[g:1][CONSENSUS]addRawPrepare,height=7,reqIdx=0,hash=ecc976a5...
info|2019-12-12 00:12:06.255949|[g:1][CONSENSUS][PBFT]checkTimeout Succ,view=110,toView=111,nodeIdx=2,changeCycle=0,myNode=b2143d17...,timecost=0.229
info|2019-12-12 00:12:06.258097|[g:1][CONSENSUS][PBFT]checkAndChangeView: Reach consensus,org_view=110,org_changeCycle=0,cur_changeCycle=0,to_view=111
info|2019-12-12 00:12:06.925706|[P2P][Service] heartBeat,connected count=3
info|2019-12-12 00:12:07.259993|[g:1][CONSENSUS]addRawPrepare,height=7,reqIdx=1,hash=327c5c61...
info|2019-12-12 00:12:07.260402|[g:1][CONSENSUS][PBFT]checkTimeout Succ,view=111,toView=112,nodeIdx=2,changeCycle=0,myNode=b2143d17...,timecost=0.307
info|2019-12-12 00:12:07.261290|[g:1][CONSENSUS][PBFT]checkAndChangeView: Reach consensus,org_view=111,org_changeCycle=0,cur_changeCycle=0,to_view=112
info|2019-12-12 00:12:08.261220|[g:1][CONSENSUS][SEALER]++++++++++++++++ Generating seal on,blkNum=7,tx=0,nodeIdx=2,hash=4353009e...
info|2019-12-12 00:12:08.263453|[g:1][CONSENSUS][PBFT]checkTimeout Succ,view=112,toView=113,nodeIdx=2,changeCycle=0,myNode=b2143d17...,timecost=0.37
info|2019-12-12 00:12:08.264219|[g:1][CONSENSUS][PBFT]checkAndChangeView: Reach consensus,org_view=112,org_changeCycle=0,cur_changeCycle=0,to_view=113
info|2019-12-12 00:12:09.269267|[g:1][CONSENSUS]addRawPrepare,height=7,reqIdx=3,hash=d08ac685...
info|2019-12-12 00:12:09.270982|[g:1][CONSENSUS][PBFT]checkTimeout Succ,view=113,toView=114,nodeIdx=2,changeCycle=0,myNode=b2143d17...,timecost=0.615
info|2019-12-12 00:12:09.272951|[g:1][CONSENSUS][PBFT]checkAndChangeView: Reach consensus,org_view=113,org_changeCycle=0,cur_changeCycle=0,to_view=114
info|2019-12-12 00:12:10.273523|[g:1][CONSENSUS]addRawPrepare,height=7,reqIdx=0,hash=52cf6b74...
info|2019-12-12 00:12:10.274155|[g:1][CONSENSUS][PBFT]checkTimeout Succ,view=114,toView=115,nodeIdx=2,changeCycle=0,myNode=b2143d17...,timecost=0.51
info|2019-12-12 00:12:10.277073|[g:1][CONSENSUS][PBFT]checkAndChangeView: Reach consensus,org_view=114,org_changeCycle=0,cur_changeCycle=0,to_view=115
info|2019-12-12 00:12:11.278767|[g:1][CONSENSUS]addRawPrepare,height=7,reqIdx=1,hash=8ef7c7df...
info|2019-12-12 00:12:11.279125|[g:1][CONSENSUS][PBFT]checkTimeout Succ,view=115,toView=116,nodeIdx=2,changeCycle=0,myNode=b2143d17...,timecost=0.247
info|2019-12-12 00:12:11.280189|[g:1][CONSENSUS][PBFT]checkAndChangeView: Reach consensus,org_view=115,org_changeCycle=0,cur_changeCycle=0,to_view=116
info|2019-12-12 00:12:12.280736|[g:1][CONSENSUS][SEALER]++++++++++++++++ Generating seal on,blkNum=7,tx=0,nodeIdx=2,hash=e8a71395...
info|2019-12-12 00:12:12.283887|[g:1][CONSENSUS][PBFT]checkTimeout Succ,view=116,toView=117,nodeIdx=2,changeCycle=0,myNode=b2143d17...,timecost=0.537
info|2019-12-12 00:12:12.284284|[g:1][CONSENSUS][PBFT]checkAndChangeView: Reach consensus,org_view=116,org_changeCycle=0,cur_changeCycle=0,to_view=117
info|2019-12-12 00:12:13.286587|[g:1][CONSENSUS]addRawPrepare,height=7,reqIdx=3,hash=080d2e43...
info|2019-12-12 00:12:13.287022|[g:1][CONSENSUS][PBFT]checkTimeout Succ,view=117,toView=118,nodeIdx=2,changeCycle=0,myNode=b2143d17...,timecost=0.313
info|2019-12-12 00:12:13.288984|[g:1][CONSENSUS][PBFT]checkAndChangeView: Reach consensus,org_view=117,org_changeCycle=0,cur_changeCycle=0,to_view=118
info|2019-12-12 00:12:14.290809|[g:1][CONSENSUS]addRawPrepare,height=7,reqIdx=0,hash=f0b98dc4...
info|2019-12-12 00:12:14.291466|[g:1][CONSENSUS][PBFT]checkTimeout Succ,view=118,toView=119,nodeIdx=2,changeCycle=0,myNode=b2143d17...,timecost=0.393
info|2019-12-12 00:12:14.295040|[g:1][CONSENSUS][PBFT]checkAndChangeView: Reach consensus,org_view=118,org_changeCycle=0,cur_changeCycle=0,to_view=119
info|2019-12-12 00:12:15.297964|[g:1][CONSENSUS]addRawPrepare,height=7,reqIdx=1,hash=1dd5ec2d...
info|2019-12-12 00:12:15.298510|[g:1][CONSENSUS][PBFT]checkTimeout Succ,view=119,toView=120,nodeIdx=2,changeCycle=0,myNode=b2143d17...,timecost=0.302
info|2019-12-12 00:12:15.301697|[g:1][CONSENSUS][PBFT]checkAndChangeView: Reach consensus,org_view=119,org_changeCycle=0,cur_changeCycle=0,to_view=120
info|2019-12-12 00:12:16.301289|[g:1][CONSENSUS][SEALER]++++++++++++++++ Generating seal on,blkNum=7,tx=0,nodeIdx=2,hash=8115a71d...
info|2019-12-12 00:12:16.303498|[g:1][CONSENSUS][PBFT]checkTimeout Succ,view=120,toView=121,nodeIdx=2,changeCycle=0,myNode=b2143d17...,timecost=0.233
info|2019-12-12 00:12:16.303872|[g:1][CONSENSUS][PBFT]checkAndChangeView: Reach consensus,org_view=120,org_changeCycle=0,cur_changeCycle=0,to_view=121
info|2019-12-12 00:12:16.925932|[P2P][Service] heartBeat,connected count=3
info|2019-12-12 00:12:17.305481|[g:1][CONSENSUS]addRawPrepare,height=7,reqIdx=3,hash=1f6f6e26...
info|2019-12-12 00:12:17.306085|[g:1][CONSENSUS][PBFT]checkTimeout Succ,view=121,toView=122,nodeIdx=2,changeCycle=0,myNode=b2143d17...,timecost=0.813
info|2019-12-12 00:12:17.307644|[g:1][CONSENSUS][PBFT]checkAndChangeView: Reach consensus,org_view=121,org_changeCycle=0,cur_changeCycle=0,to_view=122
info|2019-12-12 00:12:18.309436|[g:1][CONSENSUS]addRawPrepare,height=7,reqIdx=0,hash=f4195466...
info|2019-12-12 00:12:18.310309|[g:1][CONSENSUS][PBFT]checkTimeout Succ,view=122,toView=123,nodeIdx=2,changeCycle=0,myNode=b2143d17...,timecost=0.668
info|2019-12-12 00:12:18.311828|[g:1][CONSENSUS][PBFT]checkAndChangeView: Reach consensus,org_view=122,org_changeCycle=0,cur_changeCycle=0,to_view=123
info|2019-12-12 00:12:19.315539|[g:1][CONSENSUS]addRawPrepare,height=7,reqIdx=1,hash=93c6d417...
info|2019-12-12 00:12:19.316176|[g:1][CONSENSUS][PBFT]checkTimeout Succ,view=123,toView=124,nodeIdx=2,changeCycle=0,myNode=b2143d17...,timecost=0.582
info|2019-12-12 00:12:19.317658|[g:1][CONSENSUS][PBFT]checkAndChangeView: Reach consensus,org_view=123,org_changeCycle=0,cur_changeCycle=0,to_view=124
info|2019-12-12 00:12:20.318219|[g:1][CONSENSUS][SEALER]++++++++++++++++ Generating seal on,blkNum=7,tx=0,nodeIdx=2,hash=3a5f3b8d...
info|2019-12-12 00:12:20.323148|[g:1][CONSENSUS][PBFT]checkTimeout Succ,view=124,toView=125,nodeIdx=2,changeCycle=0,myNode=b2143d17...,timecost=0.376
info|2019-12-12 00:12:20.324097|[g:1][CONSENSUS][PBFT]checkAndChangeView: Reach consensus,org_view=124,org_changeCycle=0,cur_changeCycle=0,to_view=125
info|2019-12-12 00:12:21.324090|[g:1][CONSENSUS]addRawPrepare,height=7,reqIdx=3,hash=4219e589...
info|2019-12-12 00:12:21.324494|[g:1][CONSENSUS][PBFT]checkTimeout Succ,view=125,toView=126,nodeIdx=2,changeCycle=0,myNode=b2143d17...,timecost=0.286
info|2019-12-12 00:12:21.326185|[g:1][CONSENSUS][PBFT]checkAndChangeView: Reach consensus,org_view=125,org_changeCycle=0,cur_changeCycle=0,to_view=126
info|2019-12-12 00:12:22.329062|[g:1][CONSENSUS]addRawPrepare,height=7,reqIdx=0,hash=9eb018c9...
info|2019-12-12 00:12:22.329642|[g:1][CONSENSUS][PBFT]checkTimeout Succ,view=126,toView=127,nodeIdx=2,changeCycle=0,myNode=b2143d17...,timecost=0.474
info|2019-12-12 00:12:22.330928|[g:1][CONSENSUS][PBFT]checkAndChangeView: Reach consensus,org_view=126,org_changeCycle=0,cur_changeCycle=0,to_view=127
info|2019-12-12 00:12:23.333683|[g:1][CONSENSUS]addRawPrepare,height=7,reqIdx=1,hash=13132854...
info|2019-12-12 00:12:23.335574|[g:1][CONSENSUS][PBFT]checkTimeout Succ,view=127,toView=128,nodeIdx=2,changeCycle=0,myNode=b2143d17...,timecost=1.271
info|2019-12-12 00:12:23.336722|[g:1][CONSENSUS][PBFT]checkAndChangeView: Reach consensus,org_view=127,org_changeCycle=0,cur_changeCycle=0,to_view=128
info|2019-12-12 00:12:24.336417|[g:1][CONSENSUS][SEALER]++++++++++++++++ Generating seal on,blkNum=7,tx=0,nodeIdx=2,hash=a0ea6baf...
info|2019-12-12 00:12:24.339129|[g:1][CONSENSUS][PBFT]checkTimeout Succ,view=128,toView=129,nodeIdx=2,changeCycle=0,myNode=b2143d17...,timecost=0.51
info|2019-12-12 00:12:24.340875|[g:1][CONSENSUS][PBFT]checkAndChangeView: Reach consensus,org_view=128,org_changeCycle=0,cur_changeCycle=0,to_view=129
info|2019-12-12 00:12:25.342092|[g:1][CONSENSUS]addRawPrepare,height=7,reqIdx=3,hash=4123c01d...
info|2019-12-12 00:12:25.342689|[g:1][CONSENSUS][PBFT]checkTimeout Succ,view=129,toView=130,nodeIdx=2,changeCycle=0,myNode=b2143d17...,timecost=0.511
info|2019-12-12 00:12:25.344424|[g:1][CONSENSUS][PBFT]checkAndChangeView: Reach consensus,org_view=129,org_changeCycle=0,cur_changeCycle=0,to_view=130
info|2019-12-12 00:12:26.346175|[g:1][CONSENSUS]addRawPrepare,height=7,reqIdx=0,hash=b45d7009...
info|2019-12-12 00:12:26.346622|[g:1][CONSENSUS][PBFT]checkTimeout Succ,view=130,toView=131,nodeIdx=2,changeCycle=0,myNode=b2143d17...,timecost=0.274
info|2019-12-12 00:12:26.348635|[g:1][CONSENSUS][PBFT]checkAndChangeView: Reach consensus,org_view=130,org_changeCycle=0,cur_changeCycle=0,to_view=131
info|2019-12-12 00:12:26.926165|[P2P][Service] heartBeat,connected count=3
info|2019-12-12 00:12:27.353061|[g:1][CONSENSUS]addRawPrepare,height=7,reqIdx=1,hash=c241f5c0...
info|2019-12-12 00:12:27.353642|[g:1][CONSENSUS][PBFT]checkTimeout Succ,view=131,toView=132,nodeIdx=2,changeCycle=0,myNode=b2143d17...,timecost=0.38
info|2019-12-12 00:12:27.354666|[g:1][CONSENSUS][PBFT]checkAndChangeView: Reach consensus,org_view=131,org_changeCycle=0,cur_changeCycle=0,to_view=132
info|2019-12-12 00:12:28.354625|[g:1][CONSENSUS][SEALER]++++++++++++++++ Generating seal on,blkNum=7,tx=0,nodeIdx=2,hash=ff3a4e30...
info|2019-12-12 00:12:28.355298|[g:1][CONSENSUS][PBFT]checkTimeout Succ,view=132,toView=133,nodeIdx=2,changeCycle=0,myNode=b2143d17...,timecost=0.327
info|2019-12-12 00:12:28.357189|[g:1][CONSENSUS][PBFT]checkAndChangeView: Reach consensus,org_view=132,org_changeCycle=0,cur_changeCycle=0,to_view=133
info|2019-12-12 00:12:29.360437|[g:1][CONSENSUS]addRawPrepare,height=7,reqIdx=3,hash=5f92cd89...
info|2019-12-12 00:12:29.361402|[g:1][CONSENSUS][PBFT]checkTimeout Succ,view=133,toView=134,nodeIdx=2,changeCycle=0,myNode=b2143d17...,timecost=0.629
info|2019-12-12 00:12:29.362499|[g:1][CONSENSUS][PBFT]checkAndChangeView: Reach consensus,org_view=133,org_changeCycle=0,cur_changeCycle=0,to_view=134
info|2019-12-12 00:12:30.368435|[g:1][CONSENSUS]addRawPrepare,height=7,reqIdx=0,hash=36c97573...
info|2019-12-12 00:12:30.369127|[g:1][CONSENSUS][PBFT]checkTimeout Succ,view=134,toView=135,nodeIdx=2,changeCycle=0,myNode=b2143d17...,timecost=0.478
info|2019-12-12 00:12:30.370207|[g:1][CONSENSUS][PBFT]checkAndChangeView: Reach consensus,org_view=134,org_changeCycle=0,cur_changeCycle=0,to_view=135
info|2019-12-12 00:12:31.372676|[g:1][CONSENSUS]addRawPrepare,height=7,reqIdx=1,hash=9235d52b...
info|2019-12-12 00:12:31.373286|[g:1][CONSENSUS][PBFT]checkTimeout Succ,view=135,toView=136,nodeIdx=2,changeCycle=0,myNode=b2143d17...,timecost=0.511
info|2019-12-12 00:12:31.374202|[g:1][CONSENSUS][PBFT]checkAndChangeView: Reach consensus,org_view=135,org_changeCycle=0,cur_changeCycle=0,to_view=136
info|2019-12-12 00:12:32.374252|[g:1][CONSENSUS][SEALER]++++++++++++++++ Generating seal on,blkNum=7,tx=0,nodeIdx=2,hash=73356fa8...
info|2019-12-12 00:12:32.377878|[g:1][CONSENSUS][PBFT]checkTimeout Succ,view=136,toView=137,nodeIdx=2,changeCycle=0,myNode=b2143d17...,timecost=3.261
info|2019-12-12 00:12:32.379029|[g:1][CONSENSUS][PBFT]checkAndChangeView: Reach consensus,org_view=136,org_changeCycle=0,cur_changeCycle=0,to_view=137
info|2019-12-12 00:12:33.380023|[g:1][CONSENSUS]addRawPrepare,height=7,reqIdx=3,hash=c9fa4f68...
info|2019-12-12 00:12:33.381209|[g:1][CONSENSUS][PBFT]checkTimeout Succ,view=137,toView=138,nodeIdx=2,changeCycle=0,myNode=b2143d17...,timecost=1.665
info|2019-12-12 00:12:33.383034|[g:1][CONSENSUS][PBFT]checkAndChangeView: Reach consensus,org_view=137,org_changeCycle=0,cur_changeCycle=0,to_view=138
info|2019-12-12 00:12:34.384745|[g:1][CONSENSUS]addRawPrepare,height=7,reqIdx=0,hash=642d01ee...
info|2019-12-12 00:12:34.385323|[g:1][CONSENSUS][PBFT]checkTimeout Succ,view=138,toView=139,nodeIdx=2,changeCycle=0,myNode=b2143d17...,timecost=0.272
info|2019-12-12 00:12:34.386940|[g:1][CONSENSUS][PBFT]checkAndChangeView: Reach consensus,org_view=138,org_changeCycle=0,cur_changeCycle=0,to_view=139
info|2019-12-12 00:12:35.388325|[g:1][CONSENSUS]addRawPrepare,height=7,reqIdx=1,hash=e4159421...
info|2019-12-12 00:12:35.389618|[g:1][CONSENSUS][PBFT]checkTimeout Succ,view=139,toView=140,nodeIdx=2,changeCycle=0,myNode=b2143d17...,timecost=1.034
info|2019-12-12 00:12:35.391736|[g:1][CONSENSUS][PBFT]checkAndChangeView: Reach consensus,org_view=139,org_changeCycle=0,cur_changeCycle=0,to_view=140
info|2019-12-12 00:12:36.391505|[g:1][CONSENSUS][SEALER]++++++++++++++++ Generating seal on,blkNum=7,tx=0,nodeIdx=2,hash=7df2806f...
info|2019-12-12 00:12:36.396801|[g:1][CONSENSUS][PBFT]checkTimeout Succ,view=140,toView=141,nodeIdx=2,changeCycle=0,myNode=b2143d17...,timecost=0.419
info|2019-12-12 00:12:36.397359|[g:1][CONSENSUS][PBFT]checkAndChangeView: Reach consensus,org_view=140,org_changeCycle=0,cur_changeCycle=0,to_view=141
info|2019-12-12 00:12:36.926294|[P2P][Service] heartBeat,connected count=3
info|2019-12-12 00:12:37.398109|[g:1][CONSENSUS]addRawPrepare,height=7,reqIdx=3,hash=f0349a1f...
info|2019-12-12 00:12:37.399159|[g:1][CONSENSUS][PBFT]checkTimeout Succ,view=141,toView=142,nodeIdx=2,changeCycle=0,myNode=b2143d17...,timecost=0.962
info|2019-12-12 00:12:37.400295|[g:1][CONSENSUS][PBFT]checkAndChangeView: Reach consensus,org_view=141,org_changeCycle=0,cur_changeCycle=0,to_view=142
info|2019-12-12 00:12:38.399725|[g:1][CONSENSUS]addRawPrepare,height=7,reqIdx=0,hash=5a364653...
info|2019-12-12 00:12:38.400041|[g:1][CONSENSUS][PBFT]checkTimeout Succ,view=142,toView=143,nodeIdx=2,changeCycle=0,myNode=b2143d17...,timecost=0.23
info|2019-12-12 00:12:38.404806|[g:1][CONSENSUS][PBFT]checkAndChangeView: Reach consensus,org_view=142,org_changeCycle=0,cur_changeCycle=0,to_view=143
info|2019-12-12 00:12:39.407509|[g:1][CONSENSUS]addRawPrepare,height=7,reqIdx=1,hash=a135c042...
info|2019-12-12 00:12:39.407839|[g:1][CONSENSUS][PBFT]checkTimeout Succ,view=143,toView=144,nodeIdx=2,changeCycle=0,myNode=b2143d17...,timecost=0.251
info|2019-12-12 00:12:39.408494|[g:1][CONSENSUS][PBFT]checkAndChangeView: Reach consensus,org_view=143,org_changeCycle=0,cur_changeCycle=0,to_view=144
info|2019-12-12 00:12:40.408873|[g:1][CONSENSUS][SEALER]++++++++++++++++ Generating seal on,blkNum=7,tx=0,nodeIdx=2,hash=f70710df...
info|2019-12-12 00:12:40.409885|[g:1][CONSENSUS][PBFT]checkTimeout Succ,view=144,toView=145,nodeIdx=2,changeCycle=0,myNode=b2143d17...,timecost=0.284
info|2019-12-12 00:12:40.412010|[g:1][CONSENSUS][PBFT]checkAndChangeView: Reach consensus,org_view=144,org_changeCycle=0,cur_changeCycle=0,to_view=145
info|2019-12-12 00:12:41.412492|[g:1][CONSENSUS]addRawPrepare,height=7,reqIdx=3,hash=e2a3cf8b...
info|2019-12-12 00:12:41.413645|[g:1][CONSENSUS][PBFT]checkTimeout Succ,view=145,toView=146,nodeIdx=2,changeCycle=0,myNode=b2143d17...,timecost=1.031
info|2019-12-12 00:12:41.415713|[g:1][CONSENSUS][PBFT]checkAndChangeView: Reach consensus,org_view=145,org_changeCycle=0,cur_changeCycle=0,to_view=146
info|2019-12-12 00:12:42.418264|[g:1][CONSENSUS]addRawPrepare,height=7,reqIdx=0,hash=aefa9658...
info|2019-12-12 00:12:42.418764|[g:1][CONSENSUS][PBFT]checkTimeout Succ,view=146,toView=147,nodeIdx=2,changeCycle=0,myNode=b2143d17...,timecost=0.359
info|2019-12-12 00:12:42.424617|[g:1][CONSENSUS][PBFT]checkAndChangeView: Reach consensus,org_view=146,org_changeCycle=0,cur_changeCycle=0,to_view=147
info|2019-12-12 00:12:43.423801|[g:1][CONSENSUS]addRawPrepare,height=7,reqIdx=1,hash=4263a8f5...
info|2019-12-12 00:12:43.424310|[g:1][CONSENSUS][PBFT]checkTimeout Succ,view=147,toView=148,nodeIdx=2,changeCycle=0,myNode=b2143d17...,timecost=0.395
info|2019-12-12 00:12:43.431278|[g:1][CONSENSUS][PBFT]checkAndChangeView: Reach consensus,org_view=147,org_changeCycle=0,cur_changeCycle=0,to_view=148
info|2019-12-12 00:12:44.431126|[g:1][CONSENSUS][SEALER]++++++++++++++++ Generating seal on,blkNum=7,tx=0,nodeIdx=2,hash=c601a7cf...
info|2019-12-12 00:12:44.431776|[g:1][CONSENSUS][PBFT]checkTimeout Succ,view=148,toView=149,nodeIdx=2,changeCycle=0,myNode=b2143d17...,timecost=0.284
info|2019-12-12 00:12:44.433835|[g:1][CONSENSUS][PBFT]checkAndChangeView: Reach consensus,org_view=148,org_changeCycle=0,cur_changeCycle=0,to_view=149
info|2019-12-12 00:12:45.438664|[g:1][CONSENSUS]addRawPrepare,height=7,reqIdx=3,hash=6db01874...
info|2019-12-12 00:12:45.440635|[g:1][CONSENSUS][PBFT]checkTimeout Succ,view=149,toView=150,nodeIdx=2,changeCycle=0,myNode=b2143d17...,timecost=0.456
info|2019-12-12 00:12:45.443354|[g:1][CONSENSUS][PBFT]checkAndChangeView: Reach consensus,org_view=149,org_changeCycle=0,cur_changeCycle=0,to_view=150
info|2019-12-12 00:12:46.492724|[g:1][CONSENSUS]addRawPrepare,height=7,reqIdx=0,hash=49ba7f87...
info|2019-12-12 00:12:46.496528|[g:1][CONSENSUS][PBFT]checkTimeout Succ,view=150,toView=151,nodeIdx=2,changeCycle=0,myNode=b2143d17...,timecost=0.48
info|2019-12-12 00:12:46.504461|[g:1][CONSENSUS][PBFT]checkAndChangeView: Reach consensus,org_view=150,org_changeCycle=0,cur_changeCycle=0,to_view=151
info|2019-12-12 00:12:46.927491|[P2P][Service] heartBeat,connected count=3
info|2019-12-12 00:12:47.516309|[g:1][CONSENSUS]addRawPrepare,height=7,reqIdx=1,hash=d2a72b20...
info|2019-12-12 00:12:47.518428|[g:1][CONSENSUS][PBFT]checkTimeout Succ,view=151,toView=152,nodeIdx=2,changeCycle=0,myNode=b2143d17...,timecost=1.152
info|2019-12-12 00:12:47.531212|[g:1][CONSENSUS][PBFT]checkAndChangeView: Reach consensus,org_view=151,org_changeCycle=0,cur_changeCycle=0,to_view=152
info|2019-12-12 00:12:48.533480|[g:1][CONSENSUS][SEALER]++++++++++++++++ Generating seal on,blkNum=7,tx=0,nodeIdx=2,hash=9203e9d0...
info|2019-12-12 00:12:48.570592|[g:1][CONSENSUS][PBFT]checkTimeout Succ,view=152,toView=153,nodeIdx=2,changeCycle=0,myNode=b2143d17...,timecost=0.592
info|2019-12-12 00:12:48.579508|[g:1][CONSENSUS][PBFT]checkAndChangeView: Reach consensus,org_view=152,org_changeCycle=0,cur_changeCycle=0,to_view=153
info|2019-12-12 00:12:49.628509|[g:1][CONSENSUS]addRawPrepare,height=7,reqIdx=3,hash=c923a931...
info|2019-12-12 00:12:49.630705|[g:1][CONSENSUS][PBFT]checkTimeout Succ,view=153,toView=154,nodeIdx=2,changeCycle=0,myNode=b2143d17...,timecost=0.87
info|2019-12-12 00:12:49.685613|[g:1][CONSENSUS][PBFT]checkAndChangeView: Reach consensus,org_view=153,org_changeCycle=0,cur_changeCycle=0,to_view=154
info|2019-12-12 00:12:50.760110|[g:1][CONSENSUS]addRawPrepare,height=7,reqIdx=0,hash=2ba2d24b...
info|2019-12-12 00:12:50.761327|[g:1][CONSENSUS][PBFT]checkTimeout Succ,view=154,toView=155,nodeIdx=2,changeCycle=0,myNode=b2143d17...,timecost=1.111
info|2019-12-12 00:12:50.766209|[g:1][CONSENSUS][PBFT]checkAndChangeView: Reach consensus,org_view=154,org_changeCycle=0,cur_changeCycle=0,to_view=155
info|2019-12-12 00:12:51.861403|[g:1][CONSENSUS]addRawPrepare,height=7,reqIdx=1,hash=8c80ecd4...
info|2019-12-12 00:12:51.863212|[g:1][CONSENSUS][PBFT]checkTimeout Succ,view=155,toView=156,nodeIdx=2,changeCycle=0,myNode=b2143d17...,timecost=0.837
info|2019-12-12 00:12:51.878895|[g:1][CONSENSUS][PBFT]checkAndChangeView: Reach consensus,org_view=155,org_changeCycle=0,cur_changeCycle=0,to_view=156
info|2019-12-12 00:12:52.889910|[g:1][CONSENSUS][SEALER]++++++++++++++++ Generating seal on,blkNum=7,tx=0,nodeIdx=2,hash=ec2d8ada...
info|2019-12-12 00:12:52.944460|[g:1][CONSENSUS][PBFT]checkTimeout Succ,view=156,toView=157,nodeIdx=2,changeCycle=0,myNode=b2143d17...,timecost=0.957
info|2019-12-12 00:12:52.951216|[g:1][CONSENSUS][PBFT]checkAndChangeView: Reach consensus,org_view=156,org_changeCycle=0,cur_changeCycle=0,to_view=157
info|2019-12-12 00:12:54.003201|[g:1][CONSENSUS]addRawPrepare,height=7,reqIdx=3,hash=f00f1511...
info|2019-12-12 00:12:54.012387|[g:1][CONSENSUS][PBFT]checkTimeout Succ,view=157,toView=158,nodeIdx=2,changeCycle=0,myNode=b2143d17...,timecost=2.746
info|2019-12-12 00:12:54.019459|[g:1][CONSENSUS][PBFT]checkAndChangeView: Reach consensus,org_view=157,org_changeCycle=0,cur_changeCycle=0,to_view=158
info|2019-12-12 00:12:55.048830|[g:1][CONSENSUS]addRawPrepare,height=7,reqIdx=0,hash=ecf14878...
info|2019-12-12 00:12:55.053288|[g:1][CONSENSUS][PBFT]checkTimeout Succ,view=158,toView=159,nodeIdx=2,changeCycle=0,myNode=b2143d17...,timecost=3.457
info|2019-12-12 00:12:55.071700|[g:1][CONSENSUS][PBFT]checkAndChangeView: Reach consensus,org_view=158,org_changeCycle=0,cur_changeCycle=0,to_view=159
info|2019-12-12 00:12:56.077558|[g:1][CONSENSUS]addRawPrepare,height=7,reqIdx=1,hash=8dbb9071...
info|2019-12-12 00:12:56.078900|[g:1][CONSENSUS][PBFT]checkTimeout Succ,view=159,toView=160,nodeIdx=2,changeCycle=0,myNode=b2143d17...,timecost=0.92
info|2019-12-12 00:12:56.093582|[g:1][CONSENSUS][PBFT]checkAndChangeView: Reach consensus,org_view=159,org_changeCycle=0,cur_changeCycle=0,to_view=160
info|2019-12-12 00:12:56.927865|[P2P][Service] heartBeat,connected count=3
info|2019-12-12 00:12:57.100859|[g:1][CONSENSUS][SEALER]++++++++++++++++ Generating seal on,blkNum=7,tx=0,nodeIdx=2,hash=33e382b0...
info|2019-12-12 00:12:57.123479|[g:1][CONSENSUS][PBFT]checkTimeout Succ,view=160,toView=161,nodeIdx=2,changeCycle=0,myNode=b2143d17...,timecost=0.531
info|2019-12-12 00:12:57.146165|[g:1][CONSENSUS][PBFT]checkAndChangeView: Reach consensus,org_view=160,org_changeCycle=0,cur_changeCycle=0,to_view=161
info|2019-12-12 00:12:58.207756|[g:1][CONSENSUS]addRawPrepare,height=7,reqIdx=3,hash=47dd4ba9...
info|2019-12-12 00:12:58.208867|[g:1][CONSENSUS][PBFT]checkTimeout Succ,view=161,toView=162,nodeIdx=2,changeCycle=0,myNode=b2143d17...,timecost=0.815
info|2019-12-12 00:12:58.240685|[g:1][CONSENSUS][PBFT]checkAndChangeView: Reach consensus,org_view=161,org_changeCycle=0,cur_changeCycle=0,to_view=162
info|2019-12-12 00:12:59.315084|[g:1][CONSENSUS]addRawPrepare,height=7,reqIdx=0,hash=5c3d37fa...
info|2019-12-12 00:12:59.322846|[g:1][CONSENSUS][PBFT]checkTimeout Succ,view=162,toView=163,nodeIdx=2,changeCycle=0,myNode=b2143d17...,timecost=3.872
info|2019-12-12 00:12:59.331161|[g:1][CONSENSUS][PBFT]checkAndChangeView: Reach consensus,org_view=162,org_changeCycle=0,cur_changeCycle=0,to_view=163
info|2019-12-12 00:13:00.472849|[g:1][CONSENSUS]addRawPrepare,height=7,reqIdx=1,hash=d4030f90...
info|2019-12-12 00:13:00.476333|[g:1][CONSENSUS][PBFT]checkTimeout Succ,view=163,toView=164,nodeIdx=2,changeCycle=0,myNode=b2143d17...,timecost=0.927
info|2019-12-12 00:13:00.495303|[g:1][CONSENSUS][PBFT]checkAndChangeView: Reach consensus,org_view=163,org_changeCycle=0,cur_changeCycle=0,to_view=164
info|2019-12-12 00:13:01.511621|[g:1][CONSENSUS][SEALER]++++++++++++++++ Generating seal on,blkNum=7,tx=0,nodeIdx=2,hash=2f4ec7e6...
info|2019-12-12 00:13:01.563471|[g:1][CONSENSUS][PBFT]checkTimeout Succ,view=164,toView=165,nodeIdx=2,changeCycle=0,myNode=b2143d17...,timecost=0.667
info|2019-12-12 00:13:01.599702|[g:1][CONSENSUS][PBFT]checkAndChangeView: Reach consensus,org_view=164,org_changeCycle=0,cur_changeCycle=0,to_view=165
info|2019-12-12 00:13:02.657031|[g:1][CONSENSUS]addRawPrepare,height=7,reqIdx=3,hash=24a3d5ae...
info|2019-12-12 00:13:02.660239|[g:1][CONSENSUS][PBFT]checkTimeout Succ,view=165,toView=166,nodeIdx=2,changeCycle=0,myNode=b2143d17...,timecost=0.787
info|2019-12-12 00:13:02.669463|[g:1][CONSENSUS][PBFT]checkAndChangeView: Reach consensus,org_view=165,org_changeCycle=0,cur_changeCycle=0,to_view=166
info|2019-12-12 00:13:03.731490|[g:1][CONSENSUS]addRawPrepare,height=7,reqIdx=0,hash=fcd615db...
info|2019-12-12 00:13:03.735587|[g:1][CONSENSUS][PBFT]checkTimeout Succ,view=166,toView=167,nodeIdx=2,changeCycle=0,myNode=b2143d17...,timecost=1.073
info|2019-12-12 00:13:03.771281|[g:1][CONSENSUS][PBFT]checkAndChangeView: Reach consensus,org_view=166,org_changeCycle=0,cur_changeCycle=0,to_view=167
info|2019-12-12 00:13:04.806492|[g:1][CONSENSUS]addRawPrepare,height=7,reqIdx=1,hash=f70565ce...
info|2019-12-12 00:13:04.810643|[g:1][CONSENSUS][PBFT]checkTimeout Succ,view=167,toView=168,nodeIdx=2,changeCycle=0,myNode=b2143d17...,timecost=1.021
info|2019-12-12 00:13:04.816504|[g:1][CONSENSUS][PBFT]checkAndChangeView: Reach consensus,org_view=167,org_changeCycle=0,cur_changeCycle=0,to_view=168
info|2019-12-12 00:13:05.830851|[g:1][CONSENSUS][SEALER]++++++++++++++++ Generating seal on,blkNum=7,tx=0,nodeIdx=2,hash=b26a0d24...
info|2019-12-12 00:13:05.884022|[g:1][CONSENSUS][PBFT]checkTimeout Succ,view=168,toView=169,nodeIdx=2,changeCycle=0,myNode=b2143d17...,timecost=4.825
info|2019-12-12 00:13:05.932361|[g:1][CONSENSUS][PBFT]checkAndChangeView: Reach consensus,org_view=168,org_changeCycle=0,cur_changeCycle=0,to_view=169
info|2019-12-12 00:13:06.929182|[P2P][Service] heartBeat,connected count=3
info|2019-12-12 00:13:06.973630|[g:1][CONSENSUS]addRawPrepare,height=7,reqIdx=3,hash=9202229a...
info|2019-12-12 00:13:06.981633|[g:1][CONSENSUS][PBFT]checkTimeout Succ,view=169,toView=170,nodeIdx=2,changeCycle=0,myNode=b2143d17...,timecost=5.053
info|2019-12-12 00:13:06.987425|[g:1][CONSENSUS][PBFT]checkAndChangeView: Reach consensus,org_view=169,org_changeCycle=0,cur_changeCycle=0,to_view=170
info|2019-12-12 00:13:08.085485|[g:1][CONSENSUS]addRawPrepare,height=7,reqIdx=0,hash=f0001b9e...
info|2019-12-12 00:13:08.086673|[g:1][CONSENSUS][PBFT]checkTimeout Succ,view=170,toView=171,nodeIdx=2,changeCycle=0,myNode=b2143d17...,timecost=0.795
info|2019-12-12 00:13:08.090627|[g:1][CONSENSUS][PBFT]checkAndChangeView: Reach consensus,org_view=170,org_changeCycle=0,cur_changeCycle=0,to_view=171
info|2019-12-12 00:13:09.258793|[g:1][CONSENSUS]addRawPrepare,height=7,reqIdx=1,hash=93fbc8ab...
info|2019-12-12 00:13:09.262359|[g:1][CONSENSUS][PBFT]checkTimeout Succ,view=171,toView=172,nodeIdx=2,changeCycle=0,myNode=b2143d17...,timecost=0.719
info|2019-12-12 00:13:09.279472|[g:1][CONSENSUS][PBFT]checkAndChangeView: Reach consensus,org_view=171,org_changeCycle=0,cur_changeCycle=0,to_view=172
info|2019-12-12 00:13:10.292617|[g:1][CONSENSUS][SEALER]++++++++++++++++ Generating seal on,blkNum=7,tx=0,nodeIdx=2,hash=4eb50aeb...
info|2019-12-12 00:13:10.415446|[g:1][CONSENSUS][PBFT]checkTimeout Succ,view=172,toView=173,nodeIdx=2,changeCycle=0,myNode=b2143d17...,timecost=1.802
info|2019-12-12 00:13:10.513081|[g:1][CONSENSUS][PBFT]checkAndChangeView: Reach consensus,org_view=172,org_changeCycle=0,cur_changeCycle=0,to_view=173
info|2019-12-12 00:13:11.627262|[g:1][CONSENSUS]addRawPrepare,height=7,reqIdx=3,hash=fa5d895e...
info|2019-12-12 00:13:11.628436|[g:1][CONSENSUS][PBFT]checkTimeout Succ,view=173,toView=174,nodeIdx=2,changeCycle=0,myNode=b2143d17...,timecost=0.796
info|2019-12-12 00:13:11.638261|[g:1][CONSENSUS][PBFT]checkAndChangeView: Reach consensus,org_view=173,org_changeCycle=0,cur_changeCycle=0,to_view=174
info|2019-12-12 00:13:12.680701|[g:1][CONSENSUS]addRawPrepare,height=7,reqIdx=0,hash=3a3f21ca...
info|2019-12-12 00:13:12.681746|[g:1][CONSENSUS][PBFT]checkTimeout Succ,view=174,toView=175,nodeIdx=2,changeCycle=0,myNode=b2143d17...,timecost=0.645
info|2019-12-12 00:13:12.689220|[g:1][CONSENSUS][PBFT]checkAndChangeView: Reach consensus,org_view=174,org_changeCycle=0,cur_changeCycle=0,to_view=175
info|2019-12-12 00:13:13.815520|[g:1][CONSENSUS]addRawPrepare,height=7,reqIdx=1,hash=68a8b0c7...
info|2019-12-12 00:13:13.825777|[g:1][CONSENSUS][PBFT]checkTimeout Succ,view=175,toView=176,nodeIdx=2,changeCycle=0,myNode=b2143d17...,timecost=6.756
info|2019-12-12 00:13:13.869330|[g:1][CONSENSUS][PBFT]checkAndChangeView: Reach consensus,org_view=175,org_changeCycle=0,cur_changeCycle=0,to_view=176
info|2019-12-12 00:13:14.883383|[g:1][CONSENSUS][SEALER]++++++++++++++++ Generating seal on,blkNum=7,tx=0,nodeIdx=2,hash=d11dc4fc...
info|2019-12-12 00:13:14.928879|[g:1][CONSENSUS][PBFT]checkTimeout Succ,view=176,toView=177,nodeIdx=2,changeCycle=0,myNode=b2143d17...,timecost=1.569
info|2019-12-12 00:13:14.961152|[g:1][CONSENSUS][PBFT]checkAndChangeView: Reach consensus,org_view=176,org_changeCycle=0,cur_changeCycle=0,to_view=177
info|2019-12-12 00:13:16.079492|[g:1][CONSENSUS]addRawPrepare,height=7,reqIdx=3,hash=480c087f...
info|2019-12-12 00:13:16.092467|[g:1][CONSENSUS][PBFT]checkTimeout Succ,view=177,toView=178,nodeIdx=2,changeCycle=0,myNode=b2143d17...,timecost=7.582
info|2019-12-12 00:13:16.110525|[g:1][CONSENSUS][PBFT]checkAndChangeView: Reach consensus,org_view=177,org_changeCycle=0,cur_changeCycle=0,to_view=178
info|2019-12-12 00:13:16.929872|[P2P][Service] heartBeat,connected count=3
info|2019-12-12 00:13:17.120600|[g:1][CONSENSUS]addRawPrepare,height=7,reqIdx=0,hash=0ea35759...
info|2019-12-12 00:13:17.121610|[g:1][CONSENSUS][PBFT]checkTimeout Succ,view=178,toView=179,nodeIdx=2,changeCycle=0,myNode=b2143d17...,timecost=0.633
info|2019-12-12 00:13:17.137473|[g:1][CONSENSUS][PBFT]checkAndChangeView: Reach consensus,org_view=178,org_changeCycle=0,cur_changeCycle=0,to_view=179
info|2019-12-12 00:13:18.211832|[g:1][CONSENSUS]addRawPrepare,height=7,reqIdx=1,hash=a788ef59...
info|2019-12-12 00:13:18.215083|[g:1][CONSENSUS][PBFT]checkTimeout Succ,view=179,toView=180,nodeIdx=2,changeCycle=0,myNode=b2143d17...,timecost=2.665
info|2019-12-12 00:13:18.245340|[g:1][CONSENSUS][PBFT]checkAndChangeView: Reach consensus,org_view=179,org_changeCycle=0,cur_changeCycle=0,to_view=180
info|2019-12-12 00:13:19.279941|[g:1][CONSENSUS][SEALER]++++++++++++++++ Generating seal on,blkNum=7,tx=0,nodeIdx=2,hash=a1fc766a...
info|2019-12-12 00:13:19.399146|[g:1][CONSENSUS][PBFT]checkTimeout Succ,view=180,toView=181,nodeIdx=2,changeCycle=0,myNode=b2143d17...,timecost=3.206
info|2019-12-12 00:13:19.485133|[g:1][CONSENSUS][PBFT]checkAndChangeView: Reach consensus,org_view=180,org_changeCycle=0,cur_changeCycle=0,to_view=181
info|2019-12-12 00:13:20.581572|[g:1][CONSENSUS]addRawPrepare,height=7,reqIdx=3,hash=e7de0aac...
info|2019-12-12 00:13:20.582861|[g:1][CONSENSUS][PBFT]checkTimeout Succ,view=181,toView=182,nodeIdx=2,changeCycle=0,myNode=b2143d17...,timecost=0.776
info|2019-12-12 00:13:20.593085|[g:1][CONSENSUS][PBFT]checkAndChangeView: Reach consensus,org_view=181,org_changeCycle=0,cur_changeCycle=0,to_view=182
info|2019-12-12 00:13:21.733457|[g:1][CONSENSUS]addRawPrepare,height=7,reqIdx=0,hash=9874fda0...
info|2019-12-12 00:13:21.744064|[g:1][CONSENSUS][PBFT]checkTimeout Succ,view=182,toView=183,nodeIdx=2,changeCycle=0,myNode=b2143d17...,timecost=0.696
info|2019-12-12 00:13:21.753430|[g:1][CONSENSUS][PBFT]checkAndChangeView: Reach consensus,org_view=182,org_changeCycle=0,cur_changeCycle=0,to_view=183
info|2019-12-12 00:13:22.794357|[g:1][CONSENSUS]addRawPrepare,height=7,reqIdx=1,hash=1bc5a9cf...
info|2019-12-12 00:13:22.795345|[g:1][CONSENSUS][PBFT]checkTimeout Succ,view=183,toView=184,nodeIdx=2,changeCycle=0,myNode=b2143d17...,timecost=0.623
info|2019-12-12 00:13:22.801161|[g:1][CONSENSUS][PBFT]checkAndChangeView: Reach consensus,org_view=183,org_changeCycle=0,cur_changeCycle=0,to_view=184
info|2019-12-12 00:13:23.814795|[g:1][CONSENSUS][SEALER]++++++++++++++++ Generating seal on,blkNum=7,tx=0,nodeIdx=2,hash=9096e854...
info|2019-12-12 00:13:23.862983|[g:1][CONSENSUS][PBFT]checkTimeout Succ,view=184,toView=185,nodeIdx=2,changeCycle=0,myNode=b2143d17...,timecost=1.057
info|2019-12-12 00:13:23.896983|[g:1][CONSENSUS][PBFT]checkAndChangeView: Reach consensus,org_view=184,org_changeCycle=0,cur_changeCycle=0,to_view=185
info|2019-12-12 00:13:24.949321|[g:1][CONSENSUS]addRawPrepare,height=7,reqIdx=3,hash=1f205bed...
info|2019-12-12 00:13:24.951642|[g:1][CONSENSUS][PBFT]checkTimeout Succ,view=185,toView=186,nodeIdx=2,changeCycle=0,myNode=b2143d17...,timecost=0.756
info|2019-12-12 00:13:24.960810|[g:1][CONSENSUS][PBFT]checkAndChangeView: Reach consensus,org_view=185,org_changeCycle=0,cur_changeCycle=0,to_view=186
info|2019-12-12 00:13:26.038464|[g:1][CONSENSUS]addRawPrepare,height=7,reqIdx=0,hash=33d5b49c...
info|2019-12-12 00:13:26.040164|[g:1][CONSENSUS][PBFT]checkTimeout Succ,view=186,toView=187,nodeIdx=2,changeCycle=0,myNode=b2143d17...,timecost=1.115
info|2019-12-12 00:13:26.048105|[g:1][CONSENSUS][PBFT]checkAndChangeView: Reach consensus,org_view=186,org_changeCycle=0,cur_changeCycle=0,to_view=187
info|2019-12-12 00:13:26.931765|[P2P][Service] heartBeat,connected count=3
info|2019-12-12 00:13:27.092485|[g:1][CONSENSUS]addRawPrepare,height=7,reqIdx=1,hash=edc5e34c...
info|2019-12-12 00:13:27.093822|[g:1][CONSENSUS][PBFT]checkTimeout Succ,view=187,toView=188,nodeIdx=2,changeCycle=0,myNode=b2143d17...,timecost=0.825
info|2019-12-12 00:13:27.103608|[g:1][CONSENSUS][PBFT]checkAndChangeView: Reach consensus,org_view=187,org_changeCycle=0,cur_changeCycle=0,to_view=188
info|2019-12-12 00:13:28.112264|[g:1][CONSENSUS][SEALER]++++++++++++++++ Generating seal on,blkNum=7,tx=0,nodeIdx=2,hash=0ba50805...
info|2019-12-12 00:13:28.134605|[g:1][CONSENSUS][PBFT]checkTimeout Succ,view=188,toView=189,nodeIdx=2,changeCycle=0,myNode=b2143d17...,timecost=1.465
info|2019-12-12 00:13:28.145211|[g:1][CONSENSUS][PBFT]checkAndChangeView: Reach consensus,org_view=188,org_changeCycle=0,cur_changeCycle=0,to_view=189
info|2019-12-12 00:13:29.222231|[g:1][CONSENSUS]addRawPrepare,height=7,reqIdx=3,hash=2ad96d69...
info|2019-12-12 00:13:29.227675|[g:1][CONSENSUS][PBFT]checkTimeout Succ,view=189,toView=190,nodeIdx=2,changeCycle=0,myNode=b2143d17...,timecost=1.621
info|2019-12-12 00:13:29.230889|[g:1][CONSENSUS][PBFT]checkAndChangeView: Reach consensus,org_view=189,org_changeCycle=0,cur_changeCycle=0,to_view=190
info|2019-12-12 00:13:30.408980|[g:1][CONSENSUS]addRawPrepare,height=7,reqIdx=0,hash=f21af483...
info|2019-12-12 00:13:30.414338|[g:1][CONSENSUS][PBFT]checkTimeout Succ,view=190,toView=191,nodeIdx=2,changeCycle=0,myNode=b2143d17...,timecost=0.705
info|2019-12-12 00:13:30.457586|[g:1][CONSENSUS][PBFT]checkAndChangeView: Reach consensus,org_view=190,org_changeCycle=0,cur_changeCycle=0,to_view=191
info|2019-12-12 00:13:31.526148|[g:1][CONSENSUS]addRawPrepare,height=7,reqIdx=1,hash=827db454...
info|2019-12-12 00:13:31.548481|[g:1][CONSENSUS][PBFT]checkTimeout Succ,view=191,toView=192,nodeIdx=2,changeCycle=0,myNode=b2143d17...,timecost=21.351
info|2019-12-12 00:13:31.569313|[g:1][CONSENSUS][PBFT]checkAndChangeView: Reach consensus,org_view=191,org_changeCycle=0,cur_changeCycle=0,to_view=192
info|2019-12-12 00:13:32.580671|[g:1][CONSENSUS][SEALER]++++++++++++++++ Generating seal on,blkNum=7,tx=0,nodeIdx=2,hash=3c4c17d4...
info|2019-12-12 00:13:32.622555|[g:1][CONSENSUS][PBFT]checkTimeout Succ,view=192,toView=193,nodeIdx=2,changeCycle=0,myNode=b2143d17...,timecost=1.771
info|2019-12-12 00:13:32.662019|[g:1][CONSENSUS][PBFT]checkAndChangeView: Reach consensus,org_view=192,org_changeCycle=0,cur_changeCycle=0,to_view=193
info|2019-12-12 00:13:33.799409|[g:1][CONSENSUS]addRawPrepare,height=7,reqIdx=3,hash=6c8637be...
info|2019-12-12 00:13:33.801319|[g:1][CONSENSUS][PBFT]checkTimeout Succ,view=193,toView=194,nodeIdx=2,changeCycle=0,myNode=b2143d17...,timecost=1.059
info|2019-12-12 00:13:33.805886|[g:1][CONSENSUS][PBFT]checkAndChangeView: Reach consensus,org_view=193,org_changeCycle=0,cur_changeCycle=0,to_view=194
info|2019-12-12 00:13:34.900100|[g:1][CONSENSUS]addRawPrepare,height=7,reqIdx=0,hash=e7dce77d...
info|2019-12-12 00:13:34.902692|[g:1][CONSENSUS][PBFT]checkTimeout Succ,view=194,toView=195,nodeIdx=2,changeCycle=0,myNode=b2143d17...,timecost=2.046
info|2019-12-12 00:13:34.915634|[g:1][CONSENSUS][PBFT]checkAndChangeView: Reach consensus,org_view=194,org_changeCycle=0,cur_changeCycle=0,to_view=195
info|2019-12-12 00:13:35.975224|[g:1][CONSENSUS]addRawPrepare,height=7,reqIdx=1,hash=746a9093...
info|2019-12-12 00:13:35.978761|[g:1][CONSENSUS][PBFT]checkTimeout Succ,view=195,toView=196,nodeIdx=2,changeCycle=0,myNode=b2143d17...,timecost=0.958
info|2019-12-12 00:13:35.994890|[g:1][CONSENSUS][PBFT]checkAndChangeView: Reach consensus,org_view=195,org_changeCycle=0,cur_changeCycle=0,to_view=196
info|2019-12-12 00:13:36.932489|[P2P][Service] heartBeat,connected count=3
info|2019-12-12 00:13:36.997926|[g:1][CONSENSUS][SEALER]++++++++++++++++ Generating seal on,blkNum=7,tx=0,nodeIdx=2,hash=840109de...
info|2019-12-12 00:13:37.013535|[g:1][CONSENSUS][PBFT]checkTimeout Succ,view=196,toView=197,nodeIdx=2,changeCycle=0,myNode=b2143d17...,timecost=1.623
info|2019-12-12 00:13:37.022041|[g:1][CONSENSUS][PBFT]checkAndChangeView: Reach consensus,org_view=196,org_changeCycle=0,cur_changeCycle=0,to_view=197
info|2019-12-12 00:13:38.081797|[g:1][CONSENSUS]addRawPrepare,height=7,reqIdx=3,hash=ae1122c6...
info|2019-12-12 00:13:38.082966|[g:1][CONSENSUS][PBFT]checkTimeout Succ,view=197,toView=198,nodeIdx=2,changeCycle=0,myNode=b2143d17...,timecost=0.703
info|2019-12-12 00:13:38.085390|[g:1][CONSENSUS][PBFT]checkAndChangeView: Reach consensus,org_view=197,org_changeCycle=0,cur_changeCycle=0,to_view=198
info|2019-12-12 00:13:39.265951|[g:1][CONSENSUS]addRawPrepare,height=7,reqIdx=0,hash=cd43fe9a...
info|2019-12-12 00:13:39.276728|[g:1][CONSENSUS][PBFT]checkTimeout Succ,view=198,toView=199,nodeIdx=2,changeCycle=0,myNode=b2143d17...,timecost=0.941
info|2019-12-12 00:13:39.293174|[g:1][CONSENSUS][PBFT]checkAndChangeView: Reach consensus,org_view=198,org_changeCycle=0,cur_changeCycle=0,to_view=199
info|2019-12-12 00:13:40.457742|[g:1][CONSENSUS]addRawPrepare,height=7,reqIdx=1,hash=c46f2ab1...
info|2019-12-12 00:13:40.469187|[g:1][CONSENSUS][PBFT]checkTimeout Succ,view=199,toView=200,nodeIdx=2,changeCycle=0,myNode=b2143d17...,timecost=2.429
info|2019-12-12 00:13:40.488049|[g:1][CONSENSUS][PBFT]checkAndChangeView: Reach consensus,org_view=199,org_changeCycle=0,cur_changeCycle=0,to_view=200
info|2019-12-12 00:13:41.499581|[g:1][CONSENSUS][SEALER]++++++++++++++++ Generating seal on,blkNum=7,tx=0,nodeIdx=2,hash=e13aa349...
info|2019-12-12 00:13:41.534696|[g:1][CONSENSUS][PBFT]checkTimeout Succ,view=200,toView=201,nodeIdx=2,changeCycle=0,myNode=b2143d17...,timecost=2.13
info|2019-12-12 00:13:41.567391|[g:1][CONSENSUS][PBFT]checkAndChangeView: Reach consensus,org_view=200,org_changeCycle=0,cur_changeCycle=0,to_view=201
info|2019-12-12 00:13:42.652518|[g:1][CONSENSUS]addRawPrepare,height=7,reqIdx=3,hash=3b48e871...
info|2019-12-12 00:13:42.658201|[g:1][CONSENSUS][PBFT]checkTimeout Succ,view=201,toView=202,nodeIdx=2,changeCycle=0,myNode=b2143d17...,timecost=2.73
info|2019-12-12 00:13:42.666701|[g:1][CONSENSUS][PBFT]checkAndChangeView: Reach consensus,org_view=201,org_changeCycle=0,cur_changeCycle=0,to_view=202
info|2019-12-12 00:13:43.708107|[g:1][CONSENSUS]addRawPrepare,height=7,reqIdx=0,hash=8d3b472f...
info|2019-12-12 00:13:43.709390|[g:1][CONSENSUS][PBFT]checkTimeout Succ,view=202,toView=203,nodeIdx=2,changeCycle=0,myNode=b2143d17...,timecost=0.865
info|2019-12-12 00:13:43.732051|[g:1][CONSENSUS][PBFT]checkAndChangeView: Reach consensus,org_view=202,org_changeCycle=0,cur_changeCycle=0,to_view=203
info|2019-12-12 00:13:44.811754|[g:1][CONSENSUS]addRawPrepare,height=7,reqIdx=1,hash=7bcd075b...
info|2019-12-12 00:13:44.827789|[g:1][CONSENSUS][PBFT]checkTimeout Succ,view=203,toView=204,nodeIdx=2,changeCycle=0,myNode=b2143d17...,timecost=1.595
info|2019-12-12 00:13:44.830163|[g:1][CONSENSUS][PBFT]checkAndChangeView: Reach consensus,org_view=203,org_changeCycle=0,cur_changeCycle=0,to_view=204
info|2019-12-12 00:13:45.857756|[g:1][CONSENSUS][SEALER]++++++++++++++++ Generating seal on,blkNum=7,tx=0,nodeIdx=2,hash=c5971bbb...
info|2019-12-12 00:13:45.990460|[g:1][CONSENSUS][PBFT]checkTimeout Succ,view=204,toView=205,nodeIdx=2,changeCycle=0,myNode=b2143d17...,timecost=6.936
info|2019-12-12 00:13:46.057664|[g:1][CONSENSUS][PBFT]checkAndChangeView: Reach consensus,org_view=204,org_changeCycle=0,cur_changeCycle=0,to_view=205
info|2019-12-12 00:13:46.940444|[P2P][Service] heartBeat,connected count=3
info|2019-12-12 00:13:47.115093|[g:1][CONSENSUS]addRawPrepare,height=7,reqIdx=3,hash=8a86e26a...
info|2019-12-12 00:13:47.116775|[g:1][CONSENSUS][PBFT]checkTimeout Succ,view=205,toView=206,nodeIdx=2,changeCycle=0,myNode=b2143d17...,timecost=0.395
info|2019-12-12 00:13:47.127203|[g:1][CONSENSUS][PBFT]checkAndChangeView: Reach consensus,org_view=205,org_changeCycle=0,cur_changeCycle=0,to_view=206
info|2019-12-12 00:13:48.293454|[g:1][CONSENSUS]addRawPrepare,height=7,reqIdx=0,hash=7cf5bb22...
info|2019-12-12 00:13:48.332045|[g:1][CONSENSUS][PBFT]checkTimeout Succ,view=206,toView=207,nodeIdx=2,changeCycle=0,myNode=b2143d17...,timecost=37.037
info|2019-12-12 00:13:48.347810|[g:1][CONSENSUS][PBFT]checkAndChangeView: Reach consensus,org_view=206,org_changeCycle=0,cur_changeCycle=0,to_view=207
info|2019-12-12 00:13:49.563553|[g:1][CONSENSUS]addRawPrepare,height=7,reqIdx=1,hash=830e3cff...
info|2019-12-12 00:13:49.567853|[g:1][CONSENSUS][PBFT]checkTimeout Succ,view=207,toView=208,nodeIdx=2,changeCycle=0,myNode=b2143d17...,timecost=3.927
info|2019-12-12 00:13:49.580192|[g:1][CONSENSUS][PBFT]checkAndChangeView: Reach consensus,org_view=207,org_changeCycle=0,cur_changeCycle=0,to_view=208
info|2019-12-12 00:13:50.637492|[g:1][CONSENSUS][SEALER]++++++++++++++++ Generating seal on,blkNum=7,tx=0,nodeIdx=2,hash=7778be3c...
info|2019-12-12 00:13:50.891368|[g:1][CONSENSUS][PBFT]checkTimeout Succ,view=208,toView=209,nodeIdx=2,changeCycle=0,myNode=b2143d17...,timecost=13.927
info|2019-12-12 00:13:50.985971|[g:1][CONSENSUS][PBFT]checkAndChangeView: Reach consensus,org_view=208,org_changeCycle=0,cur_changeCycle=0,to_view=209
info|2019-12-12 00:13:52.134658|[g:1][CONSENSUS]addRawPrepare,height=7,reqIdx=3,hash=932089a0...
info|2019-12-12 00:13:52.142317|[g:1][CONSENSUS][PBFT]checkTimeout Succ,view=209,toView=210,nodeIdx=2,changeCycle=0,myNode=b2143d17...,timecost=1.043
info|2019-12-12 00:13:52.158700|[g:1][CONSENSUS][PBFT]checkAndChangeView: Reach consensus,org_view=209,org_changeCycle=0,cur_changeCycle=0,to_view=210
info|2019-12-12 00:13:53.296924|[g:1][CONSENSUS]addRawPrepare,height=7,reqIdx=0,hash=3e0252d5...
info|2019-12-12 00:13:53.308387|[g:1][CONSENSUS][PBFT]checkTimeout Succ,view=210,toView=211,nodeIdx=2,changeCycle=0,myNode=b2143d17...,timecost=0.889
info|2019-12-12 00:13:53.315905|[g:1][CONSENSUS][PBFT]checkAndChangeView: Reach consensus,org_view=210,org_changeCycle=0,cur_changeCycle=0,to_view=211
info|2019-12-12 00:13:54.388038|[g:1][CONSENSUS]addRawPrepare,height=7,reqIdx=1,hash=4e991e83...
info|2019-12-12 00:13:54.392964|[g:1][CONSENSUS][PBFT]checkTimeout Succ,view=211,toView=212,nodeIdx=2,changeCycle=0,myNode=b2143d17...,timecost=0.544
info|2019-12-12 00:13:54.403247|[g:1][CONSENSUS][PBFT]checkAndChangeView: Reach consensus,org_view=211,org_changeCycle=0,cur_changeCycle=0,to_view=212
info|2019-12-12 00:13:55.409396|[g:1][CONSENSUS][SEALER]++++++++++++++++ Generating seal on,blkNum=7,tx=0,nodeIdx=2,hash=42843c75...
info|2019-12-12 00:13:55.478041|[g:1][CONSENSUS][PBFT]checkTimeout Succ,view=212,toView=213,nodeIdx=2,changeCycle=0,myNode=b2143d17...,timecost=5.348
info|2019-12-12 00:13:55.534771|[g:1][CONSENSUS][PBFT]checkAndChangeView: Reach consensus,org_view=212,org_changeCycle=0,cur_changeCycle=0,to_view=213
info|2019-12-12 00:13:56.603868|[g:1][CONSENSUS]addRawPrepare,height=7,reqIdx=3,hash=50508ae1...
info|2019-12-12 00:13:56.606984|[g:1][CONSENSUS][PBFT]checkTimeout Succ,view=213,toView=214,nodeIdx=2,changeCycle=0,myNode=b2143d17...,timecost=1.212
info|2019-12-12 00:13:56.631618|[g:1][CONSENSUS][PBFT]checkAndChangeView: Reach consensus,org_view=213,org_changeCycle=0,cur_changeCycle=0,to_view=214
info|2019-12-12 00:13:57.016028|[P2P][Service] heartBeat,connected count=3
info|2019-12-12 00:13:57.715333|[g:1][CONSENSUS]addRawPrepare,height=7,reqIdx=0,hash=7d1c7e15...
info|2019-12-12 00:13:57.716159|[g:1][CONSENSUS][PBFT]checkTimeout Succ,view=214,toView=215,nodeIdx=2,changeCycle=0,myNode=b2143d17...,timecost=0.473
info|2019-12-12 00:13:57.725753|[g:1][CONSENSUS][PBFT]checkAndChangeView: Reach consensus,org_view=214,org_changeCycle=0,cur_changeCycle=0,to_view=215
info|2019-12-12 00:13:58.739754|[g:1][CONSENSUS]addRawPrepare,height=7,reqIdx=1,hash=662a5559...
info|2019-12-12 00:13:58.743577|[g:1][CONSENSUS][PBFT]checkTimeout Succ,view=215,toView=216,nodeIdx=2,changeCycle=0,myNode=b2143d17...,timecost=3.492
info|2019-12-12 00:13:58.747000|[g:1][CONSENSUS][PBFT]checkAndChangeView: Reach consensus,org_view=215,org_changeCycle=0,cur_changeCycle=0,to_view=216
info|2019-12-12 00:13:59.753290|[g:1][CONSENSUS][SEALER]++++++++++++++++ Generating seal on,blkNum=7,tx=0,nodeIdx=2,hash=c7b26d5c...
info|2019-12-12 00:13:59.802545|[g:1][CONSENSUS][PBFT]checkTimeout Succ,view=216,toView=217,nodeIdx=2,changeCycle=0,myNode=b2143d17...,timecost=3.148
info|2019-12-12 00:13:59.834929|[g:1][CONSENSUS][PBFT]checkAndChangeView: Reach consensus,org_view=216,org_changeCycle=0,cur_changeCycle=0,to_view=217
info|2019-12-12 00:14:00.891201|[g:1][CONSENSUS]addRawPrepare,height=7,reqIdx=3,hash=bae807b1...
info|2019-12-12 00:14:00.892367|[g:1][CONSENSUS][PBFT]checkTimeout Succ,view=217,toView=218,nodeIdx=2,changeCycle=0,myNode=b2143d17...,timecost=0.83
info|2019-12-12 00:14:00.893670|[g:1][CONSENSUS][PBFT]checkAndChangeView: Reach consensus,org_view=217,org_changeCycle=0,cur_changeCycle=0,to_view=218
info|2019-12-12 00:14:01.967009|[g:1][CONSENSUS]addRawPrepare,height=7,reqIdx=0,hash=d261c1aa...
info|2019-12-12 00:14:01.978609|[g:1][CONSENSUS][PBFT]checkTimeout Succ,view=218,toView=219,nodeIdx=2,changeCycle=0,myNode=b2143d17...,timecost=1.186
info|2019-12-12 00:14:01.988442|[g:1][CONSENSUS][PBFT]checkAndChangeView: Reach consensus,org_view=218,org_changeCycle=0,cur_changeCycle=0,to_view=219
info|2019-12-12 00:14:03.097167|[g:1][CONSENSUS]addRawPrepare,height=7,reqIdx=1,hash=6eb83321...
info|2019-12-12 00:14:03.106130|[g:1][CONSENSUS][PBFT]checkTimeout Succ,view=219,toView=220,nodeIdx=2,changeCycle=0,myNode=b2143d17...,timecost=1.477
info|2019-12-12 00:14:03.134728|[g:1][CONSENSUS][PBFT]checkAndChangeView: Reach consensus,org_view=219,org_changeCycle=0,cur_changeCycle=0,to_view=220
info|2019-12-12 00:14:04.169907|[g:1][CONSENSUS][SEALER]++++++++++++++++ Generating seal on,blkNum=7,tx=0,nodeIdx=2,hash=9c36c1b5...
info|2019-12-12 00:14:04.197968|[g:1][CONSENSUS][PBFT]checkTimeout Succ,view=220,toView=221,nodeIdx=2,changeCycle=0,myNode=b2143d17...,timecost=3.025
info|2019-12-12 00:14:04.231640|[g:1][CONSENSUS][PBFT]checkAndChangeView: Reach consensus,org_view=220,org_changeCycle=0,cur_changeCycle=0,to_view=221
info|2019-12-12 00:14:05.456547|[g:1][CONSENSUS]addRawPrepare,height=7,reqIdx=3,hash=8da042cb...
info|2019-12-12 00:14:05.473511|[g:1][CONSENSUS][PBFT]checkTimeout Succ,view=221,toView=222,nodeIdx=2,changeCycle=0,myNode=b2143d17...,timecost=1.438
info|2019-12-12 00:14:05.492480|[g:1][CONSENSUS][PBFT]checkAndChangeView: Reach consensus,org_view=221,org_changeCycle=0,cur_changeCycle=0,to_view=222
info|2019-12-12 00:14:06.605292|[g:1][CONSENSUS]addRawPrepare,height=7,reqIdx=0,hash=1a2cb9c7...
info|2019-12-12 00:14:06.606741|[g:1][CONSENSUS][PBFT]checkTimeout Succ,view=222,toView=223,nodeIdx=2,changeCycle=0,myNode=b2143d17...,timecost=0.982
info|2019-12-12 00:14:06.614807|[g:1][CONSENSUS][PBFT]checkAndChangeView: Reach consensus,org_view=222,org_changeCycle=0,cur_changeCycle=0,to_view=223
info|2019-12-12 00:14:07.101346|[P2P][Service] heartBeat,connected count=3
info|2019-12-12 00:14:07.741370|[g:1][CONSENSUS]addRawPrepare,height=7,reqIdx=1,hash=30b1c34c...
info|2019-12-12 00:14:07.742707|[g:1][CONSENSUS][PBFT]checkTimeout Succ,view=223,toView=224,nodeIdx=2,changeCycle=0,myNode=b2143d17...,timecost=0.898
info|2019-12-12 00:14:07.757218|[g:1][CONSENSUS][PBFT]checkAndChangeView: Reach consensus,org_view=223,org_changeCycle=0,cur_changeCycle=0,to_view=224
info|2019-12-12 00:14:08.787360|[g:1][CONSENSUS][SEALER]++++++++++++++++ Generating seal on,blkNum=7,tx=0,nodeIdx=2,hash=e2275856...
info|2019-12-12 00:14:08.883079|[g:1][CONSENSUS][PBFT]checkTimeout Succ,view=224,toView=225,nodeIdx=2,changeCycle=0,myNode=b2143d17...,timecost=4.008
info|2019-12-12 00:14:08.890542|[g:1][CONSENSUS][PBFT]checkAndChangeView: Reach consensus,org_view=224,org_changeCycle=0,cur_changeCycle=0,to_view=225
info|2019-12-12 00:14:10.011380|[g:1][CONSENSUS]addRawPrepare,height=7,reqIdx=3,hash=3d7e5b7e...
info|2019-12-12 00:14:10.017084|[g:1][CONSENSUS][PBFT]checkTimeout Succ,view=225,toView=226,nodeIdx=2,changeCycle=0,myNode=b2143d17...,timecost=0.84
info|2019-12-12 00:14:10.040109|[g:1][CONSENSUS][PBFT]checkAndChangeView: Reach consensus,org_view=225,org_changeCycle=0,cur_changeCycle=0,to_view=226
info|2019-12-12 00:14:11.131898|[g:1][CONSENSUS]addRawPrepare,height=7,reqIdx=0,hash=f59bc4aa...
info|2019-12-12 00:14:11.136487|[g:1][CONSENSUS][PBFT]checkTimeout Succ,view=226,toView=227,nodeIdx=2,changeCycle=0,myNode=b2143d17...,timecost=2.441
info|2019-12-12 00:14:11.143532|[g:1][CONSENSUS][PBFT]checkAndChangeView: Reach consensus,org_view=226,org_changeCycle=0,cur_changeCycle=0,to_view=227
info|2019-12-12 00:14:12.320437|[g:1][CONSENSUS]addRawPrepare,height=7,reqIdx=1,hash=f43f75b2...
info|2019-12-12 00:14:12.345564|[g:1][CONSENSUS][PBFT]checkTimeout Succ,view=227,toView=228,nodeIdx=2,changeCycle=0,myNode=b2143d17...,timecost=6.533
info|2019-12-12 00:14:12.405223|[g:1][CONSENSUS][PBFT]checkAndChangeView: Reach consensus,org_view=227,org_changeCycle=0,cur_changeCycle=0,to_view=228
info|2019-12-12 00:14:13.422816|[g:1][CONSENSUS][SEALER]++++++++++++++++ Generating seal on,blkNum=7,tx=0,nodeIdx=2,hash=f5f6d2a1...
info|2019-12-12 00:14:13.522799|[g:1][CONSENSUS][PBFT]checkTimeout Succ,view=228,toView=229,nodeIdx=2,changeCycle=0,myNode=b2143d17...,timecost=58.239
info|2019-12-12 00:14:13.638973|[g:1][CONSENSUS][PBFT]checkAndChangeView: Reach consensus,org_view=228,org_changeCycle=0,cur_changeCycle=0,to_view=229
info|2019-12-12 00:14:14.727818|[g:1][CONSENSUS]addRawPrepare,height=7,reqIdx=3,hash=ca3df6ff...
info|2019-12-12 00:14:14.759082|[g:1][CONSENSUS][PBFT]checkTimeout Succ,view=229,toView=230,nodeIdx=2,changeCycle=0,myNode=b2143d17...,timecost=22.896
info|2019-12-12 00:14:14.763675|[g:1][CONSENSUS][PBFT]checkAndChangeView: Reach consensus,org_view=229,org_changeCycle=0,cur_changeCycle=0,to_view=230
info|2019-12-12 00:14:16.063005|[g:1][CONSENSUS]addRawPrepare,height=7,reqIdx=0,hash=9dd07711...
info|2019-12-12 00:14:16.131261|[g:1][CONSENSUS][PBFT]checkTimeout Succ,view=230,toView=231,nodeIdx=2,changeCycle=0,myNode=b2143d17...,timecost=37.014
info|2019-12-12 00:14:16.143801|[g:1][CONSENSUS][PBFT]checkAndChangeView: Reach consensus,org_view=230,org_changeCycle=0,cur_changeCycle=0,to_view=231
info|2019-12-12 00:14:17.127270|[P2P][Service] heartBeat,connected count=3
info|2019-12-12 00:14:18.607318|[g:1][CONSENSUS]addRawPrepare,height=7,reqIdx=1,hash=7fcb99ae...
info|2019-12-12 00:14:20.984642|[g:1][CONSENSUS][PBFT]checkTimeout Succ,view=231,toView=232,nodeIdx=2,changeCycle=0,myNode=b2143d17...,timecost=2079.46
warning|2019-12-12 00:14:22.471047|[g:1][CONSENSUS][PBFT]ViewChangeWarning: not caused by omit empty block ,v=231,toV=233,curNum=6,hash=f5ff27b2...,nodeIdx=2,myNode=b2143d17...
info|2019-12-12 00:14:22.871576|[g:1][CONSENSUS][PBFT]checkTimeout Succ,view=231,toView=233,nodeIdx=2,changeCycle=1,myNode=b2143d17...,timecost=841.729
info|2019-12-12 00:14:23.759858|[g:1][CONSENSUS][PBFT]checkAndChangeView, update m_changeCycle to 1
info|2019-12-12 00:14:23.780161|[g:1][CONSENSUS][PBFT]checkAndChangeView: Reach consensus,org_view=231,org_changeCycle=1,cur_changeCycle=1,to_view=233
info|2019-12-12 00:14:25.487204|[g:1][CONSENSUS]addRawPrepare,height=7,reqIdx=3,hash=b2eb9626...
info|2019-12-12 00:14:25.945464|[g:1][CONSENSUS][PBFT]checkTimeout Succ,view=233,toView=234,nodeIdx=2,changeCycle=0,myNode=b2143d17...,timecost=230.729
info|2019-12-12 00:14:26.332554|[g:1][CONSENSUS][PBFT]checkAndChangeView: Reach consensus,org_view=233,org_changeCycle=0,cur_changeCycle=0,to_view=234
info|2019-12-12 00:14:27.330867|[P2P][Service] heartBeat,connected count=3
info|2019-12-12 00:14:29.192281|[g:1][CONSENSUS]addRawPrepare,height=7,reqIdx=0,hash=c9e9ba50...
info|2019-12-12 00:14:29.891476|[g:1][CONSENSUS][PBFT]checkTimeout Succ,view=234,toView=235,nodeIdx=2,changeCycle=0,myNode=b2143d17...,timecost=347.779
info|2019-12-12 00:14:30.835569|[g:1][CONSENSUS][PBFT]checkAndChangeView: Reach consensus,org_view=234,org_changeCycle=0,cur_changeCycle=0,to_view=235
info|2019-12-12 00:14:32.589425|[g:1][CONSENSUS]addRawPrepare,height=7,reqIdx=1,hash=03157583...
info|2019-12-12 00:14:33.341127|[g:1][CONSENSUS][PBFT]checkTimeout Succ,view=235,toView=236,nodeIdx=2,changeCycle=0,myNode=b2143d17...,timecost=565.451
warning|2019-12-12 00:14:37.158893|[g:1][CONSENSUS][PBFT]ViewChangeWarning: not caused by omit empty block ,v=235,toV=237,curNum=6,hash=f5ff27b2...,nodeIdx=2,myNode=b2143d17...
info|2019-12-12 00:14:37.524339|[g:1][CONSENSUS][PBFT]checkTimeout Succ,view=235,toView=237,nodeIdx=2,changeCycle=1,myNode=b2143d17...,timecost=454.431
info|2019-12-12 00:14:37.897417|[P2P][Service] heartBeat,connected count=3
info|2019-12-12 00:14:38.486247|[g:1][CONSENSUS][PBFT]checkAndChangeView, update m_changeCycle to 1
info|2019-12-12 00:14:38.486427|[g:1][CONSENSUS][PBFT]checkAndChangeView: Reach consensus,org_view=235,org_changeCycle=1,cur_changeCycle=1,to_view=237
info|2019-12-12 00:14:41.963408|[g:1][CONSENSUS]addRawPrepare,height=7,reqIdx=3,hash=f558bfe8...
info|2019-12-12 00:14:42.291232|[g:1][CONSENSUS][PBFT]checkTimeout Succ,view=237,toView=238,nodeIdx=2,changeCycle=0,myNode=b2143d17...,timecost=496.383
info|2019-12-12 00:14:43.178016|[g:1][CONSENSUS][PBFT]checkAndChangeView: Reach consensus,org_view=237,org_changeCycle=0,cur_changeCycle=0,to_view=238
info|2019-12-12 00:14:47.836927|[g:1][CONSENSUS]addRawPrepare,height=7,reqIdx=0,hash=298c5db8...
info|2019-12-12 00:14:47.902328|[P2P][Service] heartBeat,connected count=3
info|2019-12-12 00:14:50.580198|[g:1][CONSENSUS][PBFT]checkTimeout Succ,view=238,toView=239,nodeIdx=2,changeCycle=0,myNode=b2143d17...,timecost=1248.6
info|2019-12-12 00:14:51.470022|[g:1][CONSENSUS][PBFT]checkAndChangeView: Reach consensus,org_view=238,org_changeCycle=0,cur_changeCycle=0,to_view=239
info|2019-12-12 00:14:53.801370|[g:1][CONSENSUS]addRawPrepare,height=7,reqIdx=1,hash=eaa3bfed...
info|2019-12-12 00:14:54.336257|[g:1][CONSENSUS][PBFT]checkTimeout Succ,view=239,toView=240,nodeIdx=2,changeCycle=0,myNode=b2143d17...,timecost=897.603
info|2019-12-12 00:14:55.144977|[g:1][CONSENSUS][PBFT]checkAndChangeView: Reach consensus,org_view=239,org_changeCycle=0,cur_changeCycle=0,to_view=240
info|2019-12-12 00:14:56.319422|[g:1][CONSENSUS][SEALER]++++++++++++++++ Generating seal on,blkNum=7,tx=0,nodeIdx=2,hash=7e75d100...
info|2019-12-12 00:14:57.944892|[P2P][Service] heartBeat,connected count=3
info|2019-12-12 00:14:58.148447|[g:1][CONSENSUS][PBFT]checkTimeout Succ,view=240,toView=241,nodeIdx=2,changeCycle=0,myNode=b2143d17...,timecost=163.588
info|2019-12-12 00:14:59.361061|[g:1][CONSENSUS][PBFT]checkAndChangeView: Reach consensus,org_view=240,org_changeCycle=0,cur_changeCycle=0,to_view=241
info|2019-12-12 00:15:01.769820|[g:1][CONSENSUS]addRawPrepare,height=7,reqIdx=3,hash=dd084496...
info|2019-12-12 00:15:01.957659|[g:1][CONSENSUS][PBFT]checkTimeout Succ,view=241,toView=242,nodeIdx=2,changeCycle=0,myNode=b2143d17...,timecost=82.703
info|2019-12-12 00:15:02.007592|[g:1][CONSENSUS][PBFT]checkAndChangeView: Reach consensus,org_view=241,org_changeCycle=0,cur_changeCycle=0,to_view=242
info|2019-12-12 00:15:03.071190|[g:1][CONSENSUS]addRawPrepare,height=7,reqIdx=0,hash=59c8d4ec...
info|2019-12-12 00:15:03.075196|[g:1][CONSENSUS][PBFT]checkTimeout Succ,view=242,toView=243,nodeIdx=2,changeCycle=0,myNode=b2143d17...,timecost=0.424
info|2019-12-12 00:15:03.111490|[g:1][CONSENSUS][PBFT]checkAndChangeView: Reach consensus,org_view=242,org_changeCycle=0,cur_changeCycle=0,to_view=243
info|2019-12-12 00:15:04.339584|[g:1][CONSENSUS]addRawPrepare,height=7,reqIdx=1,hash=4842dcd0...
info|2019-12-12 00:15:04.343072|[g:1][CONSENSUS][PBFT]checkTimeout Succ,view=243,toView=244,nodeIdx=2,changeCycle=0,myNode=b2143d17...,timecost=0.864
info|2019-12-12 00:15:04.363101|[g:1][CONSENSUS][PBFT]checkAndChangeView: Reach consensus,org_view=243,org_changeCycle=0,cur_changeCycle=0,to_view=244
info|2019-12-12 00:15:05.364727|[g:1][CONSENSUS][SEALER]++++++++++++++++ Generating seal on,blkNum=7,tx=0,nodeIdx=2,hash=75e6aeb0...
info|2019-12-12 00:15:05.365570|[g:1][CONSENSUS][PBFT]checkTimeout Succ,view=244,toView=245,nodeIdx=2,changeCycle=0,myNode=b2143d17...,timecost=0.366
info|2019-12-12 00:15:05.443762|[g:1][CONSENSUS][PBFT]checkAndChangeView: Reach consensus,org_view=244,org_changeCycle=0,cur_changeCycle=0,to_view=245
