info|2020-01-06 18:00:00.073633|[g:1][CONSENSUS][SEALER]++++++++++++++++ Generating seal on,blkNum=139,tx=0,nodeIdx=2,hash=9f2e7289...
info|2020-01-06 18:00:00.075340|[g:1][CONSENSUS][PBFT]checkTimeout Succ,view=752,toView=753,nodeIdx=2,changeCycle=0,myNode=b2143d17...,timecost=0.751
info|2020-01-06 18:00:00.083504|[g:1][CONSENSUS][PBFT]checkAndChangeView: Reach consensus,org_view=752,org_changeCycle=0,cur_changeCycle=0,to_view=753
info|2020-01-06 18:00:01.001999|[P2P][Service] heartBeat,connected count=3
info|2020-01-06 18:00:01.088650|[g:1][CONSENSUS]addRawPrepare,height=139,reqIdx=3,hash=a3ad0887...
info|2020-01-06 18:00:01.090534|[g:1][CONSENSUS][PBFT]checkTimeout Succ,view=753,toView=754,nodeIdx=2,changeCycle=0,myNode=b2143d17...,timecost=1.662
info|2020-01-06 18:00:01.094618|[g:1][CONSENSUS][PBFT]checkAndChangeView: Reach consensus,org_view=753,org_changeCycle=0,cur_changeCycle=0,to_view=754
info|2020-01-06 18:00:02.095427|[g:1][CONSENSUS]addRawPrepare,height=139,reqIdx=0,hash=330dd308...
info|2020-01-06 18:00:02.096223|[g:1][CONSENSUS][PBFT]checkTimeout Succ,view=754,toView=755,nodeIdx=2,changeCycle=0,myNode=b2143d17...,timecost=0.567
info|2020-01-06 18:00:02.100809|[g:1][CONSENSUS][PBFT]checkAndChangeView: Reach consensus,org_view=754,org_changeCycle=0,cur_changeCycle=0,to_view=755
info|2020-01-06 18:00:03.102327|[g:1][CONSENSUS]addRawPrepare,height=139,reqIdx=1,hash=f7945b2b...
info|2020-01-06 18:00:03.102631|[g:1][CONSENSUS][PBFT]checkTimeout Succ,view=755,toView=756,nodeIdx=2,changeCycle=0,myNode=b2143d17...,timecost=0.24
info|2020-01-06 18:00:03.103771|[g:1][CONSENSUS][PBFT]checkAndChangeView: Reach consensus,org_view=755,org_changeCycle=0,cur_changeCycle=0,to_view=756
info|2020-01-06 18:00:04.103249|[g:1][CONSENSUS][SEALER]++++++++++++++++ Generating seal on,blkNum=139,tx=0,nodeIdx=2,hash=8ff5d095...
info|2020-01-06 18:00:04.108047|[g:1][CONSENSUS][PBFT]checkTimeout Succ,view=756,toView=757,nodeIdx=2,changeCycle=0,myNode=b2143d17...,timecost=0.69
info|2020-01-06 18:00:04.109782|[g:1][CONSENSUS][PBFT]checkAndChangeView: Reach consensus,org_view=756,org_changeCycle=0,cur_changeCycle=0,to_view=757
info|2020-01-06 18:00:05.114688|[g:1][CONSENSUS]addRawPrepare,height=139,reqIdx=3,hash=d4a77dd9...
info|2020-01-06 18:00:05.115751|[g:1][CONSENSUS][PBFT]checkTimeout Succ,view=757,toView=758,nodeIdx=2,changeCycle=0,myNode=b2143d17...,timecost=0.905
info|2020-01-06 18:00:05.119038|[g:1][CONSENSUS][PBFT]checkAndChangeView: Reach consensus,org_view=757,org_changeCycle=0,cur_changeCycle=0,to_view=758
info|2020-01-06 18:00:06.119949|[g:1][CONSENSUS]addRawPrepare,height=139,reqIdx=0,hash=7644b8fb...
info|2020-01-06 18:00:06.120780|[g:1][CONSENSUS][PBFT]checkTimeout Succ,view=758,toView=759,nodeIdx=2,changeCycle=0,myNode=b2143d17...,timecost=0.401
info|2020-01-06 18:00:06.121908|[g:1][CONSENSUS][PBFT]checkAndChangeView: Reach consensus,org_view=758,org_changeCycle=0,cur_changeCycle=0,to_view=759
info|2020-01-06 18:00:07.124177|[g:1][CONSENSUS]addRawPrepare,height=139,reqIdx=1,hash=3a6c783e...
info|2020-01-06 18:00:07.125094|[g:1][CONSENSUS][PBFT]checkTimeout Succ,view=759,toView=760,nodeIdx=2,changeCycle=0,myNode=b2143d17...,timecost=0.762
info|2020-01-06 18:00:07.131282|[g:1][CONSENSUS][PBFT]checkAndChangeView: Reach consensus,org_view=759,org_changeCycle=0,cur_changeCycle=0,to_view=760
info|2020-01-06 18:00:08.132584|[g:1][CONSENSUS][SEALER]++++++++++++++++ Generating seal on,blkNum=139,tx=0,nodeIdx=2,hash=c92e1a28...
info|2020-01-06 18:00:08.133643|[g:1][CONSENSUS][PBFT]checkTimeout Succ,view=760,toView=761,nodeIdx=2,changeCycle=0,myNode=b2143d17...,timecost=0.354
info|2020-01-06 18:00:08.135731|[g:1][CONSENSUS][PBFT]checkAndChangeView: Reach consensus,org_view=760,org_changeCycle=0,cur_changeCycle=0,to_view=761
info|2020-01-06 18:00:09.141414|[g:1][CONSENSUS]addRawPrepare,height=139,reqIdx=3,hash=bc5df8c5...
info|2020-01-06 18:00:09.142703|[g:1][CONSENSUS][PBFT]checkTimeout Succ,view=761,toView=762,nodeIdx=2,changeCycle=0,myNode=b2143d17...,timecost=1.045
info|2020-01-06 18:00:09.147305|[g:1][CONSENSUS][PBFT]checkAndChangeView: Reach consensus,org_view=761,org_changeCycle=0,cur_changeCycle=0,to_view=762
info|2020-01-06 18:00:10.153871|[g:1][CONSENSUS]addRawPrepare,height=139,reqIdx=0,hash=5c19e8be...
info|2020-01-06 18:00:10.155065|[g:1][CONSENSUS][PBFT]checkTimeout Succ,view=762,toView=763,nodeIdx=2,changeCycle=0,myNode=b2143d17...,timecost=0.869
info|2020-01-06 18:00:10.156222|[g:1][CONSENSUS][PBFT]checkAndChangeView: Reach consensus,org_view=762,org_changeCycle=0,cur_changeCycle=0,to_view=763
info|2020-01-06 18:00:11.002683|[P2P][Service] heartBeat,connected count=3
info|2020-01-06 18:00:11.156617|[g:1][CONSENSUS]addRawPrepare,height=139,reqIdx=1,hash=cdbc90b5...
info|2020-01-06 18:00:11.158533|[g:1][CONSENSUS][PBFT]checkTimeout Succ,view=763,toView=764,nodeIdx=2,changeCycle=0,myNode=b2143d17...,timecost=1.396
info|2020-01-06 18:00:11.160806|[g:1][CONSENSUS][PBFT]checkAndChangeView: Reach consensus,org_view=763,org_changeCycle=0,cur_changeCycle=0,to_view=764
info|2020-01-06 18:00:12.161773|[g:1][CONSENSUS][SEALER]++++++++++++++++ Generating seal on,blkNum=139,tx=0,nodeIdx=2,hash=ad425173...
info|2020-01-06 18:00:12.168657|[g:1][CONSENSUS][PBFT]checkTimeout Succ,view=764,toView=765,nodeIdx=2,changeCycle=0,myNode=b2143d17...,timecost=1.369
info|2020-01-06 18:00:12.170215|[g:1][CONSENSUS][PBFT]checkAndChangeView: Reach consensus,org_view=764,org_changeCycle=0,cur_changeCycle=0,to_view=765
info|2020-01-06 18:00:13.174867|[g:1][CONSENSUS]addRawPrepare,height=139,reqIdx=3,hash=fdd44d1f...
info|2020-01-06 18:00:13.175313|[g:1][CONSENSUS][PBFT]checkTimeout Succ,view=765,toView=766,nodeIdx=2,changeCycle=0,myNode=b2143d17...,timecost=0.406
info|2020-01-06 18:00:13.176689|[g:1][CONSENSUS][PBFT]checkAndChangeView: Reach consensus,org_view=765,org_changeCycle=0,cur_changeCycle=0,to_view=766
info|2020-01-06 18:00:14.181016|[g:1][CONSENSUS]addRawPrepare,height=139,reqIdx=0,hash=4421168f...
info|2020-01-06 18:00:14.182504|[g:1][CONSENSUS][PBFT]checkTimeout Succ,view=766,toView=767,nodeIdx=2,changeCycle=0,myNode=b2143d17...,timecost=1.127
info|2020-01-06 18:00:14.186035|[g:1][CONSENSUS][PBFT]checkAndChangeView: Reach consensus,org_view=766,org_changeCycle=0,cur_changeCycle=0,to_view=767
info|2020-01-06 18:00:15.185311|[g:1][CONSENSUS]addRawPrepare,height=139,reqIdx=1,hash=7e10d159...
info|2020-01-06 18:00:15.186416|[g:1][CONSENSUS][PBFT]checkTimeout Succ,view=767,toView=768,nodeIdx=2,changeCycle=0,myNode=b2143d17...,timecost=0.808
info|2020-01-06 18:00:15.191685|[g:1][CONSENSUS][PBFT]checkAndChangeView: Reach consensus,org_view=767,org_changeCycle=0,cur_changeCycle=0,to_view=768
info|2020-01-06 18:00:16.191851|[g:1][CONSENSUS][SEALER]++++++++++++++++ Generating seal on,blkNum=139,tx=0,nodeIdx=2,hash=89c94137...
info|2020-01-06 18:00:16.193403|[g:1][CONSENSUS][PBFT]checkTimeout Succ,view=768,toView=769,nodeIdx=2,changeCycle=0,myNode=b2143d17...,timecost=0.786
info|2020-01-06 18:00:16.198554|[g:1][CONSENSUS][PBFT]checkAndChangeView: Reach consensus,org_view=768,org_changeCycle=0,cur_changeCycle=0,to_view=769
info|2020-01-06 18:00:17.208963|[g:1][CONSENSUS]addRawPrepare,height=139,reqIdx=3,hash=1bd70331...
info|2020-01-06 18:00:17.214470|[g:1][CONSENSUS][PBFT]checkTimeout Succ,view=769,toView=770,nodeIdx=2,changeCycle=0,myNode=b2143d17...,timecost=4.111
info|2020-01-06 18:00:17.217309|[g:1][CONSENSUS][PBFT]checkAndChangeView: Reach consensus,org_view=769,org_changeCycle=0,cur_changeCycle=0,to_view=770
info|2020-01-06 18:00:18.217482|[g:1][CONSENSUS]addRawPrepare,height=139,reqIdx=0,hash=6f91c676...
info|2020-01-06 18:00:18.219254|[g:1][CONSENSUS][PBFT]checkTimeout Succ,view=770,toView=771,nodeIdx=2,changeCycle=0,myNode=b2143d17...,timecost=1.405
info|2020-01-06 18:00:18.221171|[g:1][CONSENSUS][PBFT]checkAndChangeView: Reach consensus,org_view=770,org_changeCycle=0,cur_changeCycle=0,to_view=771
info|2020-01-06 18:00:19.223832|[g:1][CONSENSUS]addRawPrepare,height=139,reqIdx=1,hash=e9fcf766...
info|2020-01-06 18:00:19.228147|[g:1][CONSENSUS][PBFT]checkTimeout Succ,view=771,toView=772,nodeIdx=2,changeCycle=0,myNode=b2143d17...,timecost=2.412
info|2020-01-06 18:00:19.232045|[g:1][CONSENSUS][PBFT]checkAndChangeView: Reach consensus,org_view=771,org_changeCycle=0,cur_changeCycle=0,to_view=772
info|2020-01-06 18:00:20.233327|[g:1][CONSENSUS][SEALER]++++++++++++++++ Generating seal on,blkNum=139,tx=0,nodeIdx=2,hash=60112e37...
info|2020-01-06 18:00:20.236271|[g:1][CONSENSUS][PBFT]checkTimeout Succ,view=772,toView=773,nodeIdx=2,changeCycle=0,myNode=b2143d17...,timecost=0.306
info|2020-01-06 18:00:20.237214|[g:1][CONSENSUS][PBFT]checkAndChangeView: Reach consensus,org_view=772,org_changeCycle=0,cur_changeCycle=0,to_view=773
info|2020-01-06 18:00:21.003918|[P2P][Service] heartBeat,connected count=3
info|2020-01-06 18:00:21.238723|[g:1][CONSENSUS]addRawPrepare,height=139,reqIdx=3,hash=d5dc1f8a...
info|2020-01-06 18:00:21.239143|[g:1][CONSENSUS][PBFT]checkTimeout Succ,view=773,toView=774,nodeIdx=2,changeCycle=0,myNode=b2143d17...,timecost=0.323
info|2020-01-06 18:00:21.242313|[g:1][CONSENSUS][PBFT]checkAndChangeView: Reach consensus,org_view=773,org_changeCycle=0,cur_changeCycle=0,to_view=774
info|2020-01-06 18:00:22.246311|[g:1][CONSENSUS]addRawPrepare,height=139,reqIdx=0,hash=0b4082ba...
info|2020-01-06 18:00:22.247579|[g:1][CONSENSUS][PBFT]checkTimeout Succ,view=774,toView=775,nodeIdx=2,changeCycle=0,myNode=b2143d17...,timecost=0.988
info|2020-01-06 18:00:22.252484|[g:1][CONSENSUS][PBFT]checkAndChangeView: Reach consensus,org_view=774,org_changeCycle=0,cur_changeCycle=0,to_view=775
info|2020-01-06 18:00:23.253844|[g:1][CONSENSUS]addRawPrepare,height=139,reqIdx=1,hash=a1d93cfa...
info|2020-01-06 18:00:23.254215|[g:1][CONSENSUS][PBFT]checkTimeout Succ,view=775,toView=776,nodeIdx=2,changeCycle=0,myNode=b2143d17...,timecost=0.263
info|2020-01-06 18:00:23.257730|[g:1][CONSENSUS][PBFT]checkAndChangeView: Reach consensus,org_view=775,org_changeCycle=0,cur_changeCycle=0,to_view=776
info|2020-01-06 18:00:24.258256|[g:1][CONSENSUS][SEALER]++++++++++++++++ Generating seal on,blkNum=139,tx=0,nodeIdx=2,hash=30bdc756...
info|2020-01-06 18:00:24.261286|[g:1][CONSENSUS][PBFT]checkTimeout Succ,view=776,toView=777,nodeIdx=2,changeCycle=0,myNode=b2143d17...,timecost=1.713
info|2020-01-06 18:00:24.270524|[g:1][CONSENSUS][PBFT]checkAndChangeView: Reach consensus,org_view=776,org_changeCycle=0,cur_changeCycle=0,to_view=777
info|2020-01-06 18:00:25.273746|[g:1][CONSENSUS]addRawPrepare,height=139,reqIdx=3,hash=184f65e9...
info|2020-01-06 18:00:25.274870|[g:1][CONSENSUS][PBFT]checkTimeout Succ,view=777,toView=778,nodeIdx=2,changeCycle=0,myNode=b2143d17...,timecost=0.766
info|2020-01-06 18:00:25.275728|[g:1][CONSENSUS][PBFT]checkAndChangeView: Reach consensus,org_view=777,org_changeCycle=0,cur_changeCycle=0,to_view=778
info|2020-01-06 18:00:26.276611|[g:1][CONSENSUS]addRawPrepare,height=139,reqIdx=0,hash=70513f9b...
info|2020-01-06 18:00:26.277317|[g:1][CONSENSUS][PBFT]checkTimeout Succ,view=778,toView=779,nodeIdx=2,changeCycle=0,myNode=b2143d17...,timecost=0.426
info|2020-01-06 18:00:26.282547|[g:1][CONSENSUS][PBFT]checkAndChangeView: Reach consensus,org_view=778,org_changeCycle=0,cur_changeCycle=0,to_view=779
info|2020-01-06 18:00:27.282955|[g:1][CONSENSUS]addRawPrepare,height=139,reqIdx=1,hash=76a77589...
info|2020-01-06 18:00:27.283948|[g:1][CONSENSUS][PBFT]checkTimeout Succ,view=779,toView=780,nodeIdx=2,changeCycle=0,myNode=b2143d17...,timecost=0.795
info|2020-01-06 18:00:27.285595|[g:1][CONSENSUS][PBFT]checkAndChangeView: Reach consensus,org_view=779,org_changeCycle=0,cur_changeCycle=0,to_view=780
info|2020-01-06 18:00:28.285808|[g:1][CONSENSUS][SEALER]++++++++++++++++ Generating seal on,blkNum=139,tx=0,nodeIdx=2,hash=660631a0...
info|2020-01-06 18:00:28.286908|[g:1][CONSENSUS][PBFT]checkTimeout Succ,view=780,toView=781,nodeIdx=2,changeCycle=0,myNode=b2143d17...,timecost=0.634
info|2020-01-06 18:00:28.289545|[g:1][CONSENSUS][PBFT]checkAndChangeView: Reach consensus,org_view=780,org_changeCycle=0,cur_changeCycle=0,to_view=781
info|2020-01-06 18:00:29.292676|[g:1][CONSENSUS]addRawPrepare,height=139,reqIdx=3,hash=4786da50...
info|2020-01-06 18:00:29.296673|[g:1][CONSENSUS][PBFT]checkTimeout Succ,view=781,toView=782,nodeIdx=2,changeCycle=0,myNode=b2143d17...,timecost=3.748
info|2020-01-06 18:00:29.299998|[g:1][CONSENSUS][PBFT]checkAndChangeView: Reach consensus,org_view=781,org_changeCycle=0,cur_changeCycle=0,to_view=782
info|2020-01-06 18:00:30.300835|[g:1][CONSENSUS]addRawPrepare,height=139,reqIdx=0,hash=ba677f9f...
info|2020-01-06 18:00:30.303757|[g:1][CONSENSUS][PBFT]checkTimeout Succ,view=782,toView=783,nodeIdx=2,changeCycle=0,myNode=b2143d17...,timecost=1.792
info|2020-01-06 18:00:30.307155|[g:1][CONSENSUS][PBFT]checkAndChangeView: Reach consensus,org_view=782,org_changeCycle=0,cur_changeCycle=0,to_view=783
info|2020-01-06 18:00:31.004385|[P2P][Service] heartBeat,connected count=3
info|2020-01-06 18:00:31.306010|[g:1][CONSENSUS]addRawPrepare,height=139,reqIdx=1,hash=2b10070e...
info|2020-01-06 18:00:31.308355|[g:1][CONSENSUS][PBFT]checkTimeout Succ,view=783,toView=784,nodeIdx=2,changeCycle=0,myNode=b2143d17...,timecost=1.53
info|2020-01-06 18:00:31.310568|[g:1][CONSENSUS][PBFT]checkAndChangeView: Reach consensus,org_view=783,org_changeCycle=0,cur_changeCycle=0,to_view=784
info|2020-01-06 18:00:32.311158|[g:1][CONSENSUS][SEALER]++++++++++++++++ Generating seal on,blkNum=139,tx=0,nodeIdx=2,hash=5c28da54...
info|2020-01-06 18:00:32.312630|[g:1][CONSENSUS][PBFT]checkTimeout Succ,view=784,toView=785,nodeIdx=2,changeCycle=0,myNode=b2143d17...,timecost=0.441
info|2020-01-06 18:00:32.317175|[g:1][CONSENSUS][PBFT]checkAndChangeView: Reach consensus,org_view=784,org_changeCycle=0,cur_changeCycle=0,to_view=785
info|2020-01-06 18:00:33.318349|[g:1][CONSENSUS]addRawPrepare,height=139,reqIdx=3,hash=848251eb...
info|2020-01-06 18:00:33.320312|[g:1][CONSENSUS][PBFT]checkTimeout Succ,view=785,toView=786,nodeIdx=2,changeCycle=0,myNode=b2143d17...,timecost=0.889
info|2020-01-06 18:00:33.322659|[g:1][CONSENSUS][PBFT]checkAndChangeView: Reach consensus,org_view=785,org_changeCycle=0,cur_changeCycle=0,to_view=786
info|2020-01-06 18:00:34.324940|[g:1][CONSENSUS]addRawPrepare,height=139,reqIdx=0,hash=ff811cde...
info|2020-01-06 18:00:34.325686|[g:1][CONSENSUS][PBFT]checkTimeout Succ,view=786,toView=787,nodeIdx=2,changeCycle=0,myNode=b2143d17...,timecost=0.453
info|2020-01-06 18:00:34.327046|[g:1][CONSENSUS][PBFT]checkAndChangeView: Reach consensus,org_view=786,org_changeCycle=0,cur_changeCycle=0,to_view=787
info|2020-01-06 18:00:35.328849|[g:1][CONSENSUS]addRawPrepare,height=139,reqIdx=1,hash=d1784013...
info|2020-01-06 18:00:35.329381|[g:1][CONSENSUS][PBFT]checkTimeout Succ,view=787,toView=788,nodeIdx=2,changeCycle=0,myNode=b2143d17...,timecost=0.381
info|2020-01-06 18:00:35.331445|[g:1][CONSENSUS][PBFT]checkAndChangeView: Reach consensus,org_view=787,org_changeCycle=0,cur_changeCycle=0,to_view=788
info|2020-01-06 18:00:36.331615|[g:1][CONSENSUS][SEALER]++++++++++++++++ Generating seal on,blkNum=139,tx=0,nodeIdx=2,hash=fe32eb31...
info|2020-01-06 18:00:36.334739|[g:1][CONSENSUS][PBFT]checkTimeout Succ,view=788,toView=789,nodeIdx=2,changeCycle=0,myNode=b2143d17...,timecost=2.286
info|2020-01-06 18:00:36.341335|[g:1][CONSENSUS][PBFT]checkAndChangeView: Reach consensus,org_view=788,org_changeCycle=0,cur_changeCycle=0,to_view=789
info|2020-01-06 18:00:37.343589|[g:1][CONSENSUS]addRawPrepare,height=139,reqIdx=3,hash=f5ea905d...
info|2020-01-06 18:00:37.344542|[g:1][CONSENSUS][PBFT]checkTimeout Succ,view=789,toView=790,nodeIdx=2,changeCycle=0,myNode=b2143d17...,timecost=0.838
info|2020-01-06 18:00:37.345255|[g:1][CONSENSUS][PBFT]checkAndChangeView: Reach consensus,org_view=789,org_changeCycle=0,cur_changeCycle=0,to_view=790
info|2020-01-06 18:00:38.348686|[g:1][CONSENSUS]addRawPrepare,height=139,reqIdx=0,hash=fddd79da...
info|2020-01-06 18:00:38.350020|[g:1][CONSENSUS][PBFT]checkTimeout Succ,view=790,toView=791,nodeIdx=2,changeCycle=0,myNode=b2143d17...,timecost=1.201
info|2020-01-06 18:00:38.351403|[g:1][CONSENSUS][PBFT]checkAndChangeView: Reach consensus,org_view=790,org_changeCycle=0,cur_changeCycle=0,to_view=791
info|2020-01-06 18:00:39.351610|[g:1][CONSENSUS]addRawPrepare,height=139,reqIdx=1,hash=6fccc0e2...
info|2020-01-06 18:00:39.351926|[g:1][CONSENSUS][PBFT]checkTimeout Succ,view=791,toView=792,nodeIdx=2,changeCycle=0,myNode=b2143d17...,timecost=0.205
info|2020-01-06 18:00:39.353275|[g:1][CONSENSUS][PBFT]checkAndChangeView: Reach consensus,org_view=791,org_changeCycle=0,cur_changeCycle=0,to_view=792
info|2020-01-06 18:00:40.353932|[g:1][CONSENSUS][SEALER]++++++++++++++++ Generating seal on,blkNum=139,tx=0,nodeIdx=2,hash=f574a7bc...
info|2020-01-06 18:00:40.358110|[g:1][CONSENSUS][PBFT]checkTimeout Succ,view=792,toView=793,nodeIdx=2,changeCycle=0,myNode=b2143d17...,timecost=1.622
info|2020-01-06 18:00:40.359340|[g:1][CONSENSUS][PBFT]checkAndChangeView: Reach consensus,org_view=792,org_changeCycle=0,cur_changeCycle=0,to_view=793
info|2020-01-06 18:00:41.005320|[P2P][Service] heartBeat,connected count=3
info|2020-01-06 18:00:41.359319|[g:1][CONSENSUS]addRawPrepare,height=139,reqIdx=3,hash=2b75ea62...
info|2020-01-06 18:00:41.359745|[g:1][CONSENSUS][PBFT]checkTimeout Succ,view=793,toView=794,nodeIdx=2,changeCycle=0,myNode=b2143d17...,timecost=0.308
info|2020-01-06 18:00:41.362022|[g:1][CONSENSUS][PBFT]checkAndChangeView: Reach consensus,org_view=793,org_changeCycle=0,cur_changeCycle=0,to_view=794
info|2020-01-06 18:00:42.363725|[g:1][CONSENSUS]addRawPrepare,height=139,reqIdx=0,hash=7ebf3a35...
info|2020-01-06 18:00:42.364413|[g:1][CONSENSUS][PBFT]checkTimeout Succ,view=794,toView=795,nodeIdx=2,changeCycle=0,myNode=b2143d17...,timecost=0.472
info|2020-01-06 18:00:42.367197|[g:1][CONSENSUS][PBFT]checkAndChangeView: Reach consensus,org_view=794,org_changeCycle=0,cur_changeCycle=0,to_view=795
info|2020-01-06 18:00:43.370430|[g:1][CONSENSUS]addRawPrepare,height=139,reqIdx=1,hash=0a16f8c0...
info|2020-01-06 18:00:43.370701|[g:1][CONSENSUS][PBFT]checkTimeout Succ,view=795,toView=796,nodeIdx=2,changeCycle=0,myNode=b2143d17...,timecost=0.189
info|2020-01-06 18:00:43.373152|[g:1][CONSENSUS][PBFT]checkAndChangeView: Reach consensus,org_view=795,org_changeCycle=0,cur_changeCycle=0,to_view=796
info|2020-01-06 18:00:44.373690|[g:1][CONSENSUS][SEALER]++++++++++++++++ Generating seal on,blkNum=139,tx=0,nodeIdx=2,hash=bc8112ed...
info|2020-01-06 18:00:44.374846|[g:1][CONSENSUS][PBFT]checkTimeout Succ,view=796,toView=797,nodeIdx=2,changeCycle=0,myNode=b2143d17...,timecost=0.332
info|2020-01-06 18:00:44.376599|[g:1][CONSENSUS][PBFT]checkAndChangeView: Reach consensus,org_view=796,org_changeCycle=0,cur_changeCycle=0,to_view=797
info|2020-01-06 18:00:45.380548|[g:1][CONSENSUS]addRawPrepare,height=139,reqIdx=3,hash=1c3f73ed...
info|2020-01-06 18:00:45.381570|[g:1][CONSENSUS][PBFT]checkTimeout Succ,view=797,toView=798,nodeIdx=2,changeCycle=0,myNode=b2143d17...,timecost=0.687
info|2020-01-06 18:00:45.384680|[g:1][CONSENSUS][PBFT]checkAndChangeView: Reach consensus,org_view=797,org_changeCycle=0,cur_changeCycle=0,to_view=798
info|2020-01-06 18:00:46.389294|[g:1][CONSENSUS]addRawPrepare,height=139,reqIdx=0,hash=3d111de1...
info|2020-01-06 18:00:46.390667|[g:1][CONSENSUS][PBFT]checkTimeout Succ,view=798,toView=799,nodeIdx=2,changeCycle=0,myNode=b2143d17...,timecost=1.285
info|2020-01-06 18:00:46.393878|[g:1][CONSENSUS][PBFT]checkAndChangeView: Reach consensus,org_view=798,org_changeCycle=0,cur_changeCycle=0,to_view=799
info|2020-01-06 18:00:47.395057|[g:1][CONSENSUS]addRawPrepare,height=139,reqIdx=1,hash=44e8a858...
info|2020-01-06 18:00:47.396682|[g:1][CONSENSUS][PBFT]checkTimeout Succ,view=799,toView=800,nodeIdx=2,changeCycle=0,myNode=b2143d17...,timecost=1.125
info|2020-01-06 18:00:47.398705|[g:1][CONSENSUS][PBFT]checkAndChangeView: Reach consensus,org_view=799,org_changeCycle=0,cur_changeCycle=0,to_view=800
info|2020-01-06 18:00:48.398878|[g:1][CONSENSUS][SEALER]++++++++++++++++ Generating seal on,blkNum=139,tx=0,nodeIdx=2,hash=dce2cb32...
info|2020-01-06 18:00:48.401236|[g:1][CONSENSUS][PBFT]checkTimeout Succ,view=800,toView=801,nodeIdx=2,changeCycle=0,myNode=b2143d17...,timecost=0.322
info|2020-01-06 18:00:48.401743|[g:1][CONSENSUS][PBFT]checkAndChangeView: Reach consensus,org_view=800,org_changeCycle=0,cur_changeCycle=0,to_view=801
info|2020-01-06 18:00:49.404784|[g:1][CONSENSUS]addRawPrepare,height=139,reqIdx=3,hash=7aa5b0f2...
info|2020-01-06 18:00:49.407488|[g:1][CONSENSUS][PBFT]checkTimeout Succ,view=801,toView=802,nodeIdx=2,changeCycle=0,myNode=b2143d17...,timecost=2.33
info|2020-01-06 18:00:49.412121|[g:1][CONSENSUS][PBFT]checkAndChangeView: Reach consensus,org_view=801,org_changeCycle=0,cur_changeCycle=0,to_view=802
info|2020-01-06 18:00:50.414916|[g:1][CONSENSUS]addRawPrepare,height=139,reqIdx=0,hash=ace3c310...
info|2020-01-06 18:00:50.416614|[g:1][CONSENSUS][PBFT]checkTimeout Succ,view=802,toView=803,nodeIdx=2,changeCycle=0,myNode=b2143d17...,timecost=1.061
info|2020-01-06 18:00:50.418624|[g:1][CONSENSUS][PBFT]checkAndChangeView: Reach consensus,org_view=802,org_changeCycle=0,cur_changeCycle=0,to_view=803
info|2020-01-06 18:00:51.005915|[P2P][Service] heartBeat,connected count=3
info|2020-01-06 18:00:51.419692|[g:1][CONSENSUS]addRawPrepare,height=139,reqIdx=1,hash=ea8073ad...
info|2020-01-06 18:00:51.420470|[g:1][CONSENSUS][PBFT]checkTimeout Succ,view=803,toView=804,nodeIdx=2,changeCycle=0,myNode=b2143d17...,timecost=0.462
info|2020-01-06 18:00:51.421934|[g:1][CONSENSUS][PBFT]checkAndChangeView: Reach consensus,org_view=803,org_changeCycle=0,cur_changeCycle=0,to_view=804
info|2020-01-06 18:00:52.423358|[g:1][CONSENSUS][SEALER]++++++++++++++++ Generating seal on,blkNum=139,tx=0,nodeIdx=2,hash=36ac4d65...
info|2020-01-06 18:00:52.426886|[g:1][CONSENSUS][PBFT]checkTimeout Succ,view=804,toView=805,nodeIdx=2,changeCycle=0,myNode=b2143d17...,timecost=0.337
info|2020-01-06 18:00:52.427353|[g:1][CONSENSUS][PBFT]checkAndChangeView: Reach consensus,org_view=804,org_changeCycle=0,cur_changeCycle=0,to_view=805
info|2020-01-06 18:00:53.434965|[g:1][CONSENSUS]addRawPrepare,height=139,reqIdx=3,hash=dcb7de04...
info|2020-01-06 18:00:53.435571|[g:1][CONSENSUS][PBFT]checkTimeout Succ,view=805,toView=806,nodeIdx=2,changeCycle=0,myNode=b2143d17...,timecost=0.412
info|2020-01-06 18:00:53.438586|[g:1][CONSENSUS][PBFT]checkAndChangeView: Reach consensus,org_view=805,org_changeCycle=0,cur_changeCycle=0,to_view=806
info|2020-01-06 18:00:54.445541|[g:1][CONSENSUS]addRawPrepare,height=139,reqIdx=0,hash=a82226e6...
info|2020-01-06 18:00:54.446456|[g:1][CONSENSUS][PBFT]checkTimeout Succ,view=806,toView=807,nodeIdx=2,changeCycle=0,myNode=b2143d17...,timecost=0.665
info|2020-01-06 18:00:54.450781|[g:1][CONSENSUS][PBFT]checkAndChangeView: Reach consensus,org_view=806,org_changeCycle=0,cur_changeCycle=0,to_view=807
info|2020-01-06 18:00:55.451027|[g:1][CONSENSUS]addRawPrepare,height=139,reqIdx=1,hash=dfd9c0dd...
info|2020-01-06 18:00:55.451706|[g:1][CONSENSUS][PBFT]checkTimeout Succ,view=807,toView=808,nodeIdx=2,changeCycle=0,myNode=b2143d17...,timecost=0.544
info|2020-01-06 18:00:55.454449|[g:1][CONSENSUS][PBFT]checkAndChangeView: Reach consensus,org_view=807,org_changeCycle=0,cur_changeCycle=0,to_view=808
info|2020-01-06 18:00:56.456237|[g:1][CONSENSUS][SEALER]++++++++++++++++ Generating seal on,blkNum=139,tx=0,nodeIdx=2,hash=172fa8cc...
info|2020-01-06 18:00:56.461786|[g:1][CONSENSUS][PBFT]checkTimeout Succ,view=808,toView=809,nodeIdx=2,changeCycle=0,myNode=b2143d17...,timecost=0.888
info|2020-01-06 18:00:56.464798|[g:1][CONSENSUS][PBFT]checkAndChangeView: Reach consensus,org_view=808,org_changeCycle=0,cur_changeCycle=0,to_view=809
info|2020-01-06 18:00:57.469686|[g:1][CONSENSUS]addRawPrepare,height=139,reqIdx=3,hash=0d874d65...
info|2020-01-06 18:00:57.470690|[g:1][CONSENSUS][PBFT]checkTimeout Succ,view=809,toView=810,nodeIdx=2,changeCycle=0,myNode=b2143d17...,timecost=0.862
info|2020-01-06 18:00:57.474020|[g:1][CONSENSUS][PBFT]checkAndChangeView: Reach consensus,org_view=809,org_changeCycle=0,cur_changeCycle=0,to_view=810
info|2020-01-06 18:00:58.474153|[g:1][CONSENSUS]addRawPrepare,height=139,reqIdx=0,hash=5b072d19...
info|2020-01-06 18:00:58.474488|[g:1][CONSENSUS][PBFT]checkTimeout Succ,view=810,toView=811,nodeIdx=2,changeCycle=0,myNode=b2143d17...,timecost=0.237
info|2020-01-06 18:00:58.476333|[g:1][CONSENSUS][PBFT]checkAndChangeView: Reach consensus,org_view=810,org_changeCycle=0,cur_changeCycle=0,to_view=811
info|2020-01-06 18:00:59.481478|[g:1][CONSENSUS]addRawPrepare,height=139,reqIdx=1,hash=11f3b467...
info|2020-01-06 18:00:59.482172|[g:1][CONSENSUS][PBFT]checkTimeout Succ,view=811,toView=812,nodeIdx=2,changeCycle=0,myNode=b2143d17...,timecost=0.517
info|2020-01-06 18:00:59.485368|[g:1][CONSENSUS][PBFT]checkAndChangeView: Reach consensus,org_view=811,org_changeCycle=0,cur_changeCycle=0,to_view=812
info|2020-01-06 18:01:00.485734|[g:1][CONSENSUS][SEALER]++++++++++++++++ Generating seal on,blkNum=139,tx=0,nodeIdx=2,hash=29093cae...
info|2020-01-06 18:01:00.488359|[g:1][CONSENSUS][PBFT]checkTimeout Succ,view=812,toView=813,nodeIdx=2,changeCycle=0,myNode=b2143d17...,timecost=0.205
info|2020-01-06 18:01:00.488762|[g:1][CONSENSUS][PBFT]checkAndChangeView: Reach consensus,org_view=812,org_changeCycle=0,cur_changeCycle=0,to_view=813
info|2020-01-06 18:01:01.007150|[P2P][Service] heartBeat,connected count=3
info|2020-01-06 18:01:01.489860|[g:1][CONSENSUS]addRawPrepare,height=139,reqIdx=3,hash=14d9fac3...
info|2020-01-06 18:01:01.490910|[g:1][CONSENSUS][PBFT]checkTimeout Succ,view=813,toView=814,nodeIdx=2,changeCycle=0,myNode=b2143d17...,timecost=0.287
info|2020-01-06 18:01:01.493492|[g:1][CONSENSUS][PBFT]checkAndChangeView: Reach consensus,org_view=813,org_changeCycle=0,cur_changeCycle=0,to_view=814
info|2020-01-06 18:01:02.494982|[g:1][CONSENSUS]addRawPrepare,height=139,reqIdx=0,hash=8aa30acd...
info|2020-01-06 18:01:02.496343|[g:1][CONSENSUS][PBFT]checkTimeout Succ,view=814,toView=815,nodeIdx=2,changeCycle=0,myNode=b2143d17...,timecost=1.123
info|2020-01-06 18:01:02.497547|[g:1][CONSENSUS][PBFT]checkAndChangeView: Reach consensus,org_view=814,org_changeCycle=0,cur_changeCycle=0,to_view=815
info|2020-01-06 18:01:03.499152|[g:1][CONSENSUS]addRawPrepare,height=139,reqIdx=1,hash=2f288327...
info|2020-01-06 18:01:03.499628|[g:1][CONSENSUS][PBFT]checkTimeout Succ,view=815,toView=816,nodeIdx=2,changeCycle=0,myNode=b2143d17...,timecost=0.369
info|2020-01-06 18:01:03.501968|[g:1][CONSENSUS][PBFT]checkAndChangeView: Reach consensus,org_view=815,org_changeCycle=0,cur_changeCycle=0,to_view=816
info|2020-01-06 18:01:04.503958|[g:1][CONSENSUS][SEALER]++++++++++++++++ Generating seal on,blkNum=139,tx=0,nodeIdx=2,hash=e58a8547...
info|2020-01-06 18:01:04.506719|[g:1][CONSENSUS][PBFT]checkTimeout Succ,view=816,toView=817,nodeIdx=2,changeCycle=0,myNode=b2143d17...,timecost=0.302
info|2020-01-06 18:01:04.508395|[g:1][CONSENSUS][PBFT]checkAndChangeView: Reach consensus,org_view=816,org_changeCycle=0,cur_changeCycle=0,to_view=817
info|2020-01-06 18:01:05.509739|[g:1][CONSENSUS]addRawPrepare,height=139,reqIdx=3,hash=04a7d685...
info|2020-01-06 18:01:05.510042|[g:1][CONSENSUS][PBFT]checkTimeout Succ,view=817,toView=818,nodeIdx=2,changeCycle=0,myNode=b2143d17...,timecost=0.191
info|2020-01-06 18:01:05.512206|[g:1][CONSENSUS][PBFT]checkAndChangeView: Reach consensus,org_view=817,org_changeCycle=0,cur_changeCycle=0,to_view=818
info|2020-01-06 18:01:06.514900|[g:1][CONSENSUS]addRawPrepare,height=139,reqIdx=0,hash=fe055e05...
info|2020-01-06 18:01:06.515166|[g:1][CONSENSUS][PBFT]checkTimeout Succ,view=818,toView=819,nodeIdx=2,changeCycle=0,myNode=b2143d17...,timecost=0.188
info|2020-01-06 18:01:06.517477|[g:1][CONSENSUS][PBFT]checkAndChangeView: Reach consensus,org_view=818,org_changeCycle=0,cur_changeCycle=0,to_view=819
info|2020-01-06 18:01:07.517590|[g:1][CONSENSUS]addRawPrepare,height=139,reqIdx=1,hash=f0ed95a0...
info|2020-01-06 18:01:07.518014|[g:1][CONSENSUS][PBFT]checkTimeout Succ,view=819,toView=820,nodeIdx=2,changeCycle=0,myNode=b2143d17...,timecost=0.303
info|2020-01-06 18:01:07.519980|[g:1][CONSENSUS][PBFT]checkAndChangeView: Reach consensus,org_view=819,org_changeCycle=0,cur_changeCycle=0,to_view=820
info|2020-01-06 18:01:08.520228|[g:1][CONSENSUS][SEALER]++++++++++++++++ Generating seal on,blkNum=139,tx=0,nodeIdx=2,hash=18fc5546...
info|2020-01-06 18:01:08.521304|[g:1][CONSENSUS][PBFT]checkTimeout Succ,view=820,toView=821,nodeIdx=2,changeCycle=0,myNode=b2143d17...,timecost=0.433
info|2020-01-06 18:01:08.524757|[g:1][CONSENSUS][PBFT]checkAndChangeView: Reach consensus,org_view=820,org_changeCycle=0,cur_changeCycle=0,to_view=821
info|2020-01-06 18:01:09.529922|[g:1][CONSENSUS]addRawPrepare,height=139,reqIdx=3,hash=30f58009...
info|2020-01-06 18:01:09.530371|[g:1][CONSENSUS][PBFT]checkTimeout Succ,view=821,toView=822,nodeIdx=2,changeCycle=0,myNode=b2143d17...,timecost=0.282
info|2020-01-06 18:01:09.534090|[g:1][CONSENSUS][PBFT]checkAndChangeView: Reach consensus,org_view=821,org_changeCycle=0,cur_changeCycle=0,to_view=822
info|2020-01-06 18:01:10.537257|[g:1][CONSENSUS]addRawPrepare,height=139,reqIdx=0,hash=6a28e620...
info|2020-01-06 18:01:10.537527|[g:1][CONSENSUS][PBFT]checkTimeout Succ,view=822,toView=823,nodeIdx=2,changeCycle=0,myNode=b2143d17...,timecost=0.203
info|2020-01-06 18:01:10.540467|[g:1][CONSENSUS][PBFT]checkAndChangeView: Reach consensus,org_view=822,org_changeCycle=0,cur_changeCycle=0,to_view=823
info|2020-01-06 18:01:11.009149|[P2P][Service] heartBeat,connected count=3
info|2020-01-06 18:01:11.539523|[g:1][CONSENSUS]addRawPrepare,height=139,reqIdx=1,hash=66cdb6e8...
info|2020-01-06 18:01:11.539855|[g:1][CONSENSUS][PBFT]checkTimeout Succ,view=823,toView=824,nodeIdx=2,changeCycle=0,myNode=b2143d17...,timecost=0.206
info|2020-01-06 18:01:11.541743|[g:1][CONSENSUS][PBFT]checkAndChangeView: Reach consensus,org_view=823,org_changeCycle=0,cur_changeCycle=0,to_view=824
info|2020-01-06 18:01:12.542313|[g:1][CONSENSUS][SEALER]++++++++++++++++ Generating seal on,blkNum=139,tx=0,nodeIdx=2,hash=a65433e2...
info|2020-01-06 18:01:12.547008|[g:1][CONSENSUS][PBFT]checkTimeout Succ,view=824,toView=825,nodeIdx=2,changeCycle=0,myNode=b2143d17...,timecost=0.868
info|2020-01-06 18:01:12.551556|[g:1][CONSENSUS][PBFT]checkAndChangeView: Reach consensus,org_view=824,org_changeCycle=0,cur_changeCycle=0,to_view=825
info|2020-01-06 18:01:13.553902|[g:1][CONSENSUS]addRawPrepare,height=139,reqIdx=3,hash=6ef1d7d4...
info|2020-01-06 18:01:13.554377|[g:1][CONSENSUS][PBFT]checkTimeout Succ,view=825,toView=826,nodeIdx=2,changeCycle=0,myNode=b2143d17...,timecost=0.34
info|2020-01-06 18:01:13.556701|[g:1][CONSENSUS][PBFT]checkAndChangeView: Reach consensus,org_view=825,org_changeCycle=0,cur_changeCycle=0,to_view=826
info|2020-01-06 18:01:14.558456|[g:1][CONSENSUS]addRawPrepare,height=139,reqIdx=0,hash=1a0343cb...
info|2020-01-06 18:01:14.558786|[g:1][CONSENSUS][PBFT]checkTimeout Succ,view=826,toView=827,nodeIdx=2,changeCycle=0,myNode=b2143d17...,timecost=0.214
info|2020-01-06 18:01:14.560353|[g:1][CONSENSUS][PBFT]checkAndChangeView: Reach consensus,org_view=826,org_changeCycle=0,cur_changeCycle=0,to_view=827
info|2020-01-06 18:01:15.563243|[g:1][CONSENSUS]addRawPrepare,height=139,reqIdx=1,hash=49fba58a...
info|2020-01-06 18:01:15.563562|[g:1][CONSENSUS][PBFT]checkTimeout Succ,view=827,toView=828,nodeIdx=2,changeCycle=0,myNode=b2143d17...,timecost=0.23
info|2020-01-06 18:01:15.565711|[g:1][CONSENSUS][PBFT]checkAndChangeView: Reach consensus,org_view=827,org_changeCycle=0,cur_changeCycle=0,to_view=828
info|2020-01-06 18:01:16.566986|[g:1][CONSENSUS][SEALER]++++++++++++++++ Generating seal on,blkNum=139,tx=0,nodeIdx=2,hash=619d326c...
info|2020-01-06 18:01:16.578233|[g:1][CONSENSUS][PBFT]checkTimeout Succ,view=828,toView=829,nodeIdx=2,changeCycle=0,myNode=b2143d17...,timecost=2.183
info|2020-01-06 18:01:16.585127|[g:1][CONSENSUS][PBFT]checkAndChangeView: Reach consensus,org_view=828,org_changeCycle=0,cur_changeCycle=0,to_view=829
info|2020-01-06 18:01:17.587481|[g:1][CONSENSUS]addRawPrepare,height=139,reqIdx=3,hash=6579271c...
info|2020-01-06 18:01:17.587801|[g:1][CONSENSUS][PBFT]checkTimeout Succ,view=829,toView=830,nodeIdx=2,changeCycle=0,myNode=b2143d17...,timecost=0.203
info|2020-01-06 18:01:17.589691|[g:1][CONSENSUS][PBFT]checkAndChangeView: Reach consensus,org_view=829,org_changeCycle=0,cur_changeCycle=0,to_view=830
info|2020-01-06 18:01:18.592500|[g:1][CONSENSUS]addRawPrepare,height=139,reqIdx=0,hash=cb1cc2df...
info|2020-01-06 18:01:18.592893|[g:1][CONSENSUS][PBFT]checkTimeout Succ,view=830,toView=831,nodeIdx=2,changeCycle=0,myNode=b2143d17...,timecost=0.264
info|2020-01-06 18:01:18.597441|[g:1][CONSENSUS][PBFT]checkAndChangeView: Reach consensus,org_view=830,org_changeCycle=0,cur_changeCycle=0,to_view=831
info|2020-01-06 18:01:19.597998|[g:1][CONSENSUS]addRawPrepare,height=139,reqIdx=1,hash=7624cc29...
info|2020-01-06 18:01:19.598340|[g:1][CONSENSUS][PBFT]checkTimeout Succ,view=831,toView=832,nodeIdx=2,changeCycle=0,myNode=b2143d17...,timecost=0.252
info|2020-01-06 18:01:19.600274|[g:1][CONSENSUS][PBFT]checkAndChangeView: Reach consensus,org_view=831,org_changeCycle=0,cur_changeCycle=0,to_view=832
info|2020-01-06 18:01:20.601422|[g:1][CONSENSUS][SEALER]++++++++++++++++ Generating seal on,blkNum=139,tx=0,nodeIdx=2,hash=5be75980...
info|2020-01-06 18:01:20.604658|[g:1][CONSENSUS][PBFT]checkTimeout Succ,view=832,toView=833,nodeIdx=2,changeCycle=0,myNode=b2143d17...,timecost=0.43
info|2020-01-06 18:01:20.605684|[g:1][CONSENSUS][PBFT]checkAndChangeView: Reach consensus,org_view=832,org_changeCycle=0,cur_changeCycle=0,to_view=833
info|2020-01-06 18:01:21.010537|[P2P][Service] heartBeat,connected count=3
info|2020-01-06 18:01:21.607687|[g:1][CONSENSUS]addRawPrepare,height=139,reqIdx=3,hash=d27fda3c...
info|2020-01-06 18:01:21.608060|[g:1][CONSENSUS][PBFT]checkTimeout Succ,view=833,toView=834,nodeIdx=2,changeCycle=0,myNode=b2143d17...,timecost=0.255
info|2020-01-06 18:01:21.611262|[g:1][CONSENSUS][PBFT]checkAndChangeView: Reach consensus,org_view=833,org_changeCycle=0,cur_changeCycle=0,to_view=834
info|2020-01-06 18:01:22.614537|[g:1][CONSENSUS]addRawPrepare,height=139,reqIdx=0,hash=11574846...
info|2020-01-06 18:01:22.615936|[g:1][CONSENSUS][PBFT]checkTimeout Succ,view=834,toView=835,nodeIdx=2,changeCycle=0,myNode=b2143d17...,timecost=1.154
info|2020-01-06 18:01:22.619088|[g:1][CONSENSUS][PBFT]checkAndChangeView: Reach consensus,org_view=834,org_changeCycle=0,cur_changeCycle=0,to_view=835
info|2020-01-06 18:01:23.622976|[g:1][CONSENSUS]addRawPrepare,height=139,reqIdx=1,hash=353f095f...
info|2020-01-06 18:01:23.623324|[g:1][CONSENSUS][PBFT]checkTimeout Succ,view=835,toView=836,nodeIdx=2,changeCycle=0,myNode=b2143d17...,timecost=0.253
info|2020-01-06 18:01:23.624610|[g:1][CONSENSUS][PBFT]checkAndChangeView: Reach consensus,org_view=835,org_changeCycle=0,cur_changeCycle=0,to_view=836
info|2020-01-06 18:01:24.624536|[g:1][CONSENSUS][SEALER]++++++++++++++++ Generating seal on,blkNum=139,tx=0,nodeIdx=2,hash=91d383a9...
info|2020-01-06 18:01:24.629128|[g:1][CONSENSUS][PBFT]checkTimeout Succ,view=836,toView=837,nodeIdx=2,changeCycle=0,myNode=b2143d17...,timecost=0.494
info|2020-01-06 18:01:24.630798|[g:1][CONSENSUS][PBFT]checkAndChangeView: Reach consensus,org_view=836,org_changeCycle=0,cur_changeCycle=0,to_view=837
info|2020-01-06 18:01:25.637254|[g:1][CONSENSUS]addRawPrepare,height=139,reqIdx=3,hash=25ad4958...
info|2020-01-06 18:01:25.640537|[g:1][CONSENSUS][PBFT]checkTimeout Succ,view=837,toView=838,nodeIdx=2,changeCycle=0,myNode=b2143d17...,timecost=2.566
info|2020-01-06 18:01:25.646978|[g:1][CONSENSUS][PBFT]checkAndChangeView: Reach consensus,org_view=837,org_changeCycle=0,cur_changeCycle=0,to_view=838
info|2020-01-06 18:01:26.648330|[g:1][CONSENSUS]addRawPrepare,height=139,reqIdx=0,hash=2eb17d3c...
info|2020-01-06 18:01:26.650963|[g:1][CONSENSUS][PBFT]checkTimeout Succ,view=838,toView=839,nodeIdx=2,changeCycle=0,myNode=b2143d17...,timecost=1.398
info|2020-01-06 18:01:26.656662|[g:1][CONSENSUS][PBFT]checkAndChangeView: Reach consensus,org_view=838,org_changeCycle=0,cur_changeCycle=0,to_view=839
info|2020-01-06 18:01:27.665065|[g:1][CONSENSUS]addRawPrepare,height=139,reqIdx=1,hash=56cc783d...
info|2020-01-06 18:01:27.669770|[g:1][CONSENSUS][PBFT]checkTimeout Succ,view=839,toView=840,nodeIdx=2,changeCycle=0,myNode=b2143d17...,timecost=4.408
info|2020-01-06 18:01:27.673860|[g:1][CONSENSUS][PBFT]checkAndChangeView: Reach consensus,org_view=839,org_changeCycle=0,cur_changeCycle=0,to_view=840
info|2020-01-06 18:01:28.675095|[g:1][CONSENSUS][SEALER]++++++++++++++++ Generating seal on,blkNum=139,tx=0,nodeIdx=2,hash=696c3a06...
info|2020-01-06 18:01:28.681050|[g:1][CONSENSUS][PBFT]checkTimeout Succ,view=840,toView=841,nodeIdx=2,changeCycle=0,myNode=b2143d17...,timecost=0.882
info|2020-01-06 18:01:28.682068|[g:1][CONSENSUS][PBFT]checkAndChangeView: Reach consensus,org_view=840,org_changeCycle=0,cur_changeCycle=0,to_view=841
info|2020-01-06 18:01:29.684310|[g:1][CONSENSUS]addRawPrepare,height=139,reqIdx=3,hash=22b621e3...
info|2020-01-06 18:01:29.684871|[g:1][CONSENSUS][PBFT]checkTimeout Succ,view=841,toView=842,nodeIdx=2,changeCycle=0,myNode=b2143d17...,timecost=0.4
info|2020-01-06 18:01:29.691088|[g:1][CONSENSUS][PBFT]checkAndChangeView: Reach consensus,org_view=841,org_changeCycle=0,cur_changeCycle=0,to_view=842
info|2020-01-06 18:01:30.691649|[g:1][CONSENSUS]addRawPrepare,height=139,reqIdx=0,hash=1078b045...
info|2020-01-06 18:01:30.692233|[g:1][CONSENSUS][PBFT]checkTimeout Succ,view=842,toView=843,nodeIdx=2,changeCycle=0,myNode=b2143d17...,timecost=0.415
info|2020-01-06 18:01:30.694296|[g:1][CONSENSUS][PBFT]checkAndChangeView: Reach consensus,org_view=842,org_changeCycle=0,cur_changeCycle=0,to_view=843
info|2020-01-06 18:01:31.011012|[P2P][Service] heartBeat,connected count=3
info|2020-01-06 18:01:31.696612|[g:1][CONSENSUS]addRawPrepare,height=139,reqIdx=1,hash=3426b6b1...
info|2020-01-06 18:01:31.696898|[g:1][CONSENSUS][PBFT]checkTimeout Succ,view=843,toView=844,nodeIdx=2,changeCycle=0,myNode=b2143d17...,timecost=0.206
info|2020-01-06 18:01:31.697749|[g:1][CONSENSUS][PBFT]checkAndChangeView: Reach consensus,org_view=843,org_changeCycle=0,cur_changeCycle=0,to_view=844
info|2020-01-06 18:01:32.698244|[g:1][CONSENSUS][SEALER]++++++++++++++++ Generating seal on,blkNum=139,tx=0,nodeIdx=2,hash=19cf10a5...
info|2020-01-06 18:01:32.699083|[g:1][CONSENSUS][PBFT]checkTimeout Succ,view=844,toView=845,nodeIdx=2,changeCycle=0,myNode=b2143d17...,timecost=0.286
info|2020-01-06 18:01:32.701340|[g:1][CONSENSUS][PBFT]checkAndChangeView: Reach consensus,org_view=844,org_changeCycle=0,cur_changeCycle=0,to_view=845
info|2020-01-06 18:01:33.704425|[g:1][CONSENSUS]addRawPrepare,height=139,reqIdx=3,hash=e1de81b8...
info|2020-01-06 18:01:33.708377|[g:1][CONSENSUS][PBFT]checkTimeout Succ,view=845,toView=846,nodeIdx=2,changeCycle=0,myNode=b2143d17...,timecost=3.788
info|2020-01-06 18:01:33.709318|[g:1][CONSENSUS][PBFT]checkAndChangeView: Reach consensus,org_view=845,org_changeCycle=0,cur_changeCycle=0,to_view=846
info|2020-01-06 18:01:34.711198|[g:1][CONSENSUS]addRawPrepare,height=139,reqIdx=0,hash=f7428e56...
info|2020-01-06 18:01:34.711862|[g:1][CONSENSUS][PBFT]checkTimeout Succ,view=846,toView=847,nodeIdx=2,changeCycle=0,myNode=b2143d17...,timecost=0.504
info|2020-01-06 18:01:34.716040|[g:1][CONSENSUS][PBFT]checkAndChangeView: Reach consensus,org_view=846,org_changeCycle=0,cur_changeCycle=0,to_view=847
info|2020-01-06 18:01:35.714546|[g:1][CONSENSUS]addRawPrepare,height=139,reqIdx=1,hash=a98735ff...
info|2020-01-06 18:01:35.714869|[g:1][CONSENSUS][PBFT]checkTimeout Succ,view=847,toView=848,nodeIdx=2,changeCycle=0,myNode=b2143d17...,timecost=0.229
info|2020-01-06 18:01:35.718441|[g:1][CONSENSUS][PBFT]checkAndChangeView: Reach consensus,org_view=847,org_changeCycle=0,cur_changeCycle=0,to_view=848
info|2020-01-06 18:01:36.718684|[g:1][CONSENSUS][SEALER]++++++++++++++++ Generating seal on,blkNum=139,tx=0,nodeIdx=2,hash=03fc8c61...
info|2020-01-06 18:01:36.726835|[g:1][CONSENSUS][PBFT]checkTimeout Succ,view=848,toView=849,nodeIdx=2,changeCycle=0,myNode=b2143d17...,timecost=0.969
info|2020-01-06 18:01:36.729130|[g:1][CONSENSUS][PBFT]checkAndChangeView: Reach consensus,org_view=848,org_changeCycle=0,cur_changeCycle=0,to_view=849
info|2020-01-06 18:01:37.733132|[g:1][CONSENSUS]addRawPrepare,height=139,reqIdx=3,hash=3132f9bc...
info|2020-01-06 18:01:37.733969|[g:1][CONSENSUS][PBFT]checkTimeout Succ,view=849,toView=850,nodeIdx=2,changeCycle=0,myNode=b2143d17...,timecost=0.557
info|2020-01-06 18:01:37.737016|[g:1][CONSENSUS][PBFT]checkAndChangeView: Reach consensus,org_view=849,org_changeCycle=0,cur_changeCycle=0,to_view=850
info|2020-01-06 18:01:38.829976|[g:1][CONSENSUS]addRawPrepare,height=139,reqIdx=0,hash=26415300...
info|2020-01-06 18:01:39.155009|[g:1][CONSENSUS][PBFT]checkTimeout Succ,view=850,toView=851,nodeIdx=2,changeCycle=0,myNode=b2143d17...,timecost=324.884
info|2020-01-06 18:01:39.173594|[g:1][CONSENSUS][PBFT]checkAndChangeView: Reach consensus,org_view=850,org_changeCycle=0,cur_changeCycle=0,to_view=851
