info|2019-12-11 23:53:50.002866|[INITIALIZER][initGlobalConfig],enableCompress=true,compatibilityVersion=2.1.0,versionNumber=33619968,chainId=1
info|2019-12-11 23:53:50.070623|[NETWORK][Host]Connecting to node,endpoint=127.0.0.1:30300
info|2019-12-11 23:53:50.070976|[NETWORK][Host]P2P StartAccept,Host=0.0.0.0:30302
info|2019-12-11 23:53:50.072989|[NETWORK][Host]Connecting to node,endpoint=127.0.0.1:30301
info|2019-12-11 23:53:50.073108|[NETWORK][Host]Connecting to node,endpoint=127.0.0.1:30302
info|2019-12-11 23:53:50.073166|[NETWORK][Host]Connecting to node,endpoint=127.0.0.1:30303
info|2019-12-11 23:53:50.073228|[P2P][Service] heartBeat,connected count=0
info|2019-12-11 23:53:50.074090|[NETWORK][ASIO]asyncResolveConnect,endpoint=127.0.0.1:30300
info|2019-12-11 23:53:50.075670|[NETWORK][ASIO]asyncResolveConnect,endpoint=127.0.0.1:30301
info|2019-12-11 23:53:50.075785|[NETWORK][ASIO]asyncResolveConnect,endpoint=127.0.0.1:30302
info|2019-12-11 23:53:50.075857|[NETWORK][ASIO]asyncResolveConnect,endpoint=127.0.0.1:30303
info|2019-12-11 23:53:50.075922|[CHANNEL]ChannelRPCServer started
info|2019-12-11 23:53:50.075937|[INITIALIZER][RPCInitializer]ChannelRPCHttpServer started.
info|2019-12-11 23:53:50.075980|[LedgerInitializer],groupConfigPath=conf/
info|2019-12-11 23:53:50.076945|[INITIALIZER][initSingleLedger] [GroupId]:  1
info|2019-12-11 23:53:50.076966|[g:1][LEDGER]LedgerConstructor,configPath=conf/group.1.genesis,baseDir=data//group1
info|2019-12-11 23:53:50.076978|[g:1][LEDGER][initGenesisConfig]initConsensusConfig/initDBConfig/initTxConfig,configFile=conf/group.1.genesis
info|2019-12-11 23:53:50.077317|[g:1][LEDGER][initConsensusConfig],it.first=d08a18ab27769139f300f318b75ebde53d34d4dc0d6d73f55c3f0dec6db42f56c6cc252a17197a19cf3037005503b9efbfb0756982c0d8c24d8c5a5fc407ce6c
info|2019-12-11 23:53:50.077348|[g:1][LEDGER][initConsensusConfig],it.first=15ac4bb3b435dad10b0bca353cfee3d1ec89eed87fe9d34dff7ba6cf21da696aaef6bb7a17de5c77b63bf1ecce4f9ab3be039d91fb0128c9fbafb054c6d65271
info|2019-12-11 23:53:50.077369|[g:1][LEDGER][initConsensusConfig],it.first=b2143d17ab9eba7cdf90255c94681766cf90c4764a82dcaf3ea94035058ae804917b808ea3653ae7fb8a9ea55ba379ce1060e95a5fd4f0812e8791a252e65a10
info|2019-12-11 23:53:50.077398|[g:1][LEDGER][initConsensusConfig],it.first=18ae2e16d379c0d98fd012822d2a1feef2671751d4048232e4af24dabd0482e60237910d15c295e0c29fa31ecf1e3a011ef45799bd6f2df6236646896422137e
info|2019-12-11 23:53:50.077510|[g:1][LEDGER][initIniConfig]initTxPoolConfig/initSyncConfig/initTxExecuteConfig,configFile=conf/group.1.ini
info|2019-12-11 23:53:50.078612|[NETWORK][Host]P2P Recv Connect, From=127.0.0.1:34266
info|2019-12-11 23:53:50.078677|[g:1][LEDGER][initLedger][DBInitializer]
info|2019-12-11 23:53:50.078710|[g:1][DBINITIALIZER] [initRocksDBStorage]
info|2019-12-11 23:53:50.078741|[NETWORK][Host]P2P StartAccept,Host=0.0.0.0:30302
info|2019-12-11 23:53:50.082420|[g:1][ROCKSDB]open rocksDB handler
info|2019-12-11 23:53:50.090978|[NETWORK][Host]P2P Recv Connect, From=127.0.0.1:34272
info|2019-12-11 23:53:50.095502|[NETWORK][Host]P2P StartAccept,Host=0.0.0.0:30302
info|2019-12-11 23:53:50.106591|[NETWORK][Host]P2P Recv Connect, From=127.0.0.1:34278
info|2019-12-11 23:53:50.106795|[NETWORK][Host]P2P StartAccept,Host=0.0.0.0:30302
info|2019-12-11 23:53:50.131592|[g:1][g:0][STORAGE][CachedStorage]Init flushStorage thread
info|2019-12-11 23:53:50.132618|[g:1][BLOCKCHAIN][#checkAndBuildGenesisBlock]Already have the 0th block, 0th groupMark is equal to file groupMark.
info|2019-12-11 23:53:50.133300|[g:1][CONSENSUS][PBFT]Register handler for PBFTEngine
info|2019-12-11 23:53:50.134195|[g:1][CONSENSUS][PBFT],minBlockGenerationTime=500
info|2019-12-11 23:53:50.134239|[LedgerInitializer init group succ],groupID=1
info|2019-12-11 23:53:50.134926|[INITIALIZER][RPCInitializer]JsonrpcHttpServer started.
info|2019-12-11 23:53:50.135084|[g:1][LEDGER]startAll...
info|2019-12-11 23:53:50.154923|[g:1][CONSENSUS][PBFT]^^^^^^^^Report,num=0,sealerIdx=0,hash=dc6d2f3a...,next=1,tx=0,nodeIdx=2
info|2019-12-11 23:53:50.161807|[g:1][CONSENSUS][PBFT][PBFT init env successfully]
info|2019-12-11 23:53:50.162221|[g:1][CONSENSUS][ConsensusEngine][Start ConsensusEngineBase]
info|2019-12-11 23:53:50.168156|[NETWORK][Host]P2P Recv Connect, From=127.0.0.1:34286
info|2019-12-11 23:53:50.170117|[NETWORK][Host]P2P StartAccept,Host=0.0.0.0:30302
info|2019-12-11 23:53:50.172149|[g:1][CONSENSUS][PBFT][Start PBFTEngine...]
info|2019-12-11 23:53:50.172204|[g:1][CONSENSUS][SEALER][Start sealer module]
info|2019-12-11 23:53:50.172522|[g:1][CONSENSUS][PBFT]^^^^^^^^Report,num=0,sealerIdx=0,hash=dc6d2f3a...,next=1,tx=0,nodeIdx=2
info|2019-12-11 23:53:50.183360|[g:1][EVENT][EventLogFilterManager]start,m_maxBlockRange=0,m_maxBlockPerLoopFilter=3
info|2019-12-11 23:53:50.215425|[NETWORK][Host]startPeerSession, From=127.0.0.1:34266,nodeID=b2143d17...
info|2019-12-11 23:53:50.223034|[P2P][Service] Connection established,nodeID=15ac4bb3...,endpoint=127.0.0.1:30301
info|2019-12-11 23:53:50.223112|[NETWORK][Host]startPeerSession, From=127.0.0.1:30301,nodeID=15ac4bb3...
info|2019-12-11 23:53:50.223345|[NETWORK][Host]startPeerSession, From=127.0.0.1:30302,nodeID=b2143d17...
info|2019-12-11 23:53:50.228675|[NETWORK][Host]startPeerSession, From=127.0.0.1:30300,nodeID=d08a18ab...
info|2019-12-11 23:53:50.228960|[P2P][Service] Connection established,nodeID=d08a18ab...,endpoint=127.0.0.1:30300
info|2019-12-11 23:53:50.228967|[NETWORK][Host]startPeerSession, From=127.0.0.1:34272,nodeID=15ac4bb3...
info|2019-12-11 23:53:50.229780|[P2P][Service] Connection established,nodeID=18ae2e16...,endpoint=127.0.0.1:30303
info|2019-12-11 23:53:50.229863|[NETWORK][Host]startPeerSession, From=127.0.0.1:30303,nodeID=18ae2e16...
info|2019-12-11 23:53:50.229980|[NETWORK][Host]startPeerSession, From=127.0.0.1:34278,nodeID=18ae2e16...
info|2019-12-11 23:53:50.234222|[NETWORK][Host]startPeerSession, From=127.0.0.1:34286,nodeID=d08a18ab...
warning|2019-12-11 23:53:50.349683|[SYNC][id:b2143d17...][Status]Peer data not found,nodeId=15ac4bb3...
warning|2019-12-11 23:53:50.365314|[SYNC][id:b2143d17...][Status]Peer data not found,nodeId=18ae2e16...
warning|2019-12-11 23:53:50.370470|[SYNC][id:b2143d17...][Status]Peer data not found,nodeId=d08a18ab...
info|2019-12-11 23:53:51.152599|[g:1][CONSENSUS]addRawPrepare,height=1,reqIdx=0,hash=accc2d81...
info|2019-12-11 23:53:51.157809|[g:1][CONSENSUS][PBFT]checkTimeout Succ,view=0,toView=1,nodeIdx=2,changeCycle=0,myNode=b2143d17...,timecost=3.929
info|2019-12-11 23:53:51.163390|[g:1][CONSENSUS][PBFT]checkAndChangeView: Reach consensus,org_view=0,org_changeCycle=0,cur_changeCycle=0,to_view=1
info|2019-12-11 23:53:52.176074|[g:1][CONSENSUS]addRawPrepare,height=1,reqIdx=1,hash=463aa21c...
info|2019-12-11 23:53:52.177154|[g:1][CONSENSUS][PBFT]checkTimeout Succ,view=1,toView=2,nodeIdx=2,changeCycle=0,myNode=b2143d17...,timecost=0.807
info|2019-12-11 23:53:52.181575|[g:1][CONSENSUS][PBFT]checkAndChangeView: Reach consensus,org_view=1,org_changeCycle=0,cur_changeCycle=0,to_view=2
info|2019-12-11 23:53:53.181936|[g:1][CONSENSUS][SEALER]++++++++++++++++ Generating seal on,blkNum=1,tx=0,nodeIdx=2,hash=90cafd2b...
info|2019-12-11 23:53:53.189504|[g:1][CONSENSUS][PBFT]checkTimeout Succ,view=2,toView=3,nodeIdx=2,changeCycle=0,myNode=b2143d17...,timecost=0.683
info|2019-12-11 23:53:53.190634|[g:1][CONSENSUS][PBFT]checkAndChangeView: Reach consensus,org_view=2,org_changeCycle=0,cur_changeCycle=0,to_view=3
info|2019-12-11 23:53:54.200044|[g:1][CONSENSUS]addRawPrepare,height=1,reqIdx=3,hash=58e138db...
info|2019-12-11 23:53:54.201451|[g:1][CONSENSUS][PBFT]checkTimeout Succ,view=3,toView=4,nodeIdx=2,changeCycle=0,myNode=b2143d17...,timecost=1.125
info|2019-12-11 23:53:54.205573|[g:1][CONSENSUS][PBFT]checkAndChangeView: Reach consensus,org_view=3,org_changeCycle=0,cur_changeCycle=0,to_view=4
info|2019-12-11 23:53:54.709085|[g:1][CONSENSUS]addRawPrepare,height=1,reqIdx=0,hash=30bcc8e7...
info|2019-12-11 23:53:54.712503|[g:1][BLOCKVERIFIER][executeBlock]Executing block,txNum=1,num=1,parentHash=dc6d2f3aea8b989ace792a5656065f570169193fc38ecb3d43e2292b48393acb,parentNum=0,parentStateRoot=0000000000000000000000000000000000000000000000000000000000000000
info|2019-12-11 23:53:54.721343|[g:1][CONSENSUS][PBFT]execBlock,blkNum=1,reqIdx=0,hash=3d1fee78...,nodeIdx=2,myNode=b2143d17...,decodeCost=0,checkCost=0,notifyCost=0,noteSealingCost=0,currentCycle=0,verifyAndSetSenderCost=0,execCost=12,execPerTx=12,totalCost=12
info|2019-12-11 23:53:54.723451|[g:1][CONSENSUS][PBFT]handlePrepareMsg Succ,Timecost=15.235,INFO=handlePrepareMsg,reqIdx=0,view=4,reqNum=1,curNum=0,consNum=1,fromIp=127.0.0.1:30301,hash=30bcc8e7...,nodeIdx=2,myNode=b2143d17...,curChangeCycle=0
info|2019-12-11 23:53:54.725782|[g:1][CONSENSUS][PBFT]handleSignMsg Succ,Timecost=1.44,INFO=handleSignMsg,num=1,curNum=0,GenIdx=0,Sview=4,view=4,fromIdx=0,fromNode=15ac4bb3...,fromIp=127.0.0.1:30301,hash=3d1fee78...,nodeIdx=2,myNode=b2143d17...
info|2019-12-11 23:53:54.727101|[g:1][CONSENSUS][PBFT]checkAndCommit: backup/updateCommittedPrepare,reqNum=1,hash=30bcc8e7...,nodeIdx=2,myNode=b2143d17...
info|2019-12-11 23:53:54.729794|[g:1][CONSENSUS][PBFT]handleSignMsg Succ,Timecost=3.496,INFO=handleSignMsg,num=1,curNum=0,GenIdx=3,Sview=4,view=4,fromIdx=3,fromNode=d08a18ab...,fromIp=127.0.0.1:30300,hash=3d1fee78...,nodeIdx=2,myNode=b2143d17...
info|2019-12-11 23:53:54.732609|[g:1][CONSENSUS][PBFT]handleCommitMsg Succ,INFO=handleCommitMsg,reqNum=1,curNum=0,GenIdx=3,Cview=4,view=4,fromIdx=3,fromNode=d08a18ab...,fromIp=127.0.0.1:30300,hash=3d1fee78...,nodeIdx=2,myNode=b2143d17...,Timecost=1.163
info|2019-12-11 23:53:54.734378|[g:1][CONSENSUS][PBFT]checkAndSave: CommitReq enough,prepareHeight=1,commitSize=3,hash=3d1fee78...,nodeIdx=2,myNode=b2143d17...
info|2019-12-11 23:53:54.741754|[g:1][g:1][STORAGE][CachedStorage]CachedStorage commit: 8 hash: 3d1fee78e96d8e70a3adf2cd230bf97c8ae7317bbb7ecb87ad8dd6b683143040 num: 1
info|2019-12-11 23:53:54.757577|[g:1][STORAGE]Submited block task: 1, current syncd block: 0
info|2019-12-11 23:53:54.757865|[g:1]Push block notify: 1-1
info|2019-12-11 23:53:54.757961|[g:1][CONSENSUS][PBFT]CommitBlock Succ,prepareHeight=1,reqIdx=0,hash=3d1fee78...,nodeIdx=2,myNode=b2143d17...,genSigTimeCost=0,commitBlockTimeCost=23,dropTxsTimeCost=0,noteSealingTimeCost=0,totalTimeCost=23
info|2019-12-11 23:53:54.757986|[g:1][CONSENSUS][PBFT]handleCommitMsg Succ,INFO=handleCommitMsg,reqNum=1,curNum=0,GenIdx=0,Cview=4,view=4,fromIdx=0,fromNode=15ac4bb3...,fromIp=127.0.0.1:30301,hash=3d1fee78...,nodeIdx=2,myNode=b2143d17...,Timecost=24.741
info|2019-12-11 23:53:54.758350|[g:1][CONSENSUS][SEALER]increase maxNoTimeoutTx,maxNoTimeoutTx=1
info|2019-12-11 23:53:54.758362|[g:1][CONSENSUS][PBFT]^^^^^^^^Report,num=1,sealerIdx=0,hash=3d1fee78...,next=2,tx=1,nodeIdx=2
info|2019-12-11 23:53:54.759391|[STORAGE]Start commit block: 1 to backend storage
info|2019-12-11 23:53:54.766335|[STORAGE][g:1]
---------------------------------------------------------------------
Commit block: 1 to backend storage finished, current cached block: 1
Flush elapsed time: 0.0070s
---------------------------------------------------------------------

info|2019-12-11 23:53:55.186118|[NETWORK][Session]Received topic: [1	_block_notify_1] from 15ac4bb3b435dad10b0bca353cfee3d1ec89eed87fe9d34dff7ba6cf21da696aaef6bb7a17de5c77b63bf1ecce4f9ab3be039d91fb0128c9fbafb054c6d65271
info|2019-12-11 23:53:55.198522|[NETWORK][Session]Received topic: [1	_block_notify_1] from d08a18ab27769139f300f318b75ebde53d34d4dc0d6d73f55c3f0dec6db42f56c6cc252a17197a19cf3037005503b9efbfb0756982c0d8c24d8c5a5fc407ce6c
info|2019-12-11 23:53:55.754680|[g:1][CONSENSUS]addRawPrepare,height=2,reqIdx=1,hash=f348ec3d...
info|2019-12-11 23:53:55.757139|[g:1][CONSENSUS][PBFT]checkTimeout Succ,view=0,toView=1,nodeIdx=2,changeCycle=0,myNode=b2143d17...,timecost=1.354
info|2019-12-11 23:53:55.769160|[g:1][CONSENSUS][PBFT]checkAndChangeView: Reach consensus,org_view=0,org_changeCycle=0,cur_changeCycle=0,to_view=1
info|2019-12-11 23:53:56.269613|[g:1][CONSENSUS][SEALER]++++++++++++++++ Generating seal on,blkNum=2,tx=1,nodeIdx=2,hash=a047af7f...
info|2019-12-11 23:53:56.272507|[g:1][CONSENSUS]addRawPrepare,height=2,reqIdx=2,hash=a047af7f...
info|2019-12-11 23:53:56.272959|[g:1][BLOCKVERIFIER][executeBlock]Executing block,txNum=1,num=2,parentHash=3d1fee78e96d8e70a3adf2cd230bf97c8ae7317bbb7ecb87ad8dd6b683143040,parentNum=1,parentStateRoot=aaab0f3c134a406fed35929c11889a8f704f9901fa83493dc0cea9b8b32f7e1a
info|2019-12-11 23:53:56.276091|[g:1][CONSENSUS][PBFT]execBlock,blkNum=2,reqIdx=2,hash=2891eb1b...,nodeIdx=2,myNode=b2143d17...,decodeCost=0,checkCost=0,notifyCost=0,noteSealingCost=0,currentCycle=0,verifyAndSetSenderCost=0,execCost=4,execPerTx=4,totalCost=4
info|2019-12-11 23:53:56.278781|[g:1][CONSENSUS][PBFT]handlePrepareMsg Succ,Timecost=7.527,INFO=handlePrepareMsg,reqIdx=2,view=1,reqNum=2,curNum=1,consNum=2,fromIp=self,hash=a047af7f...,nodeIdx=2,myNode=b2143d17...,curChangeCycle=0
info|2019-12-11 23:53:56.278900|[g:1][CONSENSUS][PBFT]generateLocalPrepare,hash=a047af7f...,H=2,nodeIdx=2,myNode=b2143d17...
info|2019-12-11 23:53:56.287654|[g:1][CONSENSUS][PBFT]handleSignMsg Succ,Timecost=1.676,INFO=handleSignMsg,num=2,curNum=1,GenIdx=3,Sview=1,view=1,fromIdx=3,fromNode=d08a18ab...,fromIp=127.0.0.1:30300,hash=2891eb1b...,nodeIdx=2,myNode=b2143d17...
info|2019-12-11 23:53:56.291082|[g:1][CONSENSUS][PBFT]checkAndCommit: backup/updateCommittedPrepare,reqNum=2,hash=a047af7f...,nodeIdx=2,myNode=b2143d17...
info|2019-12-11 23:53:56.292370|[g:1][CONSENSUS][PBFT]handleSignMsg Succ,Timecost=2.792,INFO=handleSignMsg,num=2,curNum=1,GenIdx=1,Sview=1,view=1,fromIdx=1,fromNode=18ae2e16...,fromIp=127.0.0.1:30303,hash=2891eb1b...,nodeIdx=2,myNode=b2143d17...
info|2019-12-11 23:53:56.294229|[g:1][CONSENSUS][PBFT]handleSignMsg Succ,Timecost=1.528,INFO=handleSignMsg,num=2,curNum=1,GenIdx=0,Sview=1,view=1,fromIdx=0,fromNode=15ac4bb3...,fromIp=127.0.0.1:30301,hash=2891eb1b...,nodeIdx=2,myNode=b2143d17...
info|2019-12-11 23:53:56.301053|[g:1][CONSENSUS][PBFT]handleCommitMsg Succ,INFO=handleCommitMsg,reqNum=2,curNum=1,GenIdx=3,Cview=1,view=1,fromIdx=3,fromNode=d08a18ab...,fromIp=127.0.0.1:30300,hash=2891eb1b...,nodeIdx=2,myNode=b2143d17...,Timecost=1.401
info|2019-12-11 23:53:56.305838|[g:1][CONSENSUS][PBFT]checkAndSave: CommitReq enough,prepareHeight=2,commitSize=3,hash=2891eb1b...,nodeIdx=2,myNode=b2143d17...
info|2019-12-11 23:53:56.312201|[g:1][g:1][STORAGE][CachedStorage]CachedStorage commit: 5 hash: 2891eb1b709cdea69db7fe180e60fafdf351eb80c9485bd6aebe92437f006a57 num: 2
info|2019-12-11 23:53:56.313301|[g:1][STORAGE]Submited block task: 2, current syncd block: 1
info|2019-12-11 23:53:56.313432|[STORAGE]Start commit block: 2 to backend storage
info|2019-12-11 23:53:56.314365|[STORAGE][g:1]
---------------------------------------------------------------------
Commit block: 2 to backend storage finished, current cached block: 2
Flush elapsed time: 0.0010s
---------------------------------------------------------------------

info|2019-12-11 23:53:56.314901|[g:1]Push block notify: 1-2
info|2019-12-11 23:53:56.315441|[g:1][CONSENSUS][PBFT]CommitBlock Succ,prepareHeight=2,reqIdx=2,hash=2891eb1b...,nodeIdx=2,myNode=b2143d17...,genSigTimeCost=0,commitBlockTimeCost=10,dropTxsTimeCost=0,noteSealingTimeCost=0,totalTimeCost=10
info|2019-12-11 23:53:56.315495|[g:1][CONSENSUS][PBFT]handleCommitMsg Succ,INFO=handleCommitMsg,reqNum=2,curNum=1,GenIdx=1,Cview=1,view=1,fromIdx=1,fromNode=18ae2e16...,fromIp=127.0.0.1:30303,hash=2891eb1b...,nodeIdx=2,myNode=b2143d17...,Timecost=13.849
info|2019-12-11 23:53:56.316395|[g:1][CONSENSUS][PBFT]^^^^^^^^Report,num=2,sealerIdx=2,hash=2891eb1b...,next=3,tx=1,nodeIdx=2
info|2019-12-11 23:53:56.816953|[g:1][CONSENSUS][SEALER]++++++++++++++++ Generating seal on,blkNum=3,tx=1,nodeIdx=2,hash=6a988c9c...
info|2019-12-11 23:53:56.819399|[g:1][CONSENSUS]addRawPrepare,height=3,reqIdx=2,hash=6a988c9c...
info|2019-12-11 23:53:56.820051|[g:1][BLOCKVERIFIER][executeBlock]Executing block,txNum=1,num=3,parentHash=2891eb1b709cdea69db7fe180e60fafdf351eb80c9485bd6aebe92437f006a57,parentNum=2,parentStateRoot=2ea9ab9198d1638007400cd2c3bef1cc745b864b76011a0e1bc52180ac6452d4
info|2019-12-11 23:53:56.820722|[g:1][CONSENSUS][PBFT]execBlock,blkNum=3,reqIdx=2,hash=8a71c488...,nodeIdx=2,myNode=b2143d17...,decodeCost=0,checkCost=0,notifyCost=0,noteSealingCost=0,currentCycle=0,verifyAndSetSenderCost=0,execCost=1,execPerTx=1,totalCost=1
info|2019-12-11 23:53:56.822906|[g:1][CONSENSUS][PBFT]handlePrepareMsg Succ,Timecost=4.454,INFO=handlePrepareMsg,reqIdx=2,view=0,reqNum=3,curNum=2,consNum=3,fromIp=self,hash=6a988c9c...,nodeIdx=2,myNode=b2143d17...,curChangeCycle=0
info|2019-12-11 23:53:56.822990|[g:1][CONSENSUS][PBFT]generateLocalPrepare,hash=6a988c9c...,H=3,nodeIdx=2,myNode=b2143d17...
info|2019-12-11 23:53:56.825853|[g:1][CONSENSUS][PBFT]handleSignMsg Succ,Timecost=0.556,INFO=handleSignMsg,num=3,curNum=2,GenIdx=1,Sview=0,view=0,fromIdx=1,fromNode=18ae2e16...,fromIp=127.0.0.1:30303,hash=8a71c488...,nodeIdx=2,myNode=b2143d17...
info|2019-12-11 23:53:56.832608|[g:1][CONSENSUS][PBFT]checkAndCommit: backup/updateCommittedPrepare,reqNum=3,hash=6a988c9c...,nodeIdx=2,myNode=b2143d17...
info|2019-12-11 23:53:56.833252|[g:1][CONSENSUS][PBFT]handleSignMsg Succ,Timecost=1.358,INFO=handleSignMsg,num=3,curNum=2,GenIdx=3,Sview=0,view=0,fromIdx=3,fromNode=d08a18ab...,fromIp=127.0.0.1:30300,hash=8a71c488...,nodeIdx=2,myNode=b2143d17...
info|2019-12-11 23:53:56.836287|[g:1][CONSENSUS][PBFT]handleCommitMsg Succ,INFO=handleCommitMsg,reqNum=3,curNum=2,GenIdx=1,Cview=0,view=0,fromIdx=1,fromNode=18ae2e16...,fromIp=127.0.0.1:30303,hash=8a71c488...,nodeIdx=2,myNode=b2143d17...,Timecost=2.895
info|2019-12-11 23:53:56.848135|[g:1][CONSENSUS][PBFT]checkAndSave: CommitReq enough,prepareHeight=3,commitSize=3,hash=8a71c488...,nodeIdx=2,myNode=b2143d17...
info|2019-12-11 23:53:56.848882|[g:1][g:1][STORAGE][CachedStorage]CachedStorage commit: 6 hash: 8a71c48801ffe49424f06755401d251f57648217a100d578cbb21a79a8c3d822 num: 3
info|2019-12-11 23:53:56.849061|[g:1][STORAGE]Submited block task: 3, current syncd block: 2
info|2019-12-11 23:53:56.849223|[g:1]Push block notify: 1-3
info|2019-12-11 23:53:56.849364|[g:1][CONSENSUS][PBFT]CommitBlock Succ,prepareHeight=3,reqIdx=2,hash=8a71c488...,nodeIdx=2,myNode=b2143d17...,genSigTimeCost=0,commitBlockTimeCost=1,dropTxsTimeCost=0,noteSealingTimeCost=0,totalTimeCost=1
info|2019-12-11 23:53:56.849434|[g:1][CONSENSUS][PBFT]handleCommitMsg Succ,INFO=handleCommitMsg,reqNum=3,curNum=2,GenIdx=3,Cview=0,view=0,fromIdx=3,fromNode=d08a18ab...,fromIp=127.0.0.1:30300,hash=8a71c488...,nodeIdx=2,myNode=b2143d17...,Timecost=2.063
info|2019-12-11 23:53:56.849962|[STORAGE]Start commit block: 3 to backend storage
info|2019-12-11 23:53:56.850552|[STORAGE][g:1]
---------------------------------------------------------------------
Commit block: 3 to backend storage finished, current cached block: 3
Flush elapsed time: 0.0015s
---------------------------------------------------------------------

info|2019-12-11 23:53:56.851837|[g:1][CONSENSUS][SEALER]attempIncreaseTimeoutTx,updatedTimeoutTx=0
info|2019-12-11 23:53:56.851900|[g:1][CONSENSUS][SEALER]increase m_maxBlockCanSeal,increased_maxBlockCanSeal=2000
info|2019-12-11 23:53:56.851940|[g:1][CONSENSUS][PBFT]^^^^^^^^Report,num=3,sealerIdx=2,hash=8a71c488...,next=4,tx=1,nodeIdx=2
info|2019-12-11 23:53:57.869255|[g:1][CONSENSUS]addRawPrepare,height=4,reqIdx=3,hash=335b6fd7...
info|2019-12-11 23:53:57.874821|[g:1][CONSENSUS][PBFT]checkTimeout Succ,view=0,toView=1,nodeIdx=2,changeCycle=0,myNode=b2143d17...,timecost=4.864
info|2019-12-11 23:53:57.889321|[g:1][CONSENSUS][PBFT]checkAndChangeView: Reach consensus,org_view=0,org_changeCycle=0,cur_changeCycle=0,to_view=1
info|2019-12-11 23:53:58.890963|[g:1][CONSENSUS]addRawPrepare,height=4,reqIdx=0,hash=048c8570...
info|2019-12-11 23:53:58.892262|[g:1][CONSENSUS][PBFT]checkTimeout Succ,view=1,toView=2,nodeIdx=2,changeCycle=0,myNode=b2143d17...,timecost=0.813
info|2019-12-11 23:53:58.898092|[g:1][CONSENSUS][PBFT]checkAndChangeView: Reach consensus,org_view=1,org_changeCycle=0,cur_changeCycle=0,to_view=2
info|2019-12-11 23:53:59.910632|[g:1][CONSENSUS]addRawPrepare,height=4,reqIdx=1,hash=4db22f08...
info|2019-12-11 23:53:59.912944|[g:1][CONSENSUS][PBFT]checkTimeout Succ,view=2,toView=3,nodeIdx=2,changeCycle=0,myNode=b2143d17...,timecost=1.251
info|2019-12-11 23:53:59.923567|[g:1][CONSENSUS][PBFT]checkAndChangeView: Reach consensus,org_view=2,org_changeCycle=0,cur_changeCycle=0,to_view=3
info|2019-12-11 23:54:00.074428|[P2P][Service] heartBeat,connected count=3
info|2019-12-11 23:54:00.923523|[g:1][CONSENSUS][SEALER]++++++++++++++++ Generating seal on,blkNum=4,tx=0,nodeIdx=2,hash=76855e8d...
info|2019-12-11 23:54:00.936579|[g:1][CONSENSUS][PBFT]checkTimeout Succ,view=3,toView=4,nodeIdx=2,changeCycle=0,myNode=b2143d17...,timecost=1.179
info|2019-12-11 23:54:00.976256|[g:1][CONSENSUS][PBFT]checkAndChangeView: Reach consensus,org_view=3,org_changeCycle=0,cur_changeCycle=0,to_view=4
info|2019-12-11 23:54:01.977788|[g:1][CONSENSUS]addRawPrepare,height=4,reqIdx=3,hash=fc880a04...
info|2019-12-11 23:54:01.979072|[g:1][CONSENSUS][PBFT]checkTimeout Succ,view=4,toView=5,nodeIdx=2,changeCycle=0,myNode=b2143d17...,timecost=0.931
info|2019-12-11 23:54:01.982020|[g:1][CONSENSUS][PBFT]checkAndChangeView: Reach consensus,org_view=4,org_changeCycle=0,cur_changeCycle=0,to_view=5
info|2019-12-11 23:54:02.985870|[g:1][CONSENSUS]addRawPrepare,height=4,reqIdx=0,hash=373d4d90...
info|2019-12-11 23:54:02.990020|[g:1][CONSENSUS][PBFT]checkTimeout Succ,view=5,toView=6,nodeIdx=2,changeCycle=0,myNode=b2143d17...,timecost=3.909
info|2019-12-11 23:54:02.992797|[g:1][CONSENSUS][PBFT]checkAndChangeView: Reach consensus,org_view=5,org_changeCycle=0,cur_changeCycle=0,to_view=6
info|2019-12-11 23:54:03.995798|[g:1][CONSENSUS]addRawPrepare,height=4,reqIdx=1,hash=630349e9...
info|2019-12-11 23:54:03.996813|[g:1][CONSENSUS][PBFT]checkTimeout Succ,view=6,toView=7,nodeIdx=2,changeCycle=0,myNode=b2143d17...,timecost=0.517
info|2019-12-11 23:54:04.002984|[g:1][CONSENSUS][PBFT]checkAndChangeView: Reach consensus,org_view=6,org_changeCycle=0,cur_changeCycle=0,to_view=7
info|2019-12-11 23:54:05.003916|[g:1][CONSENSUS][SEALER]++++++++++++++++ Generating seal on,blkNum=4,tx=0,nodeIdx=2,hash=d54865c1...
info|2019-12-11 23:54:05.008049|[g:1][CONSENSUS][PBFT]checkTimeout Succ,view=7,toView=8,nodeIdx=2,changeCycle=0,myNode=b2143d17...,timecost=1.786
info|2019-12-11 23:54:05.022617|[g:1][CONSENSUS][PBFT]checkAndChangeView: Reach consensus,org_view=7,org_changeCycle=0,cur_changeCycle=0,to_view=8
info|2019-12-11 23:54:06.040331|[g:1][CONSENSUS]addRawPrepare,height=4,reqIdx=3,hash=8d3023bc...
info|2019-12-11 23:54:06.041344|[g:1][CONSENSUS][PBFT]checkTimeout Succ,view=8,toView=9,nodeIdx=2,changeCycle=0,myNode=b2143d17...,timecost=0.735
info|2019-12-11 23:54:06.056725|[g:1][CONSENSUS][PBFT]checkAndChangeView: Reach consensus,org_view=8,org_changeCycle=0,cur_changeCycle=0,to_view=9
info|2019-12-11 23:54:07.053701|[g:1][CONSENSUS]addRawPrepare,height=4,reqIdx=0,hash=fbe2c8a2...
info|2019-12-11 23:54:07.055469|[g:1][CONSENSUS][PBFT]checkTimeout Succ,view=9,toView=10,nodeIdx=2,changeCycle=0,myNode=b2143d17...,timecost=1.533
info|2019-12-11 23:54:07.063295|[g:1][CONSENSUS][PBFT]checkAndChangeView: Reach consensus,org_view=9,org_changeCycle=0,cur_changeCycle=0,to_view=10
info|2019-12-11 23:54:08.075255|[g:1][CONSENSUS]addRawPrepare,height=4,reqIdx=1,hash=a484415d...
info|2019-12-11 23:54:08.076216|[g:1][CONSENSUS][PBFT]checkTimeout Succ,view=10,toView=11,nodeIdx=2,changeCycle=0,myNode=b2143d17...,timecost=0.693
info|2019-12-11 23:54:08.081822|[g:1][CONSENSUS][PBFT]checkAndChangeView: Reach consensus,org_view=10,org_changeCycle=0,cur_changeCycle=0,to_view=11
info|2019-12-11 23:54:09.082534|[g:1][CONSENSUS][SEALER]++++++++++++++++ Generating seal on,blkNum=4,tx=0,nodeIdx=2,hash=ccf318c8...
info|2019-12-11 23:54:09.083822|[g:1][CONSENSUS][PBFT]checkTimeout Succ,view=11,toView=12,nodeIdx=2,changeCycle=0,myNode=b2143d17...,timecost=0.605
info|2019-12-11 23:54:09.088080|[g:1][CONSENSUS][PBFT]checkAndChangeView: Reach consensus,org_view=11,org_changeCycle=0,cur_changeCycle=0,to_view=12
info|2019-12-11 23:54:10.074992|[P2P][Service] heartBeat,connected count=3
info|2019-12-11 23:54:10.094889|[g:1][CONSENSUS]addRawPrepare,height=4,reqIdx=3,hash=6bd5bb76...
info|2019-12-11 23:54:10.096051|[g:1][CONSENSUS][PBFT]checkTimeout Succ,view=12,toView=13,nodeIdx=2,changeCycle=0,myNode=b2143d17...,timecost=0.819
info|2019-12-11 23:54:10.102719|[g:1][CONSENSUS][PBFT]checkAndChangeView: Reach consensus,org_view=12,org_changeCycle=0,cur_changeCycle=0,to_view=13
info|2019-12-11 23:54:10.186613|[NETWORK][Session]Received topic: [2] from 15ac4bb3b435dad10b0bca353cfee3d1ec89eed87fe9d34dff7ba6cf21da696aaef6bb7a17de5c77b63bf1ecce4f9ab3be039d91fb0128c9fbafb054c6d65271
info|2019-12-11 23:54:10.198453|[NETWORK][Session]Received topic: [2] from d08a18ab27769139f300f318b75ebde53d34d4dc0d6d73f55c3f0dec6db42f56c6cc252a17197a19cf3037005503b9efbfb0756982c0d8c24d8c5a5fc407ce6c
info|2019-12-11 23:54:11.107498|[g:1][CONSENSUS]addRawPrepare,height=4,reqIdx=0,hash=091a123c...
info|2019-12-11 23:54:11.117212|[g:1][CONSENSUS][PBFT]checkTimeout Succ,view=13,toView=14,nodeIdx=2,changeCycle=0,myNode=b2143d17...,timecost=9.485
info|2019-12-11 23:54:11.123860|[g:1][CONSENSUS][PBFT]checkAndChangeView: Reach consensus,org_view=13,org_changeCycle=0,cur_changeCycle=0,to_view=14
info|2019-12-11 23:54:12.128058|[g:1][CONSENSUS]addRawPrepare,height=4,reqIdx=1,hash=e2349692...
info|2019-12-11 23:54:12.130562|[g:1][CONSENSUS][PBFT]checkTimeout Succ,view=14,toView=15,nodeIdx=2,changeCycle=0,myNode=b2143d17...,timecost=2.241
info|2019-12-11 23:54:12.133820|[g:1][CONSENSUS][PBFT]checkAndChangeView: Reach consensus,org_view=14,org_changeCycle=0,cur_changeCycle=0,to_view=15
info|2019-12-11 23:54:13.134749|[g:1][CONSENSUS][SEALER]++++++++++++++++ Generating seal on,blkNum=4,tx=0,nodeIdx=2,hash=e9c736cb...
info|2019-12-11 23:54:13.136525|[g:1][CONSENSUS][PBFT]checkTimeout Succ,view=15,toView=16,nodeIdx=2,changeCycle=0,myNode=b2143d17...,timecost=0.857
info|2019-12-11 23:54:13.143961|[g:1][CONSENSUS][PBFT]checkAndChangeView: Reach consensus,org_view=15,org_changeCycle=0,cur_changeCycle=0,to_view=16
info|2019-12-11 23:54:14.148383|[g:1][CONSENSUS]addRawPrepare,height=4,reqIdx=3,hash=3d638792...
info|2019-12-11 23:54:14.149449|[g:1][CONSENSUS][PBFT]checkTimeout Succ,view=16,toView=17,nodeIdx=2,changeCycle=0,myNode=b2143d17...,timecost=0.806
info|2019-12-11 23:54:14.156673|[g:1][CONSENSUS][PBFT]checkAndChangeView: Reach consensus,org_view=16,org_changeCycle=0,cur_changeCycle=0,to_view=17
info|2019-12-11 23:54:15.157698|[g:1][CONSENSUS]addRawPrepare,height=4,reqIdx=0,hash=fdb1cc28...
info|2019-12-11 23:54:15.163799|[g:1][CONSENSUS][PBFT]checkTimeout Succ,view=17,toView=18,nodeIdx=2,changeCycle=0,myNode=b2143d17...,timecost=5.678
info|2019-12-11 23:54:15.171179|[g:1][CONSENSUS][PBFT]checkAndChangeView: Reach consensus,org_view=17,org_changeCycle=0,cur_changeCycle=0,to_view=18
info|2019-12-11 23:54:16.172558|[g:1][CONSENSUS]addRawPrepare,height=4,reqIdx=1,hash=5acb323b...
info|2019-12-11 23:54:16.173540|[g:1][CONSENSUS][PBFT]checkTimeout Succ,view=18,toView=19,nodeIdx=2,changeCycle=0,myNode=b2143d17...,timecost=0.72
info|2019-12-11 23:54:16.180551|[g:1][CONSENSUS][PBFT]checkAndChangeView: Reach consensus,org_view=18,org_changeCycle=0,cur_changeCycle=0,to_view=19
info|2019-12-11 23:54:17.181630|[g:1][CONSENSUS][SEALER]++++++++++++++++ Generating seal on,blkNum=4,tx=0,nodeIdx=2,hash=8f960268...
info|2019-12-11 23:54:17.189152|[g:1][CONSENSUS][PBFT]checkTimeout Succ,view=19,toView=20,nodeIdx=2,changeCycle=0,myNode=b2143d17...,timecost=1.335
info|2019-12-11 23:54:17.192315|[g:1][CONSENSUS][PBFT]checkAndChangeView: Reach consensus,org_view=19,org_changeCycle=0,cur_changeCycle=0,to_view=20
info|2019-12-11 23:54:18.194375|[g:1][CONSENSUS]addRawPrepare,height=4,reqIdx=3,hash=cff455a1...
info|2019-12-11 23:54:18.195425|[g:1][CONSENSUS][PBFT]checkTimeout Succ,view=20,toView=21,nodeIdx=2,changeCycle=0,myNode=b2143d17...,timecost=0.814
info|2019-12-11 23:54:18.204236|[g:1][CONSENSUS][PBFT]checkAndChangeView: Reach consensus,org_view=20,org_changeCycle=0,cur_changeCycle=0,to_view=21
info|2019-12-11 23:54:19.206709|[g:1][CONSENSUS]addRawPrepare,height=4,reqIdx=0,hash=3b6b44bd...
info|2019-12-11 23:54:19.207482|[g:1][CONSENSUS][PBFT]checkTimeout Succ,view=21,toView=22,nodeIdx=2,changeCycle=0,myNode=b2143d17...,timecost=0.579
info|2019-12-11 23:54:19.217224|[g:1][CONSENSUS][PBFT]checkAndChangeView: Reach consensus,org_view=21,org_changeCycle=0,cur_changeCycle=0,to_view=22
info|2019-12-11 23:54:20.075556|[P2P][Service] heartBeat,connected count=3
info|2019-12-11 23:54:20.216938|[g:1][CONSENSUS]addRawPrepare,height=4,reqIdx=1,hash=f6db1a1d...
info|2019-12-11 23:54:20.217933|[g:1][CONSENSUS][PBFT]checkTimeout Succ,view=22,toView=23,nodeIdx=2,changeCycle=0,myNode=b2143d17...,timecost=0.717
info|2019-12-11 23:54:20.221961|[g:1][CONSENSUS][PBFT]checkAndChangeView: Reach consensus,org_view=22,org_changeCycle=0,cur_changeCycle=0,to_view=23
info|2019-12-11 23:54:21.222446|[g:1][CONSENSUS][SEALER]++++++++++++++++ Generating seal on,blkNum=4,tx=0,nodeIdx=2,hash=04cdb196...
info|2019-12-11 23:54:21.224340|[g:1][CONSENSUS][PBFT]checkTimeout Succ,view=23,toView=24,nodeIdx=2,changeCycle=0,myNode=b2143d17...,timecost=0.648
info|2019-12-11 23:54:21.228758|[g:1][CONSENSUS][PBFT]checkAndChangeView: Reach consensus,org_view=23,org_changeCycle=0,cur_changeCycle=0,to_view=24
info|2019-12-11 23:54:22.237549|[g:1][CONSENSUS]addRawPrepare,height=4,reqIdx=3,hash=fdb6a2c6...
info|2019-12-11 23:54:22.238554|[g:1][CONSENSUS][PBFT]checkTimeout Succ,view=24,toView=25,nodeIdx=2,changeCycle=0,myNode=b2143d17...,timecost=0.585
info|2019-12-11 23:54:22.243958|[g:1][CONSENSUS][PBFT]checkAndChangeView: Reach consensus,org_view=24,org_changeCycle=0,cur_changeCycle=0,to_view=25
info|2019-12-11 23:54:23.248982|[g:1][CONSENSUS]addRawPrepare,height=4,reqIdx=0,hash=4cfec83d...
info|2019-12-11 23:54:23.252568|[g:1][CONSENSUS][PBFT]checkTimeout Succ,view=25,toView=26,nodeIdx=2,changeCycle=0,myNode=b2143d17...,timecost=0.692
info|2019-12-11 23:54:23.261368|[g:1][CONSENSUS][PBFT]checkAndChangeView: Reach consensus,org_view=25,org_changeCycle=0,cur_changeCycle=0,to_view=26
info|2019-12-11 23:54:24.263575|[g:1][CONSENSUS]addRawPrepare,height=4,reqIdx=1,hash=affe4ba5...
info|2019-12-11 23:54:24.264746|[g:1][CONSENSUS][PBFT]checkTimeout Succ,view=26,toView=27,nodeIdx=2,changeCycle=0,myNode=b2143d17...,timecost=0.916
info|2019-12-11 23:54:24.270440|[g:1][CONSENSUS][PBFT]checkAndChangeView: Reach consensus,org_view=26,org_changeCycle=0,cur_changeCycle=0,to_view=27
info|2019-12-11 23:54:25.271325|[g:1][CONSENSUS][SEALER]++++++++++++++++ Generating seal on,blkNum=4,tx=0,nodeIdx=2,hash=af42f3fc...
info|2019-12-11 23:54:25.280658|[g:1][CONSENSUS][PBFT]checkTimeout Succ,view=27,toView=28,nodeIdx=2,changeCycle=0,myNode=b2143d17...,timecost=2.636
info|2019-12-11 23:54:25.281840|[g:1][CONSENSUS][PBFT]checkAndChangeView: Reach consensus,org_view=27,org_changeCycle=0,cur_changeCycle=0,to_view=28
info|2019-12-11 23:54:26.284941|[g:1][CONSENSUS]addRawPrepare,height=4,reqIdx=3,hash=38ab8bda...
info|2019-12-11 23:54:26.285736|[g:1][CONSENSUS][PBFT]checkTimeout Succ,view=28,toView=29,nodeIdx=2,changeCycle=0,myNode=b2143d17...,timecost=0.55
info|2019-12-11 23:54:26.289711|[g:1][CONSENSUS][PBFT]checkAndChangeView: Reach consensus,org_view=28,org_changeCycle=0,cur_changeCycle=0,to_view=29
info|2019-12-11 23:54:27.296177|[g:1][CONSENSUS]addRawPrepare,height=4,reqIdx=0,hash=9a0bc670...
info|2019-12-11 23:54:27.297080|[g:1][CONSENSUS][PBFT]checkTimeout Succ,view=29,toView=30,nodeIdx=2,changeCycle=0,myNode=b2143d17...,timecost=0.618
info|2019-12-11 23:54:27.302062|[g:1][CONSENSUS][PBFT]checkAndChangeView: Reach consensus,org_view=29,org_changeCycle=0,cur_changeCycle=0,to_view=30
info|2019-12-11 23:54:28.313651|[g:1][CONSENSUS]addRawPrepare,height=4,reqIdx=1,hash=e30ea7ca...
info|2019-12-11 23:54:28.314589|[g:1][CONSENSUS][PBFT]checkTimeout Succ,view=30,toView=31,nodeIdx=2,changeCycle=0,myNode=b2143d17...,timecost=0.703
info|2019-12-11 23:54:28.318184|[g:1][CONSENSUS][PBFT]checkAndChangeView: Reach consensus,org_view=30,org_changeCycle=0,cur_changeCycle=0,to_view=31
info|2019-12-11 23:54:29.318560|[g:1][CONSENSUS][SEALER]++++++++++++++++ Generating seal on,blkNum=4,tx=0,nodeIdx=2,hash=f38def69...
info|2019-12-11 23:54:29.320255|[g:1][CONSENSUS][PBFT]checkTimeout Succ,view=31,toView=32,nodeIdx=2,changeCycle=0,myNode=b2143d17...,timecost=0.827
info|2019-12-11 23:54:29.324653|[g:1][CONSENSUS][PBFT]checkAndChangeView: Reach consensus,org_view=31,org_changeCycle=0,cur_changeCycle=0,to_view=32
info|2019-12-11 23:54:30.076268|[P2P][Service] heartBeat,connected count=3
info|2019-12-11 23:54:30.329697|[g:1][CONSENSUS]addRawPrepare,height=4,reqIdx=3,hash=8415d1bc...
info|2019-12-11 23:54:30.333753|[g:1][CONSENSUS][PBFT]checkTimeout Succ,view=32,toView=33,nodeIdx=2,changeCycle=0,myNode=b2143d17...,timecost=2.961
info|2019-12-11 23:54:30.343717|[g:1][CONSENSUS][PBFT]checkAndChangeView: Reach consensus,org_view=32,org_changeCycle=0,cur_changeCycle=0,to_view=33
info|2019-12-11 23:54:31.337760|[g:1][CONSENSUS]addRawPrepare,height=4,reqIdx=0,hash=6935b51b...
info|2019-12-11 23:54:31.344338|[g:1][CONSENSUS][PBFT]checkTimeout Succ,view=33,toView=34,nodeIdx=2,changeCycle=0,myNode=b2143d17...,timecost=6.283
info|2019-12-11 23:54:31.350268|[g:1][CONSENSUS][PBFT]checkAndChangeView: Reach consensus,org_view=33,org_changeCycle=0,cur_changeCycle=0,to_view=34
info|2019-12-11 23:54:32.357462|[g:1][CONSENSUS]addRawPrepare,height=4,reqIdx=1,hash=f8d23a22...
info|2019-12-11 23:54:32.358568|[g:1][CONSENSUS][PBFT]checkTimeout Succ,view=34,toView=35,nodeIdx=2,changeCycle=0,myNode=b2143d17...,timecost=0.809
info|2019-12-11 23:54:32.401260|[g:1][CONSENSUS][PBFT]checkAndChangeView: Reach consensus,org_view=34,org_changeCycle=0,cur_changeCycle=0,to_view=35
info|2019-12-11 23:54:33.402789|[g:1][CONSENSUS][SEALER]++++++++++++++++ Generating seal on,blkNum=4,tx=0,nodeIdx=2,hash=ed962504...
info|2019-12-11 23:54:33.409693|[g:1][CONSENSUS][PBFT]checkTimeout Succ,view=35,toView=36,nodeIdx=2,changeCycle=0,myNode=b2143d17...,timecost=0.773
info|2019-12-11 23:54:33.410855|[g:1][CONSENSUS][PBFT]checkAndChangeView: Reach consensus,org_view=35,org_changeCycle=0,cur_changeCycle=0,to_view=36
info|2019-12-11 23:54:34.423513|[g:1][CONSENSUS]addRawPrepare,height=4,reqIdx=3,hash=7e8c23e9...
info|2019-12-11 23:54:34.427360|[g:1][CONSENSUS][PBFT]checkTimeout Succ,view=36,toView=37,nodeIdx=2,changeCycle=0,myNode=b2143d17...,timecost=0.965
info|2019-12-11 23:54:34.430609|[g:1][CONSENSUS][PBFT]checkAndChangeView: Reach consensus,org_view=36,org_changeCycle=0,cur_changeCycle=0,to_view=37
info|2019-12-11 23:54:35.434376|[g:1][CONSENSUS]addRawPrepare,height=4,reqIdx=0,hash=4cbb0cc8...
info|2019-12-11 23:54:35.435352|[g:1][CONSENSUS][PBFT]checkTimeout Succ,view=37,toView=38,nodeIdx=2,changeCycle=0,myNode=b2143d17...,timecost=0.756
info|2019-12-11 23:54:35.442122|[g:1][CONSENSUS][PBFT]checkAndChangeView: Reach consensus,org_view=37,org_changeCycle=0,cur_changeCycle=0,to_view=38
info|2019-12-11 23:54:36.443760|[g:1][CONSENSUS]addRawPrepare,height=4,reqIdx=1,hash=f1bc65ae...
info|2019-12-11 23:54:36.444839|[g:1][CONSENSUS][PBFT]checkTimeout Succ,view=38,toView=39,nodeIdx=2,changeCycle=0,myNode=b2143d17...,timecost=0.83
info|2019-12-11 23:54:36.448835|[g:1][CONSENSUS][PBFT]checkAndChangeView: Reach consensus,org_view=38,org_changeCycle=0,cur_changeCycle=0,to_view=39
info|2019-12-11 23:54:37.448588|[g:1][CONSENSUS][SEALER]++++++++++++++++ Generating seal on,blkNum=4,tx=0,nodeIdx=2,hash=62cb1f32...
info|2019-12-11 23:54:37.461254|[g:1][CONSENSUS][PBFT]checkTimeout Succ,view=39,toView=40,nodeIdx=2,changeCycle=0,myNode=b2143d17...,timecost=1.063
info|2019-12-11 23:54:37.462289|[g:1][CONSENSUS][PBFT]checkAndChangeView: Reach consensus,org_view=39,org_changeCycle=0,cur_changeCycle=0,to_view=40
info|2019-12-11 23:54:38.461930|[g:1][CONSENSUS]addRawPrepare,height=4,reqIdx=3,hash=a6031fd1...
info|2019-12-11 23:54:38.463785|[g:1][CONSENSUS][PBFT]checkTimeout Succ,view=40,toView=41,nodeIdx=2,changeCycle=0,myNode=b2143d17...,timecost=1.615
info|2019-12-11 23:54:38.469208|[g:1][CONSENSUS][PBFT]checkAndChangeView: Reach consensus,org_view=40,org_changeCycle=0,cur_changeCycle=0,to_view=41
info|2019-12-11 23:54:39.477795|[g:1][CONSENSUS]addRawPrepare,height=4,reqIdx=0,hash=c44c33b2...
info|2019-12-11 23:54:39.480108|[g:1][CONSENSUS][PBFT]checkTimeout Succ,view=41,toView=42,nodeIdx=2,changeCycle=0,myNode=b2143d17...,timecost=1.182
info|2019-12-11 23:54:39.481859|[g:1][CONSENSUS][PBFT]checkAndChangeView: Reach consensus,org_view=41,org_changeCycle=0,cur_changeCycle=0,to_view=42
info|2019-12-11 23:54:40.076472|[P2P][Service] heartBeat,connected count=3
info|2019-12-11 23:54:40.096707|[g:1][CONSENSUS][PBFT]checkReq: Recv future request,prepHash=00000000...,INFO=handleSignMsg,num=4,curNum=3,GenIdx=0,Sview=42,view=42,fromIdx=0,fromNode=15ac4bb3...,fromIp=127.0.0.1:30301,hash=0c1ffaaa...,nodeIdx=2,myNode=b2143d17...
info|2019-12-11 23:54:40.096800|[g:1][CONSENSUS][PBFT]FutureBlock,INFO=handleSignMsg,num=4,curNum=3,GenIdx=0,Sview=42,view=42,fromIdx=0,fromNode=15ac4bb3...,fromIp=127.0.0.1:30301,hash=0c1ffaaa...,nodeIdx=2,myNode=b2143d17...
info|2019-12-11 23:54:40.102752|[g:1][CONSENSUS][PBFT]checkReq: Recv future request,prepHash=00000000...,INFO=handleSignMsg,num=4,curNum=3,GenIdx=3,Sview=42,view=42,fromIdx=3,fromNode=d08a18ab...,fromIp=127.0.0.1:30300,hash=0c1ffaaa...,nodeIdx=2,myNode=b2143d17...
info|2019-12-11 23:54:40.103139|[g:1][CONSENSUS][PBFT]FutureBlock,INFO=handleSignMsg,num=4,curNum=3,GenIdx=3,Sview=42,view=42,fromIdx=3,fromNode=d08a18ab...,fromIp=127.0.0.1:30300,hash=0c1ffaaa...,nodeIdx=2,myNode=b2143d17...
info|2019-12-11 23:54:40.107137|[g:1][CONSENSUS]addRawPrepare,height=4,reqIdx=1,hash=46cc6089...
info|2019-12-11 23:54:40.108360|[g:1][BLOCKVERIFIER][executeBlock]Executing block,txNum=1,num=4,parentHash=8a71c48801ffe49424f06755401d251f57648217a100d578cbb21a79a8c3d822,parentNum=3,parentStateRoot=83a2792ca87b95ef1fe6b4be4682499562124cd405ebc10cd5dd25f2bce7ac03
info|2019-12-11 23:54:40.111122|[g:1][CONSENSUS][PBFT]execBlock,blkNum=4,reqIdx=1,hash=0c1ffaaa...,nodeIdx=2,myNode=b2143d17...,decodeCost=0,checkCost=1,notifyCost=0,noteSealingCost=0,currentCycle=0,verifyAndSetSenderCost=0,execCost=3,execPerTx=3,totalCost=4
info|2019-12-11 23:54:40.121021|[g:1][CONSENSUS][PBFT]checkAndCommit: backup/updateCommittedPrepare,reqNum=4,hash=46cc6089...,nodeIdx=2,myNode=b2143d17...
info|2019-12-11 23:54:40.125316|[g:1][CONSENSUS][PBFT]handlePrepareMsg Succ,Timecost=20.57,INFO=handlePrepareMsg,reqIdx=1,view=42,reqNum=4,curNum=3,consNum=4,fromIp=127.0.0.1:30303,hash=46cc6089...,nodeIdx=2,myNode=b2143d17...,curChangeCycle=0
info|2019-12-11 23:54:40.147528|[g:1][CONSENSUS][PBFT]handleSignMsg Succ,Timecost=2.86,INFO=handleSignMsg,num=4,curNum=3,GenIdx=1,Sview=42,view=42,fromIdx=1,fromNode=18ae2e16...,fromIp=127.0.0.1:30303,hash=0c1ffaaa...,nodeIdx=2,myNode=b2143d17...
info|2019-12-11 23:54:40.151404|[g:1][CONSENSUS][PBFT]handleCommitMsg Succ,INFO=handleCommitMsg,reqNum=4,curNum=3,GenIdx=1,Cview=42,view=42,fromIdx=1,fromNode=18ae2e16...,fromIp=127.0.0.1:30303,hash=0c1ffaaa...,nodeIdx=2,myNode=b2143d17...,Timecost=1.727
info|2019-12-11 23:54:40.154199|[g:1][CONSENSUS][PBFT]checkAndSave: CommitReq enough,prepareHeight=4,commitSize=3,hash=0c1ffaaa...,nodeIdx=2,myNode=b2143d17...
info|2019-12-11 23:54:40.156902|[g:1][g:1][STORAGE][CachedStorage]CachedStorage commit: 8 hash: 0c1ffaaa17f747b0a14ab4ac82e0e9138c63d6cd7de82f65d87f98e95060409f num: 4
info|2019-12-11 23:54:40.159118|[g:1][STORAGE]Submited block task: 4, current syncd block: 3
info|2019-12-11 23:54:40.159577|[g:1]Push block notify: 1-4
info|2019-12-11 23:54:40.159920|[g:1][CONSENSUS][PBFT]CommitBlock Succ,prepareHeight=4,reqIdx=1,hash=0c1ffaaa...,nodeIdx=2,myNode=b2143d17...,genSigTimeCost=0,commitBlockTimeCost=5,dropTxsTimeCost=0,noteSealingTimeCost=0,totalTimeCost=5
info|2019-12-11 23:54:40.159981|[g:1][CONSENSUS][PBFT]handleCommitMsg Succ,INFO=handleCommitMsg,reqNum=4,curNum=3,GenIdx=0,Cview=42,view=42,fromIdx=0,fromNode=15ac4bb3...,fromIp=127.0.0.1:30301,hash=0c1ffaaa...,nodeIdx=2,myNode=b2143d17...,Timecost=7.851
info|2019-12-11 23:54:40.161833|[STORAGE]Start commit block: 4 to backend storage
info|2019-12-11 23:54:40.162246|[g:1][CONSENSUS][PBFT]^^^^^^^^Report,num=4,sealerIdx=1,hash=0c1ffaaa...,next=5,tx=1,nodeIdx=2
info|2019-12-11 23:54:40.163319|[STORAGE][g:1]
---------------------------------------------------------------------
Commit block: 4 to backend storage finished, current cached block: 4
Flush elapsed time: 0.0015s
---------------------------------------------------------------------

info|2019-12-11 23:54:40.203115|[NETWORK][Session]Received topic: [3	_block_notify_1] from d08a18ab27769139f300f318b75ebde53d34d4dc0d6d73f55c3f0dec6db42f56c6cc252a17197a19cf3037005503b9efbfb0756982c0d8c24d8c5a5fc407ce6c
info|2019-12-11 23:54:40.233008|[NETWORK][Session]Received topic: [3	_block_notify_1] from 15ac4bb3b435dad10b0bca353cfee3d1ec89eed87fe9d34dff7ba6cf21da696aaef6bb7a17de5c77b63bf1ecce4f9ab3be039d91fb0128c9fbafb054c6d65271
info|2019-12-11 23:54:41.168414|[g:1][CONSENSUS]addRawPrepare,height=5,reqIdx=0,hash=b8d72d97...
info|2019-12-11 23:54:41.175429|[g:1][CONSENSUS][PBFT]checkTimeout Succ,view=0,toView=1,nodeIdx=2,changeCycle=0,myNode=b2143d17...,timecost=5.29
info|2019-12-11 23:54:41.183122|[g:1][CONSENSUS][PBFT]checkAndChangeView: Reach consensus,org_view=0,org_changeCycle=0,cur_changeCycle=0,to_view=1
info|2019-12-11 23:54:41.687671|[g:1][CONSENSUS]addRawPrepare,height=5,reqIdx=1,hash=2e3d3fa4...
info|2019-12-11 23:54:41.688204|[g:1][BLOCKVERIFIER][executeBlock]Executing block,txNum=1,num=5,parentHash=0c1ffaaa17f747b0a14ab4ac82e0e9138c63d6cd7de82f65d87f98e95060409f,parentNum=4,parentStateRoot=5fce31701962f8affa9ffc46ed3568cc865858e8015e288cae6fcb74fbbb4c2f
info|2019-12-11 23:54:41.689547|[g:1][CONSENSUS][PBFT]execBlock,blkNum=5,reqIdx=1,hash=42bc8564...,nodeIdx=2,myNode=b2143d17...,decodeCost=0,checkCost=1,notifyCost=0,noteSealingCost=0,currentCycle=0,verifyAndSetSenderCost=0,execCost=1,execPerTx=1,totalCost=2
info|2019-12-11 23:54:41.692769|[g:1][CONSENSUS][PBFT]handlePrepareMsg Succ,Timecost=6.507,INFO=handlePrepareMsg,reqIdx=1,view=1,reqNum=5,curNum=4,consNum=5,fromIp=127.0.0.1:30303,hash=2e3d3fa4...,nodeIdx=2,myNode=b2143d17...,curChangeCycle=0
info|2019-12-11 23:54:41.695985|[g:1][CONSENSUS][PBFT]handleSignMsg Succ,Timecost=2.87,INFO=handleSignMsg,num=5,curNum=4,GenIdx=1,Sview=1,view=1,fromIdx=1,fromNode=18ae2e16...,fromIp=127.0.0.1:30303,hash=42bc8564...,nodeIdx=2,myNode=b2143d17...
info|2019-12-11 23:54:41.703670|[g:1][CONSENSUS][PBFT]checkAndCommit: backup/updateCommittedPrepare,reqNum=5,hash=2e3d3fa4...,nodeIdx=2,myNode=b2143d17...
info|2019-12-11 23:54:41.707791|[g:1][CONSENSUS][PBFT]handleSignMsg Succ,Timecost=7.345,INFO=handleSignMsg,num=5,curNum=4,GenIdx=0,Sview=1,view=1,fromIdx=0,fromNode=15ac4bb3...,fromIp=127.0.0.1:30301,hash=42bc8564...,nodeIdx=2,myNode=b2143d17...
info|2019-12-11 23:54:41.711369|[g:1][CONSENSUS][PBFT]handleCommitMsg Succ,INFO=handleCommitMsg,reqNum=5,curNum=4,GenIdx=0,Cview=1,view=1,fromIdx=0,fromNode=15ac4bb3...,fromIp=127.0.0.1:30301,hash=42bc8564...,nodeIdx=2,myNode=b2143d17...,Timecost=3.217
info|2019-12-11 23:54:41.718392|[g:1][CONSENSUS][PBFT]checkAndSave: CommitReq enough,prepareHeight=5,commitSize=3,hash=42bc8564...,nodeIdx=2,myNode=b2143d17...
info|2019-12-11 23:54:41.725779|[g:1][g:1][STORAGE][CachedStorage]CachedStorage commit: 5 hash: 42bc8564de37fcb67fffa1a66ff06732fd7a4a6f4e0ca829c650f102d38d8ce9 num: 5
info|2019-12-11 23:54:41.736861|[STORAGE]Start commit block: 5 to backend storage
info|2019-12-11 23:54:41.738481|[STORAGE][g:1]
---------------------------------------------------------------------
Commit block: 5 to backend storage finished, current cached block: 5
Flush elapsed time: 0.0016s
---------------------------------------------------------------------

info|2019-12-11 23:54:41.739491|[g:1][STORAGE]Submited block task: 5, current syncd block: 5
info|2019-12-11 23:54:41.740117|[g:1]Push block notify: 1-5
info|2019-12-11 23:54:41.740667|[g:1][CONSENSUS][PBFT]CommitBlock Succ,prepareHeight=5,reqIdx=1,hash=42bc8564...,nodeIdx=2,myNode=b2143d17...,genSigTimeCost=0,commitBlockTimeCost=22,dropTxsTimeCost=0,noteSealingTimeCost=0,totalTimeCost=22
info|2019-12-11 23:54:41.740843|[g:1][CONSENSUS][PBFT]handleCommitMsg Succ,INFO=handleCommitMsg,reqNum=5,curNum=4,GenIdx=1,Cview=1,view=1,fromIdx=1,fromNode=18ae2e16...,fromIp=127.0.0.1:30303,hash=42bc8564...,nodeIdx=2,myNode=b2143d17...,Timecost=24.904
info|2019-12-11 23:54:41.742851|[g:1][CONSENSUS][PBFT]^^^^^^^^Report,num=5,sealerIdx=1,hash=42bc8564...,next=6,tx=1,nodeIdx=2
info|2019-12-11 23:54:42.219864|[g:1][CONSENSUS]addRawPrepare,height=6,reqIdx=1,hash=d63a668a...
info|2019-12-11 23:54:42.220573|[g:1][CONSENSUS][PBFT]I am the next leader = 2, filter trans size = 1, total trans = 1
info|2019-12-11 23:54:42.221160|[g:1][BLOCKVERIFIER][executeBlock]Executing block,txNum=1,num=6,parentHash=42bc8564de37fcb67fffa1a66ff06732fd7a4a6f4e0ca829c650f102d38d8ce9,parentNum=5,parentStateRoot=2ea9ab9198d1638007400cd2c3bef1cc745b864b76011a0e1bc52180ac6452d4
info|2019-12-11 23:54:42.225305|[g:1][CONSENSUS][PBFT]execBlock,blkNum=6,reqIdx=1,hash=f5ff27b2...,nodeIdx=2,myNode=b2143d17...,decodeCost=0,checkCost=0,notifyCost=0,noteSealingCost=0,currentCycle=0,verifyAndSetSenderCost=0,execCost=5,execPerTx=5,totalCost=5
info|2019-12-11 23:54:42.232335|[g:1][CONSENSUS][PBFT]handlePrepareMsg Succ,Timecost=13.772,INFO=handlePrepareMsg,reqIdx=1,view=0,reqNum=6,curNum=5,consNum=6,fromIp=127.0.0.1:30303,hash=d63a668a...,nodeIdx=2,myNode=b2143d17...,curChangeCycle=0
info|2019-12-11 23:54:42.236984|[g:1][CONSENSUS][PBFT]handleSignMsg Succ,Timecost=2.576,INFO=handleSignMsg,num=6,curNum=5,GenIdx=3,Sview=0,view=0,fromIdx=3,fromNode=d08a18ab...,fromIp=127.0.0.1:30300,hash=f5ff27b2...,nodeIdx=2,myNode=b2143d17...
info|2019-12-11 23:54:42.240499|[g:1][CONSENSUS][PBFT]checkAndCommit: backup/updateCommittedPrepare,reqNum=6,hash=d63a668a...,nodeIdx=2,myNode=b2143d17...
info|2019-12-11 23:54:42.245850|[g:1][CONSENSUS][PBFT]handleSignMsg Succ,Timecost=7.627,INFO=handleSignMsg,num=6,curNum=5,GenIdx=1,Sview=0,view=0,fromIdx=1,fromNode=18ae2e16...,fromIp=127.0.0.1:30303,hash=f5ff27b2...,nodeIdx=2,myNode=b2143d17...
info|2019-12-11 23:54:42.249428|[g:1][CONSENSUS][PBFT]handleSignMsg Succ,Timecost=2.288,INFO=handleSignMsg,num=6,curNum=5,GenIdx=0,Sview=0,view=0,fromIdx=0,fromNode=15ac4bb3...,fromIp=127.0.0.1:30301,hash=f5ff27b2...,nodeIdx=2,myNode=b2143d17...
info|2019-12-11 23:54:42.261911|[g:1][CONSENSUS][PBFT]handleCommitMsg Succ,INFO=handleCommitMsg,reqNum=6,curNum=5,GenIdx=1,Cview=0,view=0,fromIdx=1,fromNode=18ae2e16...,fromIp=127.0.0.1:30303,hash=f5ff27b2...,nodeIdx=2,myNode=b2143d17...,Timecost=11.181
info|2019-12-11 23:54:42.267622|[g:1][CONSENSUS][PBFT]checkAndSave: CommitReq enough,prepareHeight=6,commitSize=3,hash=f5ff27b2...,nodeIdx=2,myNode=b2143d17...
info|2019-12-11 23:54:42.270020|[g:1][g:1][STORAGE][CachedStorage]CachedStorage commit: 6 hash: f5ff27b25dedfcc667d6df589eb3c6a98dd7b76ad683550945e426f488dd5d4e num: 6
info|2019-12-11 23:54:42.271662|[g:1][STORAGE]Submited block task: 6, current syncd block: 5
info|2019-12-11 23:54:42.271962|[g:1]Push block notify: 1-6
info|2019-12-11 23:54:42.272337|[g:1][CONSENSUS][PBFT]CommitBlock Succ,prepareHeight=6,reqIdx=1,hash=f5ff27b2...,nodeIdx=2,myNode=b2143d17...,genSigTimeCost=0,commitBlockTimeCost=5,dropTxsTimeCost=0,noteSealingTimeCost=0,totalTimeCost=5
info|2019-12-11 23:54:42.272389|[g:1][CONSENSUS][PBFT]handleCommitMsg Succ,INFO=handleCommitMsg,reqNum=6,curNum=5,GenIdx=0,Cview=0,view=0,fromIdx=0,fromNode=15ac4bb3...,fromIp=127.0.0.1:30301,hash=f5ff27b2...,nodeIdx=2,myNode=b2143d17...,Timecost=6.582
info|2019-12-11 23:54:42.274286|[g:1][CONSENSUS][PBFT]checkReq: Recv future request,prepHash=00000000...,INFO=handleSignMsg,num=6,curNum=5,GenIdx=1,Sview=0,view=0,fromIdx=0,fromNode=15ac4bb3...,fromIp=127.0.0.1:30301,hash=f5ff27b2...,nodeIdx=2,myNode=b2143d17...
info|2019-12-11 23:54:42.274507|[g:1][CONSENSUS][PBFT]FutureBlock,INFO=handleSignMsg,num=6,curNum=5,GenIdx=1,Sview=0,view=0,fromIdx=0,fromNode=15ac4bb3...,fromIp=127.0.0.1:30301,hash=f5ff27b2...,nodeIdx=2,myNode=b2143d17...
info|2019-12-11 23:54:42.276108|[g:1][CONSENSUS][PBFT]checkReq: Recv future request,prepHash=00000000...,INFO=handleCommitMsg,reqNum=6,curNum=5,GenIdx=1,Cview=0,view=0,fromIdx=0,fromNode=15ac4bb3...,fromIp=127.0.0.1:30301,hash=f5ff27b2...,nodeIdx=2,myNode=b2143d17...
info|2019-12-11 23:54:42.277566|[STORAGE]Start commit block: 6 to backend storage
info|2019-12-11 23:54:42.278470|[g:1][CONSENSUS][PBFT]checkReq: Recv future request,prepHash=00000000...,INFO=handleCommitMsg,reqNum=6,curNum=5,GenIdx=3,Cview=0,view=0,fromIdx=3,fromNode=d08a18ab...,fromIp=127.0.0.1:30300,hash=f5ff27b2...,nodeIdx=2,myNode=b2143d17...
info|2019-12-11 23:54:42.278735|[STORAGE][g:1]
---------------------------------------------------------------------
Commit block: 6 to backend storage finished, current cached block: 6
Flush elapsed time: 0.0012s
---------------------------------------------------------------------

info|2019-12-11 23:54:42.286901|[g:1][CONSENSUS][PBFT]^^^^^^^^Report,num=6,sealerIdx=1,hash=f5ff27b2...,next=7,tx=1,nodeIdx=2
info|2019-12-11 23:54:43.287574|[g:1][CONSENSUS][SEALER]++++++++++++++++ Generating seal on,blkNum=7,tx=0,nodeIdx=2,hash=32a6acd5...
info|2019-12-11 23:54:43.291584|[g:1][CONSENSUS][PBFT]checkTimeout Succ,view=0,toView=1,nodeIdx=2,changeCycle=0,myNode=b2143d17...,timecost=1.592
info|2019-12-11 23:54:43.301450|[g:1][CONSENSUS][PBFT]checkAndChangeView: Reach consensus,org_view=0,org_changeCycle=0,cur_changeCycle=0,to_view=1
info|2019-12-11 23:54:44.318675|[g:1][CONSENSUS]addRawPrepare,height=7,reqIdx=3,hash=297cf0b5...
info|2019-12-11 23:54:44.324180|[g:1][CONSENSUS][PBFT]checkTimeout Succ,view=1,toView=2,nodeIdx=2,changeCycle=0,myNode=b2143d17...,timecost=3.441
info|2019-12-11 23:54:44.328164|[g:1][CONSENSUS][PBFT]checkAndChangeView: Reach consensus,org_view=1,org_changeCycle=0,cur_changeCycle=0,to_view=2
info|2019-12-11 23:54:45.343165|[g:1][CONSENSUS]addRawPrepare,height=7,reqIdx=0,hash=6878e697...
info|2019-12-11 23:54:45.347775|[g:1][CONSENSUS][PBFT]checkTimeout Succ,view=2,toView=3,nodeIdx=2,changeCycle=0,myNode=b2143d17...,timecost=2.747
info|2019-12-11 23:54:45.354215|[g:1][CONSENSUS][PBFT]checkAndChangeView: Reach consensus,org_view=2,org_changeCycle=0,cur_changeCycle=0,to_view=3
info|2019-12-11 23:54:46.357594|[g:1][CONSENSUS]addRawPrepare,height=7,reqIdx=1,hash=6f4d0671...
info|2019-12-11 23:54:46.362206|[g:1][CONSENSUS][PBFT]checkTimeout Succ,view=3,toView=4,nodeIdx=2,changeCycle=0,myNode=b2143d17...,timecost=4.193
info|2019-12-11 23:54:46.374301|[g:1][CONSENSUS][PBFT]checkAndChangeView: Reach consensus,org_view=3,org_changeCycle=0,cur_changeCycle=0,to_view=4
info|2019-12-11 23:54:47.375721|[g:1][CONSENSUS][SEALER]++++++++++++++++ Generating seal on,blkNum=7,tx=0,nodeIdx=2,hash=c31b2999...
info|2019-12-11 23:54:47.388633|[g:1][CONSENSUS][PBFT]checkTimeout Succ,view=4,toView=5,nodeIdx=2,changeCycle=0,myNode=b2143d17...,timecost=1.201
info|2019-12-11 23:54:47.397980|[g:1][CONSENSUS][PBFT]checkAndChangeView: Reach consensus,org_view=4,org_changeCycle=0,cur_changeCycle=0,to_view=5
info|2019-12-11 23:54:48.398176|[g:1][CONSENSUS]addRawPrepare,height=7,reqIdx=3,hash=bdd9e0d0...
info|2019-12-11 23:54:48.401560|[g:1][CONSENSUS][PBFT]checkTimeout Succ,view=5,toView=6,nodeIdx=2,changeCycle=0,myNode=b2143d17...,timecost=2.914
info|2019-12-11 23:54:48.408112|[g:1][CONSENSUS][PBFT]checkAndChangeView: Reach consensus,org_view=5,org_changeCycle=0,cur_changeCycle=0,to_view=6
info|2019-12-11 23:54:49.412022|[g:1][CONSENSUS]addRawPrepare,height=7,reqIdx=0,hash=db34b868...
info|2019-12-11 23:54:49.418953|[g:1][CONSENSUS][PBFT]checkTimeout Succ,view=6,toView=7,nodeIdx=2,changeCycle=0,myNode=b2143d17...,timecost=3.892
info|2019-12-11 23:54:49.424414|[g:1][CONSENSUS][PBFT]checkAndChangeView: Reach consensus,org_view=6,org_changeCycle=0,cur_changeCycle=0,to_view=7
info|2019-12-11 23:54:50.077390|[P2P][Service] heartBeat,connected count=3
info|2019-12-11 23:54:50.429533|[g:1][CONSENSUS]addRawPrepare,height=7,reqIdx=1,hash=6447d2b3...
info|2019-12-11 23:54:50.431246|[g:1][CONSENSUS][PBFT]checkTimeout Succ,view=7,toView=8,nodeIdx=2,changeCycle=0,myNode=b2143d17...,timecost=1.165
info|2019-12-11 23:54:50.438448|[g:1][CONSENSUS][PBFT]checkAndChangeView: Reach consensus,org_view=7,org_changeCycle=0,cur_changeCycle=0,to_view=8
info|2019-12-11 23:54:51.440140|[g:1][CONSENSUS][SEALER]++++++++++++++++ Generating seal on,blkNum=7,tx=0,nodeIdx=2,hash=d52035da...
info|2019-12-11 23:54:51.444486|[g:1][CONSENSUS][PBFT]checkTimeout Succ,view=8,toView=9,nodeIdx=2,changeCycle=0,myNode=b2143d17...,timecost=1.768
info|2019-12-11 23:54:51.457613|[g:1][CONSENSUS][PBFT]checkAndChangeView: Reach consensus,org_view=8,org_changeCycle=0,cur_changeCycle=0,to_view=9
info|2019-12-11 23:54:52.464102|[g:1][CONSENSUS]addRawPrepare,height=7,reqIdx=3,hash=d014afb4...
info|2019-12-11 23:54:52.468429|[g:1][CONSENSUS][PBFT]checkTimeout Succ,view=9,toView=10,nodeIdx=2,changeCycle=0,myNode=b2143d17...,timecost=3.488
info|2019-12-11 23:54:52.474649|[g:1][CONSENSUS][PBFT]checkAndChangeView: Reach consensus,org_view=9,org_changeCycle=0,cur_changeCycle=0,to_view=10
info|2019-12-11 23:54:53.486435|[g:1][CONSENSUS]addRawPrepare,height=7,reqIdx=0,hash=55e0686f...
info|2019-12-11 23:54:53.492414|[g:1][CONSENSUS][PBFT]checkTimeout Succ,view=10,toView=11,nodeIdx=2,changeCycle=0,myNode=b2143d17...,timecost=5.562
info|2019-12-11 23:54:53.501289|[g:1][CONSENSUS][PBFT]checkAndChangeView: Reach consensus,org_view=10,org_changeCycle=0,cur_changeCycle=0,to_view=11
info|2019-12-11 23:54:54.516434|[g:1][CONSENSUS]addRawPrepare,height=7,reqIdx=1,hash=d833342d...
info|2019-12-11 23:54:54.518197|[g:1][CONSENSUS][PBFT]checkTimeout Succ,view=11,toView=12,nodeIdx=2,changeCycle=0,myNode=b2143d17...,timecost=1.154
info|2019-12-11 23:54:54.522260|[g:1][CONSENSUS][PBFT]checkAndChangeView: Reach consensus,org_view=11,org_changeCycle=0,cur_changeCycle=0,to_view=12
info|2019-12-11 23:54:55.192541|[NETWORK][Session]Received topic: [4] from 15ac4bb3b435dad10b0bca353cfee3d1ec89eed87fe9d34dff7ba6cf21da696aaef6bb7a17de5c77b63bf1ecce4f9ab3be039d91fb0128c9fbafb054c6d65271
info|2019-12-11 23:54:55.206411|[NETWORK][Session]Received topic: [4] from d08a18ab27769139f300f318b75ebde53d34d4dc0d6d73f55c3f0dec6db42f56c6cc252a17197a19cf3037005503b9efbfb0756982c0d8c24d8c5a5fc407ce6c
info|2019-12-11 23:54:55.523615|[g:1][CONSENSUS][SEALER]++++++++++++++++ Generating seal on,blkNum=7,tx=0,nodeIdx=2,hash=e4eb4963...
info|2019-12-11 23:54:55.528992|[g:1][CONSENSUS][PBFT]checkTimeout Succ,view=12,toView=13,nodeIdx=2,changeCycle=0,myNode=b2143d17...,timecost=2.311
info|2019-12-11 23:54:55.540271|[g:1][CONSENSUS][PBFT]checkAndChangeView: Reach consensus,org_view=12,org_changeCycle=0,cur_changeCycle=0,to_view=13
info|2019-12-11 23:54:56.546827|[g:1][CONSENSUS]addRawPrepare,height=7,reqIdx=3,hash=4c4bc211...
info|2019-12-11 23:54:56.549492|[g:1][CONSENSUS][PBFT]checkTimeout Succ,view=13,toView=14,nodeIdx=2,changeCycle=0,myNode=b2143d17...,timecost=1.962
info|2019-12-11 23:54:56.555707|[g:1][CONSENSUS][PBFT]checkAndChangeView: Reach consensus,org_view=13,org_changeCycle=0,cur_changeCycle=0,to_view=14
info|2019-12-11 23:54:57.572239|[g:1][CONSENSUS]addRawPrepare,height=7,reqIdx=0,hash=4d783218...
info|2019-12-11 23:54:57.581773|[g:1][CONSENSUS][PBFT]checkTimeout Succ,view=14,toView=15,nodeIdx=2,changeCycle=0,myNode=b2143d17...,timecost=7.467
info|2019-12-11 23:54:57.586079|[g:1][CONSENSUS][PBFT]checkAndChangeView: Reach consensus,org_view=14,org_changeCycle=0,cur_changeCycle=0,to_view=15
info|2019-12-11 23:54:58.582996|[g:1][CONSENSUS]addRawPrepare,height=7,reqIdx=1,hash=eb3a07a9...
info|2019-12-11 23:54:58.588513|[g:1][CONSENSUS][PBFT]checkTimeout Succ,view=15,toView=16,nodeIdx=2,changeCycle=0,myNode=b2143d17...,timecost=4.342
info|2019-12-11 23:54:58.593220|[g:1][CONSENSUS][PBFT]checkAndChangeView: Reach consensus,org_view=15,org_changeCycle=0,cur_changeCycle=0,to_view=16
info|2019-12-11 23:54:59.594907|[g:1][CONSENSUS][SEALER]++++++++++++++++ Generating seal on,blkNum=7,tx=0,nodeIdx=2,hash=3173f23d...
info|2019-12-11 23:54:59.602980|[g:1][CONSENSUS][PBFT]checkTimeout Succ,view=16,toView=17,nodeIdx=2,changeCycle=0,myNode=b2143d17...,timecost=4.822
info|2019-12-11 23:54:59.611071|[g:1][CONSENSUS][PBFT]checkAndChangeView: Reach consensus,org_view=16,org_changeCycle=0,cur_changeCycle=0,to_view=17
info|2019-12-11 23:55:00.078143|[P2P][Service] heartBeat,connected count=3
info|2019-12-11 23:55:00.612353|[g:1][CONSENSUS]addRawPrepare,height=7,reqIdx=3,hash=2115dc02...
info|2019-12-11 23:55:00.615083|[g:1][CONSENSUS][PBFT]checkTimeout Succ,view=17,toView=18,nodeIdx=2,changeCycle=0,myNode=b2143d17...,timecost=2.054
info|2019-12-11 23:55:00.624458|[g:1][CONSENSUS][PBFT]checkAndChangeView: Reach consensus,org_view=17,org_changeCycle=0,cur_changeCycle=0,to_view=18
info|2019-12-11 23:55:01.635727|[g:1][CONSENSUS]addRawPrepare,height=7,reqIdx=0,hash=1e6c0f12...
info|2019-12-11 23:55:01.637779|[g:1][CONSENSUS][PBFT]checkTimeout Succ,view=18,toView=19,nodeIdx=2,changeCycle=0,myNode=b2143d17...,timecost=1.571
info|2019-12-11 23:55:01.641835|[g:1][CONSENSUS][PBFT]checkAndChangeView: Reach consensus,org_view=18,org_changeCycle=0,cur_changeCycle=0,to_view=19
info|2019-12-11 23:55:02.651519|[g:1][CONSENSUS]addRawPrepare,height=7,reqIdx=1,hash=85a59299...
info|2019-12-11 23:55:02.653293|[g:1][CONSENSUS][PBFT]checkTimeout Succ,view=19,toView=20,nodeIdx=2,changeCycle=0,myNode=b2143d17...,timecost=1.362
info|2019-12-11 23:55:02.659211|[g:1][CONSENSUS][PBFT]checkAndChangeView: Reach consensus,org_view=19,org_changeCycle=0,cur_changeCycle=0,to_view=20
info|2019-12-11 23:55:03.660925|[g:1][CONSENSUS][SEALER]++++++++++++++++ Generating seal on,blkNum=7,tx=0,nodeIdx=2,hash=92eaeeea...
info|2019-12-11 23:55:03.665599|[g:1][CONSENSUS][PBFT]checkTimeout Succ,view=20,toView=21,nodeIdx=2,changeCycle=0,myNode=b2143d17...,timecost=0.979
info|2019-12-11 23:55:03.680291|[g:1][CONSENSUS][PBFT]checkAndChangeView: Reach consensus,org_view=20,org_changeCycle=0,cur_changeCycle=0,to_view=21
info|2019-12-11 23:55:04.683850|[g:1][CONSENSUS]addRawPrepare,height=7,reqIdx=3,hash=650943bd...
info|2019-12-11 23:55:04.688160|[g:1][CONSENSUS][PBFT]checkTimeout Succ,view=21,toView=22,nodeIdx=2,changeCycle=0,myNode=b2143d17...,timecost=3.006
info|2019-12-11 23:55:04.695912|[g:1][CONSENSUS][PBFT]checkAndChangeView: Reach consensus,org_view=21,org_changeCycle=0,cur_changeCycle=0,to_view=22
info|2019-12-11 23:55:05.702988|[g:1][CONSENSUS]addRawPrepare,height=7,reqIdx=0,hash=14602322...
info|2019-12-11 23:55:05.704162|[g:1][CONSENSUS][PBFT]checkTimeout Succ,view=22,toView=23,nodeIdx=2,changeCycle=0,myNode=b2143d17...,timecost=0.8
info|2019-12-11 23:55:05.707395|[g:1][CONSENSUS][PBFT]checkAndChangeView: Reach consensus,org_view=22,org_changeCycle=0,cur_changeCycle=0,to_view=23
info|2019-12-11 23:55:06.717938|[g:1][CONSENSUS]addRawPrepare,height=7,reqIdx=1,hash=6d5f6c4c...
info|2019-12-11 23:55:06.720326|[g:1][CONSENSUS][PBFT]checkTimeout Succ,view=23,toView=24,nodeIdx=2,changeCycle=0,myNode=b2143d17...,timecost=1.921
info|2019-12-11 23:55:06.726122|[g:1][CONSENSUS][PBFT]checkAndChangeView: Reach consensus,org_view=23,org_changeCycle=0,cur_changeCycle=0,to_view=24
info|2019-12-11 23:55:07.727970|[g:1][CONSENSUS][SEALER]++++++++++++++++ Generating seal on,blkNum=7,tx=0,nodeIdx=2,hash=d0eb926c...
info|2019-12-11 23:55:07.732649|[g:1][CONSENSUS][PBFT]checkTimeout Succ,view=24,toView=25,nodeIdx=2,changeCycle=0,myNode=b2143d17...,timecost=1.105
info|2019-12-11 23:55:07.785388|[g:1][CONSENSUS][PBFT]checkAndChangeView: Reach consensus,org_view=24,org_changeCycle=0,cur_changeCycle=0,to_view=25
info|2019-12-11 23:55:08.761851|[g:1][CONSENSUS]addRawPrepare,height=7,reqIdx=3,hash=eb494bb5...
info|2019-12-11 23:55:08.764236|[g:1][CONSENSUS][PBFT]checkTimeout Succ,view=25,toView=26,nodeIdx=2,changeCycle=0,myNode=b2143d17...,timecost=1.852
info|2019-12-11 23:55:08.771688|[g:1][CONSENSUS][PBFT]checkAndChangeView: Reach consensus,org_view=25,org_changeCycle=0,cur_changeCycle=0,to_view=26
info|2019-12-11 23:55:09.778302|[g:1][CONSENSUS]addRawPrepare,height=7,reqIdx=0,hash=f571ace7...
info|2019-12-11 23:55:09.779407|[g:1][CONSENSUS][PBFT]checkTimeout Succ,view=26,toView=27,nodeIdx=2,changeCycle=0,myNode=b2143d17...,timecost=0.636
info|2019-12-11 23:55:09.784271|[g:1][CONSENSUS][PBFT]checkAndChangeView: Reach consensus,org_view=26,org_changeCycle=0,cur_changeCycle=0,to_view=27
info|2019-12-11 23:55:10.080775|[P2P][Service] heartBeat,connected count=3
info|2019-12-11 23:55:10.791710|[g:1][CONSENSUS]addRawPrepare,height=7,reqIdx=1,hash=e8d26ba1...
info|2019-12-11 23:55:10.793386|[g:1][CONSENSUS][PBFT]checkTimeout Succ,view=27,toView=28,nodeIdx=2,changeCycle=0,myNode=b2143d17...,timecost=1.253
info|2019-12-11 23:55:10.808323|[g:1][CONSENSUS][PBFT]checkAndChangeView: Reach consensus,org_view=27,org_changeCycle=0,cur_changeCycle=0,to_view=28
info|2019-12-11 23:55:11.808866|[g:1][CONSENSUS][SEALER]++++++++++++++++ Generating seal on,blkNum=7,tx=0,nodeIdx=2,hash=fc7c63d3...
info|2019-12-11 23:55:11.812680|[g:1][CONSENSUS][PBFT]checkTimeout Succ,view=28,toView=29,nodeIdx=2,changeCycle=0,myNode=b2143d17...,timecost=1.279
info|2019-12-11 23:55:11.826148|[g:1][CONSENSUS][PBFT]checkAndChangeView: Reach consensus,org_view=28,org_changeCycle=0,cur_changeCycle=0,to_view=29
info|2019-12-11 23:55:12.838203|[g:1][CONSENSUS]addRawPrepare,height=7,reqIdx=3,hash=916d9a36...
info|2019-12-11 23:55:12.841483|[g:1][CONSENSUS][PBFT]checkTimeout Succ,view=29,toView=30,nodeIdx=2,changeCycle=0,myNode=b2143d17...,timecost=2.093
info|2019-12-11 23:55:12.845665|[g:1][CONSENSUS][PBFT]checkAndChangeView: Reach consensus,org_view=29,org_changeCycle=0,cur_changeCycle=0,to_view=30
info|2019-12-11 23:55:13.847070|[g:1][CONSENSUS]addRawPrepare,height=7,reqIdx=0,hash=62ee6ab3...
info|2019-12-11 23:55:13.850927|[g:1][CONSENSUS][PBFT]checkTimeout Succ,view=30,toView=31,nodeIdx=2,changeCycle=0,myNode=b2143d17...,timecost=3.193
info|2019-12-11 23:55:13.858679|[g:1][CONSENSUS][PBFT]checkAndChangeView: Reach consensus,org_view=30,org_changeCycle=0,cur_changeCycle=0,to_view=31
info|2019-12-11 23:55:14.864932|[g:1][CONSENSUS]addRawPrepare,height=7,reqIdx=1,hash=4e4538d2...
info|2019-12-11 23:55:14.869800|[g:1][CONSENSUS][PBFT]checkTimeout Succ,view=31,toView=32,nodeIdx=2,changeCycle=0,myNode=b2143d17...,timecost=4.283
info|2019-12-11 23:55:14.875977|[g:1][CONSENSUS][PBFT]checkAndChangeView: Reach consensus,org_view=31,org_changeCycle=0,cur_changeCycle=0,to_view=32
info|2019-12-11 23:55:15.877514|[g:1][CONSENSUS][SEALER]++++++++++++++++ Generating seal on,blkNum=7,tx=0,nodeIdx=2,hash=ef09e481...
info|2019-12-11 23:55:15.887002|[g:1][CONSENSUS][PBFT]checkTimeout Succ,view=32,toView=33,nodeIdx=2,changeCycle=0,myNode=b2143d17...,timecost=2.436
info|2019-12-11 23:55:15.892869|[g:1][CONSENSUS][PBFT]checkAndChangeView: Reach consensus,org_view=32,org_changeCycle=0,cur_changeCycle=0,to_view=33
info|2019-12-11 23:55:16.899821|[g:1][CONSENSUS]addRawPrepare,height=7,reqIdx=3,hash=fdf507ea...
info|2019-12-11 23:55:16.902383|[g:1][CONSENSUS][PBFT]checkTimeout Succ,view=33,toView=34,nodeIdx=2,changeCycle=0,myNode=b2143d17...,timecost=1.527
info|2019-12-11 23:55:16.906228|[g:1][CONSENSUS][PBFT]checkAndChangeView: Reach consensus,org_view=33,org_changeCycle=0,cur_changeCycle=0,to_view=34
info|2019-12-11 23:55:17.917828|[g:1][CONSENSUS]addRawPrepare,height=7,reqIdx=0,hash=8c6bb76a...
info|2019-12-11 23:55:17.921483|[g:1][CONSENSUS][PBFT]checkTimeout Succ,view=34,toView=35,nodeIdx=2,changeCycle=0,myNode=b2143d17...,timecost=2.428
info|2019-12-11 23:55:17.926405|[g:1][CONSENSUS][PBFT]checkAndChangeView: Reach consensus,org_view=34,org_changeCycle=0,cur_changeCycle=0,to_view=35
info|2019-12-11 23:55:18.936159|[g:1][CONSENSUS]addRawPrepare,height=7,reqIdx=1,hash=c5c5b222...
info|2019-12-11 23:55:18.938820|[g:1][CONSENSUS][PBFT]checkTimeout Succ,view=35,toView=36,nodeIdx=2,changeCycle=0,myNode=b2143d17...,timecost=2.189
info|2019-12-11 23:55:18.944951|[g:1][CONSENSUS][PBFT]checkAndChangeView: Reach consensus,org_view=35,org_changeCycle=0,cur_changeCycle=0,to_view=36
info|2019-12-11 23:55:19.947134|[g:1][CONSENSUS][SEALER]++++++++++++++++ Generating seal on,blkNum=7,tx=0,nodeIdx=2,hash=5a424766...
info|2019-12-11 23:55:19.957747|[g:1][CONSENSUS][PBFT]checkTimeout Succ,view=36,toView=37,nodeIdx=2,changeCycle=0,myNode=b2143d17...,timecost=7.43
info|2019-12-11 23:55:19.965182|[g:1][CONSENSUS][PBFT]checkAndChangeView: Reach consensus,org_view=36,org_changeCycle=0,cur_changeCycle=0,to_view=37
info|2019-12-11 23:55:20.081706|[P2P][Service] heartBeat,connected count=3
info|2019-12-11 23:55:20.979717|[g:1][CONSENSUS]addRawPrepare,height=7,reqIdx=3,hash=7b4e540b...
info|2019-12-11 23:55:20.987733|[g:1][CONSENSUS][PBFT]checkTimeout Succ,view=37,toView=38,nodeIdx=2,changeCycle=0,myNode=b2143d17...,timecost=6.665
info|2019-12-11 23:55:20.996121|[g:1][CONSENSUS][PBFT]checkAndChangeView: Reach consensus,org_view=37,org_changeCycle=0,cur_changeCycle=0,to_view=38
info|2019-12-11 23:55:21.998438|[g:1][CONSENSUS]addRawPrepare,height=7,reqIdx=0,hash=20375304...
info|2019-12-11 23:55:22.000639|[g:1][CONSENSUS][PBFT]checkTimeout Succ,view=38,toView=39,nodeIdx=2,changeCycle=0,myNode=b2143d17...,timecost=1.69
info|2019-12-11 23:55:22.010794|[g:1][CONSENSUS][PBFT]checkAndChangeView: Reach consensus,org_view=38,org_changeCycle=0,cur_changeCycle=0,to_view=39
info|2019-12-11 23:55:23.017614|[g:1][CONSENSUS]addRawPrepare,height=7,reqIdx=1,hash=3607b133...
info|2019-12-11 23:55:23.020230|[g:1][CONSENSUS][PBFT]checkTimeout Succ,view=39,toView=40,nodeIdx=2,changeCycle=0,myNode=b2143d17...,timecost=2.068
info|2019-12-11 23:55:23.024685|[g:1][CONSENSUS][PBFT]checkAndChangeView: Reach consensus,org_view=39,org_changeCycle=0,cur_changeCycle=0,to_view=40
info|2019-12-11 23:55:24.024470|[g:1][CONSENSUS][SEALER]++++++++++++++++ Generating seal on,blkNum=7,tx=0,nodeIdx=2,hash=ac71a62e...
info|2019-12-11 23:55:24.032977|[g:1][CONSENSUS][PBFT]checkTimeout Succ,view=40,toView=41,nodeIdx=2,changeCycle=0,myNode=b2143d17...,timecost=1.739
info|2019-12-11 23:55:24.038926|[g:1][CONSENSUS][PBFT]checkAndChangeView: Reach consensus,org_view=40,org_changeCycle=0,cur_changeCycle=0,to_view=41
info|2019-12-11 23:55:25.043980|[g:1][CONSENSUS]addRawPrepare,height=7,reqIdx=3,hash=b7c89620...
info|2019-12-11 23:55:25.046484|[g:1][CONSENSUS][PBFT]checkTimeout Succ,view=41,toView=42,nodeIdx=2,changeCycle=0,myNode=b2143d17...,timecost=1.785
info|2019-12-11 23:55:25.055867|[g:1][CONSENSUS][PBFT]checkAndChangeView: Reach consensus,org_view=41,org_changeCycle=0,cur_changeCycle=0,to_view=42
info|2019-12-11 23:55:26.070454|[g:1][CONSENSUS]addRawPrepare,height=7,reqIdx=0,hash=3f712d4d...
info|2019-12-11 23:55:26.073570|[g:1][CONSENSUS][PBFT]checkTimeout Succ,view=42,toView=43,nodeIdx=2,changeCycle=0,myNode=b2143d17...,timecost=2.697
info|2019-12-11 23:55:26.084816|[g:1][CONSENSUS][PBFT]checkAndChangeView: Reach consensus,org_view=42,org_changeCycle=0,cur_changeCycle=0,to_view=43
info|2019-12-11 23:55:27.092546|[g:1][CONSENSUS]addRawPrepare,height=7,reqIdx=1,hash=c6b75ad6...
info|2019-12-11 23:55:27.094127|[g:1][CONSENSUS][PBFT]checkTimeout Succ,view=43,toView=44,nodeIdx=2,changeCycle=0,myNode=b2143d17...,timecost=1.443
info|2019-12-11 23:55:27.098088|[g:1][CONSENSUS][PBFT]checkAndChangeView: Reach consensus,org_view=43,org_changeCycle=0,cur_changeCycle=0,to_view=44
info|2019-12-11 23:55:28.098338|[g:1][CONSENSUS][SEALER]++++++++++++++++ Generating seal on,blkNum=7,tx=0,nodeIdx=2,hash=e8dd2ca1...
info|2019-12-11 23:55:28.101138|[g:1][CONSENSUS][PBFT]checkTimeout Succ,view=44,toView=45,nodeIdx=2,changeCycle=0,myNode=b2143d17...,timecost=1.428
info|2019-12-11 23:55:28.107268|[g:1][CONSENSUS][PBFT]checkAndChangeView: Reach consensus,org_view=44,org_changeCycle=0,cur_changeCycle=0,to_view=45
info|2019-12-11 23:55:29.115131|[g:1][CONSENSUS]addRawPrepare,height=7,reqIdx=3,hash=4fea0e8a...
info|2019-12-11 23:55:29.116565|[g:1][CONSENSUS][PBFT]checkTimeout Succ,view=45,toView=46,nodeIdx=2,changeCycle=0,myNode=b2143d17...,timecost=1.142
info|2019-12-11 23:55:29.127150|[g:1][CONSENSUS][PBFT]checkAndChangeView: Reach consensus,org_view=45,org_changeCycle=0,cur_changeCycle=0,to_view=46
info|2019-12-11 23:55:30.082820|[P2P][Service] heartBeat,connected count=3
info|2019-12-11 23:55:30.125389|[g:1][CONSENSUS]addRawPrepare,height=7,reqIdx=0,hash=e8de5dc0...
info|2019-12-11 23:55:30.127396|[g:1][CONSENSUS][PBFT]checkTimeout Succ,view=46,toView=47,nodeIdx=2,changeCycle=0,myNode=b2143d17...,timecost=1.718
info|2019-12-11 23:55:30.138381|[g:1][CONSENSUS][PBFT]checkAndChangeView: Reach consensus,org_view=46,org_changeCycle=0,cur_changeCycle=0,to_view=47
info|2019-12-11 23:55:31.139101|[g:1][CONSENSUS]addRawPrepare,height=7,reqIdx=1,hash=fdec1cb0...
info|2019-12-11 23:55:31.141801|[g:1][CONSENSUS][PBFT]checkTimeout Succ,view=47,toView=48,nodeIdx=2,changeCycle=0,myNode=b2143d17...,timecost=2.106
info|2019-12-11 23:55:31.146348|[g:1][CONSENSUS][PBFT]checkAndChangeView: Reach consensus,org_view=47,org_changeCycle=0,cur_changeCycle=0,to_view=48
info|2019-12-11 23:55:32.148158|[g:1][CONSENSUS][SEALER]++++++++++++++++ Generating seal on,blkNum=7,tx=0,nodeIdx=2,hash=b6c843c7...
info|2019-12-11 23:55:32.150189|[g:1][CONSENSUS][PBFT]checkTimeout Succ,view=48,toView=49,nodeIdx=2,changeCycle=0,myNode=b2143d17...,timecost=0.895
info|2019-12-11 23:55:32.156632|[g:1][CONSENSUS][PBFT]checkAndChangeView: Reach consensus,org_view=48,org_changeCycle=0,cur_changeCycle=0,to_view=49
info|2019-12-11 23:55:33.163728|[g:1][CONSENSUS]addRawPrepare,height=7,reqIdx=3,hash=6dd9429e...
info|2019-12-11 23:55:33.164428|[g:1][CONSENSUS][PBFT]checkTimeout Succ,view=49,toView=50,nodeIdx=2,changeCycle=0,myNode=b2143d17...,timecost=0.516
info|2019-12-11 23:55:33.180103|[g:1][CONSENSUS][PBFT]checkAndChangeView: Reach consensus,org_view=49,org_changeCycle=0,cur_changeCycle=0,to_view=50
info|2019-12-11 23:55:34.177914|[g:1][CONSENSUS]addRawPrepare,height=7,reqIdx=0,hash=148ad6f1...
info|2019-12-11 23:55:34.178938|[g:1][CONSENSUS][PBFT]checkTimeout Succ,view=50,toView=51,nodeIdx=2,changeCycle=0,myNode=b2143d17...,timecost=1.034
info|2019-12-11 23:55:34.182083|[g:1][CONSENSUS][PBFT]checkAndChangeView: Reach consensus,org_view=50,org_changeCycle=0,cur_changeCycle=0,to_view=51
info|2019-12-11 23:55:35.190643|[g:1][CONSENSUS]addRawPrepare,height=7,reqIdx=1,hash=c72810a8...
info|2019-12-11 23:55:35.193833|[g:1][CONSENSUS][PBFT]checkTimeout Succ,view=51,toView=52,nodeIdx=2,changeCycle=0,myNode=b2143d17...,timecost=2.773
info|2019-12-11 23:55:35.200463|[g:1][CONSENSUS][PBFT]checkAndChangeView: Reach consensus,org_view=51,org_changeCycle=0,cur_changeCycle=0,to_view=52
info|2019-12-11 23:55:36.202919|[g:1][CONSENSUS][SEALER]++++++++++++++++ Generating seal on,blkNum=7,tx=0,nodeIdx=2,hash=58a006e3...
info|2019-12-11 23:55:36.210375|[g:1][CONSENSUS][PBFT]checkTimeout Succ,view=52,toView=53,nodeIdx=2,changeCycle=0,myNode=b2143d17...,timecost=1.391
info|2019-12-11 23:55:36.213445|[g:1][CONSENSUS][PBFT]checkAndChangeView: Reach consensus,org_view=52,org_changeCycle=0,cur_changeCycle=0,to_view=53
info|2019-12-11 23:55:37.218279|[g:1][CONSENSUS]addRawPrepare,height=7,reqIdx=3,hash=a7024de0...
info|2019-12-11 23:55:37.220179|[g:1][CONSENSUS][PBFT]checkTimeout Succ,view=53,toView=54,nodeIdx=2,changeCycle=0,myNode=b2143d17...,timecost=1.347
info|2019-12-11 23:55:37.221859|[g:1][CONSENSUS][PBFT]checkAndChangeView: Reach consensus,org_view=53,org_changeCycle=0,cur_changeCycle=0,to_view=54
info|2019-12-11 23:55:38.226442|[g:1][CONSENSUS]addRawPrepare,height=7,reqIdx=0,hash=9a67dc7d...
info|2019-12-11 23:55:38.226913|[g:1][CONSENSUS][PBFT]checkTimeout Succ,view=54,toView=55,nodeIdx=2,changeCycle=0,myNode=b2143d17...,timecost=0.347
info|2019-12-11 23:55:38.229443|[g:1][CONSENSUS][PBFT]checkAndChangeView: Reach consensus,org_view=54,org_changeCycle=0,cur_changeCycle=0,to_view=55
info|2019-12-11 23:55:39.233410|[g:1][CONSENSUS]addRawPrepare,height=7,reqIdx=1,hash=74e41975...
info|2019-12-11 23:55:39.234125|[g:1][CONSENSUS][PBFT]checkTimeout Succ,view=55,toView=56,nodeIdx=2,changeCycle=0,myNode=b2143d17...,timecost=0.54
info|2019-12-11 23:55:39.235469|[g:1][CONSENSUS][PBFT]checkAndChangeView: Reach consensus,org_view=55,org_changeCycle=0,cur_changeCycle=0,to_view=56
info|2019-12-11 23:55:40.083718|[P2P][Service] heartBeat,connected count=3
info|2019-12-11 23:55:40.236095|[g:1][CONSENSUS][SEALER]++++++++++++++++ Generating seal on,blkNum=7,tx=0,nodeIdx=2,hash=1d403b5a...
info|2019-12-11 23:55:40.240291|[g:1][CONSENSUS][PBFT]checkTimeout Succ,view=56,toView=57,nodeIdx=2,changeCycle=0,myNode=b2143d17...,timecost=1.191
info|2019-12-11 23:55:40.242199|[g:1][CONSENSUS][PBFT]checkAndChangeView: Reach consensus,org_view=56,org_changeCycle=0,cur_changeCycle=0,to_view=57
info|2019-12-11 23:55:41.244131|[g:1][CONSENSUS]addRawPrepare,height=7,reqIdx=3,hash=ec3d804d...
info|2019-12-11 23:55:41.245107|[g:1][CONSENSUS][PBFT]checkTimeout Succ,view=57,toView=58,nodeIdx=2,changeCycle=0,myNode=b2143d17...,timecost=0.858
info|2019-12-11 23:55:41.246422|[g:1][CONSENSUS][PBFT]checkAndChangeView: Reach consensus,org_view=57,org_changeCycle=0,cur_changeCycle=0,to_view=58
info|2019-12-11 23:55:42.249882|[g:1][CONSENSUS]addRawPrepare,height=7,reqIdx=0,hash=4716b62a...
info|2019-12-11 23:55:42.250630|[g:1][CONSENSUS][PBFT]checkTimeout Succ,view=58,toView=59,nodeIdx=2,changeCycle=0,myNode=b2143d17...,timecost=0.636
info|2019-12-11 23:55:42.251982|[g:1][CONSENSUS][PBFT]checkAndChangeView: Reach consensus,org_view=58,org_changeCycle=0,cur_changeCycle=0,to_view=59
info|2019-12-11 23:55:43.253095|[g:1][CONSENSUS]addRawPrepare,height=7,reqIdx=1,hash=80635d02...
info|2019-12-11 23:55:43.253433|[g:1][CONSENSUS][PBFT]checkTimeout Succ,view=59,toView=60,nodeIdx=2,changeCycle=0,myNode=b2143d17...,timecost=0.22
info|2019-12-11 23:55:43.255249|[g:1][CONSENSUS][PBFT]checkAndChangeView: Reach consensus,org_view=59,org_changeCycle=0,cur_changeCycle=0,to_view=60
info|2019-12-11 23:55:44.256739|[g:1][CONSENSUS][SEALER]++++++++++++++++ Generating seal on,blkNum=7,tx=0,nodeIdx=2,hash=ba37a0c7...
info|2019-12-11 23:55:44.268099|[g:1][CONSENSUS][PBFT]checkTimeout Succ,view=60,toView=61,nodeIdx=2,changeCycle=0,myNode=b2143d17...,timecost=0.435
info|2019-12-11 23:55:44.896288|[g:1][CONSENSUS][PBFT]checkAndChangeView: Reach consensus,org_view=60,org_changeCycle=0,cur_changeCycle=0,to_view=61
