info|2019-12-29 19:42:52.470705|[g:1][CONSENSUS][SEALER]++++++++++++++++ Generating seal on,blkNum=88,tx=0,nodeIdx=2,hash=791f031a...
info|2019-12-29 19:42:52.472220|[g:1][CONSENSUS][PBFT]checkTimeout Succ,view=367,toView=368,nodeIdx=2,changeCycle=0,myNode=b2143d17...,timecost=0.604
info|2019-12-29 19:42:52.486545|[g:1][CONSENSUS][PBFT]checkAndChangeView: Reach consensus,org_view=367,org_changeCycle=0,cur_changeCycle=0,to_view=368
info|2019-12-29 19:42:53.491728|[g:1][CONSENSUS]addRawPrepare,height=88,reqIdx=3,hash=bcb16f46...
info|2019-12-29 19:42:53.493690|[g:1][CONSENSUS][PBFT]checkTimeout Succ,view=368,toView=369,nodeIdx=2,changeCycle=0,myNode=b2143d17...,timecost=0.691
info|2019-12-29 19:42:53.511583|[g:1][CONSENSUS][PBFT]checkAndChangeView: Reach consensus,org_view=368,org_changeCycle=0,cur_changeCycle=0,to_view=369
warning|2019-12-29 19:42:53.298756|[g:1][CONSENSUS][PBFT]ViewChangeWarning: not caused by omit empty block ,v=369,toV=370,curNum=87,hash=16ea1a12...,nodeIdx=2,myNode=b2143d17...
info|2019-12-29 19:42:53.304296|[g:1][CONSENSUS][PBFT]checkTimeout Succ,view=369,toView=370,nodeIdx=2,changeCycle=1,myNode=b2143d17...,timecost=10.538
info|2019-12-29 19:42:53.324338|[g:1][CONSENSUS][PBFT]checkAndChangeView: Reach consensus,org_view=369,org_changeCycle=1,cur_changeCycle=1,to_view=370
info|2019-12-29 19:42:54.315961|[g:1][CONSENSUS]addRawPrepare,height=88,reqIdx=1,hash=54fc9c7c...
info|2019-12-29 19:42:54.316321|[g:1][CONSENSUS][PBFT]checkTimeout Succ,view=370,toView=371,nodeIdx=2,changeCycle=0,myNode=b2143d17...,timecost=0.29
info|2019-12-29 19:42:54.318222|[g:1][CONSENSUS][PBFT]checkAndChangeView: Reach consensus,org_view=370,org_changeCycle=0,cur_changeCycle=0,to_view=371
info|2019-12-29 19:42:54.349575|[P2P][Service] heartBeat,connected count=3
info|2019-12-29 19:42:55.319126|[g:1][CONSENSUS][SEALER]++++++++++++++++ Generating seal on,blkNum=88,tx=0,nodeIdx=2,hash=af2cd3dc...
info|2019-12-29 19:42:55.323285|[g:1][CONSENSUS][PBFT]checkTimeout Succ,view=371,toView=372,nodeIdx=2,changeCycle=0,myNode=b2143d17...,timecost=0.505
info|2019-12-29 19:42:55.324285|[g:1][CONSENSUS][PBFT]checkAndChangeView: Reach consensus,org_view=371,org_changeCycle=0,cur_changeCycle=0,to_view=372
info|2019-12-29 19:42:56.326290|[g:1][CONSENSUS]addRawPrepare,height=88,reqIdx=3,hash=cb4b796f...
info|2019-12-29 19:42:56.326844|[g:1][CONSENSUS][PBFT]checkTimeout Succ,view=372,toView=373,nodeIdx=2,changeCycle=0,myNode=b2143d17...,timecost=0.389
info|2019-12-29 19:42:56.329092|[g:1][CONSENSUS][PBFT]checkAndChangeView: Reach consensus,org_view=372,org_changeCycle=0,cur_changeCycle=0,to_view=373
info|2019-12-29 19:42:57.332751|[g:1][CONSENSUS]addRawPrepare,height=88,reqIdx=0,hash=5fa1f84f...
info|2019-12-29 19:42:57.333319|[g:1][CONSENSUS][PBFT]checkTimeout Succ,view=373,toView=374,nodeIdx=2,changeCycle=0,myNode=b2143d17...,timecost=0.455
info|2019-12-29 19:42:57.334441|[g:1][CONSENSUS][PBFT]checkAndChangeView: Reach consensus,org_view=373,org_changeCycle=0,cur_changeCycle=0,to_view=374
info|2019-12-29 19:42:58.337924|[g:1][CONSENSUS]addRawPrepare,height=88,reqIdx=1,hash=ac084094...
info|2019-12-29 19:42:58.338298|[g:1][CONSENSUS][PBFT]checkTimeout Succ,view=374,toView=375,nodeIdx=2,changeCycle=0,myNode=b2143d17...,timecost=0.234
info|2019-12-29 19:42:58.339917|[g:1][CONSENSUS][PBFT]checkAndChangeView: Reach consensus,org_view=374,org_changeCycle=0,cur_changeCycle=0,to_view=375
info|2019-12-29 19:42:59.339352|[g:1][CONSENSUS][SEALER]++++++++++++++++ Generating seal on,blkNum=88,tx=0,nodeIdx=2,hash=fdd5bb80...
info|2019-12-29 19:42:59.341711|[g:1][CONSENSUS][PBFT]checkTimeout Succ,view=375,toView=376,nodeIdx=2,changeCycle=0,myNode=b2143d17...,timecost=0.489
info|2019-12-29 19:42:59.342501|[g:1][CONSENSUS][PBFT]checkAndChangeView: Reach consensus,org_view=375,org_changeCycle=0,cur_changeCycle=0,to_view=376
info|2019-12-29 19:43:00.347467|[g:1][CONSENSUS]addRawPrepare,height=88,reqIdx=3,hash=fdbbaf36...
info|2019-12-29 19:43:00.347867|[g:1][CONSENSUS][PBFT]checkTimeout Succ,view=376,toView=377,nodeIdx=2,changeCycle=0,myNode=b2143d17...,timecost=0.301
info|2019-12-29 19:43:00.350096|[g:1][CONSENSUS][PBFT]checkAndChangeView: Reach consensus,org_view=376,org_changeCycle=0,cur_changeCycle=0,to_view=377
info|2019-12-29 19:43:01.350470|[g:1][CONSENSUS]addRawPrepare,height=88,reqIdx=0,hash=a989c455...
info|2019-12-29 19:43:01.351475|[g:1][CONSENSUS][PBFT]checkTimeout Succ,view=377,toView=378,nodeIdx=2,changeCycle=0,myNode=b2143d17...,timecost=0.433
info|2019-12-29 19:43:01.352576|[g:1][CONSENSUS][PBFT]checkAndChangeView: Reach consensus,org_view=377,org_changeCycle=0,cur_changeCycle=0,to_view=378
info|2019-12-29 19:43:02.354301|[g:1][CONSENSUS]addRawPrepare,height=88,reqIdx=1,hash=d29c3806...
info|2019-12-29 19:43:02.355460|[g:1][CONSENSUS][PBFT]checkTimeout Succ,view=378,toView=379,nodeIdx=2,changeCycle=0,myNode=b2143d17...,timecost=0.941
info|2019-12-29 19:43:02.357667|[g:1][CONSENSUS][PBFT]checkAndChangeView: Reach consensus,org_view=378,org_changeCycle=0,cur_changeCycle=0,to_view=379
info|2019-12-29 19:43:03.358051|[g:1][CONSENSUS][SEALER]++++++++++++++++ Generating seal on,blkNum=88,tx=0,nodeIdx=2,hash=0c4d40ce...
info|2019-12-29 19:43:03.366107|[g:1][CONSENSUS][PBFT]checkTimeout Succ,view=379,toView=380,nodeIdx=2,changeCycle=0,myNode=b2143d17...,timecost=0.276
info|2019-12-29 19:43:03.368545|[g:1][CONSENSUS][PBFT]checkAndChangeView: Reach consensus,org_view=379,org_changeCycle=0,cur_changeCycle=0,to_view=380
